1.7320 	WARNING 	We strongly recommend you activate the PTB sound engine in PsychoPy prefs as the preferred audio engine. Its timing is vastly superior. Your prefs are currently set to use ['sounddevice', 'PTB', 'pyo', 'pygame'] (in that order).
5.2908 	WARNING 	Import Error: No module named 'psychtoolbox'. Using event module for keyboard component.
8.9696 	WARNING 	Monitor specification not found. Creating a temporary one...
9.0089 	WARNING 	User requested fullscreen with size [1280  800], but screen is actually [2256, 1504]. Using actual size
12.4332 	EXP 	Created window1 = Window(allowGUI=False, allowStencil=False, args=UNKNOWN, autoLog=True, bitsMode=UNKNOWN, blendMode='avg', bpc=(8, 8, 8), color=array([1., 1., 1.]), colorSpace='rgb', depthBits=8, fullscr=<method-wrapper '__getattribute__' of attributeSetter object at 0x107E1D70>, gamma=None, gammaErrorPolicy='raise', kwargs=UNKNOWN, lms=UNKNOWN, monitor=<psychopy.monitors.calibTools.Monitor object at 0x0DC1FB90>, multiSample=False, name='window1', numSamples=2, pos=[0.0, 0.0], screen=0, size=array([2256, 1504]), stencilBits=0, stereo=False, units='height', useFBO=True, useRetina=False, viewOri=0.0, viewPos=None, viewScale=None, waitBlanking=True, winType='pyglet')
12.4333 	EXP 	window1: recordFrameIntervals = False
12.5979 	EXP 	window1: recordFrameIntervals = True
12.7816 	EXP 	window1: recordFrameIntervals = False
13.1893 	EXP 	Created instr_1 = TextStim(__class__=<class 'psychopy.visual.text.TextStim'>, alignHoriz=method-wrapper(...), alignText='center', alignVert=method-wrapper(...), anchorHoriz='center', anchorVert='center', antialias=True, autoLog=True, bold=False, color='black', colorSpace='named', contrast=1.0, depth=0.0, flipHoriz=False, flipVert=False, font='Arial', fontFiles=[], height=0.03, italic=False, languageStyle='LTR', name='instr_1', opacity=1.0, ori=0, pos=array([0., 0.]), rgb=array([0., 0., 0.]), text=str(...), units='height', win=Window(...), wrapWidth=1)
13.2270 	EXP 	Created image = ImageStim(__class__=<class 'psychopy.visual.image.ImageStim'>, autoLog=True, color=array([1., 1., 1.]), colorSpace='rgb', contrast=1.0, depth=-2.0, flipHoriz=False, flipVert=False, image='ANT_images/image1.png', interpolate=True, mask=None, maskParams=None, name='image', opacity=1.0, ori=0.0, pos=array([ 0. , -0.1]), size=array([0.5 , 0.12]), texRes=128, units='height', win=Window(...))
13.2805 	EXP 	Created instr_2 = TextStim(__class__=<class 'psychopy.visual.text.TextStim'>, alignHoriz=method-wrapper(...), alignText='center', alignVert=method-wrapper(...), anchorHoriz='center', anchorVert='center', antialias=True, autoLog=True, bold=False, color='black', colorSpace='named', contrast=1.0, depth=0.0, flipHoriz=False, flipVert=False, font='Arial', fontFiles=[], height=0.03, italic=False, languageStyle='LTR', name='instr_2', opacity=1.0, ori=0, pos=array([0., 0.]), rgb=array([0., 0., 0.]), text=str(...), units='height', win=Window(...), wrapWidth=1)
13.3061 	EXP 	Created image_2_1 = ImageStim(__class__=<class 'psychopy.visual.image.ImageStim'>, autoLog=True, color=array([1., 1., 1.]), colorSpace='rgb', contrast=1.0, depth=-2.0, flipHoriz=False, flipVert=False, image='ANT_images/image2.1.png', interpolate=True, mask=None, maskParams=None, name='image_2_1', opacity=1.0, ori=0.0, pos=array([0.  , 0.14]), size=array([0.5 , 0.12]), texRes=128, units='height', win=Window(...))
13.3350 	EXP 	Created image_2_2 = ImageStim(__class__=<class 'psychopy.visual.image.ImageStim'>, autoLog=True, color=array([1., 1., 1.]), colorSpace='rgb', contrast=1.0, depth=-3.0, flipHoriz=False, flipVert=False, image='ANT_images/image2.2.png', interpolate=True, mask=None, maskParams=None, name='image_2_2', opacity=1.0, ori=0.0, pos=array([ 0. , -0.1]), size=array([0.5 , 0.12]), texRes=128, units='height', win=Window(...))
13.3527 	EXP 	Created text = TextStim(__class__=<class 'psychopy.visual.text.TextStim'>, alignHoriz=method-wrapper(...), alignText='center', alignVert=method-wrapper(...), anchorHoriz='center', anchorVert='center', antialias=True, autoLog=True, bold=False, color='black', colorSpace='named', contrast=1.0, depth=0.0, flipHoriz=False, flipVert=False, font='Arial', fontFiles=[], height=0.03, italic=False, languageStyle='LTR', name='text', opacity=1.0, ori=0, pos=array([0. , 0.3]), rgb=array([0., 0., 0.]), text=str(...), units='height', win=Window(...), wrapWidth=1)
13.4043 	EXP 	Created image_3 = ImageStim(__class__=<class 'psychopy.visual.image.ImageStim'>, autoLog=True, color=array([1., 1., 1.]), colorSpace='rgb', contrast=1.0, depth=-2.0, flipHoriz=False, flipVert=False, image='ANT_images/image3.png', interpolate=True, mask=None, maskParams=None, name='image_3', opacity=1.0, ori=0.0, pos=array([ 0.  , -0.07]), size=array([0.7, 0.3]), texRes=128, units='height', win=Window(...))
13.4495 	EXP 	Created instr_4 = TextStim(__class__=<class 'psychopy.visual.text.TextStim'>, alignHoriz=method-wrapper(...), alignText='center', alignVert=method-wrapper(...), anchorHoriz='center', anchorVert='center', antialias=True, autoLog=True, bold=False, color='black', colorSpace='named', contrast=1.0, depth=0.0, flipHoriz=False, flipVert=False, font='Arial', fontFiles=[], height=0.03, italic=False, languageStyle='LTR', name='instr_4', opacity=1.0, ori=0, pos=array([0., 0.]), rgb=array([0., 0., 0.]), text=str(...), units='height', win=Window(...), wrapWidth=1)
13.4978 	EXP 	Created image_4 = ImageStim(__class__=<class 'psychopy.visual.image.ImageStim'>, autoLog=True, color=array([1., 1., 1.]), colorSpace='rgb', contrast=1.0, depth=-2.0, flipHoriz=False, flipVert=False, image='ANT_images/image4.png', interpolate=True, mask=None, maskParams=None, name='image_4', opacity=1.0, ori=0.0, pos=array([0. , 0.1]), size=array([0.6 , 0.15]), texRes=128, units='height', win=Window(...))
13.5165 	EXP 	Created pract_instr = TextStim(__class__=<class 'psychopy.visual.text.TextStim'>, alignHoriz=method-wrapper(...), alignText='center', alignVert=method-wrapper(...), anchorHoriz='center', anchorVert='center', antialias=True, autoLog=True, bold=False, color='black', colorSpace='named', contrast=1.0, depth=-1.0, flipHoriz=False, flipVert=False, font='Arial', fontFiles=[], height=0.03, italic=False, languageStyle='LTR', name='pract_instr', opacity=1.0, ori=0, pos=array([0., 0.]), rgb=array([0., 0., 0.]), text=str(...), units='height', win=Window(...), wrapWidth=1)
13.5194 	EXP 	Created fix_1 = ImageStim(__class__=<class 'psychopy.visual.image.ImageStim'>, autoLog=True, color=array([1., 1., 1.]), colorSpace='rgb', contrast=1.0, depth=0.0, flipHoriz=False, flipVert=False, image='sin', interpolate=True, mask=None, maskParams=None, name='fix_1', opacity=1.0, ori=0.0, pos=array([0., 0.]), size=array([1., 1.]), texRes=128, units='height', win=Window(...))
13.5221 	EXP 	Created pract_warning = ImageStim(__class__=<class 'psychopy.visual.image.ImageStim'>, autoLog=True, color=array([1., 1., 1.]), colorSpace='rgb', contrast=1.0, depth=-1.0, flipHoriz=False, flipVert=False, image='sin', interpolate=True, mask=None, maskParams=None, name='pract_warning', opacity=1.0, ori=0.0, pos=array([0., 0.]), size=array([1., 1.]), texRes=128, units='height', win=Window(...))
13.5246 	EXP 	Created fix_2 = ImageStim(__class__=<class 'psychopy.visual.image.ImageStim'>, autoLog=True, color=array([1., 1., 1.]), colorSpace='rgb', contrast=1.0, depth=-2.0, flipHoriz=False, flipVert=False, image='sin', interpolate=True, mask=None, maskParams=None, name='fix_2', opacity=1.0, ori=0.0, pos=array([0., 0.]), size=array([1., 1.]), texRes=128, units='height', win=Window(...))
13.5272 	EXP 	Created pract_target = ImageStim(__class__=<class 'psychopy.visual.image.ImageStim'>, autoLog=True, color=array([1., 1., 1.]), colorSpace='rgb', contrast=1.0, depth=-3.0, flipHoriz=False, flipVert=False, image='sin', interpolate=True, mask=None, maskParams=None, name='pract_target', opacity=1.0, ori=0.0, pos=array([0., 0.]), size=array([0.7, 0.3]), texRes=128, units='height', win=Window(...))
13.5677 	EXP 	Created text_3 = TextStim(__class__=<class 'psychopy.visual.text.TextStim'>, alignHoriz=method-wrapper(...), alignText='center', alignVert=method-wrapper(...), anchorHoriz='center', anchorVert='center', antialias=True, autoLog=True, bold=False, color='white', colorSpace='named', contrast=1.0, depth=-1.0, flipHoriz=False, flipVert=False, font='Arial', fontFiles=[], height=0.1, italic=False, languageStyle='LTR', name='text_3', opacity=1.0, ori=0, pos=array([0., 0.]), rgb=array([255., 255., 255.]), text='default text', units='height', win=Window(...), wrapWidth=1)
13.5912 	EXP 	Created practice_res = TextStim(__class__=<class 'psychopy.visual.text.TextStim'>, alignHoriz=method-wrapper(...), alignText='center', alignVert=method-wrapper(...), anchorHoriz='center', anchorVert='center', antialias=True, autoLog=True, bold=False, color='black', colorSpace='named', contrast=1.0, depth=0.0, flipHoriz=False, flipVert=False, font='Arial', fontFiles=[], height=0.03, italic=False, languageStyle='LTR', name='practice_res', opacity=1.0, ori=0, pos=array([0., 0.]), rgb=array([0., 0., 0.]), text=str(...), units='height', win=Window(...), wrapWidth=1)
13.5955 	EXP 	Created practice_accuracy = TextStim(__class__=<class 'psychopy.visual.text.TextStim'>, alignHoriz=method-wrapper(...), alignText='center', alignVert=method-wrapper(...), anchorHoriz='center', anchorVert='center', antialias=True, autoLog=True, bold=False, color='black', colorSpace='named', contrast=1.0, depth=-2.0, flipHoriz=False, flipVert=False, font='Arial', fontFiles=[], height=0.03, italic=False, languageStyle='LTR', name='practice_accuracy', opacity=1.0, ori=0, pos=array([0., 0.]), rgb=array([0., 0., 0.]), text='0', units='height', win=Window(...), wrapWidth=1)
13.5978 	EXP 	Created response_time = TextStim(__class__=<class 'psychopy.visual.text.TextStim'>, alignHoriz=method-wrapper(...), alignText='center', alignVert=method-wrapper(...), anchorHoriz='center', anchorVert='center', antialias=True, autoLog=True, bold=False, color='black', colorSpace='named', contrast=1.0, depth=-3.0, flipHoriz=False, flipVert=False, font='Arial', fontFiles=[], height=0.03, italic=False, languageStyle='LTR', name='response_time', opacity=1.0, ori=0, pos=array([0.  , 0.04]), rgb=array([0., 0., 0.]), text='0', units='height', win=Window(...), wrapWidth=1)
13.6004 	EXP 	Created fixation_1 = ImageStim(__class__=<class 'psychopy.visual.image.ImageStim'>, autoLog=True, color=array([1., 1., 1.]), colorSpace='rgb', contrast=1.0, depth=0.0, flipHoriz=False, flipVert=False, image='sin', interpolate=True, mask=None, maskParams=None, name='fixation_1', opacity=1.0, ori=0.0, pos=array([0., 0.]), size=array([1., 1.]), texRes=128, units='height', win=Window(...))
13.6029 	EXP 	Created warning = ImageStim(__class__=<class 'psychopy.visual.image.ImageStim'>, autoLog=True, color=array([1., 1., 1.]), colorSpace='rgb', contrast=1.0, depth=-1.0, flipHoriz=False, flipVert=False, image='sin', interpolate=True, mask=None, maskParams=None, name='warning', opacity=1.0, ori=0.0, pos=array([0., 0.]), size=array([1., 1.]), texRes=128, units='height', win=Window(...))
13.7371 	EXP 	Created fixation_2 = ImageStim(__class__=<class 'psychopy.visual.image.ImageStim'>, autoLog=True, color=array([1., 1., 1.]), colorSpace='rgb', contrast=1.0, depth=-2.0, flipHoriz=False, flipVert=False, image='ANT_images/fixation.png', interpolate=True, mask=None, maskParams=None, name='fixation_2', opacity=1.0, ori=0.0, pos=array([0., 0.]), size=array([1., 1.]), texRes=128, units='height', win=Window(...))
13.7400 	EXP 	Created target = ImageStim(__class__=<class 'psychopy.visual.image.ImageStim'>, autoLog=True, color=array([1., 1., 1.]), colorSpace='rgb', contrast=1.0, depth=-3.0, flipHoriz=False, flipVert=False, image='sin', interpolate=True, mask=None, maskParams=None, name='target', opacity=1.0, ori=0.0, pos=array([0., 0.]), size=array([0.7, 0.3]), texRes=128, units='height', win=Window(...))
13.8575 	EXP 	Created post_fixation = ImageStim(__class__=<class 'psychopy.visual.image.ImageStim'>, autoLog=True, color=array([1., 1., 1.]), colorSpace='rgb', contrast=1.0, depth=-4.0, flipHoriz=False, flipVert=False, image='ANT_images/fixation.png', interpolate=True, mask=None, maskParams=None, name='post_fixation', opacity=1.0, ori=0.0, pos=array([0., 0.]), size=array([1., 1.]), texRes=128, units='height', win=Window(...))
13.9249 	EXP 	Created break_message = TextStim(__class__=<class 'psychopy.visual.text.TextStim'>, alignHoriz=method-wrapper(...), alignText='center', alignVert=method-wrapper(...), anchorHoriz='center', anchorVert='center', antialias=True, autoLog=True, bold=False, color='black', colorSpace='named', contrast=1.0, depth=0.0, flipHoriz=False, flipVert=False, font='Arial', fontFiles=[], height=0.05, italic=False, languageStyle='LTR', name='break_message', opacity=1.0, ori=0, pos=array([0., 0.]), rgb=array([0., 0., 0.]), text=str(...), units='height', win=Window(...), wrapWidth=1)
13.9275 	EXP 	Created fixation_1 = ImageStim(__class__=<class 'psychopy.visual.image.ImageStim'>, autoLog=True, color=array([1., 1., 1.]), colorSpace='rgb', contrast=1.0, depth=0.0, flipHoriz=False, flipVert=False, image='sin', interpolate=True, mask=None, maskParams=None, name='fixation_1', opacity=1.0, ori=0.0, pos=array([0., 0.]), size=array([1., 1.]), texRes=128, units='height', win=Window(...))
13.9298 	EXP 	Created warning = ImageStim(__class__=<class 'psychopy.visual.image.ImageStim'>, autoLog=True, color=array([1., 1., 1.]), colorSpace='rgb', contrast=1.0, depth=-1.0, flipHoriz=False, flipVert=False, image='sin', interpolate=True, mask=None, maskParams=None, name='warning', opacity=1.0, ori=0.0, pos=array([0., 0.]), size=array([1., 1.]), texRes=128, units='height', win=Window(...))
14.0439 	EXP 	Created fixation_2 = ImageStim(__class__=<class 'psychopy.visual.image.ImageStim'>, autoLog=True, color=array([1., 1., 1.]), colorSpace='rgb', contrast=1.0, depth=-2.0, flipHoriz=False, flipVert=False, image='ANT_images/fixation.png', interpolate=True, mask=None, maskParams=None, name='fixation_2', opacity=1.0, ori=0.0, pos=array([0., 0.]), size=array([1., 1.]), texRes=128, units='height', win=Window(...))
14.0469 	EXP 	Created target = ImageStim(__class__=<class 'psychopy.visual.image.ImageStim'>, autoLog=True, color=array([1., 1., 1.]), colorSpace='rgb', contrast=1.0, depth=-3.0, flipHoriz=False, flipVert=False, image='sin', interpolate=True, mask=None, maskParams=None, name='target', opacity=1.0, ori=0.0, pos=array([0., 0.]), size=array([0.7, 0.3]), texRes=128, units='height', win=Window(...))
14.1680 	EXP 	Created post_fixation = ImageStim(__class__=<class 'psychopy.visual.image.ImageStim'>, autoLog=True, color=array([1., 1., 1.]), colorSpace='rgb', contrast=1.0, depth=-4.0, flipHoriz=False, flipVert=False, image='ANT_images/fixation.png', interpolate=True, mask=None, maskParams=None, name='post_fixation', opacity=1.0, ori=0.0, pos=array([0., 0.]), size=array([1., 1.]), texRes=128, units='height', win=Window(...))
14.1843 	EXP 	Created text_2 = TextStim(__class__=<class 'psychopy.visual.text.TextStim'>, alignHoriz=method-wrapper(...), alignText='center', alignVert=method-wrapper(...), anchorHoriz='center', anchorVert='center', antialias=True, autoLog=True, bold=False, color='black', colorSpace='named', contrast=1.0, depth=0.0, flipHoriz=False, flipVert=False, font='Arial', fontFiles=[], height=0.05, italic=False, languageStyle='LTR', name='text_2', opacity=1.0, ori=0, pos=array([0., 0.]), rgb=array([0., 0., 0.]), text=str(...), units='height', win=Window(...), wrapWidth=1)
14.2356 	EXP 	instr_1: autoDraw = True
14.2356 	EXP 	image: autoDraw = True
14.7013 	DATA 	Keypress: space
14.7547 	EXP 	instr_1: autoDraw = False
14.7547 	EXP 	image: autoDraw = False
14.7547 	EXP 	instr_2: autoDraw = True
14.7547 	EXP 	image_2_1: autoDraw = True
14.7547 	EXP 	image_2_2: autoDraw = True
15.0997 	DATA 	Keypress: space
15.1498 	EXP 	instr_2: autoDraw = False
15.1498 	EXP 	image_2_1: autoDraw = False
15.1498 	EXP 	image_2_2: autoDraw = False
15.1498 	EXP 	text: autoDraw = True
15.1498 	EXP 	image_3: autoDraw = True
15.4191 	DATA 	Keypress: space
15.4881 	EXP 	text: autoDraw = False
15.4881 	EXP 	image_3: autoDraw = False
15.4881 	EXP 	instr_4: autoDraw = True
15.4881 	EXP 	image_4: autoDraw = True
15.7854 	DATA 	Keypress: space
15.8221 	EXP 	instr_4: autoDraw = False
15.8221 	EXP 	image_4: autoDraw = False
15.8221 	EXP 	pract_instr: autoDraw = True
16.1668 	DATA 	Keypress: space
16.2504 	EXP 	Imported ANT_practice.xlsx as conditions, 24 conditions, 7 params
16.2512 	EXP 	Created sequence: random, trialTypes=24, nReps=1, seed=None
16.2522 	EXP 	New trial (rep=0, index=0): OrderedDict([('cue_file', 'ANT_images/center.png'), ('flanker', 'ANT_images/neu_r.png'), ('pos', 0.25), ('correct', 'i'), ('fix1', 1.0), ('cue_time', 0.1), ('stimStart', 1.5)])
16.5071 	EXP 	pract_instr: autoDraw = False
16.5071 	EXP 	fix_1: image = 'ANT_images/fixation.png'
16.5071 	EXP 	pract_warning: image = 'ANT_images/center.png'
16.5071 	EXP 	fix_2: image = 'ANT_images/fixation.png'
16.5071 	EXP 	pract_target: pos = array([0.  , 0.25])
16.5071 	EXP 	pract_target: image = 'ANT_images/neu_r.png'
16.5071 	EXP 	fix_1: autoDraw = True
17.5744 	EXP 	pract_warning: autoDraw = True
17.5821 	EXP 	fix_1: autoDraw = False
17.7931 	EXP 	pract_warning: autoDraw = False
17.7931 	EXP 	fix_2: autoDraw = True
18.2232 	EXP 	fix_2: autoDraw = False
18.2232 	EXP 	pract_target: autoDraw = True
18.6827 	DATA 	Keypress: i
18.7455 	EXP 	fix_1: autoDraw = False
18.7455 	EXP 	pract_warning: autoDraw = False
18.7455 	EXP 	fix_2: autoDraw = False
18.7455 	EXP 	pract_target: autoDraw = False
18.7455 	EXP 	text_3: color = 'black (named)'
18.7455 	EXP 	text_3: text = 'Correct'
18.7455 	EXP 	text_3: autoDraw = True
19.1001 	EXP 	New trial (rep=0, index=1): OrderedDict([('cue_file', 'ANT_images/center.png'), ('flanker', 'ANT_images/incong_l.png'), ('pos', -0.25), ('correct', 'e'), ('fix1', 1.3), ('cue_time', 0.1), ('stimStart', 1.8000000000000003)])
19.3106 	EXP 	text_3: autoDraw = False
19.3106 	EXP 	fix_1: image = 'ANT_images/fixation.png'
19.3106 	EXP 	pract_warning: image = 'ANT_images/center.png'
19.3106 	EXP 	fix_2: image = 'ANT_images/fixation.png'
19.3106 	EXP 	pract_target: pos = array([ 0.  , -0.25])
19.3106 	EXP 	pract_target: image = 'ANT_images/incong_l.png'
19.3106 	EXP 	fix_1: autoDraw = True
20.6041 	EXP 	pract_warning: autoDraw = True
20.6174 	EXP 	fix_1: autoDraw = False
20.7179 	EXP 	pract_warning: autoDraw = False
20.7179 	EXP 	fix_2: autoDraw = True
21.1152 	EXP 	fix_2: autoDraw = False
21.1152 	EXP 	pract_target: autoDraw = True
21.7660 	DATA 	Keypress: e
21.7812 	EXP 	fix_1: autoDraw = False
21.7812 	EXP 	pract_warning: autoDraw = False
21.7812 	EXP 	fix_2: autoDraw = False
21.7812 	EXP 	pract_target: autoDraw = False
21.7812 	EXP 	text_3: color = 'black (named)'
21.7812 	EXP 	text_3: text = 'Correct'
21.7812 	EXP 	text_3: autoDraw = True
22.1666 	EXP 	New trial (rep=0, index=2): OrderedDict([('cue_file', 'ANT_images/down.png'), ('flanker', 'ANT_images/incong_l.png'), ('pos', -0.25), ('correct', 'e'), ('fix1', 1.3), ('cue_time', 0.1), ('stimStart', 1.8000000000000003)])
22.3641 	EXP 	text_3: autoDraw = False
22.3641 	EXP 	text_3: autoDraw = False
22.3641 	EXP 	fix_1: image = 'ANT_images/fixation.png'
22.3641 	EXP 	pract_warning: image = 'ANT_images/down.png'
22.3641 	EXP 	fix_2: image = 'ANT_images/fixation.png'
22.3641 	EXP 	pract_target: pos = array([ 0.  , -0.25])
22.3641 	EXP 	pract_target: image = 'ANT_images/incong_l.png'
22.3641 	EXP 	fix_1: autoDraw = True
23.6541 	EXP 	pract_warning: autoDraw = True
23.6675 	EXP 	fix_1: autoDraw = False
23.7678 	EXP 	pract_warning: autoDraw = False
23.7678 	EXP 	fix_2: autoDraw = True
24.1653 	EXP 	fix_2: autoDraw = False
24.1653 	EXP 	pract_target: autoDraw = True
24.7660 	DATA 	Keypress: e
24.7810 	EXP 	fix_1: autoDraw = False
24.7810 	EXP 	pract_warning: autoDraw = False
24.7810 	EXP 	fix_2: autoDraw = False
24.7810 	EXP 	pract_target: autoDraw = False
24.7810 	EXP 	text_3: color = 'black (named)'
24.7810 	EXP 	text_3: text = 'Correct'
24.7810 	EXP 	text_3: autoDraw = True
25.1667 	EXP 	New trial (rep=0, index=3): OrderedDict([('cue_file', 'ANT_images/none.png'), ('flanker', 'ANT_images/incong_r.png'), ('pos', 0.25), ('correct', 'i'), ('fix1', 0.1), ('cue_time', 0.0), ('stimStart', 0.5)])
25.3658 	EXP 	text_3: autoDraw = False
25.3658 	EXP 	text_3: autoDraw = False
25.3658 	EXP 	fix_1: image = 'ANT_images/fixation.png'
25.3658 	EXP 	pract_warning: image = 'ANT_images/none.png'
25.3658 	EXP 	fix_2: image = 'ANT_images/fixation.png'
25.3658 	EXP 	pract_target: pos = array([0.  , 0.25])
25.3658 	EXP 	pract_target: image = 'ANT_images/incong_r.png'
25.3658 	EXP 	fix_1: autoDraw = True
25.4542 	EXP 	pract_warning: autoDraw = True
25.4542 	EXP 	pract_warning: autoDraw = False
25.4542 	EXP 	fix_2: autoDraw = True
25.4674 	EXP 	fix_1: autoDraw = False
25.8653 	EXP 	fix_2: autoDraw = False
25.8653 	EXP 	pract_target: autoDraw = True
26.5999 	DATA 	Keypress: i
26.6162 	EXP 	fix_1: autoDraw = False
26.6162 	EXP 	pract_warning: autoDraw = False
26.6162 	EXP 	fix_2: autoDraw = False
26.6162 	EXP 	pract_target: autoDraw = False
26.6162 	EXP 	text_3: color = 'black (named)'
26.6162 	EXP 	text_3: text = 'Correct'
26.6162 	EXP 	text_3: autoDraw = True
27.0150 	EXP 	New trial (rep=0, index=4): OrderedDict([('cue_file', 'ANT_images/none.png'), ('flanker', 'ANT_images/cong_l.png'), ('pos', -0.25), ('correct', 'e'), ('fix1', 0.1), ('cue_time', 0.0), ('stimStart', 0.5)])
27.2190 	EXP 	text_3: autoDraw = False
27.2190 	EXP 	fix_1: image = 'ANT_images/fixation.png'
27.2190 	EXP 	pract_warning: image = 'ANT_images/none.png'
27.2190 	EXP 	fix_2: image = 'ANT_images/fixation.png'
27.2190 	EXP 	pract_target: pos = array([ 0.  , -0.25])
27.2190 	EXP 	pract_target: image = 'ANT_images/cong_l.png'
27.2190 	EXP 	fix_1: autoDraw = True
27.3209 	EXP 	pract_warning: autoDraw = True
27.3209 	EXP 	pract_warning: autoDraw = False
27.3209 	EXP 	fix_2: autoDraw = True
27.3340 	EXP 	fix_1: autoDraw = False
27.7319 	EXP 	fix_2: autoDraw = False
27.7319 	EXP 	pract_target: autoDraw = True
28.2985 	DATA 	Keypress: e
28.3141 	EXP 	fix_1: autoDraw = False
28.3141 	EXP 	pract_warning: autoDraw = False
28.3141 	EXP 	fix_2: autoDraw = False
28.3141 	EXP 	pract_target: autoDraw = False
28.3141 	EXP 	text_3: color = 'black (named)'
28.3141 	EXP 	text_3: text = 'Correct'
28.3141 	EXP 	text_3: autoDraw = True
28.6998 	EXP 	New trial (rep=0, index=5): OrderedDict([('cue_file', 'ANT_images/double.png'), ('flanker', 'ANT_images/neu_r.png'), ('pos', -0.25), ('correct', 'i'), ('fix1', 0.7), ('cue_time', 0.1), ('stimStart', 1.2)])
28.9072 	EXP 	text_3: autoDraw = False
28.9072 	EXP 	text_3: autoDraw = False
28.9072 	EXP 	fix_1: image = 'ANT_images/fixation.png'
28.9072 	EXP 	pract_warning: image = 'ANT_images/double.png'
28.9072 	EXP 	fix_2: image = 'ANT_images/fixation.png'
28.9072 	EXP 	pract_target: pos = array([ 0.  , -0.25])
28.9072 	EXP 	pract_target: image = 'ANT_images/neu_r.png'
28.9072 	EXP 	fix_1: autoDraw = True
29.6041 	EXP 	pract_warning: autoDraw = True
29.6172 	EXP 	fix_1: autoDraw = False
29.7180 	EXP 	pract_warning: autoDraw = False
29.7180 	EXP 	fix_2: autoDraw = True
30.1151 	EXP 	fix_2: autoDraw = False
30.1151 	EXP 	pract_target: autoDraw = True
30.7326 	DATA 	Keypress: i
30.7477 	EXP 	fix_1: autoDraw = False
30.7477 	EXP 	pract_warning: autoDraw = False
30.7477 	EXP 	fix_2: autoDraw = False
30.7477 	EXP 	pract_target: autoDraw = False
30.7477 	EXP 	text_3: color = 'black (named)'
30.7477 	EXP 	text_3: text = 'Correct'
30.7477 	EXP 	text_3: autoDraw = True
31.1330 	EXP 	New trial (rep=0, index=6): OrderedDict([('cue_file', 'ANT_images/double.png'), ('flanker', 'ANT_images/incong_r.png'), ('pos', -0.25), ('correct', 'i'), ('fix1', 1.6), ('cue_time', 0.1), ('stimStart', 2.1)])
31.3442 	EXP 	text_3: autoDraw = False
31.3442 	EXP 	text_3: autoDraw = False
31.3442 	EXP 	fix_1: image = 'ANT_images/fixation.png'
31.3442 	EXP 	pract_warning: image = 'ANT_images/double.png'
31.3442 	EXP 	fix_2: image = 'ANT_images/fixation.png'
31.3442 	EXP 	pract_target: pos = array([ 0.  , -0.25])
31.3442 	EXP 	pract_target: image = 'ANT_images/incong_r.png'
31.3442 	EXP 	fix_1: autoDraw = True
32.9377 	EXP 	pract_warning: autoDraw = True
32.9506 	EXP 	fix_1: autoDraw = False
33.0511 	EXP 	pract_warning: autoDraw = False
33.0511 	EXP 	fix_2: autoDraw = True
33.4484 	EXP 	fix_2: autoDraw = False
33.4484 	EXP 	pract_target: autoDraw = True
34.1000 	DATA 	Keypress: i
34.1144 	EXP 	fix_1: autoDraw = False
34.1144 	EXP 	pract_warning: autoDraw = False
34.1144 	EXP 	fix_2: autoDraw = False
34.1144 	EXP 	pract_target: autoDraw = False
34.1144 	EXP 	text_3: color = 'black (named)'
34.1144 	EXP 	text_3: text = 'Correct'
34.1144 	EXP 	text_3: autoDraw = True
34.5010 	EXP 	New trial (rep=0, index=7): OrderedDict([('cue_file', 'ANT_images/down.png'), ('flanker', 'ANT_images/incong_r.png'), ('pos', -0.25), ('correct', 'i'), ('fix1', 1.0), ('cue_time', 0.1), ('stimStart', 1.5)])
34.7026 	EXP 	text_3: autoDraw = False
34.7026 	EXP 	text_3: autoDraw = False
34.7026 	EXP 	fix_1: image = 'ANT_images/fixation.png'
34.7026 	EXP 	pract_warning: image = 'ANT_images/down.png'
34.7026 	EXP 	fix_2: image = 'ANT_images/fixation.png'
34.7026 	EXP 	pract_target: pos = array([ 0.  , -0.25])
34.7026 	EXP 	pract_target: image = 'ANT_images/incong_r.png'
34.7026 	EXP 	fix_1: autoDraw = True
35.7038 	EXP 	pract_warning: autoDraw = True
35.7169 	EXP 	fix_1: autoDraw = False
35.8173 	EXP 	pract_warning: autoDraw = False
35.8173 	EXP 	fix_2: autoDraw = True
36.2146 	EXP 	fix_2: autoDraw = False
36.2146 	EXP 	pract_target: autoDraw = True
36.7823 	DATA 	Keypress: i
36.7976 	EXP 	fix_1: autoDraw = False
36.7976 	EXP 	pract_warning: autoDraw = False
36.7976 	EXP 	fix_2: autoDraw = False
36.7976 	EXP 	pract_target: autoDraw = False
36.7976 	EXP 	text_3: color = 'black (named)'
36.7976 	EXP 	text_3: text = 'Correct'
36.7976 	EXP 	text_3: autoDraw = True
37.1830 	EXP 	New trial (rep=0, index=8): OrderedDict([('cue_file', 'ANT_images/double.png'), ('flanker', 'ANT_images/cong_r.png'), ('pos', 0.25), ('correct', 'i'), ('fix1', 1.3), ('cue_time', 0.1), ('stimStart', 1.8000000000000003)])
37.3810 	EXP 	text_3: autoDraw = False
37.3810 	EXP 	text_3: autoDraw = False
37.3810 	EXP 	fix_1: image = 'ANT_images/fixation.png'
37.3810 	EXP 	pract_warning: image = 'ANT_images/double.png'
37.3810 	EXP 	fix_2: image = 'ANT_images/fixation.png'
37.3810 	EXP 	pract_target: pos = array([0.  , 0.25])
37.3810 	EXP 	pract_target: image = 'ANT_images/cong_r.png'
37.3810 	EXP 	fix_1: autoDraw = True
38.6710 	EXP 	pract_warning: autoDraw = True
38.6839 	EXP 	fix_1: autoDraw = False
38.7845 	EXP 	pract_warning: autoDraw = False
38.7845 	EXP 	fix_2: autoDraw = True
39.1816 	EXP 	fix_2: autoDraw = False
39.1816 	EXP 	pract_target: autoDraw = True
39.6490 	DATA 	Keypress: i
39.6644 	EXP 	fix_1: autoDraw = False
39.6644 	EXP 	pract_warning: autoDraw = False
39.6644 	EXP 	fix_2: autoDraw = False
39.6644 	EXP 	pract_target: autoDraw = False
39.6644 	EXP 	text_3: color = 'black (named)'
39.6644 	EXP 	text_3: text = 'Correct'
39.6644 	EXP 	text_3: autoDraw = True
40.0496 	EXP 	New trial (rep=0, index=9): OrderedDict([('cue_file', 'ANT_images/none.png'), ('flanker', 'ANT_images/cong_r.png'), ('pos', 0.25), ('correct', 'i'), ('fix1', 0.1), ('cue_time', 0.0), ('stimStart', 0.5)])
40.2498 	EXP 	text_3: autoDraw = False
40.2498 	EXP 	text_3: autoDraw = False
40.2498 	EXP 	fix_1: image = 'ANT_images/fixation.png'
40.2498 	EXP 	pract_warning: image = 'ANT_images/none.png'
40.2498 	EXP 	fix_2: image = 'ANT_images/fixation.png'
40.2498 	EXP 	pract_target: pos = array([0.  , 0.25])
40.2498 	EXP 	pract_target: image = 'ANT_images/cong_r.png'
40.2498 	EXP 	fix_1: autoDraw = True
40.3375 	EXP 	pract_warning: autoDraw = True
40.3375 	EXP 	pract_warning: autoDraw = False
40.3375 	EXP 	fix_2: autoDraw = True
40.3504 	EXP 	fix_1: autoDraw = False
40.7483 	EXP 	fix_2: autoDraw = False
40.7483 	EXP 	pract_target: autoDraw = True
41.5824 	DATA 	Keypress: i
41.5974 	EXP 	fix_1: autoDraw = False
41.5974 	EXP 	pract_warning: autoDraw = False
41.5974 	EXP 	fix_2: autoDraw = False
41.5974 	EXP 	pract_target: autoDraw = False
41.5974 	EXP 	text_3: color = 'black (named)'
41.5974 	EXP 	text_3: text = 'Correct'
41.5974 	EXP 	text_3: autoDraw = True
41.9830 	EXP 	New trial (rep=0, index=10): OrderedDict([('cue_file', 'ANT_images/none.png'), ('flanker', 'ANT_images/neu_r.png'), ('pos', 0.25), ('correct', 'i'), ('fix1', 0.1), ('cue_time', 0.0), ('stimStart', 0.5)])
42.1841 	EXP 	text_3: autoDraw = False
42.1841 	EXP 	text_3: autoDraw = False
42.1841 	EXP 	fix_1: image = 'ANT_images/fixation.png'
42.1841 	EXP 	pract_warning: image = 'ANT_images/none.png'
42.1841 	EXP 	fix_2: image = 'ANT_images/fixation.png'
42.1841 	EXP 	pract_target: pos = array([0.  , 0.25])
42.1841 	EXP 	pract_target: image = 'ANT_images/neu_r.png'
42.1841 	EXP 	fix_1: autoDraw = True
42.2710 	EXP 	pract_warning: autoDraw = True
42.2710 	EXP 	pract_warning: autoDraw = False
42.2710 	EXP 	fix_2: autoDraw = True
42.2838 	EXP 	fix_1: autoDraw = False
42.6816 	EXP 	fix_2: autoDraw = False
42.6816 	EXP 	pract_target: autoDraw = True
43.1825 	DATA 	Keypress: i
43.1976 	EXP 	fix_1: autoDraw = False
43.1976 	EXP 	pract_warning: autoDraw = False
43.1976 	EXP 	fix_2: autoDraw = False
43.1976 	EXP 	pract_target: autoDraw = False
43.1976 	EXP 	text_3: color = 'black (named)'
43.1976 	EXP 	text_3: text = 'Correct'
43.1976 	EXP 	text_3: autoDraw = True
43.5830 	EXP 	New trial (rep=0, index=11): OrderedDict([('cue_file', 'ANT_images/double.png'), ('flanker', 'ANT_images/incong_l.png'), ('pos', -0.25), ('correct', 'e'), ('fix1', 1.5), ('cue_time', 0.1), ('stimStart', 2.0)])
43.7809 	EXP 	text_3: autoDraw = False
43.7809 	EXP 	text_3: autoDraw = False
43.7809 	EXP 	fix_1: image = 'ANT_images/fixation.png'
43.7809 	EXP 	pract_warning: image = 'ANT_images/double.png'
43.7809 	EXP 	fix_2: image = 'ANT_images/fixation.png'
43.7809 	EXP 	pract_target: pos = array([ 0.  , -0.25])
43.7809 	EXP 	pract_target: image = 'ANT_images/incong_l.png'
43.7809 	EXP 	fix_1: autoDraw = True
45.2708 	EXP 	pract_warning: autoDraw = True
45.2837 	EXP 	fix_1: autoDraw = False
45.3844 	EXP 	pract_warning: autoDraw = False
45.3844 	EXP 	fix_2: autoDraw = True
45.7816 	EXP 	fix_2: autoDraw = False
45.7816 	EXP 	pract_target: autoDraw = True
46.3656 	DATA 	Keypress: e
46.3808 	EXP 	fix_1: autoDraw = False
46.3808 	EXP 	pract_warning: autoDraw = False
46.3808 	EXP 	fix_2: autoDraw = False
46.3808 	EXP 	pract_target: autoDraw = False
46.3808 	EXP 	text_3: color = 'black (named)'
46.3808 	EXP 	text_3: text = 'Correct'
46.3808 	EXP 	text_3: autoDraw = True
46.7662 	EXP 	New trial (rep=0, index=12): OrderedDict([('cue_file', 'ANT_images/down.png'), ('flanker', 'ANT_images/cong_l.png'), ('pos', -0.25), ('correct', 'e'), ('fix1', 1.2), ('cue_time', 0.1), ('stimStart', 1.7000000000000002)])
46.9663 	EXP 	text_3: autoDraw = False
46.9663 	EXP 	text_3: autoDraw = False
46.9663 	EXP 	fix_1: image = 'ANT_images/fixation.png'
46.9663 	EXP 	pract_warning: image = 'ANT_images/down.png'
46.9663 	EXP 	fix_2: image = 'ANT_images/fixation.png'
46.9663 	EXP 	pract_target: pos = array([ 0.  , -0.25])
46.9663 	EXP 	pract_target: image = 'ANT_images/cong_l.png'
46.9663 	EXP 	fix_1: autoDraw = True
48.1540 	EXP 	pract_warning: autoDraw = True
48.1670 	EXP 	fix_1: autoDraw = False
48.2678 	EXP 	pract_warning: autoDraw = False
48.2678 	EXP 	fix_2: autoDraw = True
48.6647 	EXP 	fix_2: autoDraw = False
48.6647 	EXP 	pract_target: autoDraw = True
49.1667 	DATA 	Keypress: e
49.1974 	EXP 	fix_1: autoDraw = False
49.1974 	EXP 	pract_warning: autoDraw = False
49.1974 	EXP 	fix_2: autoDraw = False
49.1974 	EXP 	pract_target: autoDraw = False
49.1974 	EXP 	text_3: color = 'black (named)'
49.1974 	EXP 	text_3: text = 'Correct'
49.1974 	EXP 	text_3: autoDraw = True
49.5828 	EXP 	New trial (rep=0, index=13): OrderedDict([('cue_file', 'ANT_images/center.png'), ('flanker', 'ANT_images/neu_l.png'), ('pos', -0.25), ('correct', 'e'), ('fix1', 0.8), ('cue_time', 0.1), ('stimStart', 1.3)])
49.7821 	EXP 	text_3: autoDraw = False
49.7821 	EXP 	text_3: autoDraw = False
49.7821 	EXP 	fix_1: image = 'ANT_images/fixation.png'
49.7821 	EXP 	pract_warning: image = 'ANT_images/center.png'
49.7821 	EXP 	fix_2: image = 'ANT_images/fixation.png'
49.7821 	EXP 	pract_target: pos = array([ 0.  , -0.25])
49.7821 	EXP 	pract_target: image = 'ANT_images/neu_l.png'
49.7821 	EXP 	fix_1: autoDraw = True
50.5705 	EXP 	pract_warning: autoDraw = True
50.5838 	EXP 	fix_1: autoDraw = False
50.6842 	EXP 	pract_warning: autoDraw = False
50.6842 	EXP 	fix_2: autoDraw = True
51.0815 	EXP 	fix_2: autoDraw = False
51.0815 	EXP 	pract_target: autoDraw = True
51.6321 	DATA 	Keypress: e
51.6637 	EXP 	fix_1: autoDraw = False
51.6637 	EXP 	pract_warning: autoDraw = False
51.6637 	EXP 	fix_2: autoDraw = False
51.6637 	EXP 	pract_target: autoDraw = False
51.6637 	EXP 	text_3: color = 'black (named)'
51.6637 	EXP 	text_3: text = 'Correct'
51.6637 	EXP 	text_3: autoDraw = True
52.0483 	EXP 	New trial (rep=0, index=14): OrderedDict([('cue_file', 'ANT_images/double.png'), ('flanker', 'ANT_images/neu_r.png'), ('pos', 0.25), ('correct', 'i'), ('fix1', 1.2), ('cue_time', 0.1), ('stimStart', 1.7000000000000002)])
52.2204 	EXP 	text_3: autoDraw = False
52.2204 	EXP 	text_3: autoDraw = False
52.2204 	EXP 	fix_1: image = 'ANT_images/fixation.png'
52.2204 	EXP 	pract_warning: image = 'ANT_images/double.png'
52.2204 	EXP 	fix_2: image = 'ANT_images/fixation.png'
52.2204 	EXP 	pract_target: pos = array([0.  , 0.25])
52.2204 	EXP 	pract_target: image = 'ANT_images/neu_r.png'
52.2204 	EXP 	fix_1: autoDraw = True
53.4207 	EXP 	pract_warning: autoDraw = True
53.4337 	EXP 	fix_1: autoDraw = False
53.5342 	EXP 	pract_warning: autoDraw = False
53.5342 	EXP 	fix_2: autoDraw = True
53.9315 	EXP 	fix_2: autoDraw = False
53.9315 	EXP 	pract_target: autoDraw = True
54.3324 	DATA 	Keypress: i
54.3474 	EXP 	fix_1: autoDraw = False
54.3474 	EXP 	pract_warning: autoDraw = False
54.3474 	EXP 	fix_2: autoDraw = False
54.3474 	EXP 	pract_target: autoDraw = False
54.3474 	EXP 	text_3: color = 'black (named)'
54.3474 	EXP 	text_3: text = 'Correct'
54.3474 	EXP 	text_3: autoDraw = True
54.7329 	EXP 	New trial (rep=0, index=15): OrderedDict([('cue_file', 'ANT_images/up.png'), ('flanker', 'ANT_images/incong_r.png'), ('pos', 0.25), ('correct', 'i'), ('fix1', 0.9), ('cue_time', 0.1), ('stimStart', 1.4)])
54.9309 	EXP 	text_3: autoDraw = False
54.9309 	EXP 	text_3: autoDraw = False
54.9309 	EXP 	fix_1: image = 'ANT_images/fixation.png'
54.9309 	EXP 	pract_warning: image = 'ANT_images/up.png'
54.9309 	EXP 	fix_2: image = 'ANT_images/fixation.png'
54.9309 	EXP 	pract_target: pos = array([0.  , 0.25])
54.9309 	EXP 	pract_target: image = 'ANT_images/incong_r.png'
54.9309 	EXP 	fix_1: autoDraw = True
55.8204 	EXP 	pract_warning: autoDraw = True
55.8337 	EXP 	fix_1: autoDraw = False
55.9341 	EXP 	pract_warning: autoDraw = False
55.9341 	EXP 	fix_2: autoDraw = True
56.3314 	EXP 	fix_2: autoDraw = False
56.3314 	EXP 	pract_target: autoDraw = True
56.7823 	DATA 	Keypress: i
56.7974 	EXP 	fix_1: autoDraw = False
56.7974 	EXP 	pract_warning: autoDraw = False
56.7974 	EXP 	fix_2: autoDraw = False
56.7974 	EXP 	pract_target: autoDraw = False
56.7974 	EXP 	text_3: color = 'black (named)'
56.7974 	EXP 	text_3: text = 'Correct'
56.7974 	EXP 	text_3: autoDraw = True
57.1829 	EXP 	New trial (rep=0, index=16): OrderedDict([('cue_file', 'ANT_images/none.png'), ('flanker', 'ANT_images/cong_r.png'), ('pos', -0.25), ('correct', 'i'), ('fix1', 0.1), ('cue_time', 0.0), ('stimStart', 0.5)])
57.3831 	EXP 	text_3: autoDraw = False
57.3831 	EXP 	text_3: autoDraw = False
57.3831 	EXP 	fix_1: image = 'ANT_images/fixation.png'
57.3831 	EXP 	pract_warning: image = 'ANT_images/none.png'
57.3831 	EXP 	fix_2: image = 'ANT_images/fixation.png'
57.3831 	EXP 	pract_target: pos = array([ 0.  , -0.25])
57.3831 	EXP 	pract_target: image = 'ANT_images/cong_r.png'
57.3831 	EXP 	fix_1: autoDraw = True
57.4705 	EXP 	pract_warning: autoDraw = True
57.4705 	EXP 	pract_warning: autoDraw = False
57.4705 	EXP 	fix_2: autoDraw = True
57.4836 	EXP 	fix_1: autoDraw = False
57.8814 	EXP 	fix_2: autoDraw = False
57.8814 	EXP 	pract_target: autoDraw = True
58.4491 	DATA 	Keypress: i
58.4639 	EXP 	fix_1: autoDraw = False
58.4639 	EXP 	pract_warning: autoDraw = False
58.4639 	EXP 	fix_2: autoDraw = False
58.4639 	EXP 	pract_target: autoDraw = False
58.4639 	EXP 	text_3: color = 'black (named)'
58.4639 	EXP 	text_3: text = 'Correct'
58.4639 	EXP 	text_3: autoDraw = True
58.8495 	EXP 	New trial (rep=0, index=17): OrderedDict([('cue_file', 'ANT_images/none.png'), ('flanker', 'ANT_images/cong_l.png'), ('pos', 0.25), ('correct', 'e'), ('fix1', 0.1), ('cue_time', 0.0), ('stimStart', 0.5)])
59.0514 	EXP 	text_3: autoDraw = False
59.0514 	EXP 	text_3: autoDraw = False
59.0514 	EXP 	fix_1: image = 'ANT_images/fixation.png'
59.0514 	EXP 	pract_warning: image = 'ANT_images/none.png'
59.0514 	EXP 	fix_2: image = 'ANT_images/fixation.png'
59.0514 	EXP 	pract_target: pos = array([0.  , 0.25])
59.0514 	EXP 	pract_target: image = 'ANT_images/cong_l.png'
59.0514 	EXP 	fix_1: autoDraw = True
59.1498 	EXP 	pract_warning: autoDraw = True
59.1498 	EXP 	pract_warning: autoDraw = False
59.1498 	EXP 	fix_2: autoDraw = True
59.1651 	EXP 	fix_1: autoDraw = False
59.5480 	EXP 	fix_2: autoDraw = False
59.5480 	EXP 	pract_target: autoDraw = True
59.9656 	DATA 	Keypress: e
59.9806 	EXP 	fix_1: autoDraw = False
59.9806 	EXP 	pract_warning: autoDraw = False
59.9806 	EXP 	fix_2: autoDraw = False
59.9806 	EXP 	pract_target: autoDraw = False
59.9806 	EXP 	text_3: color = 'black (named)'
59.9806 	EXP 	text_3: text = 'Correct'
59.9806 	EXP 	text_3: autoDraw = True
60.3661 	EXP 	New trial (rep=0, index=18): OrderedDict([('cue_file', 'ANT_images/center.png'), ('flanker', 'ANT_images/incong_r.png'), ('pos', 0.25), ('correct', 'i'), ('fix1', 0.4), ('cue_time', 0.1), ('stimStart', 0.9)])
60.5678 	EXP 	text_3: autoDraw = False
60.5678 	EXP 	text_3: autoDraw = False
60.5678 	EXP 	fix_1: image = 'ANT_images/fixation.png'
60.5678 	EXP 	pract_warning: image = 'ANT_images/center.png'
60.5678 	EXP 	fix_2: image = 'ANT_images/fixation.png'
60.5678 	EXP 	pract_target: pos = array([0.  , 0.25])
60.5678 	EXP 	pract_target: image = 'ANT_images/incong_r.png'
60.5678 	EXP 	fix_1: autoDraw = True
60.9674 	EXP 	fix_1: autoDraw = False
60.9674 	EXP 	pract_warning: autoDraw = True
61.0675 	EXP 	pract_warning: autoDraw = False
61.0675 	EXP 	fix_2: autoDraw = True
61.4647 	EXP 	fix_2: autoDraw = False
61.4647 	EXP 	pract_target: autoDraw = True
61.9823 	DATA 	Keypress: i
61.9972 	EXP 	fix_1: autoDraw = False
61.9972 	EXP 	pract_warning: autoDraw = False
61.9972 	EXP 	fix_2: autoDraw = False
61.9972 	EXP 	pract_target: autoDraw = False
61.9972 	EXP 	text_3: color = 'black (named)'
61.9972 	EXP 	text_3: text = 'Correct'
61.9972 	EXP 	text_3: autoDraw = True
62.3828 	EXP 	New trial (rep=0, index=19): OrderedDict([('cue_file', 'ANT_images/center.png'), ('flanker', 'ANT_images/cong_r.png'), ('pos', 0.25), ('correct', 'i'), ('fix1', 1.4), ('cue_time', 0.1), ('stimStart', 1.9)])
62.5890 	EXP 	text_3: autoDraw = False
62.5890 	EXP 	text_3: autoDraw = False
62.5890 	EXP 	fix_1: image = 'ANT_images/fixation.png'
62.5890 	EXP 	pract_warning: image = 'ANT_images/center.png'
62.5890 	EXP 	fix_2: image = 'ANT_images/fixation.png'
62.5890 	EXP 	pract_target: pos = array([0.  , 0.25])
62.5890 	EXP 	pract_target: image = 'ANT_images/cong_r.png'
62.5890 	EXP 	fix_1: autoDraw = True
63.9904 	EXP 	pract_warning: autoDraw = True
64.0000 	EXP 	fix_1: autoDraw = False
64.1007 	EXP 	pract_warning: autoDraw = False
64.1007 	EXP 	fix_2: autoDraw = True
64.4980 	EXP 	fix_2: autoDraw = False
64.4980 	EXP 	pract_target: autoDraw = True
64.9323 	DATA 	Keypress: i
64.9473 	EXP 	fix_1: autoDraw = False
64.9473 	EXP 	pract_warning: autoDraw = False
64.9473 	EXP 	fix_2: autoDraw = False
64.9473 	EXP 	pract_target: autoDraw = False
64.9473 	EXP 	text_3: color = 'black (named)'
64.9473 	EXP 	text_3: text = 'Correct'
64.9473 	EXP 	text_3: autoDraw = True
65.3328 	EXP 	New trial (rep=0, index=20): OrderedDict([('cue_file', 'ANT_images/center.png'), ('flanker', 'ANT_images/neu_r.png'), ('pos', 0.25), ('correct', 'i'), ('fix1', 1.0), ('cue_time', 0.1), ('stimStart', 1.5)])
65.5354 	EXP 	text_3: autoDraw = False
65.5354 	EXP 	text_3: autoDraw = False
65.5354 	EXP 	fix_1: image = 'ANT_images/fixation.png'
65.5354 	EXP 	pract_warning: image = 'ANT_images/center.png'
65.5354 	EXP 	fix_2: image = 'ANT_images/fixation.png'
65.5354 	EXP 	pract_target: pos = array([0.  , 0.25])
65.5354 	EXP 	pract_target: image = 'ANT_images/neu_r.png'
65.5354 	EXP 	fix_1: autoDraw = True
66.5370 	EXP 	pract_warning: autoDraw = True
66.5502 	EXP 	fix_1: autoDraw = False
66.6507 	EXP 	pract_warning: autoDraw = False
66.6507 	EXP 	fix_2: autoDraw = True
67.0480 	EXP 	fix_2: autoDraw = False
67.0480 	EXP 	pract_target: autoDraw = True
67.4648 	DATA 	Keypress: i
67.4802 	EXP 	fix_1: autoDraw = False
67.4802 	EXP 	pract_warning: autoDraw = False
67.4802 	EXP 	fix_2: autoDraw = False
67.4802 	EXP 	pract_target: autoDraw = False
67.4802 	EXP 	text_3: color = 'black (named)'
67.4802 	EXP 	text_3: text = 'Correct'
67.4802 	EXP 	text_3: autoDraw = True
67.8649 	EXP 	New trial (rep=0, index=21): OrderedDict([('cue_file', 'ANT_images/center.png'), ('flanker', 'ANT_images/neu_l.png'), ('pos', 0.25), ('correct', 'e'), ('fix1', 1.1), ('cue_time', 0.1), ('stimStart', 1.6)])
68.0832 	EXP 	text_3: autoDraw = False
68.0832 	EXP 	text_3: autoDraw = False
68.0832 	EXP 	fix_1: image = 'ANT_images/fixation.png'
68.0832 	EXP 	pract_warning: image = 'ANT_images/center.png'
68.0832 	EXP 	fix_2: image = 'ANT_images/fixation.png'
68.0832 	EXP 	pract_target: pos = array([0.  , 0.25])
68.0832 	EXP 	pract_target: image = 'ANT_images/neu_l.png'
68.0832 	EXP 	fix_1: autoDraw = True
69.1702 	EXP 	pract_warning: autoDraw = True
69.1836 	EXP 	fix_1: autoDraw = False
69.2839 	EXP 	pract_warning: autoDraw = False
69.2839 	EXP 	fix_2: autoDraw = True
69.6813 	EXP 	fix_2: autoDraw = False
69.6813 	EXP 	pract_target: autoDraw = True
70.1652 	DATA 	Keypress: e
70.1807 	EXP 	fix_1: autoDraw = False
70.1807 	EXP 	pract_warning: autoDraw = False
70.1807 	EXP 	fix_2: autoDraw = False
70.1807 	EXP 	pract_target: autoDraw = False
70.1807 	EXP 	text_3: color = 'black (named)'
70.1807 	EXP 	text_3: text = 'Correct'
70.1807 	EXP 	text_3: autoDraw = True
70.5659 	EXP 	New trial (rep=0, index=22): OrderedDict([('cue_file', 'ANT_images/up.png'), ('flanker', 'ANT_images/neu_l.png'), ('pos', 0.25), ('correct', 'e'), ('fix1', 1.4), ('cue_time', 0.1), ('stimStart', 1.9)])
70.7698 	EXP 	text_3: autoDraw = False
70.7698 	EXP 	text_3: autoDraw = False
70.7698 	EXP 	fix_1: image = 'ANT_images/fixation.png'
70.7698 	EXP 	pract_warning: image = 'ANT_images/up.png'
70.7698 	EXP 	fix_2: image = 'ANT_images/fixation.png'
70.7698 	EXP 	pract_target: pos = array([0.  , 0.25])
70.7698 	EXP 	pract_target: image = 'ANT_images/neu_l.png'
70.7698 	EXP 	fix_1: autoDraw = True
72.1706 	EXP 	pract_warning: autoDraw = True
72.1836 	EXP 	fix_1: autoDraw = False
72.2840 	EXP 	pract_warning: autoDraw = False
72.2840 	EXP 	fix_2: autoDraw = True
72.6812 	EXP 	fix_2: autoDraw = False
72.6812 	EXP 	pract_target: autoDraw = True
73.1492 	DATA 	Keypress: e
73.1637 	EXP 	fix_1: autoDraw = False
73.1637 	EXP 	pract_warning: autoDraw = False
73.1637 	EXP 	fix_2: autoDraw = False
73.1637 	EXP 	pract_target: autoDraw = False
73.1637 	EXP 	text_3: color = 'black (named)'
73.1637 	EXP 	text_3: text = 'Correct'
73.1637 	EXP 	text_3: autoDraw = True
73.5493 	EXP 	New trial (rep=0, index=23): OrderedDict([('cue_file', 'ANT_images/up.png'), ('flanker', 'ANT_images/cong_l.png'), ('pos', 0.25), ('correct', 'e'), ('fix1', 1.5), ('cue_time', 0.1), ('stimStart', 2.0)])
73.7517 	EXP 	text_3: autoDraw = False
73.7517 	EXP 	text_3: autoDraw = False
73.7517 	EXP 	fix_1: image = 'ANT_images/fixation.png'
73.7517 	EXP 	pract_warning: image = 'ANT_images/up.png'
73.7517 	EXP 	fix_2: image = 'ANT_images/fixation.png'
73.7517 	EXP 	pract_target: pos = array([0.  , 0.25])
73.7517 	EXP 	pract_target: image = 'ANT_images/cong_l.png'
73.7517 	EXP 	fix_1: autoDraw = True
75.2535 	EXP 	pract_warning: autoDraw = True
75.2668 	EXP 	fix_1: autoDraw = False
75.3674 	EXP 	pract_warning: autoDraw = False
75.3674 	EXP 	fix_2: autoDraw = True
75.7646 	EXP 	fix_2: autoDraw = False
75.7646 	EXP 	pract_target: autoDraw = True
76.2321 	DATA 	Keypress: e
76.2473 	EXP 	fix_1: autoDraw = False
76.2473 	EXP 	pract_warning: autoDraw = False
76.2473 	EXP 	fix_2: autoDraw = False
76.2473 	EXP 	pract_target: autoDraw = False
76.2473 	EXP 	text_3: color = 'black (named)'
76.2473 	EXP 	text_3: text = 'Correct'
76.2473 	EXP 	text_3: autoDraw = True
76.6473 	EXP 	text_3: autoDraw = False
76.6473 	EXP 	text_3: autoDraw = False
76.6473 	EXP 	practice_res: autoDraw = True
76.6473 	EXP 	practice_accuracy: autoDraw = True
76.6473 	EXP 	response_time: autoDraw = True
78.2321 	DATA 	Keypress: escape
78.5168 	EXP 	window1: mouseVisible = True
