1.6227 	WARNING 	We strongly recommend you activate the PTB sound engine in PsychoPy prefs as the preferred audio engine. Its timing is vastly superior. Your prefs are currently set to use ['sounddevice', 'PTB', 'pyo', 'pygame'] (in that order).
4.6920 	WARNING 	Import Error: No module named 'psychtoolbox'. Using event module for keyboard component.
8.3467 	WARNING 	Monitor specification not found. Creating a temporary one...
8.3644 	WARNING 	User requested fullscreen with size [1280  800], but screen is actually [2256, 1504]. Using actual size
11.6770 	EXP 	Created window1 = Window(allowGUI=False, allowStencil=False, args=UNKNOWN, autoLog=True, bitsMode=UNKNOWN, blendMode='avg', bpc=(8, 8, 8), color=array([1., 1., 1.]), colorSpace='rgb', depthBits=8, fullscr=<method-wrapper '__getattribute__' of attributeSetter object at 0x105C2D70>, gamma=None, gammaErrorPolicy='raise', kwargs=UNKNOWN, lms=UNKNOWN, monitor=<psychopy.monitors.calibTools.Monitor object at 0x0DFC2F50>, multiSample=False, name='window1', numSamples=2, pos=[0.0, 0.0], screen=0, size=array([2256, 1504]), stencilBits=0, stereo=False, units='height', useFBO=True, useRetina=False, viewOri=0.0, viewPos=None, viewScale=None, waitBlanking=True, winType='pyglet')
11.6771 	EXP 	window1: recordFrameIntervals = False
11.8420 	EXP 	window1: recordFrameIntervals = True
12.0257 	EXP 	window1: recordFrameIntervals = False
12.4105 	EXP 	Created instr_1 = TextStim(__class__=<class 'psychopy.visual.text.TextStim'>, alignHoriz=method-wrapper(...), alignText='center', alignVert=method-wrapper(...), anchorHoriz='center', anchorVert='center', antialias=True, autoLog=True, bold=False, color='black', colorSpace='named', contrast=1.0, depth=0.0, flipHoriz=False, flipVert=False, font='Arial', fontFiles=[], height=0.03, italic=False, languageStyle='LTR', name='instr_1', opacity=1.0, ori=0, pos=array([0., 0.]), rgb=array([0., 0., 0.]), text=str(...), units='height', win=Window(...), wrapWidth=1)
12.4593 	EXP 	Created image = ImageStim(__class__=<class 'psychopy.visual.image.ImageStim'>, autoLog=True, color=array([1., 1., 1.]), colorSpace='rgb', contrast=1.0, depth=-2.0, flipHoriz=False, flipVert=False, image='ANT_images/image1.png', interpolate=True, mask=None, maskParams=None, name='image', opacity=1.0, ori=0.0, pos=array([ 0. , -0.1]), size=array([0.5 , 0.12]), texRes=128, units='height', win=Window(...))
12.5126 	EXP 	Created instr_2 = TextStim(__class__=<class 'psychopy.visual.text.TextStim'>, alignHoriz=method-wrapper(...), alignText='center', alignVert=method-wrapper(...), anchorHoriz='center', anchorVert='center', antialias=True, autoLog=True, bold=False, color='black', colorSpace='named', contrast=1.0, depth=0.0, flipHoriz=False, flipVert=False, font='Arial', fontFiles=[], height=0.03, italic=False, languageStyle='LTR', name='instr_2', opacity=1.0, ori=0, pos=array([0., 0.]), rgb=array([0., 0., 0.]), text=str(...), units='height', win=Window(...), wrapWidth=1)
12.5411 	EXP 	Created image_2_1 = ImageStim(__class__=<class 'psychopy.visual.image.ImageStim'>, autoLog=True, color=array([1., 1., 1.]), colorSpace='rgb', contrast=1.0, depth=-2.0, flipHoriz=False, flipVert=False, image='ANT_images/image2.1.png', interpolate=True, mask=None, maskParams=None, name='image_2_1', opacity=1.0, ori=0.0, pos=array([0.  , 0.14]), size=array([0.5 , 0.12]), texRes=128, units='height', win=Window(...))
12.5685 	EXP 	Created image_2_2 = ImageStim(__class__=<class 'psychopy.visual.image.ImageStim'>, autoLog=True, color=array([1., 1., 1.]), colorSpace='rgb', contrast=1.0, depth=-3.0, flipHoriz=False, flipVert=False, image='ANT_images/image2.2.png', interpolate=True, mask=None, maskParams=None, name='image_2_2', opacity=1.0, ori=0.0, pos=array([ 0. , -0.1]), size=array([0.5 , 0.12]), texRes=128, units='height', win=Window(...))
12.5869 	EXP 	Created text = TextStim(__class__=<class 'psychopy.visual.text.TextStim'>, alignHoriz=method-wrapper(...), alignText='center', alignVert=method-wrapper(...), anchorHoriz='center', anchorVert='center', antialias=True, autoLog=True, bold=False, color='black', colorSpace='named', contrast=1.0, depth=0.0, flipHoriz=False, flipVert=False, font='Arial', fontFiles=[], height=0.03, italic=False, languageStyle='LTR', name='text', opacity=1.0, ori=0, pos=array([0. , 0.3]), rgb=array([0., 0., 0.]), text=str(...), units='height', win=Window(...), wrapWidth=1)
12.6266 	EXP 	Created image_3 = ImageStim(__class__=<class 'psychopy.visual.image.ImageStim'>, autoLog=True, color=array([1., 1., 1.]), colorSpace='rgb', contrast=1.0, depth=-2.0, flipHoriz=False, flipVert=False, image='ANT_images/image3.png', interpolate=True, mask=None, maskParams=None, name='image_3', opacity=1.0, ori=0.0, pos=array([ 0.  , -0.07]), size=array([0.7, 0.3]), texRes=128, units='height', win=Window(...))
12.6663 	EXP 	Created instr_4 = TextStim(__class__=<class 'psychopy.visual.text.TextStim'>, alignHoriz=method-wrapper(...), alignText='center', alignVert=method-wrapper(...), anchorHoriz='center', anchorVert='center', antialias=True, autoLog=True, bold=False, color='black', colorSpace='named', contrast=1.0, depth=0.0, flipHoriz=False, flipVert=False, font='Arial', fontFiles=[], height=0.03, italic=False, languageStyle='LTR', name='instr_4', opacity=1.0, ori=0, pos=array([0., 0.]), rgb=array([0., 0., 0.]), text=str(...), units='height', win=Window(...), wrapWidth=1)
12.7198 	EXP 	Created image_4 = ImageStim(__class__=<class 'psychopy.visual.image.ImageStim'>, autoLog=True, color=array([1., 1., 1.]), colorSpace='rgb', contrast=1.0, depth=-2.0, flipHoriz=False, flipVert=False, image='ANT_images/image4.png', interpolate=True, mask=None, maskParams=None, name='image_4', opacity=1.0, ori=0.0, pos=array([0. , 0.1]), size=array([0.6 , 0.15]), texRes=128, units='height', win=Window(...))
12.7385 	EXP 	Created pract_instr = TextStim(__class__=<class 'psychopy.visual.text.TextStim'>, alignHoriz=method-wrapper(...), alignText='center', alignVert=method-wrapper(...), anchorHoriz='center', anchorVert='center', antialias=True, autoLog=True, bold=False, color='black', colorSpace='named', contrast=1.0, depth=-1.0, flipHoriz=False, flipVert=False, font='Arial', fontFiles=[], height=0.03, italic=False, languageStyle='LTR', name='pract_instr', opacity=1.0, ori=0, pos=array([0., 0.]), rgb=array([0., 0., 0.]), text=str(...), units='height', win=Window(...), wrapWidth=1)
12.7414 	EXP 	Created fix_1 = ImageStim(__class__=<class 'psychopy.visual.image.ImageStim'>, autoLog=True, color=array([1., 1., 1.]), colorSpace='rgb', contrast=1.0, depth=0.0, flipHoriz=False, flipVert=False, image='sin', interpolate=True, mask=None, maskParams=None, name='fix_1', opacity=1.0, ori=0.0, pos=array([0., 0.]), size=array([1., 1.]), texRes=128, units='height', win=Window(...))
12.7442 	EXP 	Created pract_warning = ImageStim(__class__=<class 'psychopy.visual.image.ImageStim'>, autoLog=True, color=array([1., 1., 1.]), colorSpace='rgb', contrast=1.0, depth=-1.0, flipHoriz=False, flipVert=False, image='sin', interpolate=True, mask=None, maskParams=None, name='pract_warning', opacity=1.0, ori=0.0, pos=array([0., 0.]), size=array([1., 1.]), texRes=128, units='height', win=Window(...))
12.7470 	EXP 	Created fix_2 = ImageStim(__class__=<class 'psychopy.visual.image.ImageStim'>, autoLog=True, color=array([1., 1., 1.]), colorSpace='rgb', contrast=1.0, depth=-2.0, flipHoriz=False, flipVert=False, image='sin', interpolate=True, mask=None, maskParams=None, name='fix_2', opacity=1.0, ori=0.0, pos=array([0., 0.]), size=array([1., 1.]), texRes=128, units='height', win=Window(...))
12.7495 	EXP 	Created pract_target = ImageStim(__class__=<class 'psychopy.visual.image.ImageStim'>, autoLog=True, color=array([1., 1., 1.]), colorSpace='rgb', contrast=1.0, depth=-3.0, flipHoriz=False, flipVert=False, image='sin', interpolate=True, mask=None, maskParams=None, name='pract_target', opacity=1.0, ori=0.0, pos=array([0., 0.]), size=array([0.7, 0.3]), texRes=128, units='height', win=Window(...))
12.7937 	EXP 	Created text_3 = TextStim(__class__=<class 'psychopy.visual.text.TextStim'>, alignHoriz=method-wrapper(...), alignText='center', alignVert=method-wrapper(...), anchorHoriz='center', anchorVert='center', antialias=True, autoLog=True, bold=False, color='white', colorSpace='named', contrast=1.0, depth=-1.0, flipHoriz=False, flipVert=False, font='Arial', fontFiles=[], height=0.1, italic=False, languageStyle='LTR', name='text_3', opacity=1.0, ori=0, pos=array([0., 0.]), rgb=array([255., 255., 255.]), text='default text', units='height', win=Window(...), wrapWidth=1)
12.8246 	EXP 	Created practice_res = TextStim(__class__=<class 'psychopy.visual.text.TextStim'>, alignHoriz=method-wrapper(...), alignText='center', alignVert=method-wrapper(...), anchorHoriz='center', anchorVert='center', antialias=True, autoLog=True, bold=False, color='black', colorSpace='named', contrast=1.0, depth=0.0, flipHoriz=False, flipVert=False, font='Arial', fontFiles=[], height=0.03, italic=False, languageStyle='LTR', name='practice_res', opacity=1.0, ori=0, pos=array([0., 0.]), rgb=array([0., 0., 0.]), text=str(...), units='height', win=Window(...), wrapWidth=1)
12.8295 	EXP 	Created practice_accuracy = TextStim(__class__=<class 'psychopy.visual.text.TextStim'>, alignHoriz=method-wrapper(...), alignText='center', alignVert=method-wrapper(...), anchorHoriz='center', anchorVert='center', antialias=True, autoLog=True, bold=False, color='black', colorSpace='named', contrast=1.0, depth=-2.0, flipHoriz=False, flipVert=False, font='Arial', fontFiles=[], height=0.03, italic=False, languageStyle='LTR', name='practice_accuracy', opacity=1.0, ori=0, pos=array([0., 0.]), rgb=array([0., 0., 0.]), text='default text', units='height', win=Window(...), wrapWidth=1)
12.8345 	EXP 	Created response_time = TextStim(__class__=<class 'psychopy.visual.text.TextStim'>, alignHoriz=method-wrapper(...), alignText='center', alignVert=method-wrapper(...), anchorHoriz='center', anchorVert='center', antialias=True, autoLog=True, bold=False, color='black', colorSpace='named', contrast=1.0, depth=-3.0, flipHoriz=False, flipVert=False, font='Arial', fontFiles=[], height=0.03, italic=False, languageStyle='LTR', name='response_time', opacity=1.0, ori=0, pos=array([0.  , 0.04]), rgb=array([0., 0., 0.]), text='default text', units='height', win=Window(...), wrapWidth=1)
12.8376 	EXP 	Created fixation_1 = ImageStim(__class__=<class 'psychopy.visual.image.ImageStim'>, autoLog=True, color=array([1., 1., 1.]), colorSpace='rgb', contrast=1.0, depth=0.0, flipHoriz=False, flipVert=False, image='sin', interpolate=True, mask=None, maskParams=None, name='fixation_1', opacity=1.0, ori=0.0, pos=array([0., 0.]), size=array([1., 1.]), texRes=128, units='height', win=Window(...))
12.8409 	EXP 	Created warning = ImageStim(__class__=<class 'psychopy.visual.image.ImageStim'>, autoLog=True, color=array([1., 1., 1.]), colorSpace='rgb', contrast=1.0, depth=-1.0, flipHoriz=False, flipVert=False, image='sin', interpolate=True, mask=None, maskParams=None, name='warning', opacity=1.0, ori=0.0, pos=array([0., 0.]), size=array([1., 1.]), texRes=128, units='height', win=Window(...))
12.9723 	EXP 	Created fixation_2 = ImageStim(__class__=<class 'psychopy.visual.image.ImageStim'>, autoLog=True, color=array([1., 1., 1.]), colorSpace='rgb', contrast=1.0, depth=-2.0, flipHoriz=False, flipVert=False, image='ANT_images/fixation.png', interpolate=True, mask=None, maskParams=None, name='fixation_2', opacity=1.0, ori=0.0, pos=array([0., 0.]), size=array([1., 1.]), texRes=128, units='height', win=Window(...))
12.9749 	EXP 	Created target = ImageStim(__class__=<class 'psychopy.visual.image.ImageStim'>, autoLog=True, color=array([1., 1., 1.]), colorSpace='rgb', contrast=1.0, depth=-3.0, flipHoriz=False, flipVert=False, image='sin', interpolate=True, mask=None, maskParams=None, name='target', opacity=1.0, ori=0.0, pos=array([0., 0.]), size=array([0.7, 0.3]), texRes=128, units='height', win=Window(...))
13.1614 	EXP 	Created post_fixation = ImageStim(__class__=<class 'psychopy.visual.image.ImageStim'>, autoLog=True, color=array([1., 1., 1.]), colorSpace='rgb', contrast=1.0, depth=-4.0, flipHoriz=False, flipVert=False, image='ANT_images/fixation.png', interpolate=True, mask=None, maskParams=None, name='post_fixation', opacity=1.0, ori=0.0, pos=array([0., 0.]), size=array([1., 1.]), texRes=128, units='height', win=Window(...))
13.2390 	EXP 	Created break_message = TextStim(__class__=<class 'psychopy.visual.text.TextStim'>, alignHoriz=method-wrapper(...), alignText='center', alignVert=method-wrapper(...), anchorHoriz='center', anchorVert='center', antialias=True, autoLog=True, bold=False, color='black', colorSpace='named', contrast=1.0, depth=0.0, flipHoriz=False, flipVert=False, font='Arial', fontFiles=[], height=0.05, italic=False, languageStyle='LTR', name='break_message', opacity=1.0, ori=0, pos=array([0., 0.]), rgb=array([0., 0., 0.]), text=str(...), units='height', win=Window(...), wrapWidth=1)
13.2419 	EXP 	Created fixation_1 = ImageStim(__class__=<class 'psychopy.visual.image.ImageStim'>, autoLog=True, color=array([1., 1., 1.]), colorSpace='rgb', contrast=1.0, depth=0.0, flipHoriz=False, flipVert=False, image='sin', interpolate=True, mask=None, maskParams=None, name='fixation_1', opacity=1.0, ori=0.0, pos=array([0., 0.]), size=array([1., 1.]), texRes=128, units='height', win=Window(...))
13.2445 	EXP 	Created warning = ImageStim(__class__=<class 'psychopy.visual.image.ImageStim'>, autoLog=True, color=array([1., 1., 1.]), colorSpace='rgb', contrast=1.0, depth=-1.0, flipHoriz=False, flipVert=False, image='sin', interpolate=True, mask=None, maskParams=None, name='warning', opacity=1.0, ori=0.0, pos=array([0., 0.]), size=array([1., 1.]), texRes=128, units='height', win=Window(...))
13.3737 	EXP 	Created fixation_2 = ImageStim(__class__=<class 'psychopy.visual.image.ImageStim'>, autoLog=True, color=array([1., 1., 1.]), colorSpace='rgb', contrast=1.0, depth=-2.0, flipHoriz=False, flipVert=False, image='ANT_images/fixation.png', interpolate=True, mask=None, maskParams=None, name='fixation_2', opacity=1.0, ori=0.0, pos=array([0., 0.]), size=array([1., 1.]), texRes=128, units='height', win=Window(...))
13.3765 	EXP 	Created target = ImageStim(__class__=<class 'psychopy.visual.image.ImageStim'>, autoLog=True, color=array([1., 1., 1.]), colorSpace='rgb', contrast=1.0, depth=-3.0, flipHoriz=False, flipVert=False, image='sin', interpolate=True, mask=None, maskParams=None, name='target', opacity=1.0, ori=0.0, pos=array([0., 0.]), size=array([0.7, 0.3]), texRes=128, units='height', win=Window(...))
13.5006 	EXP 	Created post_fixation = ImageStim(__class__=<class 'psychopy.visual.image.ImageStim'>, autoLog=True, color=array([1., 1., 1.]), colorSpace='rgb', contrast=1.0, depth=-4.0, flipHoriz=False, flipVert=False, image='ANT_images/fixation.png', interpolate=True, mask=None, maskParams=None, name='post_fixation', opacity=1.0, ori=0.0, pos=array([0., 0.]), size=array([1., 1.]), texRes=128, units='height', win=Window(...))
13.5164 	EXP 	Created text_2 = TextStim(__class__=<class 'psychopy.visual.text.TextStim'>, alignHoriz=method-wrapper(...), alignText='center', alignVert=method-wrapper(...), anchorHoriz='center', anchorVert='center', antialias=True, autoLog=True, bold=False, color='black', colorSpace='named', contrast=1.0, depth=0.0, flipHoriz=False, flipVert=False, font='Arial', fontFiles=[], height=0.05, italic=False, languageStyle='LTR', name='text_2', opacity=1.0, ori=0, pos=array([0., 0.]), rgb=array([0., 0., 0.]), text=str(...), units='height', win=Window(...), wrapWidth=1)
13.5732 	EXP 	instr_1: autoDraw = True
13.5732 	EXP 	image: autoDraw = True
13.9787 	DATA 	Keypress: space
14.0300 	EXP 	instr_1: autoDraw = False
14.0300 	EXP 	image: autoDraw = False
14.0300 	EXP 	instr_2: autoDraw = True
14.0300 	EXP 	image_2_1: autoDraw = True
14.0300 	EXP 	image_2_2: autoDraw = True
14.2273 	DATA 	Keypress: space
14.2925 	EXP 	instr_2: autoDraw = False
14.2925 	EXP 	image_2_1: autoDraw = False
14.2925 	EXP 	image_2_2: autoDraw = False
14.2925 	EXP 	text: autoDraw = True
14.2925 	EXP 	image_3: autoDraw = True
14.4466 	DATA 	Keypress: space
14.5044 	EXP 	text: autoDraw = False
14.5044 	EXP 	image_3: autoDraw = False
14.5044 	EXP 	instr_4: autoDraw = True
14.5044 	EXP 	image_4: autoDraw = True
14.7775 	DATA 	Keypress: space
14.7998 	EXP 	instr_4: autoDraw = False
14.7998 	EXP 	image_4: autoDraw = False
14.7998 	EXP 	pract_instr: autoDraw = True
14.9934 	DATA 	Keypress: space
15.0858 	EXP 	Imported ANT_practice.xlsx as conditions, 24 conditions, 7 params
15.0869 	EXP 	Created sequence: random, trialTypes=24, nReps=1, seed=None
15.0882 	EXP 	New trial (rep=0, index=0): OrderedDict([('cue_file', 'ANT_images/none.png'), ('flanker', 'ANT_images/cong_r.png'), ('pos', 0.25), ('correct', 'i'), ('fix1', 0.1), ('cue_time', 0.0), ('stimStart', 0.5)])
15.3298 	DATA 	Keypress: space
15.4449 	EXP 	pract_instr: autoDraw = False
15.4449 	EXP 	fix_1: image = 'ANT_images/fixation.png'
15.4449 	EXP 	pract_warning: image = 'ANT_images/none.png'
15.4449 	EXP 	fix_2: image = 'ANT_images/fixation.png'
15.4449 	EXP 	pract_target: pos = array([0.  , 0.25])
15.4449 	EXP 	pract_target: image = 'ANT_images/cong_r.png'
15.4449 	EXP 	fix_1: autoDraw = True
15.4460 	DATA 	Keypress: space
15.5708 	EXP 	pract_warning: autoDraw = True
15.5708 	EXP 	pract_warning: autoDraw = False
15.5708 	EXP 	fix_2: autoDraw = True
15.5791 	EXP 	fix_1: autoDraw = False
15.7791 	DATA 	Keypress: space
16.0034 	EXP 	fix_2: autoDraw = False
16.0034 	EXP 	pract_target: autoDraw = True
16.5103 	DATA 	Keypress: i
16.5658 	EXP 	fix_1: autoDraw = False
16.5658 	EXP 	pract_warning: autoDraw = False
16.5658 	EXP 	fix_2: autoDraw = False
16.5658 	EXP 	pract_target: autoDraw = False
16.5658 	EXP 	text_3: color = 'black (named)'
16.5658 	EXP 	text_3: text = 'Correct'
16.5658 	EXP 	text_3: autoDraw = True
16.9274 	EXP 	New trial (rep=0, index=1): OrderedDict([('cue_file', 'ANT_images/center.png'), ('flanker', 'ANT_images/neu_r.png'), ('pos', 0.25), ('correct', 'i'), ('fix1', 1.0), ('cue_time', 0.1), ('stimStart', 1.5)])
17.1588 	EXP 	text_3: autoDraw = False
17.1588 	EXP 	fix_1: image = 'ANT_images/fixation.png'
17.1588 	EXP 	pract_warning: image = 'ANT_images/center.png'
17.1588 	EXP 	fix_2: image = 'ANT_images/fixation.png'
17.1588 	EXP 	pract_target: pos = array([0.  , 0.25])
17.1588 	EXP 	pract_target: image = 'ANT_images/neu_r.png'
17.1588 	EXP 	fix_1: autoDraw = True
18.2510 	EXP 	pract_warning: autoDraw = True
18.2585 	EXP 	fix_1: autoDraw = False
18.3620 	EXP 	pract_warning: autoDraw = False
18.3620 	EXP 	fix_2: autoDraw = True
18.7592 	EXP 	fix_2: autoDraw = False
18.7592 	EXP 	pract_target: autoDraw = True
19.2101 	DATA 	Keypress: i
19.2252 	EXP 	fix_1: autoDraw = False
19.2252 	EXP 	pract_warning: autoDraw = False
19.2252 	EXP 	fix_2: autoDraw = False
19.2252 	EXP 	pract_target: autoDraw = False
19.2252 	EXP 	text_3: color = 'black (named)'
19.2252 	EXP 	text_3: text = 'Correct'
19.2252 	EXP 	text_3: autoDraw = True
19.6106 	EXP 	New trial (rep=0, index=2): OrderedDict([('cue_file', 'ANT_images/none.png'), ('flanker', 'ANT_images/cong_l.png'), ('pos', 0.25), ('correct', 'e'), ('fix1', 0.1), ('cue_time', 0.0), ('stimStart', 0.5)])
19.8194 	EXP 	text_3: autoDraw = False
19.8194 	EXP 	text_3: autoDraw = False
19.8194 	EXP 	fix_1: image = 'ANT_images/fixation.png'
19.8194 	EXP 	pract_warning: image = 'ANT_images/none.png'
19.8194 	EXP 	fix_2: image = 'ANT_images/fixation.png'
19.8194 	EXP 	pract_target: pos = array([0.  , 0.25])
19.8194 	EXP 	pract_target: image = 'ANT_images/cong_l.png'
19.8194 	EXP 	fix_1: autoDraw = True
19.8982 	EXP 	pract_warning: autoDraw = True
19.8982 	EXP 	pract_warning: autoDraw = False
19.8982 	EXP 	fix_2: autoDraw = True
19.9280 	EXP 	fix_1: autoDraw = False
20.3093 	EXP 	fix_2: autoDraw = False
20.3093 	EXP 	pract_target: autoDraw = True
22.0479 	EXP 	pract_target: autoDraw = False
22.0479 	EXP 	fix_1: autoDraw = False
22.0479 	EXP 	pract_warning: autoDraw = False
22.0479 	EXP 	fix_2: autoDraw = False
22.0479 	EXP 	pract_target: autoDraw = False
22.0479 	EXP 	text_3: color = 'black (named)'
22.0479 	EXP 	text_3: text = 'No response'
22.0479 	EXP 	text_3: autoDraw = True
22.4105 	EXP 	New trial (rep=0, index=3): OrderedDict([('cue_file', 'ANT_images/center.png'), ('flanker', 'ANT_images/neu_l.png'), ('pos', 0.25), ('correct', 'e'), ('fix1', 1.1), ('cue_time', 0.1), ('stimStart', 1.6)])
22.6191 	EXP 	text_3: autoDraw = False
22.6191 	EXP 	fix_1: image = 'ANT_images/fixation.png'
22.6191 	EXP 	pract_warning: image = 'ANT_images/center.png'
22.6191 	EXP 	fix_2: image = 'ANT_images/fixation.png'
22.6191 	EXP 	pract_target: pos = array([0.  , 0.25])
22.6191 	EXP 	pract_target: image = 'ANT_images/neu_l.png'
22.6191 	EXP 	fix_1: autoDraw = True
23.6984 	EXP 	pract_warning: autoDraw = True
23.7281 	EXP 	fix_1: autoDraw = False
23.8119 	EXP 	pract_warning: autoDraw = False
23.8119 	EXP 	fix_2: autoDraw = True
24.2093 	EXP 	fix_2: autoDraw = False
24.2093 	EXP 	pract_target: autoDraw = True
24.6927 	DATA 	Keypress: e
24.7084 	EXP 	fix_1: autoDraw = False
24.7084 	EXP 	pract_warning: autoDraw = False
24.7084 	EXP 	fix_2: autoDraw = False
24.7084 	EXP 	pract_target: autoDraw = False
24.7084 	EXP 	text_3: color = 'black (named)'
24.7084 	EXP 	text_3: text = 'Correct'
24.7084 	EXP 	text_3: autoDraw = True
25.0927 	EXP 	New trial (rep=0, index=4): OrderedDict([('cue_file', 'ANT_images/center.png'), ('flanker', 'ANT_images/cong_r.png'), ('pos', 0.25), ('correct', 'i'), ('fix1', 1.4), ('cue_time', 0.1), ('stimStart', 1.9)])
25.2557 	EXP 	text_3: autoDraw = False
25.2557 	EXP 	text_3: autoDraw = False
25.2557 	EXP 	fix_1: image = 'ANT_images/fixation.png'
25.2557 	EXP 	pract_warning: image = 'ANT_images/center.png'
25.2557 	EXP 	fix_2: image = 'ANT_images/fixation.png'
25.2557 	EXP 	pract_target: pos = array([0.  , 0.25])
25.2557 	EXP 	pract_target: image = 'ANT_images/cong_r.png'
25.2557 	EXP 	fix_1: autoDraw = True
26.6483 	EXP 	pract_warning: autoDraw = True
26.6614 	EXP 	fix_1: autoDraw = False
26.7619 	EXP 	pract_warning: autoDraw = False
26.7619 	EXP 	fix_2: autoDraw = True
27.1592 	EXP 	fix_2: autoDraw = False
27.1592 	EXP 	pract_target: autoDraw = True
27.5267 	DATA 	Keypress: i
27.5417 	EXP 	fix_1: autoDraw = False
27.5417 	EXP 	pract_warning: autoDraw = False
27.5417 	EXP 	fix_2: autoDraw = False
27.5417 	EXP 	pract_target: autoDraw = False
27.5417 	EXP 	text_3: color = 'black (named)'
27.5417 	EXP 	text_3: text = 'Correct'
27.5417 	EXP 	text_3: autoDraw = True
27.9271 	EXP 	New trial (rep=0, index=5): OrderedDict([('cue_file', 'ANT_images/down.png'), ('flanker', 'ANT_images/incong_l.png'), ('pos', -0.25), ('correct', 'e'), ('fix1', 1.3), ('cue_time', 0.1), ('stimStart', 1.8000000000000003)])
28.1268 	EXP 	text_3: autoDraw = False
28.1268 	EXP 	text_3: autoDraw = False
28.1268 	EXP 	fix_1: image = 'ANT_images/fixation.png'
28.1268 	EXP 	pract_warning: image = 'ANT_images/down.png'
28.1268 	EXP 	fix_2: image = 'ANT_images/fixation.png'
28.1268 	EXP 	pract_target: pos = array([ 0.  , -0.25])
28.1268 	EXP 	pract_target: image = 'ANT_images/incong_l.png'
28.1268 	EXP 	fix_1: autoDraw = True
29.4148 	EXP 	pract_warning: autoDraw = True
29.4280 	EXP 	fix_1: autoDraw = False
29.5285 	EXP 	pract_warning: autoDraw = False
29.5285 	EXP 	fix_2: autoDraw = True
29.9258 	EXP 	fix_2: autoDraw = False
29.9258 	EXP 	pract_target: autoDraw = True
30.3599 	DATA 	Keypress: i
30.3958 	EXP 	fix_1: autoDraw = False
30.3958 	EXP 	pract_warning: autoDraw = False
30.3958 	EXP 	fix_2: autoDraw = False
30.3958 	EXP 	pract_target: autoDraw = False
30.3958 	EXP 	text_3: color = 'black (named)'
30.3958 	EXP 	text_3: text = 'Incorrect'
30.3958 	EXP 	text_3: autoDraw = True
30.7769 	EXP 	New trial (rep=0, index=6): OrderedDict([('cue_file', 'ANT_images/double.png'), ('flanker', 'ANT_images/incong_r.png'), ('pos', -0.25), ('correct', 'i'), ('fix1', 1.6), ('cue_time', 0.1), ('stimStart', 2.1)])
30.9781 	EXP 	text_3: autoDraw = False
30.9781 	EXP 	fix_1: image = 'ANT_images/fixation.png'
30.9781 	EXP 	pract_warning: image = 'ANT_images/double.png'
30.9781 	EXP 	fix_2: image = 'ANT_images/fixation.png'
30.9781 	EXP 	pract_target: pos = array([ 0.  , -0.25])
30.9781 	EXP 	pract_target: image = 'ANT_images/incong_r.png'
30.9781 	EXP 	fix_1: autoDraw = True
32.5648 	EXP 	pract_warning: autoDraw = True
32.5779 	EXP 	fix_1: autoDraw = False
32.6785 	EXP 	pract_warning: autoDraw = False
32.6785 	EXP 	fix_2: autoDraw = True
33.0757 	EXP 	fix_2: autoDraw = False
33.0757 	EXP 	pract_target: autoDraw = True
33.7101 	DATA 	Keypress: i
33.7349 	EXP 	fix_1: autoDraw = False
33.7349 	EXP 	pract_warning: autoDraw = False
33.7349 	EXP 	fix_2: autoDraw = False
33.7349 	EXP 	pract_target: autoDraw = False
33.7349 	EXP 	text_3: color = 'black (named)'
33.7349 	EXP 	text_3: text = 'Correct'
33.7349 	EXP 	text_3: autoDraw = True
34.1269 	EXP 	New trial (rep=0, index=7): OrderedDict([('cue_file', 'ANT_images/double.png'), ('flanker', 'ANT_images/cong_r.png'), ('pos', 0.25), ('correct', 'i'), ('fix1', 1.3), ('cue_time', 0.1), ('stimStart', 1.8000000000000003)])
34.3248 	EXP 	text_3: autoDraw = False
34.3248 	EXP 	fix_1: image = 'ANT_images/fixation.png'
34.3248 	EXP 	pract_warning: image = 'ANT_images/double.png'
34.3248 	EXP 	fix_2: image = 'ANT_images/fixation.png'
34.3248 	EXP 	pract_target: pos = array([0.  , 0.25])
34.3248 	EXP 	pract_target: image = 'ANT_images/cong_r.png'
34.3248 	EXP 	fix_1: autoDraw = True
35.6147 	EXP 	pract_warning: autoDraw = True
35.6280 	EXP 	fix_1: autoDraw = False
35.7285 	EXP 	pract_warning: autoDraw = False
35.7285 	EXP 	fix_2: autoDraw = True
36.1257 	EXP 	fix_2: autoDraw = False
36.1257 	EXP 	pract_target: autoDraw = True
36.6599 	DATA 	Keypress: i
36.6751 	EXP 	fix_1: autoDraw = False
36.6751 	EXP 	pract_warning: autoDraw = False
36.6751 	EXP 	fix_2: autoDraw = False
36.6751 	EXP 	pract_target: autoDraw = False
36.6751 	EXP 	text_3: color = 'black (named)'
36.6751 	EXP 	text_3: text = 'Correct'
36.6751 	EXP 	text_3: autoDraw = True
37.0605 	EXP 	New trial (rep=0, index=8): OrderedDict([('cue_file', 'ANT_images/double.png'), ('flanker', 'ANT_images/neu_r.png'), ('pos', -0.25), ('correct', 'i'), ('fix1', 0.7), ('cue_time', 0.1), ('stimStart', 1.2)])
37.2654 	EXP 	text_3: autoDraw = False
37.2654 	EXP 	text_3: autoDraw = False
37.2654 	EXP 	fix_1: image = 'ANT_images/fixation.png'
37.2654 	EXP 	pract_warning: image = 'ANT_images/double.png'
37.2654 	EXP 	fix_2: image = 'ANT_images/fixation.png'
37.2654 	EXP 	pract_target: pos = array([ 0.  , -0.25])
37.2654 	EXP 	pract_target: image = 'ANT_images/neu_r.png'
37.2654 	EXP 	fix_1: autoDraw = True
37.9647 	EXP 	pract_warning: autoDraw = True
37.9780 	EXP 	fix_1: autoDraw = False
38.0784 	EXP 	pract_warning: autoDraw = False
38.0784 	EXP 	fix_2: autoDraw = True
38.4756 	EXP 	fix_2: autoDraw = False
38.4756 	EXP 	pract_target: autoDraw = True
39.1765 	DATA 	Keypress: i
39.1916 	EXP 	fix_1: autoDraw = False
39.1916 	EXP 	pract_warning: autoDraw = False
39.1916 	EXP 	fix_2: autoDraw = False
39.1916 	EXP 	pract_target: autoDraw = False
39.1916 	EXP 	text_3: color = 'black (named)'
39.1916 	EXP 	text_3: text = 'Correct'
39.1916 	EXP 	text_3: autoDraw = True
39.5771 	EXP 	New trial (rep=0, index=9): OrderedDict([('cue_file', 'ANT_images/none.png'), ('flanker', 'ANT_images/cong_r.png'), ('pos', -0.25), ('correct', 'i'), ('fix1', 0.1), ('cue_time', 0.0), ('stimStart', 0.5)])
39.7724 	EXP 	text_3: autoDraw = False
39.7724 	EXP 	text_3: autoDraw = False
39.7724 	EXP 	fix_1: image = 'ANT_images/fixation.png'
39.7724 	EXP 	pract_warning: image = 'ANT_images/none.png'
39.7724 	EXP 	fix_2: image = 'ANT_images/fixation.png'
39.7724 	EXP 	pract_target: pos = array([ 0.  , -0.25])
39.7724 	EXP 	pract_target: image = 'ANT_images/cong_r.png'
39.7724 	EXP 	fix_1: autoDraw = True
39.8648 	EXP 	pract_warning: autoDraw = True
39.8648 	EXP 	pract_warning: autoDraw = False
39.8648 	EXP 	fix_2: autoDraw = True
39.8778 	EXP 	fix_1: autoDraw = False
40.2753 	EXP 	fix_2: autoDraw = False
40.2753 	EXP 	pract_target: autoDraw = True
40.8591 	DATA 	Keypress: i
40.8746 	EXP 	fix_1: autoDraw = False
40.8746 	EXP 	pract_warning: autoDraw = False
40.8746 	EXP 	fix_2: autoDraw = False
40.8746 	EXP 	pract_target: autoDraw = False
40.8746 	EXP 	text_3: color = 'black (named)'
40.8746 	EXP 	text_3: text = 'Correct'
40.8746 	EXP 	text_3: autoDraw = True
41.2592 	EXP 	New trial (rep=0, index=10): OrderedDict([('cue_file', 'ANT_images/none.png'), ('flanker', 'ANT_images/neu_r.png'), ('pos', 0.25), ('correct', 'i'), ('fix1', 0.1), ('cue_time', 0.0), ('stimStart', 0.5)])
41.4418 	EXP 	text_3: autoDraw = False
41.4418 	EXP 	text_3: autoDraw = False
41.4418 	EXP 	fix_1: image = 'ANT_images/fixation.png'
41.4418 	EXP 	pract_warning: image = 'ANT_images/none.png'
41.4418 	EXP 	fix_2: image = 'ANT_images/fixation.png'
41.4418 	EXP 	pract_target: pos = array([0.  , 0.25])
41.4418 	EXP 	pract_target: image = 'ANT_images/neu_r.png'
41.4418 	EXP 	fix_1: autoDraw = True
41.5310 	EXP 	pract_warning: autoDraw = True
41.5310 	EXP 	pract_warning: autoDraw = False
41.5310 	EXP 	fix_2: autoDraw = True
41.5442 	EXP 	fix_1: autoDraw = False
41.9424 	EXP 	fix_2: autoDraw = False
41.9424 	EXP 	pract_target: autoDraw = True
42.3599 	DATA 	Keypress: e
42.3871 	EXP 	fix_1: autoDraw = False
42.3871 	EXP 	pract_warning: autoDraw = False
42.3871 	EXP 	fix_2: autoDraw = False
42.3871 	EXP 	pract_target: autoDraw = False
42.3871 	EXP 	text_3: color = 'black (named)'
42.3871 	EXP 	text_3: text = 'Incorrect'
42.3871 	EXP 	text_3: autoDraw = True
42.7767 	EXP 	New trial (rep=0, index=11): OrderedDict([('cue_file', 'ANT_images/center.png'), ('flanker', 'ANT_images/incong_l.png'), ('pos', -0.25), ('correct', 'e'), ('fix1', 1.3), ('cue_time', 0.1), ('stimStart', 1.8000000000000003)])
42.9789 	EXP 	text_3: autoDraw = False
42.9789 	EXP 	fix_1: image = 'ANT_images/fixation.png'
42.9789 	EXP 	pract_warning: image = 'ANT_images/center.png'
42.9789 	EXP 	fix_2: image = 'ANT_images/fixation.png'
42.9789 	EXP 	pract_target: pos = array([ 0.  , -0.25])
42.9789 	EXP 	pract_target: image = 'ANT_images/incong_l.png'
42.9789 	EXP 	fix_1: autoDraw = True
44.2784 	EXP 	fix_1: autoDraw = False
44.2784 	EXP 	pract_warning: autoDraw = True
44.3784 	EXP 	pract_warning: autoDraw = False
44.3784 	EXP 	fix_2: autoDraw = True
44.7757 	EXP 	fix_2: autoDraw = False
44.7757 	EXP 	pract_target: autoDraw = True
45.4599 	DATA 	Keypress: e
45.4865 	EXP 	fix_1: autoDraw = False
45.4865 	EXP 	pract_warning: autoDraw = False
45.4865 	EXP 	fix_2: autoDraw = False
45.4865 	EXP 	pract_target: autoDraw = False
45.4865 	EXP 	text_3: color = 'black (named)'
45.4865 	EXP 	text_3: text = 'Correct'
45.4865 	EXP 	text_3: autoDraw = True
45.8768 	EXP 	New trial (rep=0, index=12): OrderedDict([('cue_file', 'ANT_images/up.png'), ('flanker', 'ANT_images/cong_l.png'), ('pos', 0.25), ('correct', 'e'), ('fix1', 1.5), ('cue_time', 0.1), ('stimStart', 2.0)])
46.0789 	EXP 	text_3: autoDraw = False
46.0789 	EXP 	fix_1: image = 'ANT_images/fixation.png'
46.0789 	EXP 	pract_warning: image = 'ANT_images/up.png'
46.0789 	EXP 	fix_2: image = 'ANT_images/fixation.png'
46.0789 	EXP 	pract_target: pos = array([0.  , 0.25])
46.0789 	EXP 	pract_target: image = 'ANT_images/cong_l.png'
46.0789 	EXP 	fix_1: autoDraw = True
47.5783 	EXP 	fix_1: autoDraw = False
47.5783 	EXP 	pract_warning: autoDraw = True
47.6784 	EXP 	pract_warning: autoDraw = False
47.6784 	EXP 	fix_2: autoDraw = True
48.0755 	EXP 	fix_2: autoDraw = False
48.0755 	EXP 	pract_target: autoDraw = True
48.6430 	DATA 	Keypress: e
48.6582 	EXP 	fix_1: autoDraw = False
48.6582 	EXP 	pract_warning: autoDraw = False
48.6582 	EXP 	fix_2: autoDraw = False
48.6582 	EXP 	pract_target: autoDraw = False
48.6582 	EXP 	text_3: color = 'black (named)'
48.6582 	EXP 	text_3: text = 'Correct'
48.6582 	EXP 	text_3: autoDraw = True
49.0439 	EXP 	New trial (rep=0, index=13): OrderedDict([('cue_file', 'ANT_images/none.png'), ('flanker', 'ANT_images/cong_l.png'), ('pos', -0.25), ('correct', 'e'), ('fix1', 0.1), ('cue_time', 0.0), ('stimStart', 0.5)])
49.2464 	EXP 	text_3: autoDraw = False
49.2464 	EXP 	text_3: autoDraw = False
49.2464 	EXP 	fix_1: image = 'ANT_images/fixation.png'
49.2464 	EXP 	pract_warning: image = 'ANT_images/none.png'
49.2464 	EXP 	fix_2: image = 'ANT_images/fixation.png'
49.2464 	EXP 	pract_target: pos = array([ 0.  , -0.25])
49.2464 	EXP 	pract_target: image = 'ANT_images/cong_l.png'
49.2464 	EXP 	fix_1: autoDraw = True
49.3483 	EXP 	pract_warning: autoDraw = True
49.3483 	EXP 	pract_warning: autoDraw = False
49.3483 	EXP 	fix_2: autoDraw = True
49.3611 	EXP 	fix_1: autoDraw = False
49.7588 	EXP 	fix_2: autoDraw = False
49.7588 	EXP 	pract_target: autoDraw = True
50.3925 	DATA 	Keypress: e
50.4082 	EXP 	fix_1: autoDraw = False
50.4082 	EXP 	pract_warning: autoDraw = False
50.4082 	EXP 	fix_2: autoDraw = False
50.4082 	EXP 	pract_target: autoDraw = False
50.4082 	EXP 	text_3: color = 'black (named)'
50.4082 	EXP 	text_3: text = 'Correct'
50.4082 	EXP 	text_3: autoDraw = True
50.7935 	EXP 	New trial (rep=0, index=14): OrderedDict([('cue_file', 'ANT_images/down.png'), ('flanker', 'ANT_images/cong_l.png'), ('pos', -0.25), ('correct', 'e'), ('fix1', 1.2), ('cue_time', 0.1), ('stimStart', 1.7000000000000002)])
51.0000 	EXP 	text_3: autoDraw = False
51.0000 	EXP 	text_3: autoDraw = False
51.0000 	EXP 	fix_1: image = 'ANT_images/fixation.png'
51.0000 	EXP 	pract_warning: image = 'ANT_images/down.png'
51.0000 	EXP 	fix_2: image = 'ANT_images/fixation.png'
51.0000 	EXP 	pract_target: pos = array([ 0.  , -0.25])
51.0000 	EXP 	pract_target: image = 'ANT_images/cong_l.png'
51.0000 	EXP 	fix_1: autoDraw = True
52.1980 	EXP 	pract_warning: autoDraw = True
52.2111 	EXP 	fix_1: autoDraw = False
52.3115 	EXP 	pract_warning: autoDraw = False
52.3115 	EXP 	fix_2: autoDraw = True
52.7087 	EXP 	fix_2: autoDraw = False
52.7087 	EXP 	pract_target: autoDraw = True
53.2432 	DATA 	Keypress: e
53.2581 	EXP 	fix_1: autoDraw = False
53.2581 	EXP 	pract_warning: autoDraw = False
53.2581 	EXP 	fix_2: autoDraw = False
53.2581 	EXP 	pract_target: autoDraw = False
53.2581 	EXP 	text_3: color = 'black (named)'
53.2581 	EXP 	text_3: text = 'Correct'
53.2581 	EXP 	text_3: autoDraw = True
53.6438 	EXP 	New trial (rep=0, index=15): OrderedDict([('cue_file', 'ANT_images/double.png'), ('flanker', 'ANT_images/incong_l.png'), ('pos', -0.25), ('correct', 'e'), ('fix1', 1.5), ('cue_time', 0.1), ('stimStart', 2.0)])
53.8425 	EXP 	text_3: autoDraw = False
53.8425 	EXP 	text_3: autoDraw = False
53.8425 	EXP 	fix_1: image = 'ANT_images/fixation.png'
53.8425 	EXP 	pract_warning: image = 'ANT_images/double.png'
53.8425 	EXP 	fix_2: image = 'ANT_images/fixation.png'
53.8425 	EXP 	pract_target: pos = array([ 0.  , -0.25])
53.8425 	EXP 	pract_target: image = 'ANT_images/incong_l.png'
53.8425 	EXP 	fix_1: autoDraw = True
55.3314 	EXP 	pract_warning: autoDraw = True
55.3445 	EXP 	fix_1: autoDraw = False
55.4449 	EXP 	pract_warning: autoDraw = False
55.4449 	EXP 	fix_2: autoDraw = True
55.8422 	EXP 	fix_2: autoDraw = False
55.8422 	EXP 	pract_target: autoDraw = True
56.4430 	DATA 	Keypress: e
56.4578 	EXP 	fix_1: autoDraw = False
56.4578 	EXP 	pract_warning: autoDraw = False
56.4578 	EXP 	fix_2: autoDraw = False
56.4578 	EXP 	pract_target: autoDraw = False
56.4578 	EXP 	text_3: color = 'black (named)'
56.4578 	EXP 	text_3: text = 'Correct'
56.4578 	EXP 	text_3: autoDraw = True
56.8426 	EXP 	New trial (rep=0, index=16): OrderedDict([('cue_file', 'ANT_images/center.png'), ('flanker', 'ANT_images/neu_r.png'), ('pos', 0.25), ('correct', 'i'), ('fix1', 1.0), ('cue_time', 0.1), ('stimStart', 1.5)])
57.0266 	EXP 	text_3: autoDraw = False
57.0266 	EXP 	text_3: autoDraw = False
57.0266 	EXP 	fix_1: image = 'ANT_images/fixation.png'
57.0266 	EXP 	pract_warning: image = 'ANT_images/center.png'
57.0266 	EXP 	fix_2: image = 'ANT_images/fixation.png'
57.0266 	EXP 	pract_target: pos = array([0.  , 0.25])
57.0266 	EXP 	pract_target: image = 'ANT_images/neu_r.png'
57.0266 	EXP 	fix_1: autoDraw = True
58.0144 	EXP 	pract_warning: autoDraw = True
58.0277 	EXP 	fix_1: autoDraw = False
58.1282 	EXP 	pract_warning: autoDraw = False
58.1282 	EXP 	fix_2: autoDraw = True
58.5255 	EXP 	fix_2: autoDraw = False
58.5255 	EXP 	pract_target: autoDraw = True
58.9098 	DATA 	Keypress: i
58.9248 	EXP 	fix_1: autoDraw = False
58.9248 	EXP 	pract_warning: autoDraw = False
58.9248 	EXP 	fix_2: autoDraw = False
58.9248 	EXP 	pract_target: autoDraw = False
58.9248 	EXP 	text_3: color = 'black (named)'
58.9248 	EXP 	text_3: text = 'Correct'
58.9248 	EXP 	text_3: autoDraw = True
59.3104 	EXP 	New trial (rep=0, index=17): OrderedDict([('cue_file', 'ANT_images/up.png'), ('flanker', 'ANT_images/neu_l.png'), ('pos', 0.25), ('correct', 'e'), ('fix1', 1.4), ('cue_time', 0.1), ('stimStart', 1.9)])
59.5089 	EXP 	text_3: autoDraw = False
59.5089 	EXP 	text_3: autoDraw = False
59.5089 	EXP 	fix_1: image = 'ANT_images/fixation.png'
59.5089 	EXP 	pract_warning: image = 'ANT_images/up.png'
59.5089 	EXP 	fix_2: image = 'ANT_images/fixation.png'
59.5089 	EXP 	pract_target: pos = array([0.  , 0.25])
59.5089 	EXP 	pract_target: image = 'ANT_images/neu_l.png'
59.5089 	EXP 	fix_1: autoDraw = True
60.8981 	EXP 	pract_warning: autoDraw = True
60.9109 	EXP 	fix_1: autoDraw = False
61.0115 	EXP 	pract_warning: autoDraw = False
61.0115 	EXP 	fix_2: autoDraw = True
61.4087 	EXP 	fix_2: autoDraw = False
61.4087 	EXP 	pract_target: autoDraw = True
61.8595 	DATA 	Keypress: e
61.8747 	EXP 	fix_1: autoDraw = False
61.8747 	EXP 	pract_warning: autoDraw = False
61.8747 	EXP 	fix_2: autoDraw = False
61.8747 	EXP 	pract_target: autoDraw = False
61.8747 	EXP 	text_3: color = 'black (named)'
61.8747 	EXP 	text_3: text = 'Correct'
61.8747 	EXP 	text_3: autoDraw = True
62.2606 	EXP 	New trial (rep=0, index=18): OrderedDict([('cue_file', 'ANT_images/down.png'), ('flanker', 'ANT_images/incong_r.png'), ('pos', -0.25), ('correct', 'i'), ('fix1', 1.0), ('cue_time', 0.1), ('stimStart', 1.5)])
62.4600 	EXP 	text_3: autoDraw = False
62.4600 	EXP 	text_3: autoDraw = False
62.4600 	EXP 	fix_1: image = 'ANT_images/fixation.png'
62.4600 	EXP 	pract_warning: image = 'ANT_images/down.png'
62.4600 	EXP 	fix_2: image = 'ANT_images/fixation.png'
62.4600 	EXP 	pract_target: pos = array([ 0.  , -0.25])
62.4600 	EXP 	pract_target: image = 'ANT_images/incong_r.png'
62.4600 	EXP 	fix_1: autoDraw = True
63.4481 	EXP 	pract_warning: autoDraw = True
63.4609 	EXP 	fix_1: autoDraw = False
63.5615 	EXP 	pract_warning: autoDraw = False
63.5615 	EXP 	fix_2: autoDraw = True
63.9588 	EXP 	fix_2: autoDraw = False
63.9588 	EXP 	pract_target: autoDraw = True
64.5430 	DATA 	Keypress: i
64.5580 	EXP 	fix_1: autoDraw = False
64.5580 	EXP 	pract_warning: autoDraw = False
64.5580 	EXP 	fix_2: autoDraw = False
64.5580 	EXP 	pract_target: autoDraw = False
64.5580 	EXP 	text_3: color = 'black (named)'
64.5580 	EXP 	text_3: text = 'Correct'
64.5580 	EXP 	text_3: autoDraw = True
64.9437 	EXP 	New trial (rep=0, index=19): OrderedDict([('cue_file', 'ANT_images/center.png'), ('flanker', 'ANT_images/incong_r.png'), ('pos', 0.25), ('correct', 'i'), ('fix1', 0.4), ('cue_time', 0.1), ('stimStart', 0.9)])
65.1486 	EXP 	text_3: autoDraw = False
65.1486 	EXP 	text_3: autoDraw = False
65.1486 	EXP 	fix_1: image = 'ANT_images/fixation.png'
65.1486 	EXP 	pract_warning: image = 'ANT_images/center.png'
65.1486 	EXP 	fix_2: image = 'ANT_images/fixation.png'
65.1486 	EXP 	pract_target: pos = array([0.  , 0.25])
65.1486 	EXP 	pract_target: image = 'ANT_images/incong_r.png'
65.1486 	EXP 	fix_1: autoDraw = True
65.5478 	EXP 	pract_warning: autoDraw = True
65.5611 	EXP 	fix_1: autoDraw = False
65.6613 	EXP 	pract_warning: autoDraw = False
65.6613 	EXP 	fix_2: autoDraw = True
66.0586 	EXP 	fix_2: autoDraw = False
66.0586 	EXP 	pract_target: autoDraw = True
66.4263 	DATA 	Keypress: e
66.4517 	EXP 	fix_1: autoDraw = False
66.4517 	EXP 	pract_warning: autoDraw = False
66.4517 	EXP 	fix_2: autoDraw = False
66.4517 	EXP 	pract_target: autoDraw = False
66.4517 	EXP 	text_3: color = 'black (named)'
66.4517 	EXP 	text_3: text = 'Incorrect'
66.4517 	EXP 	text_3: autoDraw = True
66.8433 	EXP 	New trial (rep=0, index=20): OrderedDict([('cue_file', 'ANT_images/up.png'), ('flanker', 'ANT_images/incong_r.png'), ('pos', 0.25), ('correct', 'i'), ('fix1', 0.9), ('cue_time', 0.1), ('stimStart', 1.4)])
67.0408 	EXP 	text_3: autoDraw = False
67.0408 	EXP 	fix_1: image = 'ANT_images/fixation.png'
67.0408 	EXP 	pract_warning: image = 'ANT_images/up.png'
67.0408 	EXP 	fix_2: image = 'ANT_images/fixation.png'
67.0408 	EXP 	pract_target: pos = array([0.  , 0.25])
67.0408 	EXP 	pract_target: image = 'ANT_images/incong_r.png'
67.0408 	EXP 	fix_1: autoDraw = True
67.9311 	EXP 	pract_warning: autoDraw = True
67.9442 	EXP 	fix_1: autoDraw = False
68.0448 	EXP 	pract_warning: autoDraw = False
68.0448 	EXP 	fix_2: autoDraw = True
68.4441 	EXP 	fix_2: autoDraw = False
68.4441 	EXP 	pract_target: autoDraw = True
68.9651 	DATA 	Keypress: i
69.0010 	EXP 	fix_1: autoDraw = False
69.0010 	EXP 	pract_warning: autoDraw = False
69.0010 	EXP 	fix_2: autoDraw = False
69.0010 	EXP 	pract_target: autoDraw = False
69.0010 	EXP 	text_3: color = 'black (named)'
69.0010 	EXP 	text_3: text = 'Correct'
69.0010 	EXP 	text_3: autoDraw = True
69.3933 	EXP 	New trial (rep=0, index=21): OrderedDict([('cue_file', 'ANT_images/double.png'), ('flanker', 'ANT_images/neu_r.png'), ('pos', 0.25), ('correct', 'i'), ('fix1', 1.2), ('cue_time', 0.1), ('stimStart', 1.7000000000000002)])
69.5943 	EXP 	text_3: autoDraw = False
69.5943 	EXP 	fix_1: image = 'ANT_images/fixation.png'
69.5943 	EXP 	pract_warning: image = 'ANT_images/double.png'
69.5943 	EXP 	fix_2: image = 'ANT_images/fixation.png'
69.5943 	EXP 	pract_target: pos = array([0.  , 0.25])
69.5943 	EXP 	pract_target: image = 'ANT_images/neu_r.png'
69.5943 	EXP 	fix_1: autoDraw = True
70.7811 	EXP 	pract_warning: autoDraw = True
70.7943 	EXP 	fix_1: autoDraw = False
70.8948 	EXP 	pract_warning: autoDraw = False
70.8948 	EXP 	fix_2: autoDraw = True
71.2920 	EXP 	fix_2: autoDraw = False
71.2920 	EXP 	pract_target: autoDraw = True
71.7765 	DATA 	Keypress: i
71.7913 	EXP 	fix_1: autoDraw = False
71.7913 	EXP 	pract_warning: autoDraw = False
71.7913 	EXP 	fix_2: autoDraw = False
71.7913 	EXP 	pract_target: autoDraw = False
71.7913 	EXP 	text_3: color = 'black (named)'
71.7913 	EXP 	text_3: text = 'Correct'
71.7913 	EXP 	text_3: autoDraw = True
72.1768 	EXP 	New trial (rep=0, index=22): OrderedDict([('cue_file', 'ANT_images/center.png'), ('flanker', 'ANT_images/neu_l.png'), ('pos', -0.25), ('correct', 'e'), ('fix1', 0.8), ('cue_time', 0.1), ('stimStart', 1.3)])
72.4030 	EXP 	text_3: autoDraw = False
72.4030 	EXP 	text_3: autoDraw = False
72.4030 	EXP 	fix_1: image = 'ANT_images/fixation.png'
72.4030 	EXP 	pract_warning: image = 'ANT_images/center.png'
72.4030 	EXP 	fix_2: image = 'ANT_images/fixation.png'
72.4030 	EXP 	pract_target: pos = array([ 0.  , -0.25])
72.4030 	EXP 	pract_target: image = 'ANT_images/neu_l.png'
72.4030 	EXP 	fix_1: autoDraw = True
73.1973 	EXP 	pract_warning: autoDraw = True
73.2105 	EXP 	fix_1: autoDraw = False
73.3109 	EXP 	pract_warning: autoDraw = False
73.3109 	EXP 	fix_2: autoDraw = True
73.7086 	EXP 	fix_2: autoDraw = False
73.7086 	EXP 	pract_target: autoDraw = True
74.1762 	DATA 	Keypress: e
74.1911 	EXP 	fix_1: autoDraw = False
74.1911 	EXP 	pract_warning: autoDraw = False
74.1911 	EXP 	fix_2: autoDraw = False
74.1911 	EXP 	pract_target: autoDraw = False
74.1911 	EXP 	text_3: color = 'black (named)'
74.1911 	EXP 	text_3: text = 'Correct'
74.1911 	EXP 	text_3: autoDraw = True
74.5762 	EXP 	New trial (rep=0, index=23): OrderedDict([('cue_file', 'ANT_images/none.png'), ('flanker', 'ANT_images/incong_r.png'), ('pos', 0.25), ('correct', 'i'), ('fix1', 0.1), ('cue_time', 0.0), ('stimStart', 0.5)])
74.7794 	EXP 	text_3: autoDraw = False
74.7794 	EXP 	text_3: autoDraw = False
74.7794 	EXP 	fix_1: image = 'ANT_images/fixation.png'
74.7794 	EXP 	pract_warning: image = 'ANT_images/none.png'
74.7794 	EXP 	fix_2: image = 'ANT_images/fixation.png'
74.7794 	EXP 	pract_target: pos = array([0.  , 0.25])
74.7794 	EXP 	pract_target: image = 'ANT_images/incong_r.png'
74.7794 	EXP 	fix_1: autoDraw = True
74.8812 	EXP 	pract_warning: autoDraw = True
74.8812 	EXP 	pract_warning: autoDraw = False
74.8812 	EXP 	fix_2: autoDraw = True
74.8941 	EXP 	fix_1: autoDraw = False
75.2918 	EXP 	fix_2: autoDraw = False
75.2918 	EXP 	pract_target: autoDraw = True
75.7929 	DATA 	Keypress: i
75.8078 	EXP 	fix_1: autoDraw = False
75.8078 	EXP 	pract_warning: autoDraw = False
75.8078 	EXP 	fix_2: autoDraw = False
75.8078 	EXP 	pract_target: autoDraw = False
75.8078 	EXP 	text_3: color = 'black (named)'
75.8078 	EXP 	text_3: text = 'Correct'
75.8078 	EXP 	text_3: autoDraw = True
76.2574 	EXP 	text_3: autoDraw = False
76.2574 	EXP 	text_3: autoDraw = False
76.2574 	EXP 	practice_accuracy: text = 0
76.2574 	EXP 	response_time: text = 11.212587700108998
76.2574 	EXP 	practice_res: autoDraw = True
76.2574 	EXP 	practice_accuracy: autoDraw = True
76.2574 	EXP 	response_time: autoDraw = True
96.2759 	DATA 	Keypress: escape
96.6004 	EXP 	window1: mouseVisible = True
