1.8662 	WARNING 	We strongly recommend you activate the PTB sound engine in PsychoPy prefs as the preferred audio engine. Its timing is vastly superior. Your prefs are currently set to use ['sounddevice', 'PTB', 'pyo', 'pygame'] (in that order).
5.8523 	WARNING 	Import Error: No module named 'psychtoolbox'. Using event module for keyboard component.
17.5966 	WARNING 	Monitor specification not found. Creating a temporary one...
17.6140 	WARNING 	User requested fullscreen with size [1504 1003], but screen is actually [2256, 1504]. Using actual size
21.7266 	EXP 	Created window1 = Window(allowGUI=False, allowStencil=False, args=UNKNOWN, autoLog=True, bitsMode=UNKNOWN, blendMode='avg', bpc=(8, 8, 8), color=array([1., 1., 1.]), colorSpace='rgb', depthBits=8, fullscr=<method-wrapper '__getattribute__' of attributeSetter object at 0x10A25EB0>, gamma=None, gammaErrorPolicy='raise', kwargs=UNKNOWN, lms=UNKNOWN, monitor=<psychopy.monitors.calibTools.Monitor object at 0x0DCF6050>, multiSample=False, name='window1', numSamples=2, pos=[0.0, 0.0], screen=0, size=array([2256, 1504]), stencilBits=0, stereo=False, units='height', useFBO=True, useRetina=False, viewOri=0.0, viewPos=None, viewScale=None, waitBlanking=True, winType='pyglet')
21.7267 	EXP 	window1: recordFrameIntervals = False
21.8909 	EXP 	window1: recordFrameIntervals = True
22.0748 	EXP 	window1: recordFrameIntervals = False
22.5645 	EXP 	Created instr_1 = TextStim(__class__=<class 'psychopy.visual.text.TextStim'>, alignHoriz=method-wrapper(...), alignText='center', alignVert=method-wrapper(...), anchorHoriz='center', anchorVert='center', antialias=True, autoLog=True, bold=False, color='black', colorSpace='named', contrast=1.0, depth=0.0, flipHoriz=False, flipVert=False, font='Arial', fontFiles=[], height=0.03, italic=False, languageStyle='LTR', name='instr_1', opacity=1.0, ori=0, pos=array([0., 0.]), rgb=array([0., 0., 0.]), text=str(...), units='height', win=Window(...), wrapWidth=1)
22.6705 	EXP 	Created image = ImageStim(__class__=<class 'psychopy.visual.image.ImageStim'>, autoLog=True, color=array([1., 1., 1.]), colorSpace='rgb', contrast=1.0, depth=-2.0, flipHoriz=False, flipVert=False, image='ANT_images/image1.png', interpolate=True, mask=None, maskParams=None, name='image', opacity=1.0, ori=0.0, pos=array([ 0. , -0.1]), size=array([0.5 , 0.12]), texRes=128, units='height', win=Window(...))
22.7794 	EXP 	Created instr_2 = TextStim(__class__=<class 'psychopy.visual.text.TextStim'>, alignHoriz=method-wrapper(...), alignText='center', alignVert=method-wrapper(...), anchorHoriz='center', anchorVert='center', antialias=True, autoLog=True, bold=False, color='black', colorSpace='named', contrast=1.0, depth=0.0, flipHoriz=False, flipVert=False, font='Arial', fontFiles=[], height=0.03, italic=False, languageStyle='LTR', name='instr_2', opacity=1.0, ori=0, pos=array([0., 0.]), rgb=array([0., 0., 0.]), text=str(...), units='height', win=Window(...), wrapWidth=1)
22.8083 	EXP 	Created image_2_1 = ImageStim(__class__=<class 'psychopy.visual.image.ImageStim'>, autoLog=True, color=array([1., 1., 1.]), colorSpace='rgb', contrast=1.0, depth=-2.0, flipHoriz=False, flipVert=False, image='ANT_images/image2.1.png', interpolate=True, mask=None, maskParams=None, name='image_2_1', opacity=1.0, ori=0.0, pos=array([0.  , 0.14]), size=array([0.5 , 0.12]), texRes=128, units='height', win=Window(...))
22.8331 	EXP 	Created image_2_2 = ImageStim(__class__=<class 'psychopy.visual.image.ImageStim'>, autoLog=True, color=array([1., 1., 1.]), colorSpace='rgb', contrast=1.0, depth=-3.0, flipHoriz=False, flipVert=False, image='ANT_images/image2.2.png', interpolate=True, mask=None, maskParams=None, name='image_2_2', opacity=1.0, ori=0.0, pos=array([ 0. , -0.1]), size=array([0.5 , 0.12]), texRes=128, units='height', win=Window(...))
22.8505 	EXP 	Created text = TextStim(__class__=<class 'psychopy.visual.text.TextStim'>, alignHoriz=method-wrapper(...), alignText='center', alignVert=method-wrapper(...), anchorHoriz='center', anchorVert='center', antialias=True, autoLog=True, bold=False, color='black', colorSpace='named', contrast=1.0, depth=0.0, flipHoriz=False, flipVert=False, font='Arial', fontFiles=[], height=0.03, italic=False, languageStyle='LTR', name='text', opacity=1.0, ori=0, pos=array([0. , 0.3]), rgb=array([0., 0., 0.]), text=str(...), units='height', win=Window(...), wrapWidth=1)
22.9091 	EXP 	Created image_3 = ImageStim(__class__=<class 'psychopy.visual.image.ImageStim'>, autoLog=True, color=array([1., 1., 1.]), colorSpace='rgb', contrast=1.0, depth=-2.0, flipHoriz=False, flipVert=False, image='ANT_images/image3.png', interpolate=True, mask=None, maskParams=None, name='image_3', opacity=1.0, ori=0.0, pos=array([ 0.  , -0.07]), size=array([0.7, 0.3]), texRes=128, units='height', win=Window(...))
22.9435 	EXP 	Created instr_4 = TextStim(__class__=<class 'psychopy.visual.text.TextStim'>, alignHoriz=method-wrapper(...), alignText='center', alignVert=method-wrapper(...), anchorHoriz='center', anchorVert='center', antialias=True, autoLog=True, bold=False, color='black', colorSpace='named', contrast=1.0, depth=0.0, flipHoriz=False, flipVert=False, font='Arial', fontFiles=[], height=0.03, italic=False, languageStyle='LTR', name='instr_4', opacity=1.0, ori=0, pos=array([0., 0.]), rgb=array([0., 0., 0.]), text=str(...), units='height', win=Window(...), wrapWidth=1)
22.9871 	EXP 	Created image_4 = ImageStim(__class__=<class 'psychopy.visual.image.ImageStim'>, autoLog=True, color=array([1., 1., 1.]), colorSpace='rgb', contrast=1.0, depth=-2.0, flipHoriz=False, flipVert=False, image='ANT_images/image4.png', interpolate=True, mask=None, maskParams=None, name='image_4', opacity=1.0, ori=0.0, pos=array([0. , 0.1]), size=array([0.6 , 0.15]), texRes=128, units='height', win=Window(...))
23.0061 	EXP 	Created pract_instr = TextStim(__class__=<class 'psychopy.visual.text.TextStim'>, alignHoriz=method-wrapper(...), alignText='center', alignVert=method-wrapper(...), anchorHoriz='center', anchorVert='center', antialias=True, autoLog=True, bold=False, color='black', colorSpace='named', contrast=1.0, depth=0.0, flipHoriz=False, flipVert=False, font='Arial', fontFiles=[], height=0.03, italic=False, languageStyle='LTR', name='pract_instr', opacity=1.0, ori=0, pos=array([0., 0.]), rgb=array([0., 0., 0.]), text=str(...), units='height', win=Window(...), wrapWidth=1)
23.0095 	EXP 	Created fix_1 = ImageStim(__class__=<class 'psychopy.visual.image.ImageStim'>, autoLog=True, color=array([1., 1., 1.]), colorSpace='rgb', contrast=1.0, depth=0.0, flipHoriz=False, flipVert=False, image='sin', interpolate=True, mask=None, maskParams=None, name='fix_1', opacity=1.0, ori=0.0, pos=array([0., 0.]), size=array([1., 1.]), texRes=128, units='height', win=Window(...))
23.0118 	EXP 	Created pract_warning = ImageStim(__class__=<class 'psychopy.visual.image.ImageStim'>, autoLog=True, color=array([1., 1., 1.]), colorSpace='rgb', contrast=1.0, depth=-1.0, flipHoriz=False, flipVert=False, image='sin', interpolate=True, mask=None, maskParams=None, name='pract_warning', opacity=1.0, ori=0.0, pos=array([0., 0.]), size=array([1., 1.]), texRes=128, units='height', win=Window(...))
23.0144 	EXP 	Created fix_2 = ImageStim(__class__=<class 'psychopy.visual.image.ImageStim'>, autoLog=True, color=array([1., 1., 1.]), colorSpace='rgb', contrast=1.0, depth=-2.0, flipHoriz=False, flipVert=False, image='sin', interpolate=True, mask=None, maskParams=None, name='fix_2', opacity=1.0, ori=0.0, pos=array([0., 0.]), size=array([1., 1.]), texRes=128, units='height', win=Window(...))
23.0169 	EXP 	Created pract_target = ImageStim(__class__=<class 'psychopy.visual.image.ImageStim'>, autoLog=True, color=array([1., 1., 1.]), colorSpace='rgb', contrast=1.0, depth=-3.0, flipHoriz=False, flipVert=False, image='sin', interpolate=True, mask=None, maskParams=None, name='pract_target', opacity=1.0, ori=0.0, pos=array([0., 0.]), size=array([0.7, 0.3]), texRes=128, units='height', win=Window(...))
23.1421 	EXP 	Created text_3 = TextStim(__class__=<class 'psychopy.visual.text.TextStim'>, alignHoriz=method-wrapper(...), alignText='center', alignVert=method-wrapper(...), anchorHoriz='center', anchorVert='center', antialias=True, autoLog=True, bold=False, color='white', colorSpace='named', contrast=1.0, depth=-1.0, flipHoriz=False, flipVert=False, font='Arial', fontFiles=[], height=0.1, italic=False, languageStyle='LTR', name='text_3', opacity=1.0, ori=0, pos=array([0., 0.]), rgb=array([255., 255., 255.]), text='default text', units='height', win=Window(...), wrapWidth=1)
23.1621 	EXP 	Created practice_res = TextStim(__class__=<class 'psychopy.visual.text.TextStim'>, alignHoriz=method-wrapper(...), alignText='center', alignVert=method-wrapper(...), anchorHoriz='center', anchorVert='center', antialias=True, autoLog=True, bold=False, color='black', colorSpace='named', contrast=1.0, depth=0.0, flipHoriz=False, flipVert=False, font='Arial', fontFiles=[], height=0.03, italic=False, languageStyle='LTR', name='practice_res', opacity=1.0, ori=0, pos=array([0., 0.]), rgb=array([0., 0., 0.]), text=str(...), units='height', win=Window(...), wrapWidth=1)
23.1949 	EXP 	Created text_5 = TextStim(__class__=<class 'psychopy.visual.text.TextStim'>, alignHoriz=method-wrapper(...), alignText='center', alignVert=method-wrapper(...), anchorHoriz='center', anchorVert='center', antialias=True, autoLog=True, bold=False, color='black', colorSpace='named', contrast=1.0, depth=0.0, flipHoriz=False, flipVert=False, font='Arial', fontFiles=[], height=0.03, italic=False, languageStyle='LTR', name='text_5', opacity=1.0, ori=0, pos=array([0., 0.]), rgb=array([0., 0., 0.]), text=str(...), units='height', win=Window(...), wrapWidth=1)
23.1995 	EXP 	Created fixation_1 = ImageStim(__class__=<class 'psychopy.visual.image.ImageStim'>, autoLog=True, color=array([1., 1., 1.]), colorSpace='rgb', contrast=1.0, depth=0.0, flipHoriz=False, flipVert=False, image='sin', interpolate=True, mask=None, maskParams=None, name='fixation_1', opacity=1.0, ori=0.0, pos=array([0., 0.]), size=array([1., 1.]), texRes=128, units='height', win=Window(...))
23.2039 	EXP 	Created warning = ImageStim(__class__=<class 'psychopy.visual.image.ImageStim'>, autoLog=True, color=array([1., 1., 1.]), colorSpace='rgb', contrast=1.0, depth=-1.0, flipHoriz=False, flipVert=False, image='sin', interpolate=True, mask=None, maskParams=None, name='warning', opacity=1.0, ori=0.0, pos=array([0., 0.]), size=array([1., 1.]), texRes=128, units='height', win=Window(...))
23.3389 	EXP 	Created fixation_2 = ImageStim(__class__=<class 'psychopy.visual.image.ImageStim'>, autoLog=True, color=array([1., 1., 1.]), colorSpace='rgb', contrast=1.0, depth=-2.0, flipHoriz=False, flipVert=False, image='ANT_images/fixation.png', interpolate=True, mask=None, maskParams=None, name='fixation_2', opacity=1.0, ori=0.0, pos=array([0., 0.]), size=array([1., 1.]), texRes=128, units='height', win=Window(...))
23.3416 	EXP 	Created target = ImageStim(__class__=<class 'psychopy.visual.image.ImageStim'>, autoLog=True, color=array([1., 1., 1.]), colorSpace='rgb', contrast=1.0, depth=-3.0, flipHoriz=False, flipVert=False, image='sin', interpolate=True, mask=None, maskParams=None, name='target', opacity=1.0, ori=0.0, pos=array([0., 0.]), size=array([0.7, 0.3]), texRes=128, units='height', win=Window(...))
23.5405 	EXP 	Created postfix = ImageStim(__class__=<class 'psychopy.visual.image.ImageStim'>, autoLog=True, color=array([1., 1., 1.]), colorSpace='rgb', contrast=1.0, depth=-1.0, flipHoriz=False, flipVert=False, image='ANT_images/fixation.png', interpolate=True, mask=None, maskParams=None, name='postfix', opacity=1.0, ori=0.0, pos=array([0., 0.]), size=array([1., 1.]), texRes=128, units='height', win=Window(...))
23.6111 	EXP 	Created break_message = TextStim(__class__=<class 'psychopy.visual.text.TextStim'>, alignHoriz=method-wrapper(...), alignText='center', alignVert=method-wrapper(...), anchorHoriz='center', anchorVert='center', antialias=True, autoLog=True, bold=False, color='black', colorSpace='named', contrast=1.0, depth=0.0, flipHoriz=False, flipVert=False, font='Arial', fontFiles=[], height=0.05, italic=False, languageStyle='LTR', name='break_message', opacity=1.0, ori=0, pos=array([0., 0.]), rgb=array([0., 0., 0.]), text=str(...), units='height', win=Window(...), wrapWidth=1)
23.6140 	EXP 	Created fixation_1 = ImageStim(__class__=<class 'psychopy.visual.image.ImageStim'>, autoLog=True, color=array([1., 1., 1.]), colorSpace='rgb', contrast=1.0, depth=0.0, flipHoriz=False, flipVert=False, image='sin', interpolate=True, mask=None, maskParams=None, name='fixation_1', opacity=1.0, ori=0.0, pos=array([0., 0.]), size=array([1., 1.]), texRes=128, units='height', win=Window(...))
23.6174 	EXP 	Created warning = ImageStim(__class__=<class 'psychopy.visual.image.ImageStim'>, autoLog=True, color=array([1., 1., 1.]), colorSpace='rgb', contrast=1.0, depth=-1.0, flipHoriz=False, flipVert=False, image='sin', interpolate=True, mask=None, maskParams=None, name='warning', opacity=1.0, ori=0.0, pos=array([0., 0.]), size=array([1., 1.]), texRes=128, units='height', win=Window(...))
23.7385 	EXP 	Created fixation_2 = ImageStim(__class__=<class 'psychopy.visual.image.ImageStim'>, autoLog=True, color=array([1., 1., 1.]), colorSpace='rgb', contrast=1.0, depth=-2.0, flipHoriz=False, flipVert=False, image='ANT_images/fixation.png', interpolate=True, mask=None, maskParams=None, name='fixation_2', opacity=1.0, ori=0.0, pos=array([0., 0.]), size=array([1., 1.]), texRes=128, units='height', win=Window(...))
23.7417 	EXP 	Created target = ImageStim(__class__=<class 'psychopy.visual.image.ImageStim'>, autoLog=True, color=array([1., 1., 1.]), colorSpace='rgb', contrast=1.0, depth=-3.0, flipHoriz=False, flipVert=False, image='sin', interpolate=True, mask=None, maskParams=None, name='target', opacity=1.0, ori=0.0, pos=array([0., 0.]), size=array([0.7, 0.3]), texRes=128, units='height', win=Window(...))
23.7571 	EXP 	Created text_2 = TextStim(__class__=<class 'psychopy.visual.text.TextStim'>, alignHoriz=method-wrapper(...), alignText='center', alignVert=method-wrapper(...), anchorHoriz='center', anchorVert='center', antialias=True, autoLog=True, bold=False, color='black', colorSpace='named', contrast=1.0, depth=0.0, flipHoriz=False, flipVert=False, font='Arial', fontFiles=[], height=0.05, italic=False, languageStyle='LTR', name='text_2', opacity=1.0, ori=0, pos=array([0., 0.]), rgb=array([0., 0., 0.]), text=str(...), units='height', win=Window(...), wrapWidth=1)
23.8311 	EXP 	instr_1: autoDraw = True
23.8311 	EXP 	image: autoDraw = True
24.5446 	DATA 	Keypress: space
24.6095 	EXP 	instr_1: autoDraw = False
24.6095 	EXP 	image: autoDraw = False
24.6095 	EXP 	instr_2: autoDraw = True
24.6095 	EXP 	image_2_1: autoDraw = True
24.6095 	EXP 	image_2_2: autoDraw = True
25.0097 	DATA 	Keypress: space
25.0403 	EXP 	instr_2: autoDraw = False
25.0403 	EXP 	image_2_1: autoDraw = False
25.0403 	EXP 	image_2_2: autoDraw = False
25.0403 	EXP 	text: autoDraw = True
25.0403 	EXP 	image_3: autoDraw = True
25.6429 	DATA 	Keypress: space
25.7040 	EXP 	text: autoDraw = False
25.7040 	EXP 	image_3: autoDraw = False
25.7040 	EXP 	instr_4: autoDraw = True
25.7040 	EXP 	image_4: autoDraw = True
26.3269 	DATA 	Keypress: space
26.3502 	EXP 	instr_4: autoDraw = False
26.3502 	EXP 	image_4: autoDraw = False
26.3502 	EXP 	pract_instr: autoDraw = True
26.9934 	DATA 	Keypress: space
27.0889 	EXP 	Imported ANT_practice.xlsx as conditions, 24 conditions, 7 params
27.0897 	EXP 	Created sequence: random, trialTypes=24, nReps=1, seed=None
27.0906 	EXP 	New trial (rep=0, index=0): OrderedDict([('cue_file', 'ANT_images/down.png'), ('flanker', 'ANT_images/incong_r.png'), ('pos', -0.25), ('correct', 'i'), ('fix1', 1.0), ('cue_time', 0.1), ('stimStart', 1.5)])
27.5124 	EXP 	pract_instr: autoDraw = False
27.5124 	EXP 	fix_1: image = 'ANT_images/fixation.png'
27.5124 	EXP 	pract_warning: image = 'ANT_images/down.png'
27.5124 	EXP 	fix_2: image = 'ANT_images/fixation.png'
27.5124 	EXP 	pract_target: pos = array([ 0.  , -0.25])
27.5124 	EXP 	pract_target: image = 'ANT_images/incong_r.png'
27.5124 	EXP 	fix_1: autoDraw = True
28.5107 	EXP 	pract_warning: autoDraw = True
28.5180 	EXP 	fix_1: autoDraw = False
28.7166 	EXP 	pract_warning: autoDraw = False
28.7166 	EXP 	fix_2: autoDraw = True
29.1572 	EXP 	fix_2: autoDraw = False
29.1572 	EXP 	pract_target: autoDraw = True
30.1102 	DATA 	Keypress: i
30.1720 	EXP 	fix_1: autoDraw = False
30.1720 	EXP 	pract_warning: autoDraw = False
30.1720 	EXP 	fix_2: autoDraw = False
30.1720 	EXP 	pract_target: autoDraw = False
30.1720 	EXP 	text_3: color = 'black (named)'
30.1720 	EXP 	text_3: text = 'Correct!'
30.1720 	EXP 	text_3: autoDraw = True
30.5277 	EXP 	New trial (rep=0, index=1): OrderedDict([('cue_file', 'ANT_images/down.png'), ('flanker', 'ANT_images/cong_l.png'), ('pos', -0.25), ('correct', 'e'), ('fix1', 1.2), ('cue_time', 0.1), ('stimStart', 1.7000000000000002)])
30.7421 	EXP 	text_3: autoDraw = False
30.7421 	EXP 	fix_1: image = 'ANT_images/fixation.png'
30.7421 	EXP 	pract_warning: image = 'ANT_images/down.png'
30.7421 	EXP 	fix_2: image = 'ANT_images/fixation.png'
30.7421 	EXP 	pract_target: pos = array([ 0.  , -0.25])
30.7421 	EXP 	pract_target: image = 'ANT_images/cong_l.png'
30.7421 	EXP 	fix_1: autoDraw = True
31.9314 	EXP 	pract_warning: autoDraw = True
31.9446 	EXP 	fix_1: autoDraw = False
32.0451 	EXP 	pract_warning: autoDraw = False
32.0451 	EXP 	fix_2: autoDraw = True
32.4424 	EXP 	fix_2: autoDraw = False
32.4424 	EXP 	pract_target: autoDraw = True
32.8594 	DATA 	Keypress: e
32.8750 	EXP 	fix_1: autoDraw = False
32.8750 	EXP 	pract_warning: autoDraw = False
32.8750 	EXP 	fix_2: autoDraw = False
32.8750 	EXP 	pract_target: autoDraw = False
32.8750 	EXP 	text_3: color = 'black (named)'
32.8750 	EXP 	text_3: text = 'Correct!'
32.8750 	EXP 	text_3: autoDraw = True
33.2604 	EXP 	New trial (rep=0, index=2): OrderedDict([('cue_file', 'ANT_images/none.png'), ('flanker', 'ANT_images/cong_r.png'), ('pos', -0.25), ('correct', 'i'), ('fix1', 0.1), ('cue_time', 0.0), ('stimStart', 0.5)])
33.4568 	EXP 	text_3: autoDraw = False
33.4568 	EXP 	text_3: autoDraw = False
33.4568 	EXP 	fix_1: image = 'ANT_images/fixation.png'
33.4568 	EXP 	pract_warning: image = 'ANT_images/none.png'
33.4568 	EXP 	fix_2: image = 'ANT_images/fixation.png'
33.4568 	EXP 	pract_target: pos = array([ 0.  , -0.25])
33.4568 	EXP 	pract_target: image = 'ANT_images/cong_r.png'
33.4568 	EXP 	fix_1: autoDraw = True
33.5484 	EXP 	pract_warning: autoDraw = True
33.5484 	EXP 	pract_warning: autoDraw = False
33.5484 	EXP 	fix_2: autoDraw = True
33.5615 	EXP 	fix_1: autoDraw = False
33.9594 	EXP 	fix_2: autoDraw = False
33.9594 	EXP 	pract_target: autoDraw = True
34.4601 	DATA 	Keypress: i
34.4753 	EXP 	fix_1: autoDraw = False
34.4753 	EXP 	pract_warning: autoDraw = False
34.4753 	EXP 	fix_2: autoDraw = False
34.4753 	EXP 	pract_target: autoDraw = False
34.4753 	EXP 	text_3: color = 'black (named)'
34.4753 	EXP 	text_3: text = 'Correct!'
34.4753 	EXP 	text_3: autoDraw = True
34.8607 	EXP 	New trial (rep=0, index=3): OrderedDict([('cue_file', 'ANT_images/none.png'), ('flanker', 'ANT_images/cong_l.png'), ('pos', -0.25), ('correct', 'e'), ('fix1', 0.1), ('cue_time', 0.0), ('stimStart', 0.5)])
35.0656 	EXP 	text_3: autoDraw = False
35.0656 	EXP 	text_3: autoDraw = False
35.0656 	EXP 	fix_1: image = 'ANT_images/fixation.png'
35.0656 	EXP 	pract_warning: image = 'ANT_images/none.png'
35.0656 	EXP 	fix_2: image = 'ANT_images/fixation.png'
35.0656 	EXP 	pract_target: pos = array([ 0.  , -0.25])
35.0656 	EXP 	pract_target: image = 'ANT_images/cong_l.png'
35.0656 	EXP 	fix_1: autoDraw = True
35.1653 	EXP 	pract_warning: autoDraw = True
35.1653 	EXP 	pract_warning: autoDraw = False
35.1653 	EXP 	fix_2: autoDraw = True
35.1781 	EXP 	fix_1: autoDraw = False
35.5760 	EXP 	fix_2: autoDraw = False
35.5760 	EXP 	pract_target: autoDraw = True
36.0437 	DATA 	Keypress: e
36.0587 	EXP 	fix_1: autoDraw = False
36.0587 	EXP 	pract_warning: autoDraw = False
36.0587 	EXP 	fix_2: autoDraw = False
36.0587 	EXP 	pract_target: autoDraw = False
36.0587 	EXP 	text_3: color = 'black (named)'
36.0587 	EXP 	text_3: text = 'Correct!'
36.0587 	EXP 	text_3: autoDraw = True
36.4441 	EXP 	New trial (rep=0, index=4): OrderedDict([('cue_file', 'ANT_images/double.png'), ('flanker', 'ANT_images/cong_r.png'), ('pos', 0.25), ('correct', 'i'), ('fix1', 1.3), ('cue_time', 0.1), ('stimStart', 1.8000000000000003)])
36.7107 	EXP 	text_3: autoDraw = False
36.7107 	EXP 	text_3: autoDraw = False
36.7107 	EXP 	fix_1: image = 'ANT_images/fixation.png'
36.7107 	EXP 	pract_warning: image = 'ANT_images/double.png'
36.7107 	EXP 	fix_2: image = 'ANT_images/fixation.png'
36.7107 	EXP 	pract_target: pos = array([0.  , 0.25])
36.7107 	EXP 	pract_target: image = 'ANT_images/cong_r.png'
36.7107 	EXP 	fix_1: autoDraw = True
37.9979 	EXP 	pract_warning: autoDraw = True
38.0112 	EXP 	fix_1: autoDraw = False
38.1117 	EXP 	pract_warning: autoDraw = False
38.1117 	EXP 	fix_2: autoDraw = True
38.5089 	EXP 	fix_2: autoDraw = False
38.5089 	EXP 	pract_target: autoDraw = True
38.9601 	DATA 	Keypress: i
38.9752 	EXP 	fix_1: autoDraw = False
38.9752 	EXP 	pract_warning: autoDraw = False
38.9752 	EXP 	fix_2: autoDraw = False
38.9752 	EXP 	pract_target: autoDraw = False
38.9752 	EXP 	text_3: color = 'black (named)'
38.9752 	EXP 	text_3: text = 'Correct!'
38.9752 	EXP 	text_3: autoDraw = True
39.3604 	EXP 	New trial (rep=0, index=5): OrderedDict([('cue_file', 'ANT_images/none.png'), ('flanker', 'ANT_images/cong_l.png'), ('pos', 0.25), ('correct', 'e'), ('fix1', 0.1), ('cue_time', 0.0), ('stimStart', 0.5)])
39.5630 	EXP 	text_3: autoDraw = False
39.5630 	EXP 	text_3: autoDraw = False
39.5630 	EXP 	fix_1: image = 'ANT_images/fixation.png'
39.5630 	EXP 	pract_warning: image = 'ANT_images/none.png'
39.5630 	EXP 	fix_2: image = 'ANT_images/fixation.png'
39.5630 	EXP 	pract_target: pos = array([0.  , 0.25])
39.5630 	EXP 	pract_target: image = 'ANT_images/cong_l.png'
39.5630 	EXP 	fix_1: autoDraw = True
39.6652 	EXP 	pract_warning: autoDraw = True
39.6652 	EXP 	pract_warning: autoDraw = False
39.6652 	EXP 	fix_2: autoDraw = True
39.6781 	EXP 	fix_1: autoDraw = False
40.0760 	EXP 	fix_2: autoDraw = False
40.0760 	EXP 	pract_target: autoDraw = True
40.5936 	DATA 	Keypress: e
40.6085 	EXP 	fix_1: autoDraw = False
40.6085 	EXP 	pract_warning: autoDraw = False
40.6085 	EXP 	fix_2: autoDraw = False
40.6085 	EXP 	pract_target: autoDraw = False
40.6085 	EXP 	text_3: color = 'black (named)'
40.6085 	EXP 	text_3: text = 'Correct!'
40.6085 	EXP 	text_3: autoDraw = True
40.9941 	EXP 	New trial (rep=0, index=6): OrderedDict([('cue_file', 'ANT_images/double.png'), ('flanker', 'ANT_images/neu_r.png'), ('pos', 0.25), ('correct', 'i'), ('fix1', 1.2), ('cue_time', 0.1), ('stimStart', 1.7000000000000002)])
41.1929 	EXP 	text_3: autoDraw = False
41.1929 	EXP 	text_3: autoDraw = False
41.1929 	EXP 	fix_1: image = 'ANT_images/fixation.png'
41.1929 	EXP 	pract_warning: image = 'ANT_images/double.png'
41.1929 	EXP 	fix_2: image = 'ANT_images/fixation.png'
41.1929 	EXP 	pract_target: pos = array([0.  , 0.25])
41.1929 	EXP 	pract_target: image = 'ANT_images/neu_r.png'
41.1929 	EXP 	fix_1: autoDraw = True
42.3816 	EXP 	pract_warning: autoDraw = True
42.3949 	EXP 	fix_1: autoDraw = False
42.4954 	EXP 	pract_warning: autoDraw = False
42.4954 	EXP 	fix_2: autoDraw = True
42.8927 	EXP 	fix_2: autoDraw = False
42.8927 	EXP 	pract_target: autoDraw = True
43.3267 	DATA 	Keypress: i
43.3420 	EXP 	fix_1: autoDraw = False
43.3420 	EXP 	pract_warning: autoDraw = False
43.3420 	EXP 	fix_2: autoDraw = False
43.3420 	EXP 	pract_target: autoDraw = False
43.3420 	EXP 	text_3: color = 'black (named)'
43.3420 	EXP 	text_3: text = 'Correct!'
43.3420 	EXP 	text_3: autoDraw = True
43.7276 	EXP 	New trial (rep=0, index=7): OrderedDict([('cue_file', 'ANT_images/center.png'), ('flanker', 'ANT_images/neu_l.png'), ('pos', -0.25), ('correct', 'e'), ('fix1', 0.8), ('cue_time', 0.1), ('stimStart', 1.3)])
43.9270 	EXP 	text_3: autoDraw = False
43.9270 	EXP 	text_3: autoDraw = False
43.9270 	EXP 	fix_1: image = 'ANT_images/fixation.png'
43.9270 	EXP 	pract_warning: image = 'ANT_images/center.png'
43.9270 	EXP 	fix_2: image = 'ANT_images/fixation.png'
43.9270 	EXP 	pract_target: pos = array([ 0.  , -0.25])
43.9270 	EXP 	pract_target: image = 'ANT_images/neu_l.png'
43.9270 	EXP 	fix_1: autoDraw = True
44.7152 	EXP 	pract_warning: autoDraw = True
44.7282 	EXP 	fix_1: autoDraw = False
44.8288 	EXP 	pract_warning: autoDraw = False
44.8288 	EXP 	fix_2: autoDraw = True
45.2258 	EXP 	fix_2: autoDraw = False
45.2258 	EXP 	pract_target: autoDraw = True
45.7599 	DATA 	Keypress: e
45.7750 	EXP 	fix_1: autoDraw = False
45.7750 	EXP 	pract_warning: autoDraw = False
45.7750 	EXP 	fix_2: autoDraw = False
45.7750 	EXP 	pract_target: autoDraw = False
45.7750 	EXP 	text_3: color = 'black (named)'
45.7750 	EXP 	text_3: text = 'Correct!'
45.7750 	EXP 	text_3: autoDraw = True
46.1607 	EXP 	New trial (rep=0, index=8): OrderedDict([('cue_file', 'ANT_images/none.png'), ('flanker', 'ANT_images/cong_r.png'), ('pos', 0.25), ('correct', 'i'), ('fix1', 0.1), ('cue_time', 0.0), ('stimStart', 0.5)])
46.3593 	EXP 	text_3: autoDraw = False
46.3593 	EXP 	text_3: autoDraw = False
46.3593 	EXP 	fix_1: image = 'ANT_images/fixation.png'
46.3593 	EXP 	pract_warning: image = 'ANT_images/none.png'
46.3593 	EXP 	fix_2: image = 'ANT_images/fixation.png'
46.3593 	EXP 	pract_target: pos = array([0.  , 0.25])
46.3593 	EXP 	pract_target: image = 'ANT_images/cong_r.png'
46.3593 	EXP 	fix_1: autoDraw = True
46.4484 	EXP 	pract_warning: autoDraw = True
46.4484 	EXP 	pract_warning: autoDraw = False
46.4484 	EXP 	fix_2: autoDraw = True
46.4615 	EXP 	fix_1: autoDraw = False
46.8594 	EXP 	fix_2: autoDraw = False
46.8594 	EXP 	pract_target: autoDraw = True
47.4453 	DATA 	Keypress: i
47.4752 	EXP 	fix_1: autoDraw = False
47.4752 	EXP 	pract_warning: autoDraw = False
47.4752 	EXP 	fix_2: autoDraw = False
47.4752 	EXP 	pract_target: autoDraw = False
47.4752 	EXP 	text_3: color = 'black (named)'
47.4752 	EXP 	text_3: text = 'Correct!'
47.4752 	EXP 	text_3: autoDraw = True
47.8608 	EXP 	New trial (rep=0, index=9): OrderedDict([('cue_file', 'ANT_images/center.png'), ('flanker', 'ANT_images/cong_r.png'), ('pos', 0.25), ('correct', 'i'), ('fix1', 1.4), ('cue_time', 0.1), ('stimStart', 1.9)])
48.0665 	EXP 	text_3: autoDraw = False
48.0665 	EXP 	text_3: autoDraw = False
48.0665 	EXP 	fix_1: image = 'ANT_images/fixation.png'
48.0665 	EXP 	pract_warning: image = 'ANT_images/center.png'
48.0665 	EXP 	fix_2: image = 'ANT_images/fixation.png'
48.0665 	EXP 	pract_target: pos = array([0.  , 0.25])
48.0665 	EXP 	pract_target: image = 'ANT_images/cong_r.png'
48.0665 	EXP 	fix_1: autoDraw = True
49.4650 	EXP 	pract_warning: autoDraw = True
49.4781 	EXP 	fix_1: autoDraw = False
49.5786 	EXP 	pract_warning: autoDraw = False
49.5786 	EXP 	fix_2: autoDraw = True
49.9759 	EXP 	fix_2: autoDraw = False
49.9759 	EXP 	pract_target: autoDraw = True
50.4601 	DATA 	Keypress: i
50.4752 	EXP 	fix_1: autoDraw = False
50.4752 	EXP 	pract_warning: autoDraw = False
50.4752 	EXP 	fix_2: autoDraw = False
50.4752 	EXP 	pract_target: autoDraw = False
50.4752 	EXP 	text_3: color = 'black (named)'
50.4752 	EXP 	text_3: text = 'Correct!'
50.4752 	EXP 	text_3: autoDraw = True
50.8609 	EXP 	New trial (rep=0, index=10): OrderedDict([('cue_file', 'ANT_images/center.png'), ('flanker', 'ANT_images/incong_l.png'), ('pos', -0.25), ('correct', 'e'), ('fix1', 1.3), ('cue_time', 0.1), ('stimStart', 1.8000000000000003)])
51.0620 	EXP 	text_3: autoDraw = False
51.0620 	EXP 	text_3: autoDraw = False
51.0620 	EXP 	fix_1: image = 'ANT_images/fixation.png'
51.0620 	EXP 	pract_warning: image = 'ANT_images/center.png'
51.0620 	EXP 	fix_2: image = 'ANT_images/fixation.png'
51.0620 	EXP 	pract_target: pos = array([ 0.  , -0.25])
51.0620 	EXP 	pract_target: image = 'ANT_images/incong_l.png'
51.0620 	EXP 	fix_1: autoDraw = True
52.3621 	EXP 	fix_1: autoDraw = False
52.3621 	EXP 	pract_warning: autoDraw = True
52.4620 	EXP 	pract_warning: autoDraw = False
52.4620 	EXP 	fix_2: autoDraw = True
52.8593 	EXP 	fix_2: autoDraw = False
52.8593 	EXP 	pract_target: autoDraw = True
53.4600 	DATA 	Keypress: e
53.4753 	EXP 	fix_1: autoDraw = False
53.4753 	EXP 	pract_warning: autoDraw = False
53.4753 	EXP 	fix_2: autoDraw = False
53.4753 	EXP 	pract_target: autoDraw = False
53.4753 	EXP 	text_3: color = 'black (named)'
53.4753 	EXP 	text_3: text = 'Correct!'
53.4753 	EXP 	text_3: autoDraw = True
53.8608 	EXP 	New trial (rep=0, index=11): OrderedDict([('cue_file', 'ANT_images/down.png'), ('flanker', 'ANT_images/incong_l.png'), ('pos', -0.25), ('correct', 'e'), ('fix1', 1.3), ('cue_time', 0.1), ('stimStart', 1.8000000000000003)])
54.1081 	EXP 	text_3: autoDraw = False
54.1081 	EXP 	text_3: autoDraw = False
54.1081 	EXP 	fix_1: image = 'ANT_images/fixation.png'
54.1081 	EXP 	pract_warning: image = 'ANT_images/down.png'
54.1081 	EXP 	fix_2: image = 'ANT_images/fixation.png'
54.1081 	EXP 	pract_target: pos = array([ 0.  , -0.25])
54.1081 	EXP 	pract_target: image = 'ANT_images/incong_l.png'
54.1081 	EXP 	fix_1: autoDraw = True
55.3981 	EXP 	pract_warning: autoDraw = True
55.4114 	EXP 	fix_1: autoDraw = False
55.5117 	EXP 	pract_warning: autoDraw = False
55.5117 	EXP 	fix_2: autoDraw = True
55.9092 	EXP 	fix_2: autoDraw = False
55.9092 	EXP 	pract_target: autoDraw = True
56.4766 	DATA 	Keypress: e
56.4919 	EXP 	fix_1: autoDraw = False
56.4919 	EXP 	pract_warning: autoDraw = False
56.4919 	EXP 	fix_2: autoDraw = False
56.4919 	EXP 	pract_target: autoDraw = False
56.4919 	EXP 	text_3: color = 'black (named)'
56.4919 	EXP 	text_3: text = 'Correct!'
56.4919 	EXP 	text_3: autoDraw = True
56.8774 	EXP 	New trial (rep=0, index=12): OrderedDict([('cue_file', 'ANT_images/center.png'), ('flanker', 'ANT_images/neu_r.png'), ('pos', 0.25), ('correct', 'i'), ('fix1', 1.0), ('cue_time', 0.1), ('stimStart', 1.5)])
57.0855 	EXP 	text_3: autoDraw = False
57.0855 	EXP 	text_3: autoDraw = False
57.0855 	EXP 	fix_1: image = 'ANT_images/fixation.png'
57.0855 	EXP 	pract_warning: image = 'ANT_images/center.png'
57.0855 	EXP 	fix_2: image = 'ANT_images/fixation.png'
57.0855 	EXP 	pract_target: pos = array([0.  , 0.25])
57.0855 	EXP 	pract_target: image = 'ANT_images/neu_r.png'
57.0855 	EXP 	fix_1: autoDraw = True
58.0649 	EXP 	pract_warning: autoDraw = True
58.0948 	EXP 	fix_1: autoDraw = False
58.1788 	EXP 	pract_warning: autoDraw = False
58.1788 	EXP 	fix_2: autoDraw = True
58.5758 	EXP 	fix_2: autoDraw = False
58.5758 	EXP 	pract_target: autoDraw = True
59.0442 	DATA 	Keypress: i
59.0751 	EXP 	fix_1: autoDraw = False
59.0751 	EXP 	pract_warning: autoDraw = False
59.0751 	EXP 	fix_2: autoDraw = False
59.0751 	EXP 	pract_target: autoDraw = False
59.0751 	EXP 	text_3: color = 'black (named)'
59.0751 	EXP 	text_3: text = 'Correct!'
59.0751 	EXP 	text_3: autoDraw = True
59.4606 	EXP 	New trial (rep=0, index=13): OrderedDict([('cue_file', 'ANT_images/double.png'), ('flanker', 'ANT_images/neu_r.png'), ('pos', -0.25), ('correct', 'i'), ('fix1', 0.7), ('cue_time', 0.1), ('stimStart', 1.2)])
59.6637 	EXP 	text_3: autoDraw = False
59.6637 	EXP 	text_3: autoDraw = False
59.6637 	EXP 	fix_1: image = 'ANT_images/fixation.png'
59.6637 	EXP 	pract_warning: image = 'ANT_images/double.png'
59.6637 	EXP 	fix_2: image = 'ANT_images/fixation.png'
59.6637 	EXP 	pract_target: pos = array([ 0.  , -0.25])
59.6637 	EXP 	pract_target: image = 'ANT_images/neu_r.png'
59.6637 	EXP 	fix_1: autoDraw = True
60.3648 	EXP 	pract_warning: autoDraw = True
60.3781 	EXP 	fix_1: autoDraw = False
60.4786 	EXP 	pract_warning: autoDraw = False
60.4786 	EXP 	fix_2: autoDraw = True
60.8757 	EXP 	fix_2: autoDraw = False
60.8757 	EXP 	pract_target: autoDraw = True
61.4432 	DATA 	Keypress: i
61.4584 	EXP 	fix_1: autoDraw = False
61.4584 	EXP 	pract_warning: autoDraw = False
61.4584 	EXP 	fix_2: autoDraw = False
61.4584 	EXP 	pract_target: autoDraw = False
61.4584 	EXP 	text_3: color = 'black (named)'
61.4584 	EXP 	text_3: text = 'Correct!'
61.4584 	EXP 	text_3: autoDraw = True
61.8440 	EXP 	New trial (rep=0, index=14): OrderedDict([('cue_file', 'ANT_images/double.png'), ('flanker', 'ANT_images/incong_l.png'), ('pos', -0.25), ('correct', 'e'), ('fix1', 1.5), ('cue_time', 0.1), ('stimStart', 2.0)])
62.0880 	EXP 	text_3: autoDraw = False
62.0880 	EXP 	text_3: autoDraw = False
62.0880 	EXP 	fix_1: image = 'ANT_images/fixation.png'
62.0880 	EXP 	pract_warning: image = 'ANT_images/double.png'
62.0880 	EXP 	fix_2: image = 'ANT_images/fixation.png'
62.0880 	EXP 	pract_target: pos = array([ 0.  , -0.25])
62.0880 	EXP 	pract_target: image = 'ANT_images/incong_l.png'
62.0880 	EXP 	fix_1: autoDraw = True
63.5815 	EXP 	pract_warning: autoDraw = True
63.5946 	EXP 	fix_1: autoDraw = False
63.6947 	EXP 	pract_warning: autoDraw = False
63.6947 	EXP 	fix_2: autoDraw = True
64.0921 	EXP 	fix_2: autoDraw = False
64.0921 	EXP 	pract_target: autoDraw = True
64.7092 	DATA 	Keypress: e
64.7247 	EXP 	fix_1: autoDraw = False
64.7247 	EXP 	pract_warning: autoDraw = False
64.7247 	EXP 	fix_2: autoDraw = False
64.7247 	EXP 	pract_target: autoDraw = False
64.7247 	EXP 	text_3: color = 'black (named)'
64.7247 	EXP 	text_3: text = 'Correct!'
64.7247 	EXP 	text_3: autoDraw = True
65.1093 	EXP 	New trial (rep=0, index=15): OrderedDict([('cue_file', 'ANT_images/center.png'), ('flanker', 'ANT_images/neu_r.png'), ('pos', 0.25), ('correct', 'i'), ('fix1', 1.0), ('cue_time', 0.1), ('stimStart', 1.5)])
65.2876 	EXP 	text_3: autoDraw = False
65.2876 	EXP 	text_3: autoDraw = False
65.2876 	EXP 	fix_1: image = 'ANT_images/fixation.png'
65.2876 	EXP 	pract_warning: image = 'ANT_images/center.png'
65.2876 	EXP 	fix_2: image = 'ANT_images/fixation.png'
65.2876 	EXP 	pract_target: pos = array([0.  , 0.25])
65.2876 	EXP 	pract_target: image = 'ANT_images/neu_r.png'
65.2876 	EXP 	fix_1: autoDraw = True
66.2814 	EXP 	pract_warning: autoDraw = True
66.2945 	EXP 	fix_1: autoDraw = False
66.3953 	EXP 	pract_warning: autoDraw = False
66.3953 	EXP 	fix_2: autoDraw = True
66.7923 	EXP 	fix_2: autoDraw = False
66.7923 	EXP 	pract_target: autoDraw = True
67.2433 	DATA 	Keypress: i
67.2584 	EXP 	fix_1: autoDraw = False
67.2584 	EXP 	pract_warning: autoDraw = False
67.2584 	EXP 	fix_2: autoDraw = False
67.2584 	EXP 	pract_target: autoDraw = False
67.2584 	EXP 	text_3: color = 'black (named)'
67.2584 	EXP 	text_3: text = 'Correct!'
67.2584 	EXP 	text_3: autoDraw = True
67.6438 	EXP 	New trial (rep=0, index=16): OrderedDict([('cue_file', 'ANT_images/double.png'), ('flanker', 'ANT_images/incong_r.png'), ('pos', -0.25), ('correct', 'i'), ('fix1', 1.6), ('cue_time', 0.1), ('stimStart', 2.1)])
67.8512 	EXP 	text_3: autoDraw = False
67.8512 	EXP 	text_3: autoDraw = False
67.8512 	EXP 	fix_1: image = 'ANT_images/fixation.png'
67.8512 	EXP 	pract_warning: image = 'ANT_images/double.png'
67.8512 	EXP 	fix_2: image = 'ANT_images/fixation.png'
67.8512 	EXP 	pract_target: pos = array([ 0.  , -0.25])
67.8512 	EXP 	pract_target: image = 'ANT_images/incong_r.png'
67.8512 	EXP 	fix_1: autoDraw = True
69.4315 	EXP 	pract_warning: autoDraw = True
69.4614 	EXP 	fix_1: autoDraw = False
69.5453 	EXP 	pract_warning: autoDraw = False
69.5453 	EXP 	fix_2: autoDraw = True
69.9425 	EXP 	fix_2: autoDraw = False
69.9425 	EXP 	pract_target: autoDraw = True
70.4266 	DATA 	Keypress: e
70.4735 	EXP 	fix_1: autoDraw = False
70.4735 	EXP 	pract_warning: autoDraw = False
70.4735 	EXP 	fix_2: autoDraw = False
70.4735 	EXP 	pract_target: autoDraw = False
70.4735 	EXP 	text_3: color = 'black (named)'
70.4735 	EXP 	text_3: text = 'Incorrect'
70.4735 	EXP 	text_3: autoDraw = True
70.8435 	EXP 	New trial (rep=0, index=17): OrderedDict([('cue_file', 'ANT_images/up.png'), ('flanker', 'ANT_images/neu_l.png'), ('pos', 0.25), ('correct', 'e'), ('fix1', 1.4), ('cue_time', 0.1), ('stimStart', 1.9)])
71.0498 	EXP 	text_3: autoDraw = False
71.0498 	EXP 	fix_1: image = 'ANT_images/fixation.png'
71.0498 	EXP 	pract_warning: image = 'ANT_images/up.png'
71.0498 	EXP 	fix_2: image = 'ANT_images/fixation.png'
71.0498 	EXP 	pract_target: pos = array([0.  , 0.25])
71.0498 	EXP 	pract_target: image = 'ANT_images/neu_l.png'
71.0498 	EXP 	fix_1: autoDraw = True
72.4483 	EXP 	pract_warning: autoDraw = True
72.4615 	EXP 	fix_1: autoDraw = False
72.5619 	EXP 	pract_warning: autoDraw = False
72.5619 	EXP 	fix_2: autoDraw = True
72.9592 	EXP 	fix_2: autoDraw = False
72.9592 	EXP 	pract_target: autoDraw = True
73.3266 	DATA 	Keypress: e
73.3530 	EXP 	fix_1: autoDraw = False
73.3530 	EXP 	pract_warning: autoDraw = False
73.3530 	EXP 	fix_2: autoDraw = False
73.3530 	EXP 	pract_target: autoDraw = False
73.3530 	EXP 	text_3: color = 'black (named)'
73.3530 	EXP 	text_3: text = 'Correct!'
73.3530 	EXP 	text_3: autoDraw = True
73.7435 	EXP 	New trial (rep=0, index=18): OrderedDict([('cue_file', 'ANT_images/up.png'), ('flanker', 'ANT_images/incong_r.png'), ('pos', 0.25), ('correct', 'i'), ('fix1', 0.9), ('cue_time', 0.1), ('stimStart', 1.4)])
73.9449 	EXP 	text_3: autoDraw = False
73.9449 	EXP 	fix_1: image = 'ANT_images/fixation.png'
73.9449 	EXP 	pract_warning: image = 'ANT_images/up.png'
73.9449 	EXP 	fix_2: image = 'ANT_images/fixation.png'
73.9449 	EXP 	pract_target: pos = array([0.  , 0.25])
73.9449 	EXP 	pract_target: image = 'ANT_images/incong_r.png'
73.9449 	EXP 	fix_1: autoDraw = True
74.8315 	EXP 	pract_warning: autoDraw = True
74.8446 	EXP 	fix_1: autoDraw = False
74.9452 	EXP 	pract_warning: autoDraw = False
74.9452 	EXP 	fix_2: autoDraw = True
75.3422 	EXP 	fix_2: autoDraw = False
75.3422 	EXP 	pract_target: autoDraw = True
75.7436 	DATA 	Keypress: i
75.7584 	EXP 	fix_1: autoDraw = False
75.7584 	EXP 	pract_warning: autoDraw = False
75.7584 	EXP 	fix_2: autoDraw = False
75.7584 	EXP 	pract_target: autoDraw = False
75.7584 	EXP 	text_3: color = 'black (named)'
75.7584 	EXP 	text_3: text = 'Correct!'
75.7584 	EXP 	text_3: autoDraw = True
76.1437 	EXP 	New trial (rep=0, index=19): OrderedDict([('cue_file', 'ANT_images/center.png'), ('flanker', 'ANT_images/neu_l.png'), ('pos', 0.25), ('correct', 'e'), ('fix1', 1.1), ('cue_time', 0.1), ('stimStart', 1.6)])
76.3560 	EXP 	text_3: autoDraw = False
76.3560 	EXP 	text_3: autoDraw = False
76.3560 	EXP 	fix_1: image = 'ANT_images/fixation.png'
76.3560 	EXP 	pract_warning: image = 'ANT_images/center.png'
76.3560 	EXP 	fix_2: image = 'ANT_images/fixation.png'
76.3560 	EXP 	pract_target: pos = array([0.  , 0.25])
76.3560 	EXP 	pract_target: image = 'ANT_images/neu_l.png'
76.3560 	EXP 	fix_1: autoDraw = True
77.4483 	EXP 	pract_warning: autoDraw = True
77.4613 	EXP 	fix_1: autoDraw = False
77.5619 	EXP 	pract_warning: autoDraw = False
77.5619 	EXP 	fix_2: autoDraw = True
77.9591 	EXP 	fix_2: autoDraw = False
77.9591 	EXP 	pract_target: autoDraw = True
78.3598 	DATA 	Keypress: e
78.3749 	EXP 	fix_1: autoDraw = False
78.3749 	EXP 	pract_warning: autoDraw = False
78.3749 	EXP 	fix_2: autoDraw = False
78.3749 	EXP 	pract_target: autoDraw = False
78.3749 	EXP 	text_3: color = 'black (named)'
78.3749 	EXP 	text_3: text = 'Correct!'
78.3749 	EXP 	text_3: autoDraw = True
78.7754 	EXP 	New trial (rep=0, index=20): OrderedDict([('cue_file', 'ANT_images/none.png'), ('flanker', 'ANT_images/incong_r.png'), ('pos', 0.25), ('correct', 'i'), ('fix1', 0.1), ('cue_time', 0.0), ('stimStart', 0.5)])
78.9881 	EXP 	text_3: autoDraw = False
78.9881 	EXP 	fix_1: image = 'ANT_images/fixation.png'
78.9881 	EXP 	pract_warning: image = 'ANT_images/none.png'
78.9881 	EXP 	fix_2: image = 'ANT_images/fixation.png'
78.9881 	EXP 	pract_target: pos = array([0.  , 0.25])
78.9881 	EXP 	pract_target: image = 'ANT_images/incong_r.png'
78.9881 	EXP 	fix_1: autoDraw = True
79.0814 	EXP 	pract_warning: autoDraw = True
79.0814 	EXP 	pract_warning: autoDraw = False
79.0814 	EXP 	fix_2: autoDraw = True
79.0946 	EXP 	fix_1: autoDraw = False
79.4924 	EXP 	fix_2: autoDraw = False
79.4924 	EXP 	pract_target: autoDraw = True
79.9760 	DATA 	Keypress: i
79.9913 	EXP 	fix_1: autoDraw = False
79.9913 	EXP 	pract_warning: autoDraw = False
79.9913 	EXP 	fix_2: autoDraw = False
79.9913 	EXP 	pract_target: autoDraw = False
79.9913 	EXP 	text_3: color = 'black (named)'
79.9913 	EXP 	text_3: text = 'Correct!'
79.9913 	EXP 	text_3: autoDraw = True
80.3759 	EXP 	New trial (rep=0, index=21): OrderedDict([('cue_file', 'ANT_images/center.png'), ('flanker', 'ANT_images/incong_r.png'), ('pos', 0.25), ('correct', 'i'), ('fix1', 0.4), ('cue_time', 0.1), ('stimStart', 0.9)])
80.5282 	EXP 	text_3: autoDraw = False
80.5282 	EXP 	text_3: autoDraw = False
80.5282 	EXP 	fix_1: image = 'ANT_images/fixation.png'
80.5282 	EXP 	pract_warning: image = 'ANT_images/center.png'
80.5282 	EXP 	fix_2: image = 'ANT_images/fixation.png'
80.5282 	EXP 	pract_target: pos = array([0.  , 0.25])
80.5282 	EXP 	pract_target: image = 'ANT_images/incong_r.png'
80.5282 	EXP 	fix_1: autoDraw = True
80.9279 	EXP 	fix_1: autoDraw = False
80.9279 	EXP 	pract_warning: autoDraw = True
81.0280 	EXP 	pract_warning: autoDraw = False
81.0280 	EXP 	fix_2: autoDraw = True
81.4256 	EXP 	fix_2: autoDraw = False
81.4256 	EXP 	pract_target: autoDraw = True
81.9265 	DATA 	Keypress: i
81.9415 	EXP 	fix_1: autoDraw = False
81.9415 	EXP 	pract_warning: autoDraw = False
81.9415 	EXP 	fix_2: autoDraw = False
81.9415 	EXP 	pract_target: autoDraw = False
81.9415 	EXP 	text_3: color = 'black (named)'
81.9415 	EXP 	text_3: text = 'Correct!'
81.9415 	EXP 	text_3: autoDraw = True
82.3270 	EXP 	New trial (rep=0, index=22): OrderedDict([('cue_file', 'ANT_images/none.png'), ('flanker', 'ANT_images/neu_r.png'), ('pos', 0.25), ('correct', 'i'), ('fix1', 0.1), ('cue_time', 0.0), ('stimStart', 0.5)])
82.5293 	EXP 	text_3: autoDraw = False
82.5293 	EXP 	text_3: autoDraw = False
82.5293 	EXP 	fix_1: image = 'ANT_images/fixation.png'
82.5293 	EXP 	pract_warning: image = 'ANT_images/none.png'
82.5293 	EXP 	fix_2: image = 'ANT_images/fixation.png'
82.5293 	EXP 	pract_target: pos = array([0.  , 0.25])
82.5293 	EXP 	pract_target: image = 'ANT_images/neu_r.png'
82.5293 	EXP 	fix_1: autoDraw = True
82.6313 	EXP 	pract_warning: autoDraw = True
82.6313 	EXP 	pract_warning: autoDraw = False
82.6313 	EXP 	fix_2: autoDraw = True
82.6446 	EXP 	fix_1: autoDraw = False
83.0423 	EXP 	fix_2: autoDraw = False
83.0423 	EXP 	pract_target: autoDraw = True
83.4765 	DATA 	Keypress: i
83.4916 	EXP 	fix_1: autoDraw = False
83.4916 	EXP 	pract_warning: autoDraw = False
83.4916 	EXP 	fix_2: autoDraw = False
83.4916 	EXP 	pract_target: autoDraw = False
83.4916 	EXP 	text_3: color = 'black (named)'
83.4916 	EXP 	text_3: text = 'Correct!'
83.4916 	EXP 	text_3: autoDraw = True
83.8770 	EXP 	New trial (rep=0, index=23): OrderedDict([('cue_file', 'ANT_images/up.png'), ('flanker', 'ANT_images/cong_l.png'), ('pos', 0.25), ('correct', 'e'), ('fix1', 1.5), ('cue_time', 0.1), ('stimStart', 2.0)])
84.0825 	EXP 	text_3: autoDraw = False
84.0825 	EXP 	text_3: autoDraw = False
84.0825 	EXP 	fix_1: image = 'ANT_images/fixation.png'
84.0825 	EXP 	pract_warning: image = 'ANT_images/up.png'
84.0825 	EXP 	fix_2: image = 'ANT_images/fixation.png'
84.0825 	EXP 	pract_target: pos = array([0.  , 0.25])
84.0825 	EXP 	pract_target: image = 'ANT_images/cong_l.png'
84.0825 	EXP 	fix_1: autoDraw = True
85.5815 	EXP 	pract_warning: autoDraw = True
85.5945 	EXP 	fix_1: autoDraw = False
85.6952 	EXP 	pract_warning: autoDraw = False
85.6952 	EXP 	fix_2: autoDraw = True
86.0923 	EXP 	fix_2: autoDraw = False
86.0923 	EXP 	pract_target: autoDraw = True
86.6264 	DATA 	Keypress: i
86.6524 	EXP 	fix_1: autoDraw = False
86.6524 	EXP 	pract_warning: autoDraw = False
86.6524 	EXP 	fix_2: autoDraw = False
86.6524 	EXP 	pract_target: autoDraw = False
86.6524 	EXP 	text_3: color = 'black (named)'
86.6524 	EXP 	text_3: text = 'Incorrect'
86.6524 	EXP 	text_3: autoDraw = True
87.0583 	EXP 	text_3: autoDraw = False
87.0583 	EXP 	practice_res: autoDraw = True
87.8263 	DATA 	Keypress: space
87.8584 	EXP 	practice_res: autoDraw = False
87.8584 	EXP 	text_5: autoDraw = True
88.2927 	DATA 	Keypress: space
88.2942 	EXP 	Created sequence: sequential, trialTypes=1, nReps=2, seed=None
88.2950 	EXP 	New trial (rep=0, index=0): None
88.3471 	EXP 	Imported ANT_conditions.xlsx as conditions, 48 conditions, 8 params
88.3484 	EXP 	Created sequence: random, trialTypes=48, nReps=2, seed=None
88.3496 	EXP 	New trial (rep=0, index=0): OrderedDict([('cue_file', 'ANT_images/down.png'), ('flanker', 'ANT_images/neu_r.png'), ('pos', -0.25), ('correct', 'i'), ('fix1', 0.6), ('cue_time', 0.1), ('stimStart', 1.1), ('postFix', 2.9)])
88.5054 	EXP 	text_5: autoDraw = False
88.5054 	EXP 	fixation_1: image = 'ANT_images/fixation.png'
88.5054 	EXP 	warning: image = 'ANT_images/down.png'
88.5054 	EXP 	target: pos = array([ 0.  , -0.25])
88.5054 	EXP 	target: image = 'ANT_images/neu_r.png'
88.5054 	EXP 	fixation_1: autoDraw = True
89.1793 	EXP 	warning: autoDraw = True
89.1874 	EXP 	fixation_1: autoDraw = False
89.4150 	EXP 	warning: autoDraw = False
89.4150 	EXP 	fixation_2: autoDraw = True
89.8256 	EXP 	fixation_2: autoDraw = False
89.8256 	EXP 	target: autoDraw = True
90.3264 	DATA 	Keypress: i
92.3519 	EXP 	window1: mouseVisible = True
