1.8836 	WARNING 	We strongly recommend you activate the PTB sound engine in PsychoPy prefs as the preferred audio engine. Its timing is vastly superior. Your prefs are currently set to use ['sounddevice', 'PTB', 'pyo', 'pygame'] (in that order).
5.8168 	WARNING 	Import Error: No module named 'psychtoolbox'. Using event module for keyboard component.
9.2191 	WARNING 	Monitor specification not found. Creating a temporary one...
9.2312 	WARNING 	User requested fullscreen with size [1280  800], but screen is actually [2256, 1504]. Using actual size
12.4418 	EXP 	Created window1 = Window(allowGUI=False, allowStencil=False, args=UNKNOWN, autoLog=True, bitsMode=UNKNOWN, blendMode='avg', bpc=(8, 8, 8), color=array([1., 1., 1.]), colorSpace='rgb', depthBits=8, fullscr=<method-wrapper '__getattribute__' of attributeSetter object at 0x11121D70>, gamma=None, gammaErrorPolicy='raise', kwargs=UNKNOWN, lms=UNKNOWN, monitor=<psychopy.monitors.calibTools.Monitor object at 0x0EB11F50>, multiSample=False, name='window1', numSamples=2, pos=[0.0, 0.0], screen=0, size=array([2256, 1504]), stencilBits=0, stereo=False, units='height', useFBO=True, useRetina=False, viewOri=0.0, viewPos=None, viewScale=None, waitBlanking=True, winType='pyglet')
12.4419 	EXP 	window1: recordFrameIntervals = False
12.6071 	EXP 	window1: recordFrameIntervals = True
12.7908 	EXP 	window1: recordFrameIntervals = False
13.1172 	EXP 	Created instr_1 = TextStim(__class__=<class 'psychopy.visual.text.TextStim'>, alignHoriz=method-wrapper(...), alignText='center', alignVert=method-wrapper(...), anchorHoriz='center', anchorVert='center', antialias=True, autoLog=True, bold=False, color='black', colorSpace='named', contrast=1.0, depth=0.0, flipHoriz=False, flipVert=False, font='Arial', fontFiles=[], height=0.03, italic=False, languageStyle='LTR', name='instr_1', opacity=1.0, ori=0, pos=array([0., 0.]), rgb=array([0., 0., 0.]), text=str(...), units='height', win=Window(...), wrapWidth=1)
13.1607 	EXP 	Created image = ImageStim(__class__=<class 'psychopy.visual.image.ImageStim'>, autoLog=True, color=array([1., 1., 1.]), colorSpace='rgb', contrast=1.0, depth=-2.0, flipHoriz=False, flipVert=False, image='ANT_images/image1.png', interpolate=True, mask=None, maskParams=None, name='image', opacity=1.0, ori=0.0, pos=array([ 0. , -0.1]), size=array([0.5 , 0.12]), texRes=128, units='height', win=Window(...))
13.2020 	EXP 	Created instr_2 = TextStim(__class__=<class 'psychopy.visual.text.TextStim'>, alignHoriz=method-wrapper(...), alignText='center', alignVert=method-wrapper(...), anchorHoriz='center', anchorVert='center', antialias=True, autoLog=True, bold=False, color='black', colorSpace='named', contrast=1.0, depth=0.0, flipHoriz=False, flipVert=False, font='Arial', fontFiles=[], height=0.03, italic=False, languageStyle='LTR', name='instr_2', opacity=1.0, ori=0, pos=array([0., 0.]), rgb=array([0., 0., 0.]), text=str(...), units='height', win=Window(...), wrapWidth=1)
13.2238 	EXP 	Created image_2_1 = ImageStim(__class__=<class 'psychopy.visual.image.ImageStim'>, autoLog=True, color=array([1., 1., 1.]), colorSpace='rgb', contrast=1.0, depth=-2.0, flipHoriz=False, flipVert=False, image='ANT_images/image2.1.png', interpolate=True, mask=None, maskParams=None, name='image_2_1', opacity=1.0, ori=0.0, pos=array([0.  , 0.14]), size=array([0.5 , 0.12]), texRes=128, units='height', win=Window(...))
13.2493 	EXP 	Created image_2_2 = ImageStim(__class__=<class 'psychopy.visual.image.ImageStim'>, autoLog=True, color=array([1., 1., 1.]), colorSpace='rgb', contrast=1.0, depth=-3.0, flipHoriz=False, flipVert=False, image='ANT_images/image2.2.png', interpolate=True, mask=None, maskParams=None, name='image_2_2', opacity=1.0, ori=0.0, pos=array([ 0. , -0.1]), size=array([0.5 , 0.12]), texRes=128, units='height', win=Window(...))
13.2692 	EXP 	Created text = TextStim(__class__=<class 'psychopy.visual.text.TextStim'>, alignHoriz=method-wrapper(...), alignText='center', alignVert=method-wrapper(...), anchorHoriz='center', anchorVert='center', antialias=True, autoLog=True, bold=False, color='black', colorSpace='named', contrast=1.0, depth=0.0, flipHoriz=False, flipVert=False, font='Arial', fontFiles=[], height=0.03, italic=False, languageStyle='LTR', name='text', opacity=1.0, ori=0, pos=array([0. , 0.3]), rgb=array([0., 0., 0.]), text=str(...), units='height', win=Window(...), wrapWidth=1)
13.3106 	EXP 	Created image_3 = ImageStim(__class__=<class 'psychopy.visual.image.ImageStim'>, autoLog=True, color=array([1., 1., 1.]), colorSpace='rgb', contrast=1.0, depth=-2.0, flipHoriz=False, flipVert=False, image='ANT_images/image3.png', interpolate=True, mask=None, maskParams=None, name='image_3', opacity=1.0, ori=0.0, pos=array([ 0.  , -0.07]), size=array([0.7, 0.3]), texRes=128, units='height', win=Window(...))
13.3519 	EXP 	Created instr_4 = TextStim(__class__=<class 'psychopy.visual.text.TextStim'>, alignHoriz=method-wrapper(...), alignText='center', alignVert=method-wrapper(...), anchorHoriz='center', anchorVert='center', antialias=True, autoLog=True, bold=False, color='black', colorSpace='named', contrast=1.0, depth=0.0, flipHoriz=False, flipVert=False, font='Arial', fontFiles=[], height=0.03, italic=False, languageStyle='LTR', name='instr_4', opacity=1.0, ori=0, pos=array([0., 0.]), rgb=array([0., 0., 0.]), text=str(...), units='height', win=Window(...), wrapWidth=1)
13.3975 	EXP 	Created image_4 = ImageStim(__class__=<class 'psychopy.visual.image.ImageStim'>, autoLog=True, color=array([1., 1., 1.]), colorSpace='rgb', contrast=1.0, depth=-2.0, flipHoriz=False, flipVert=False, image='ANT_images/image4.png', interpolate=True, mask=None, maskParams=None, name='image_4', opacity=1.0, ori=0.0, pos=array([0. , 0.1]), size=array([0.6 , 0.15]), texRes=128, units='height', win=Window(...))
13.4202 	EXP 	Created pract_instr = TextStim(__class__=<class 'psychopy.visual.text.TextStim'>, alignHoriz=method-wrapper(...), alignText='center', alignVert=method-wrapper(...), anchorHoriz='center', anchorVert='center', antialias=True, autoLog=True, bold=False, color='black', colorSpace='named', contrast=1.0, depth=-1.0, flipHoriz=False, flipVert=False, font='Arial', fontFiles=[], height=0.03, italic=False, languageStyle='LTR', name='pract_instr', opacity=1.0, ori=0, pos=array([0., 0.]), rgb=array([0., 0., 0.]), text=str(...), units='height', win=Window(...), wrapWidth=1)
13.4241 	EXP 	Created fix_1 = ImageStim(__class__=<class 'psychopy.visual.image.ImageStim'>, autoLog=True, color=array([1., 1., 1.]), colorSpace='rgb', contrast=1.0, depth=0.0, flipHoriz=False, flipVert=False, image='sin', interpolate=True, mask=None, maskParams=None, name='fix_1', opacity=1.0, ori=0.0, pos=array([0., 0.]), size=array([1., 1.]), texRes=128, units='height', win=Window(...))
13.4277 	EXP 	Created pract_warning = ImageStim(__class__=<class 'psychopy.visual.image.ImageStim'>, autoLog=True, color=array([1., 1., 1.]), colorSpace='rgb', contrast=1.0, depth=-1.0, flipHoriz=False, flipVert=False, image='sin', interpolate=True, mask=None, maskParams=None, name='pract_warning', opacity=1.0, ori=0.0, pos=array([0., 0.]), size=array([1., 1.]), texRes=128, units='height', win=Window(...))
13.4313 	EXP 	Created fix_2 = ImageStim(__class__=<class 'psychopy.visual.image.ImageStim'>, autoLog=True, color=array([1., 1., 1.]), colorSpace='rgb', contrast=1.0, depth=-2.0, flipHoriz=False, flipVert=False, image='sin', interpolate=True, mask=None, maskParams=None, name='fix_2', opacity=1.0, ori=0.0, pos=array([0., 0.]), size=array([1., 1.]), texRes=128, units='height', win=Window(...))
13.4348 	EXP 	Created pract_target = ImageStim(__class__=<class 'psychopy.visual.image.ImageStim'>, autoLog=True, color=array([1., 1., 1.]), colorSpace='rgb', contrast=1.0, depth=-3.0, flipHoriz=False, flipVert=False, image='sin', interpolate=True, mask=None, maskParams=None, name='pract_target', opacity=1.0, ori=0.0, pos=array([0., 0.]), size=array([0.7, 0.3]), texRes=128, units='height', win=Window(...))
13.4894 	EXP 	Created text_3 = TextStim(__class__=<class 'psychopy.visual.text.TextStim'>, alignHoriz=method-wrapper(...), alignText='center', alignVert=method-wrapper(...), anchorHoriz='center', anchorVert='center', antialias=True, autoLog=True, bold=False, color='white', colorSpace='named', contrast=1.0, depth=-1.0, flipHoriz=False, flipVert=False, font='Arial', fontFiles=[], height=0.1, italic=False, languageStyle='LTR', name='text_3', opacity=1.0, ori=0, pos=array([0., 0.]), rgb=array([255., 255., 255.]), text='default text', units='height', win=Window(...), wrapWidth=1)
13.5263 	EXP 	Created practice_res = TextStim(__class__=<class 'psychopy.visual.text.TextStim'>, alignHoriz=method-wrapper(...), alignText='center', alignVert=method-wrapper(...), anchorHoriz='center', anchorVert='center', antialias=True, autoLog=True, bold=False, color='black', colorSpace='named', contrast=1.0, depth=0.0, flipHoriz=False, flipVert=False, font='Arial', fontFiles=[], height=0.03, italic=False, languageStyle='LTR', name='practice_res', opacity=1.0, ori=0, pos=array([0., 0.]), rgb=array([0., 0., 0.]), text=str(...), units='height', win=Window(...), wrapWidth=1)
13.5327 	EXP 	Created practice_accuracy = TextStim(__class__=<class 'psychopy.visual.text.TextStim'>, alignHoriz=method-wrapper(...), alignText='center', alignVert=method-wrapper(...), anchorHoriz='center', anchorVert='center', antialias=True, autoLog=True, bold=False, color='black', colorSpace='named', contrast=1.0, depth=-2.0, flipHoriz=False, flipVert=False, font='Arial', fontFiles=[], height=0.03, italic=False, languageStyle='LTR', name='practice_accuracy', opacity=1.0, ori=0, pos=array([0., 0.]), rgb=array([0., 0., 0.]), text='0', units='height', win=Window(...), wrapWidth=1)
13.5362 	EXP 	Created response_time = TextStim(__class__=<class 'psychopy.visual.text.TextStim'>, alignHoriz=method-wrapper(...), alignText='center', alignVert=method-wrapper(...), anchorHoriz='center', anchorVert='center', antialias=True, autoLog=True, bold=False, color='black', colorSpace='named', contrast=1.0, depth=-3.0, flipHoriz=False, flipVert=False, font='Arial', fontFiles=[], height=0.03, italic=False, languageStyle='LTR', name='response_time', opacity=1.0, ori=0, pos=array([0.  , 0.04]), rgb=array([0., 0., 0.]), text='0', units='height', win=Window(...), wrapWidth=1)
13.5402 	EXP 	Created fixation_1 = ImageStim(__class__=<class 'psychopy.visual.image.ImageStim'>, autoLog=True, color=array([1., 1., 1.]), colorSpace='rgb', contrast=1.0, depth=0.0, flipHoriz=False, flipVert=False, image='sin', interpolate=True, mask=None, maskParams=None, name='fixation_1', opacity=1.0, ori=0.0, pos=array([0., 0.]), size=array([1., 1.]), texRes=128, units='height', win=Window(...))
13.5440 	EXP 	Created warning = ImageStim(__class__=<class 'psychopy.visual.image.ImageStim'>, autoLog=True, color=array([1., 1., 1.]), colorSpace='rgb', contrast=1.0, depth=-1.0, flipHoriz=False, flipVert=False, image='sin', interpolate=True, mask=None, maskParams=None, name='warning', opacity=1.0, ori=0.0, pos=array([0., 0.]), size=array([1., 1.]), texRes=128, units='height', win=Window(...))
13.7766 	EXP 	Created fixation_2 = ImageStim(__class__=<class 'psychopy.visual.image.ImageStim'>, autoLog=True, color=array([1., 1., 1.]), colorSpace='rgb', contrast=1.0, depth=-2.0, flipHoriz=False, flipVert=False, image='ANT_images/fixation.png', interpolate=True, mask=None, maskParams=None, name='fixation_2', opacity=1.0, ori=0.0, pos=array([0., 0.]), size=array([1., 1.]), texRes=128, units='height', win=Window(...))
13.7793 	EXP 	Created target = ImageStim(__class__=<class 'psychopy.visual.image.ImageStim'>, autoLog=True, color=array([1., 1., 1.]), colorSpace='rgb', contrast=1.0, depth=-3.0, flipHoriz=False, flipVert=False, image='sin', interpolate=True, mask=None, maskParams=None, name='target', opacity=1.0, ori=0.0, pos=array([0., 0.]), size=array([0.7, 0.3]), texRes=128, units='height', win=Window(...))
13.9050 	EXP 	Created post_fixation = ImageStim(__class__=<class 'psychopy.visual.image.ImageStim'>, autoLog=True, color=array([1., 1., 1.]), colorSpace='rgb', contrast=1.0, depth=-4.0, flipHoriz=False, flipVert=False, image='ANT_images/fixation.png', interpolate=True, mask=None, maskParams=None, name='post_fixation', opacity=1.0, ori=0.0, pos=array([0., 0.]), size=array([1., 1.]), texRes=128, units='height', win=Window(...))
14.0046 	EXP 	Created break_message = TextStim(__class__=<class 'psychopy.visual.text.TextStim'>, alignHoriz=method-wrapper(...), alignText='center', alignVert=method-wrapper(...), anchorHoriz='center', anchorVert='center', antialias=True, autoLog=True, bold=False, color='black', colorSpace='named', contrast=1.0, depth=0.0, flipHoriz=False, flipVert=False, font='Arial', fontFiles=[], height=0.05, italic=False, languageStyle='LTR', name='break_message', opacity=1.0, ori=0, pos=array([0., 0.]), rgb=array([0., 0., 0.]), text=str(...), units='height', win=Window(...), wrapWidth=1)
14.0090 	EXP 	Created fixation_1 = ImageStim(__class__=<class 'psychopy.visual.image.ImageStim'>, autoLog=True, color=array([1., 1., 1.]), colorSpace='rgb', contrast=1.0, depth=0.0, flipHoriz=False, flipVert=False, image='sin', interpolate=True, mask=None, maskParams=None, name='fixation_1', opacity=1.0, ori=0.0, pos=array([0., 0.]), size=array([1., 1.]), texRes=128, units='height', win=Window(...))
14.0135 	EXP 	Created warning = ImageStim(__class__=<class 'psychopy.visual.image.ImageStim'>, autoLog=True, color=array([1., 1., 1.]), colorSpace='rgb', contrast=1.0, depth=-1.0, flipHoriz=False, flipVert=False, image='sin', interpolate=True, mask=None, maskParams=None, name='warning', opacity=1.0, ori=0.0, pos=array([0., 0.]), size=array([1., 1.]), texRes=128, units='height', win=Window(...))
14.1678 	EXP 	Created fixation_2 = ImageStim(__class__=<class 'psychopy.visual.image.ImageStim'>, autoLog=True, color=array([1., 1., 1.]), colorSpace='rgb', contrast=1.0, depth=-2.0, flipHoriz=False, flipVert=False, image='ANT_images/fixation.png', interpolate=True, mask=None, maskParams=None, name='fixation_2', opacity=1.0, ori=0.0, pos=array([0., 0.]), size=array([1., 1.]), texRes=128, units='height', win=Window(...))
14.1711 	EXP 	Created target = ImageStim(__class__=<class 'psychopy.visual.image.ImageStim'>, autoLog=True, color=array([1., 1., 1.]), colorSpace='rgb', contrast=1.0, depth=-3.0, flipHoriz=False, flipVert=False, image='sin', interpolate=True, mask=None, maskParams=None, name='target', opacity=1.0, ori=0.0, pos=array([0., 0.]), size=array([0.7, 0.3]), texRes=128, units='height', win=Window(...))
14.3341 	EXP 	Created post_fixation = ImageStim(__class__=<class 'psychopy.visual.image.ImageStim'>, autoLog=True, color=array([1., 1., 1.]), colorSpace='rgb', contrast=1.0, depth=-4.0, flipHoriz=False, flipVert=False, image='ANT_images/fixation.png', interpolate=True, mask=None, maskParams=None, name='post_fixation', opacity=1.0, ori=0.0, pos=array([0., 0.]), size=array([1., 1.]), texRes=128, units='height', win=Window(...))
14.3506 	EXP 	Created text_2 = TextStim(__class__=<class 'psychopy.visual.text.TextStim'>, alignHoriz=method-wrapper(...), alignText='center', alignVert=method-wrapper(...), anchorHoriz='center', anchorVert='center', antialias=True, autoLog=True, bold=False, color='black', colorSpace='named', contrast=1.0, depth=0.0, flipHoriz=False, flipVert=False, font='Arial', fontFiles=[], height=0.05, italic=False, languageStyle='LTR', name='text_2', opacity=1.0, ori=0, pos=array([0., 0.]), rgb=array([0., 0., 0.]), text=str(...), units='height', win=Window(...), wrapWidth=1)
14.4475 	EXP 	instr_1: autoDraw = True
14.4475 	EXP 	image: autoDraw = True
15.1784 	DATA 	Keypress: space
15.2359 	EXP 	instr_1: autoDraw = False
15.2359 	EXP 	image: autoDraw = False
15.2359 	EXP 	instr_2: autoDraw = True
15.2359 	EXP 	image_2_1: autoDraw = True
15.2359 	EXP 	image_2_2: autoDraw = True
15.5784 	DATA 	Keypress: space
15.6365 	EXP 	instr_2: autoDraw = False
15.6365 	EXP 	image_2_1: autoDraw = False
15.6365 	EXP 	image_2_2: autoDraw = False
15.6365 	EXP 	text: autoDraw = True
15.6365 	EXP 	image_3: autoDraw = True
15.9264 	DATA 	Keypress: space
15.9926 	EXP 	text: autoDraw = False
15.9926 	EXP 	image_3: autoDraw = False
15.9926 	EXP 	instr_4: autoDraw = True
15.9926 	EXP 	image_4: autoDraw = True
16.2960 	DATA 	Keypress: space
16.3314 	EXP 	instr_4: autoDraw = False
16.3314 	EXP 	image_4: autoDraw = False
16.3314 	EXP 	pract_instr: autoDraw = True
16.8286 	DATA 	Keypress: space
16.9189 	EXP 	Imported ANT_practice.xlsx as conditions, 24 conditions, 7 params
16.9200 	EXP 	Created sequence: random, trialTypes=24, nReps=1, seed=None
16.9212 	EXP 	New trial (rep=0, index=0): OrderedDict([('cue_file', 'ANT_images/center.png'), ('flanker', 'ANT_images/neu_r.png'), ('pos', 0.25), ('correct', 'i'), ('fix1', 1.0), ('cue_time', 0.1), ('stimStart', 1.5)])
17.2800 	EXP 	pract_instr: autoDraw = False
17.2800 	EXP 	fix_1: image = 'ANT_images/fixation.png'
17.2800 	EXP 	pract_warning: image = 'ANT_images/center.png'
17.2800 	EXP 	fix_2: image = 'ANT_images/fixation.png'
17.2800 	EXP 	pract_target: pos = array([0.  , 0.25])
17.2800 	EXP 	pract_target: image = 'ANT_images/neu_r.png'
17.2800 	EXP 	fix_1: autoDraw = True
18.2748 	EXP 	pract_warning: autoDraw = True
18.2824 	EXP 	fix_1: autoDraw = False
18.4828 	EXP 	pract_warning: autoDraw = False
18.4828 	EXP 	fix_2: autoDraw = True
18.9233 	EXP 	fix_2: autoDraw = False
18.9233 	EXP 	pract_target: autoDraw = True
19.4759 	DATA 	Keypress: i
19.5308 	EXP 	fix_1: autoDraw = False
19.5308 	EXP 	pract_warning: autoDraw = False
19.5308 	EXP 	fix_2: autoDraw = False
19.5308 	EXP 	pract_target: autoDraw = False
19.5308 	EXP 	text_3: color = 'black (named)'
19.5308 	EXP 	text_3: text = 'Correct'
19.5308 	EXP 	text_3: autoDraw = True
19.8930 	EXP 	New trial (rep=0, index=1): OrderedDict([('cue_file', 'ANT_images/none.png'), ('flanker', 'ANT_images/incong_r.png'), ('pos', 0.25), ('correct', 'i'), ('fix1', 0.1), ('cue_time', 0.0), ('stimStart', 0.5)])
20.1038 	EXP 	text_3: autoDraw = False
20.1038 	EXP 	fix_1: image = 'ANT_images/fixation.png'
20.1038 	EXP 	pract_warning: image = 'ANT_images/none.png'
20.1038 	EXP 	fix_2: image = 'ANT_images/fixation.png'
20.1038 	EXP 	pract_target: pos = array([0.  , 0.25])
20.1038 	EXP 	pract_target: image = 'ANT_images/incong_r.png'
20.1038 	EXP 	fix_1: autoDraw = True
20.1973 	EXP 	pract_warning: autoDraw = True
20.1973 	EXP 	pract_warning: autoDraw = False
20.1973 	EXP 	fix_2: autoDraw = True
20.2103 	EXP 	fix_1: autoDraw = False
20.6081 	EXP 	fix_2: autoDraw = False
20.6081 	EXP 	pract_target: autoDraw = True
21.3257 	DATA 	Keypress: e
21.3673 	EXP 	fix_1: autoDraw = False
21.3673 	EXP 	pract_warning: autoDraw = False
21.3673 	EXP 	fix_2: autoDraw = False
21.3673 	EXP 	pract_target: autoDraw = False
21.3673 	EXP 	text_3: color = 'black (named)'
21.3673 	EXP 	text_3: text = 'Incorrect'
21.3673 	EXP 	text_3: autoDraw = True
21.7427 	EXP 	New trial (rep=0, index=2): OrderedDict([('cue_file', 'ANT_images/down.png'), ('flanker', 'ANT_images/incong_r.png'), ('pos', -0.25), ('correct', 'i'), ('fix1', 1.0), ('cue_time', 0.1), ('stimStart', 1.5)])
21.9510 	EXP 	text_3: autoDraw = False
21.9510 	EXP 	fix_1: image = 'ANT_images/fixation.png'
21.9510 	EXP 	pract_warning: image = 'ANT_images/down.png'
21.9510 	EXP 	fix_2: image = 'ANT_images/fixation.png'
21.9510 	EXP 	pract_target: pos = array([ 0.  , -0.25])
21.9510 	EXP 	pract_target: image = 'ANT_images/incong_r.png'
21.9510 	EXP 	fix_1: autoDraw = True
22.9304 	EXP 	pract_warning: autoDraw = True
22.9604 	EXP 	fix_1: autoDraw = False
23.0441 	EXP 	pract_warning: autoDraw = False
23.0441 	EXP 	fix_2: autoDraw = True
23.4414 	EXP 	fix_2: autoDraw = False
23.4414 	EXP 	pract_target: autoDraw = True
24.2943 	DATA 	Keypress: i
24.3319 	EXP 	fix_1: autoDraw = False
24.3319 	EXP 	pract_warning: autoDraw = False
24.3319 	EXP 	fix_2: autoDraw = False
24.3319 	EXP 	pract_target: autoDraw = False
24.3319 	EXP 	text_3: color = 'black (named)'
24.3319 	EXP 	text_3: text = 'Correct'
24.3319 	EXP 	text_3: autoDraw = True
24.7258 	EXP 	New trial (rep=0, index=3): OrderedDict([('cue_file', 'ANT_images/double.png'), ('flanker', 'ANT_images/cong_r.png'), ('pos', 0.25), ('correct', 'i'), ('fix1', 1.3), ('cue_time', 0.1), ('stimStart', 1.8000000000000003)])
24.9285 	EXP 	text_3: autoDraw = False
24.9285 	EXP 	fix_1: image = 'ANT_images/fixation.png'
24.9285 	EXP 	pract_warning: image = 'ANT_images/double.png'
24.9285 	EXP 	fix_2: image = 'ANT_images/fixation.png'
24.9285 	EXP 	pract_target: pos = array([0.  , 0.25])
24.9285 	EXP 	pract_target: image = 'ANT_images/cong_r.png'
24.9285 	EXP 	fix_1: autoDraw = True
26.2305 	EXP 	pract_warning: autoDraw = True
26.2436 	EXP 	fix_1: autoDraw = False
26.3440 	EXP 	pract_warning: autoDraw = False
26.3440 	EXP 	fix_2: autoDraw = True
26.7415 	EXP 	fix_2: autoDraw = False
26.7415 	EXP 	pract_target: autoDraw = True
27.3459 	DATA 	Keypress: i
27.3578 	EXP 	fix_1: autoDraw = False
27.3578 	EXP 	pract_warning: autoDraw = False
27.3578 	EXP 	fix_2: autoDraw = False
27.3578 	EXP 	pract_target: autoDraw = False
27.3578 	EXP 	text_3: color = 'black (named)'
27.3578 	EXP 	text_3: text = 'Correct'
27.3578 	EXP 	text_3: autoDraw = True
27.7427 	EXP 	New trial (rep=0, index=4): OrderedDict([('cue_file', 'ANT_images/none.png'), ('flanker', 'ANT_images/cong_l.png'), ('pos', -0.25), ('correct', 'e'), ('fix1', 0.1), ('cue_time', 0.0), ('stimStart', 0.5)])
27.9469 	EXP 	text_3: autoDraw = False
27.9469 	EXP 	text_3: autoDraw = False
27.9469 	EXP 	fix_1: image = 'ANT_images/fixation.png'
27.9469 	EXP 	pract_warning: image = 'ANT_images/none.png'
27.9469 	EXP 	fix_2: image = 'ANT_images/fixation.png'
27.9469 	EXP 	pract_target: pos = array([ 0.  , -0.25])
27.9469 	EXP 	pract_target: image = 'ANT_images/cong_l.png'
27.9469 	EXP 	fix_1: autoDraw = True
28.0472 	EXP 	pract_warning: autoDraw = True
28.0472 	EXP 	pract_warning: autoDraw = False
28.0472 	EXP 	fix_2: autoDraw = True
28.0603 	EXP 	fix_1: autoDraw = False
28.4578 	EXP 	fix_2: autoDraw = False
28.4578 	EXP 	pract_target: autoDraw = True
29.0274 	DATA 	Keypress: e
29.0407 	EXP 	fix_1: autoDraw = False
29.0407 	EXP 	pract_warning: autoDraw = False
29.0407 	EXP 	fix_2: autoDraw = False
29.0407 	EXP 	pract_target: autoDraw = False
29.0407 	EXP 	text_3: color = 'black (named)'
29.0407 	EXP 	text_3: text = 'Correct'
29.0407 	EXP 	text_3: autoDraw = True
29.4267 	EXP 	New trial (rep=0, index=5): OrderedDict([('cue_file', 'ANT_images/down.png'), ('flanker', 'ANT_images/incong_l.png'), ('pos', -0.25), ('correct', 'e'), ('fix1', 1.3), ('cue_time', 0.1), ('stimStart', 1.8000000000000003)])
29.6568 	EXP 	text_3: autoDraw = False
29.6568 	EXP 	text_3: autoDraw = False
29.6568 	EXP 	fix_1: image = 'ANT_images/fixation.png'
29.6568 	EXP 	pract_warning: image = 'ANT_images/down.png'
29.6568 	EXP 	fix_2: image = 'ANT_images/fixation.png'
29.6568 	EXP 	pract_target: pos = array([ 0.  , -0.25])
29.6568 	EXP 	pract_target: image = 'ANT_images/incong_l.png'
29.6568 	EXP 	fix_1: autoDraw = True
30.9470 	EXP 	pract_warning: autoDraw = True
30.9602 	EXP 	fix_1: autoDraw = False
31.0608 	EXP 	pract_warning: autoDraw = False
31.0608 	EXP 	fix_2: autoDraw = True
31.4580 	EXP 	fix_2: autoDraw = False
31.4580 	EXP 	pract_target: autoDraw = True
32.2921 	DATA 	Keypress: e
32.3072 	EXP 	fix_1: autoDraw = False
32.3072 	EXP 	pract_warning: autoDraw = False
32.3072 	EXP 	fix_2: autoDraw = False
32.3072 	EXP 	pract_target: autoDraw = False
32.3072 	EXP 	text_3: color = 'black (named)'
32.3072 	EXP 	text_3: text = 'Correct'
32.3072 	EXP 	text_3: autoDraw = True
32.6923 	EXP 	New trial (rep=0, index=6): OrderedDict([('cue_file', 'ANT_images/up.png'), ('flanker', 'ANT_images/neu_l.png'), ('pos', 0.25), ('correct', 'e'), ('fix1', 1.4), ('cue_time', 0.1), ('stimStart', 1.9)])
32.8838 	EXP 	text_3: autoDraw = False
32.8838 	EXP 	text_3: autoDraw = False
32.8838 	EXP 	fix_1: image = 'ANT_images/fixation.png'
32.8838 	EXP 	pract_warning: image = 'ANT_images/up.png'
32.8838 	EXP 	fix_2: image = 'ANT_images/fixation.png'
32.8838 	EXP 	pract_target: pos = array([0.  , 0.25])
32.8838 	EXP 	pract_target: image = 'ANT_images/neu_l.png'
32.8838 	EXP 	fix_1: autoDraw = True
34.2638 	EXP 	pract_warning: autoDraw = True
34.2936 	EXP 	fix_1: autoDraw = False
34.3774 	EXP 	pract_warning: autoDraw = False
34.3774 	EXP 	fix_2: autoDraw = True
34.7742 	EXP 	fix_2: autoDraw = False
34.7742 	EXP 	pract_target: autoDraw = True
35.3756 	DATA 	Keypress: e
35.3907 	EXP 	fix_1: autoDraw = False
35.3907 	EXP 	pract_warning: autoDraw = False
35.3907 	EXP 	fix_2: autoDraw = False
35.3907 	EXP 	pract_target: autoDraw = False
35.3907 	EXP 	text_3: color = 'black (named)'
35.3907 	EXP 	text_3: text = 'Correct'
35.3907 	EXP 	text_3: autoDraw = True
35.7762 	EXP 	New trial (rep=0, index=7): OrderedDict([('cue_file', 'ANT_images/up.png'), ('flanker', 'ANT_images/incong_r.png'), ('pos', 0.25), ('correct', 'i'), ('fix1', 0.9), ('cue_time', 0.1), ('stimStart', 1.4)])
35.9745 	EXP 	text_3: autoDraw = False
35.9745 	EXP 	text_3: autoDraw = False
35.9745 	EXP 	fix_1: image = 'ANT_images/fixation.png'
35.9745 	EXP 	pract_warning: image = 'ANT_images/up.png'
35.9745 	EXP 	fix_2: image = 'ANT_images/fixation.png'
35.9745 	EXP 	pract_target: pos = array([0.  , 0.25])
35.9745 	EXP 	pract_target: image = 'ANT_images/incong_r.png'
35.9745 	EXP 	fix_1: autoDraw = True
36.8640 	EXP 	pract_warning: autoDraw = True
36.8769 	EXP 	fix_1: autoDraw = False
36.9773 	EXP 	pract_warning: autoDraw = False
36.9773 	EXP 	fix_2: autoDraw = True
37.3747 	EXP 	fix_2: autoDraw = False
37.3747 	EXP 	pract_target: autoDraw = True
37.9426 	DATA 	Keypress: i
37.9574 	EXP 	fix_1: autoDraw = False
37.9574 	EXP 	pract_warning: autoDraw = False
37.9574 	EXP 	fix_2: autoDraw = False
37.9574 	EXP 	pract_target: autoDraw = False
37.9574 	EXP 	text_3: color = 'black (named)'
37.9574 	EXP 	text_3: text = 'Correct'
37.9574 	EXP 	text_3: autoDraw = True
38.3428 	EXP 	New trial (rep=0, index=8): OrderedDict([('cue_file', 'ANT_images/center.png'), ('flanker', 'ANT_images/incong_r.png'), ('pos', 0.25), ('correct', 'i'), ('fix1', 0.4), ('cue_time', 0.1), ('stimStart', 0.9)])
38.5427 	EXP 	text_3: autoDraw = False
38.5427 	EXP 	text_3: autoDraw = False
38.5427 	EXP 	fix_1: image = 'ANT_images/fixation.png'
38.5427 	EXP 	pract_warning: image = 'ANT_images/center.png'
38.5427 	EXP 	fix_2: image = 'ANT_images/fixation.png'
38.5427 	EXP 	pract_target: pos = array([0.  , 0.25])
38.5427 	EXP 	pract_target: image = 'ANT_images/incong_r.png'
38.5427 	EXP 	fix_1: autoDraw = True
38.9303 	EXP 	pract_warning: autoDraw = True
38.9435 	EXP 	fix_1: autoDraw = False
39.0444 	EXP 	pract_warning: autoDraw = False
39.0444 	EXP 	fix_2: autoDraw = True
39.4412 	EXP 	fix_2: autoDraw = False
39.4412 	EXP 	pract_target: autoDraw = True
40.1421 	DATA 	Keypress: i
40.1573 	EXP 	fix_1: autoDraw = False
40.1573 	EXP 	pract_warning: autoDraw = False
40.1573 	EXP 	fix_2: autoDraw = False
40.1573 	EXP 	pract_target: autoDraw = False
40.1573 	EXP 	text_3: color = 'black (named)'
40.1573 	EXP 	text_3: text = 'Correct'
40.1573 	EXP 	text_3: autoDraw = True
40.5425 	EXP 	New trial (rep=0, index=9): OrderedDict([('cue_file', 'ANT_images/none.png'), ('flanker', 'ANT_images/cong_r.png'), ('pos', -0.25), ('correct', 'i'), ('fix1', 0.1), ('cue_time', 0.0), ('stimStart', 0.5)])
40.7501 	EXP 	text_3: autoDraw = False
40.7501 	EXP 	text_3: autoDraw = False
40.7501 	EXP 	fix_1: image = 'ANT_images/fixation.png'
40.7501 	EXP 	pract_warning: image = 'ANT_images/none.png'
40.7501 	EXP 	fix_2: image = 'ANT_images/fixation.png'
40.7501 	EXP 	pract_target: pos = array([ 0.  , -0.25])
40.7501 	EXP 	pract_target: image = 'ANT_images/cong_r.png'
40.7501 	EXP 	fix_1: autoDraw = True
40.8303 	EXP 	pract_warning: autoDraw = True
40.8303 	EXP 	pract_warning: autoDraw = False
40.8303 	EXP 	fix_2: autoDraw = True
40.8602 	EXP 	fix_1: autoDraw = False
41.2412 	EXP 	fix_2: autoDraw = False
41.2412 	EXP 	pract_target: autoDraw = True
41.8754 	DATA 	Keypress: i
41.8904 	EXP 	fix_1: autoDraw = False
41.8904 	EXP 	pract_warning: autoDraw = False
41.8904 	EXP 	fix_2: autoDraw = False
41.8904 	EXP 	pract_target: autoDraw = False
41.8904 	EXP 	text_3: color = 'black (named)'
41.8904 	EXP 	text_3: text = 'Correct'
41.8904 	EXP 	text_3: autoDraw = True
42.2762 	EXP 	New trial (rep=0, index=10): OrderedDict([('cue_file', 'ANT_images/none.png'), ('flanker', 'ANT_images/cong_l.png'), ('pos', 0.25), ('correct', 'e'), ('fix1', 0.1), ('cue_time', 0.0), ('stimStart', 0.5)])
42.4784 	EXP 	text_3: autoDraw = False
42.4784 	EXP 	text_3: autoDraw = False
42.4784 	EXP 	fix_1: image = 'ANT_images/fixation.png'
42.4784 	EXP 	pract_warning: image = 'ANT_images/none.png'
42.4784 	EXP 	fix_2: image = 'ANT_images/fixation.png'
42.4784 	EXP 	pract_target: pos = array([0.  , 0.25])
42.4784 	EXP 	pract_target: image = 'ANT_images/cong_l.png'
42.4784 	EXP 	fix_1: autoDraw = True
42.5803 	EXP 	pract_warning: autoDraw = True
42.5803 	EXP 	pract_warning: autoDraw = False
42.5803 	EXP 	fix_2: autoDraw = True
42.5934 	EXP 	fix_1: autoDraw = False
42.9912 	EXP 	fix_2: autoDraw = False
42.9912 	EXP 	pract_target: autoDraw = True
43.6087 	DATA 	Keypress: e
43.6238 	EXP 	fix_1: autoDraw = False
43.6238 	EXP 	pract_warning: autoDraw = False
43.6238 	EXP 	fix_2: autoDraw = False
43.6238 	EXP 	pract_target: autoDraw = False
43.6238 	EXP 	text_3: color = 'black (named)'
43.6238 	EXP 	text_3: text = 'Correct'
43.6238 	EXP 	text_3: autoDraw = True
44.0093 	EXP 	New trial (rep=0, index=11): OrderedDict([('cue_file', 'ANT_images/none.png'), ('flanker', 'ANT_images/neu_r.png'), ('pos', 0.25), ('correct', 'i'), ('fix1', 0.1), ('cue_time', 0.0), ('stimStart', 0.5)])
44.2128 	EXP 	text_3: autoDraw = False
44.2128 	EXP 	text_3: autoDraw = False
44.2128 	EXP 	fix_1: image = 'ANT_images/fixation.png'
44.2128 	EXP 	pract_warning: image = 'ANT_images/none.png'
44.2128 	EXP 	fix_2: image = 'ANT_images/fixation.png'
44.2128 	EXP 	pract_target: pos = array([0.  , 0.25])
44.2128 	EXP 	pract_target: image = 'ANT_images/neu_r.png'
44.2128 	EXP 	fix_1: autoDraw = True
44.3139 	EXP 	pract_warning: autoDraw = True
44.3139 	EXP 	pract_warning: autoDraw = False
44.3139 	EXP 	fix_2: autoDraw = True
44.3266 	EXP 	fix_1: autoDraw = False
44.7244 	EXP 	fix_2: autoDraw = False
44.7244 	EXP 	pract_target: autoDraw = True
45.1923 	DATA 	Keypress: i
45.2070 	EXP 	fix_1: autoDraw = False
45.2070 	EXP 	pract_warning: autoDraw = False
45.2070 	EXP 	fix_2: autoDraw = False
45.2070 	EXP 	pract_target: autoDraw = False
45.2070 	EXP 	text_3: color = 'black (named)'
45.2070 	EXP 	text_3: text = 'Correct'
45.2070 	EXP 	text_3: autoDraw = True
45.5916 	EXP 	New trial (rep=0, index=12): OrderedDict([('cue_file', 'ANT_images/center.png'), ('flanker', 'ANT_images/neu_l.png'), ('pos', -0.25), ('correct', 'e'), ('fix1', 0.8), ('cue_time', 0.1), ('stimStart', 1.3)])
45.7669 	EXP 	text_3: autoDraw = False
45.7669 	EXP 	text_3: autoDraw = False
45.7669 	EXP 	fix_1: image = 'ANT_images/fixation.png'
45.7669 	EXP 	pract_warning: image = 'ANT_images/center.png'
45.7669 	EXP 	fix_2: image = 'ANT_images/fixation.png'
45.7669 	EXP 	pract_target: pos = array([ 0.  , -0.25])
45.7669 	EXP 	pract_target: image = 'ANT_images/neu_l.png'
45.7669 	EXP 	fix_1: autoDraw = True
46.5466 	EXP 	pract_warning: autoDraw = True
46.5763 	EXP 	fix_1: autoDraw = False
46.6602 	EXP 	pract_warning: autoDraw = False
46.6602 	EXP 	fix_2: autoDraw = True
47.0578 	EXP 	fix_2: autoDraw = False
47.0578 	EXP 	pract_target: autoDraw = True
47.6086 	DATA 	Keypress: e
47.6239 	EXP 	fix_1: autoDraw = False
47.6239 	EXP 	pract_warning: autoDraw = False
47.6239 	EXP 	fix_2: autoDraw = False
47.6239 	EXP 	pract_target: autoDraw = False
47.6239 	EXP 	text_3: color = 'black (named)'
47.6239 	EXP 	text_3: text = 'Correct'
47.6239 	EXP 	text_3: autoDraw = True
48.0092 	EXP 	New trial (rep=0, index=13): OrderedDict([('cue_file', 'ANT_images/center.png'), ('flanker', 'ANT_images/neu_r.png'), ('pos', 0.25), ('correct', 'i'), ('fix1', 1.0), ('cue_time', 0.1), ('stimStart', 1.5)])
48.2059 	EXP 	text_3: autoDraw = False
48.2059 	EXP 	text_3: autoDraw = False
48.2059 	EXP 	fix_1: image = 'ANT_images/fixation.png'
48.2059 	EXP 	pract_warning: image = 'ANT_images/center.png'
48.2059 	EXP 	fix_2: image = 'ANT_images/fixation.png'
48.2059 	EXP 	pract_target: pos = array([0.  , 0.25])
48.2059 	EXP 	pract_target: image = 'ANT_images/neu_r.png'
48.2059 	EXP 	fix_1: autoDraw = True
49.1971 	EXP 	pract_warning: autoDraw = True
49.2101 	EXP 	fix_1: autoDraw = False
49.3104 	EXP 	pract_warning: autoDraw = False
49.3104 	EXP 	fix_2: autoDraw = True
49.7078 	EXP 	fix_2: autoDraw = False
49.7078 	EXP 	pract_target: autoDraw = True
50.2424 	DATA 	Keypress: i
50.2572 	EXP 	fix_1: autoDraw = False
50.2572 	EXP 	pract_warning: autoDraw = False
50.2572 	EXP 	fix_2: autoDraw = False
50.2572 	EXP 	pract_target: autoDraw = False
50.2572 	EXP 	text_3: color = 'black (named)'
50.2572 	EXP 	text_3: text = 'Correct'
50.2572 	EXP 	text_3: autoDraw = True
50.6425 	EXP 	New trial (rep=0, index=14): OrderedDict([('cue_file', 'ANT_images/none.png'), ('flanker', 'ANT_images/cong_r.png'), ('pos', 0.25), ('correct', 'i'), ('fix1', 0.1), ('cue_time', 0.0), ('stimStart', 0.5)])
50.8431 	EXP 	text_3: autoDraw = False
50.8431 	EXP 	text_3: autoDraw = False
50.8431 	EXP 	fix_1: image = 'ANT_images/fixation.png'
50.8431 	EXP 	pract_warning: image = 'ANT_images/none.png'
50.8431 	EXP 	fix_2: image = 'ANT_images/fixation.png'
50.8431 	EXP 	pract_target: pos = array([0.  , 0.25])
50.8431 	EXP 	pract_target: image = 'ANT_images/cong_r.png'
50.8431 	EXP 	fix_1: autoDraw = True
50.9303 	EXP 	pract_warning: autoDraw = True
50.9303 	EXP 	pract_warning: autoDraw = False
50.9303 	EXP 	fix_2: autoDraw = True
50.9433 	EXP 	fix_1: autoDraw = False
51.3412 	EXP 	fix_2: autoDraw = False
51.3412 	EXP 	pract_target: autoDraw = True
51.8096 	DATA 	Keypress: i
51.8236 	EXP 	fix_1: autoDraw = False
51.8236 	EXP 	pract_warning: autoDraw = False
51.8236 	EXP 	fix_2: autoDraw = False
51.8236 	EXP 	pract_target: autoDraw = False
51.8236 	EXP 	text_3: color = 'black (named)'
51.8236 	EXP 	text_3: text = 'Correct'
51.8236 	EXP 	text_3: autoDraw = True
52.2094 	EXP 	New trial (rep=0, index=15): OrderedDict([('cue_file', 'ANT_images/double.png'), ('flanker', 'ANT_images/neu_r.png'), ('pos', -0.25), ('correct', 'i'), ('fix1', 0.7), ('cue_time', 0.1), ('stimStart', 1.2)])
52.4125 	EXP 	text_3: autoDraw = False
52.4125 	EXP 	text_3: autoDraw = False
52.4125 	EXP 	fix_1: image = 'ANT_images/fixation.png'
52.4125 	EXP 	pract_warning: image = 'ANT_images/double.png'
52.4125 	EXP 	fix_2: image = 'ANT_images/fixation.png'
52.4125 	EXP 	pract_target: pos = array([ 0.  , -0.25])
52.4125 	EXP 	pract_target: image = 'ANT_images/neu_r.png'
52.4125 	EXP 	fix_1: autoDraw = True
53.1136 	EXP 	pract_warning: autoDraw = True
53.1267 	EXP 	fix_1: autoDraw = False
53.2274 	EXP 	pract_warning: autoDraw = False
53.2274 	EXP 	fix_2: autoDraw = True
53.6244 	EXP 	fix_2: autoDraw = False
53.6244 	EXP 	pract_target: autoDraw = True
54.1419 	DATA 	Keypress: e
54.1681 	EXP 	fix_1: autoDraw = False
54.1681 	EXP 	pract_warning: autoDraw = False
54.1681 	EXP 	fix_2: autoDraw = False
54.1681 	EXP 	pract_target: autoDraw = False
54.1681 	EXP 	text_3: color = 'black (named)'
54.1681 	EXP 	text_3: text = 'Incorrect'
54.1681 	EXP 	text_3: autoDraw = True
54.5085 	DATA 	Keypress: i
54.5591 	EXP 	New trial (rep=0, index=16): OrderedDict([('cue_file', 'ANT_images/double.png'), ('flanker', 'ANT_images/incong_r.png'), ('pos', -0.25), ('correct', 'i'), ('fix1', 1.6), ('cue_time', 0.1), ('stimStart', 2.1)])
54.7625 	EXP 	text_3: autoDraw = False
54.7625 	EXP 	fix_1: image = 'ANT_images/fixation.png'
54.7625 	EXP 	pract_warning: image = 'ANT_images/double.png'
54.7625 	EXP 	fix_2: image = 'ANT_images/fixation.png'
54.7625 	EXP 	pract_target: pos = array([ 0.  , -0.25])
54.7625 	EXP 	pract_target: image = 'ANT_images/incong_r.png'
54.7625 	EXP 	fix_1: autoDraw = True
56.3635 	EXP 	pract_warning: autoDraw = True
56.3765 	EXP 	fix_1: autoDraw = False
56.4772 	EXP 	pract_warning: autoDraw = False
56.4772 	EXP 	fix_2: autoDraw = True
56.8745 	EXP 	fix_2: autoDraw = False
56.8745 	EXP 	pract_target: autoDraw = True
57.5253 	DATA 	Keypress: i
57.5496 	EXP 	fix_1: autoDraw = False
57.5496 	EXP 	pract_warning: autoDraw = False
57.5496 	EXP 	fix_2: autoDraw = False
57.5496 	EXP 	pract_target: autoDraw = False
57.5496 	EXP 	text_3: color = 'black (named)'
57.5496 	EXP 	text_3: text = 'Correct'
57.5496 	EXP 	text_3: autoDraw = True
57.9423 	EXP 	New trial (rep=0, index=17): OrderedDict([('cue_file', 'ANT_images/down.png'), ('flanker', 'ANT_images/cong_l.png'), ('pos', -0.25), ('correct', 'e'), ('fix1', 1.2), ('cue_time', 0.1), ('stimStart', 1.7000000000000002)])
58.1426 	EXP 	text_3: autoDraw = False
58.1426 	EXP 	fix_1: image = 'ANT_images/fixation.png'
58.1426 	EXP 	pract_warning: image = 'ANT_images/down.png'
58.1426 	EXP 	fix_2: image = 'ANT_images/fixation.png'
58.1426 	EXP 	pract_target: pos = array([ 0.  , -0.25])
58.1426 	EXP 	pract_target: image = 'ANT_images/cong_l.png'
58.1426 	EXP 	fix_1: autoDraw = True
59.3302 	EXP 	pract_warning: autoDraw = True
59.3433 	EXP 	fix_1: autoDraw = False
59.4440 	EXP 	pract_warning: autoDraw = False
59.4440 	EXP 	fix_2: autoDraw = True
59.8409 	EXP 	fix_2: autoDraw = False
59.8409 	EXP 	pract_target: autoDraw = True
61.5842 	EXP 	pract_target: autoDraw = False
61.5842 	EXP 	fix_1: autoDraw = False
61.5842 	EXP 	pract_warning: autoDraw = False
61.5842 	EXP 	fix_2: autoDraw = False
61.5842 	EXP 	pract_target: autoDraw = False
61.5842 	EXP 	text_3: color = 'black (named)'
61.5842 	EXP 	text_3: text = 'No response'
61.5842 	EXP 	text_3: autoDraw = True
61.9411 	EXP 	New trial (rep=0, index=18): OrderedDict([('cue_file', 'ANT_images/center.png'), ('flanker', 'ANT_images/incong_l.png'), ('pos', -0.25), ('correct', 'e'), ('fix1', 1.3), ('cue_time', 0.1), ('stimStart', 1.8000000000000003)])
62.1239 	EXP 	text_3: autoDraw = False
62.1239 	EXP 	fix_1: image = 'ANT_images/fixation.png'
62.1239 	EXP 	pract_warning: image = 'ANT_images/center.png'
62.1239 	EXP 	fix_2: image = 'ANT_images/fixation.png'
62.1239 	EXP 	pract_target: pos = array([ 0.  , -0.25])
62.1239 	EXP 	pract_target: image = 'ANT_images/incong_l.png'
62.1239 	EXP 	fix_1: autoDraw = True
63.4134 	EXP 	pract_warning: autoDraw = True
63.4264 	EXP 	fix_1: autoDraw = False
63.5270 	EXP 	pract_warning: autoDraw = False
63.5270 	EXP 	fix_2: autoDraw = True
63.9244 	EXP 	fix_2: autoDraw = False
63.9244 	EXP 	pract_target: autoDraw = True
64.5923 	DATA 	Keypress: e
64.6146 	EXP 	fix_1: autoDraw = False
64.6146 	EXP 	pract_warning: autoDraw = False
64.6146 	EXP 	fix_2: autoDraw = False
64.6146 	EXP 	pract_target: autoDraw = False
64.6146 	EXP 	text_3: color = 'black (named)'
64.6146 	EXP 	text_3: text = 'Correct'
64.6146 	EXP 	text_3: autoDraw = True
65.0090 	EXP 	New trial (rep=0, index=19): OrderedDict([('cue_file', 'ANT_images/center.png'), ('flanker', 'ANT_images/neu_l.png'), ('pos', 0.25), ('correct', 'e'), ('fix1', 1.1), ('cue_time', 0.1), ('stimStart', 1.6)])
65.2072 	EXP 	text_3: autoDraw = False
65.2072 	EXP 	fix_1: image = 'ANT_images/fixation.png'
65.2072 	EXP 	pract_warning: image = 'ANT_images/center.png'
65.2072 	EXP 	fix_2: image = 'ANT_images/fixation.png'
65.2072 	EXP 	pract_target: pos = array([0.  , 0.25])
65.2072 	EXP 	pract_target: image = 'ANT_images/neu_l.png'
65.2072 	EXP 	fix_1: autoDraw = True
66.2970 	EXP 	pract_warning: autoDraw = True
66.3098 	EXP 	fix_1: autoDraw = False
66.4104 	EXP 	pract_warning: autoDraw = False
66.4104 	EXP 	fix_2: autoDraw = True
66.8075 	EXP 	fix_2: autoDraw = False
66.8075 	EXP 	pract_target: autoDraw = True
67.5084 	DATA 	Keypress: e
67.5236 	EXP 	fix_1: autoDraw = False
67.5236 	EXP 	pract_warning: autoDraw = False
67.5236 	EXP 	fix_2: autoDraw = False
67.5236 	EXP 	pract_target: autoDraw = False
67.5236 	EXP 	text_3: color = 'black (named)'
67.5236 	EXP 	text_3: text = 'Correct'
67.5236 	EXP 	text_3: autoDraw = True
67.9092 	EXP 	New trial (rep=0, index=20): OrderedDict([('cue_file', 'ANT_images/center.png'), ('flanker', 'ANT_images/cong_r.png'), ('pos', 0.25), ('correct', 'i'), ('fix1', 1.4), ('cue_time', 0.1), ('stimStart', 1.9)])
68.1129 	EXP 	text_3: autoDraw = False
68.1129 	EXP 	text_3: autoDraw = False
68.1129 	EXP 	fix_1: image = 'ANT_images/fixation.png'
68.1129 	EXP 	pract_warning: image = 'ANT_images/center.png'
68.1129 	EXP 	fix_2: image = 'ANT_images/fixation.png'
68.1129 	EXP 	pract_target: pos = array([0.  , 0.25])
68.1129 	EXP 	pract_target: image = 'ANT_images/cong_r.png'
68.1129 	EXP 	fix_1: autoDraw = True
69.5132 	EXP 	pract_warning: autoDraw = True
69.5265 	EXP 	fix_1: autoDraw = False
69.6270 	EXP 	pract_warning: autoDraw = False
69.6270 	EXP 	fix_2: autoDraw = True
70.0240 	EXP 	fix_2: autoDraw = False
70.0240 	EXP 	pract_target: autoDraw = True
70.4585 	DATA 	Keypress: i
70.4735 	EXP 	fix_1: autoDraw = False
70.4735 	EXP 	pract_warning: autoDraw = False
70.4735 	EXP 	fix_2: autoDraw = False
70.4735 	EXP 	pract_target: autoDraw = False
70.4735 	EXP 	text_3: color = 'black (named)'
70.4735 	EXP 	text_3: text = 'Correct'
70.4735 	EXP 	text_3: autoDraw = True
70.8591 	EXP 	New trial (rep=0, index=21): OrderedDict([('cue_file', 'ANT_images/double.png'), ('flanker', 'ANT_images/neu_r.png'), ('pos', 0.25), ('correct', 'i'), ('fix1', 1.2), ('cue_time', 0.1), ('stimStart', 1.7000000000000002)])
71.0623 	EXP 	text_3: autoDraw = False
71.0623 	EXP 	text_3: autoDraw = False
71.0623 	EXP 	fix_1: image = 'ANT_images/fixation.png'
71.0623 	EXP 	pract_warning: image = 'ANT_images/double.png'
71.0623 	EXP 	fix_2: image = 'ANT_images/fixation.png'
71.0623 	EXP 	pract_target: pos = array([0.  , 0.25])
71.0623 	EXP 	pract_target: image = 'ANT_images/neu_r.png'
71.0623 	EXP 	fix_1: autoDraw = True
72.2633 	EXP 	pract_warning: autoDraw = True
72.2764 	EXP 	fix_1: autoDraw = False
72.3768 	EXP 	pract_warning: autoDraw = False
72.3768 	EXP 	fix_2: autoDraw = True
72.7741 	EXP 	fix_2: autoDraw = False
72.7741 	EXP 	pract_target: autoDraw = True
73.2428 	DATA 	Keypress: i
73.2571 	EXP 	fix_1: autoDraw = False
73.2571 	EXP 	pract_warning: autoDraw = False
73.2571 	EXP 	fix_2: autoDraw = False
73.2571 	EXP 	pract_target: autoDraw = False
73.2571 	EXP 	text_3: color = 'black (named)'
73.2571 	EXP 	text_3: text = 'Correct'
73.2571 	EXP 	text_3: autoDraw = True
73.6425 	EXP 	New trial (rep=0, index=22): OrderedDict([('cue_file', 'ANT_images/up.png'), ('flanker', 'ANT_images/cong_l.png'), ('pos', 0.25), ('correct', 'e'), ('fix1', 1.5), ('cue_time', 0.1), ('stimStart', 2.0)])
73.8491 	EXP 	text_3: autoDraw = False
73.8491 	EXP 	text_3: autoDraw = False
73.8491 	EXP 	fix_1: image = 'ANT_images/fixation.png'
73.8491 	EXP 	pract_warning: image = 'ANT_images/up.png'
73.8491 	EXP 	fix_2: image = 'ANT_images/fixation.png'
73.8491 	EXP 	pract_target: pos = array([0.  , 0.25])
73.8491 	EXP 	pract_target: image = 'ANT_images/cong_l.png'
73.8491 	EXP 	fix_1: autoDraw = True
75.3467 	EXP 	pract_warning: autoDraw = True
75.3597 	EXP 	fix_1: autoDraw = False
75.4604 	EXP 	pract_warning: autoDraw = False
75.4604 	EXP 	fix_2: autoDraw = True
75.8575 	EXP 	fix_2: autoDraw = False
75.8575 	EXP 	pract_target: autoDraw = True
76.2583 	DATA 	Keypress: e
76.2733 	EXP 	fix_1: autoDraw = False
76.2733 	EXP 	pract_warning: autoDraw = False
76.2733 	EXP 	fix_2: autoDraw = False
76.2733 	EXP 	pract_target: autoDraw = False
76.2733 	EXP 	text_3: color = 'black (named)'
76.2733 	EXP 	text_3: text = 'Correct'
76.2733 	EXP 	text_3: autoDraw = True
76.6588 	EXP 	New trial (rep=0, index=23): OrderedDict([('cue_file', 'ANT_images/double.png'), ('flanker', 'ANT_images/incong_l.png'), ('pos', -0.25), ('correct', 'e'), ('fix1', 1.5), ('cue_time', 0.1), ('stimStart', 2.0)])
76.8629 	EXP 	text_3: autoDraw = False
76.8629 	EXP 	text_3: autoDraw = False
76.8629 	EXP 	fix_1: image = 'ANT_images/fixation.png'
76.8629 	EXP 	pract_warning: image = 'ANT_images/double.png'
76.8629 	EXP 	fix_2: image = 'ANT_images/fixation.png'
76.8629 	EXP 	pract_target: pos = array([ 0.  , -0.25])
76.8629 	EXP 	pract_target: image = 'ANT_images/incong_l.png'
76.8629 	EXP 	fix_1: autoDraw = True
78.3630 	EXP 	pract_warning: autoDraw = True
78.3760 	EXP 	fix_1: autoDraw = False
78.4764 	EXP 	pract_warning: autoDraw = False
78.4764 	EXP 	fix_2: autoDraw = True
78.8737 	EXP 	fix_2: autoDraw = False
78.8737 	EXP 	pract_target: autoDraw = True
79.6247 	DATA 	Keypress: e
79.6399 	EXP 	fix_1: autoDraw = False
79.6399 	EXP 	pract_warning: autoDraw = False
79.6399 	EXP 	fix_2: autoDraw = False
79.6399 	EXP 	pract_target: autoDraw = False
79.6399 	EXP 	text_3: color = 'black (named)'
79.6399 	EXP 	text_3: text = 'Correct'
79.6399 	EXP 	text_3: autoDraw = True
80.0402 	EXP 	text_3: autoDraw = False
80.0402 	EXP 	text_3: autoDraw = False
80.0402 	EXP 	practice_res: autoDraw = True
80.0402 	EXP 	practice_accuracy: autoDraw = True
80.0402 	EXP 	response_time: autoDraw = True
118.7081 	DATA 	Keypress: escape
119.0645 	EXP 	window1: mouseVisible = True
