1.7647 	WARNING 	We strongly recommend you activate the PTB sound engine in PsychoPy prefs as the preferred audio engine. Its timing is vastly superior. Your prefs are currently set to use ['sounddevice', 'PTB', 'pyo', 'pygame'] (in that order).
5.3630 	WARNING 	Import Error: No module named 'psychtoolbox'. Using event module for keyboard component.
9.1114 	WARNING 	Monitor specification not found. Creating a temporary one...
9.1242 	WARNING 	User requested fullscreen with size [1280  800], but screen is actually [2256, 1504]. Using actual size
12.0213 	EXP 	Created window1 = Window(allowGUI=False, allowStencil=False, args=UNKNOWN, autoLog=True, bitsMode=UNKNOWN, blendMode='avg', bpc=(8, 8, 8), color=array([1., 1., 1.]), colorSpace='rgb', depthBits=8, fullscr=<method-wrapper '__getattribute__' of attributeSetter object at 0x106F2EB0>, gamma=None, gammaErrorPolicy='raise', kwargs=UNKNOWN, lms=UNKNOWN, monitor=<psychopy.monitors.calibTools.Monitor object at 0x0E0F40B0>, multiSample=False, name='window1', numSamples=2, pos=[0.0, 0.0], screen=0, size=array([2256, 1504]), stencilBits=0, stereo=False, units='height', useFBO=True, useRetina=False, viewOri=0.0, viewPos=None, viewScale=None, waitBlanking=True, winType='pyglet')
12.0214 	EXP 	window1: recordFrameIntervals = False
12.1862 	EXP 	window1: recordFrameIntervals = True
12.3699 	EXP 	window1: recordFrameIntervals = False
12.8473 	EXP 	Created instr_1 = TextStim(__class__=<class 'psychopy.visual.text.TextStim'>, alignHoriz=method-wrapper(...), alignText='center', alignVert=method-wrapper(...), anchorHoriz='center', anchorVert='center', antialias=True, autoLog=True, bold=False, color='black', colorSpace='named', contrast=1.0, depth=0.0, flipHoriz=False, flipVert=False, font='Arial', fontFiles=[], height=0.03, italic=False, languageStyle='LTR', name='instr_1', opacity=1.0, ori=0, pos=array([0., 0.]), rgb=array([0., 0., 0.]), text=str(...), units='height', win=Window(...), wrapWidth=1)
12.8827 	EXP 	Created image = ImageStim(__class__=<class 'psychopy.visual.image.ImageStim'>, autoLog=True, color=array([1., 1., 1.]), colorSpace='rgb', contrast=1.0, depth=-2.0, flipHoriz=False, flipVert=False, image='ANT_images/image1.png', interpolate=True, mask=None, maskParams=None, name='image', opacity=1.0, ori=0.0, pos=array([ 0. , -0.1]), size=array([0.5 , 0.12]), texRes=128, units='height', win=Window(...))
12.9351 	EXP 	Created instr_2 = TextStim(__class__=<class 'psychopy.visual.text.TextStim'>, alignHoriz=method-wrapper(...), alignText='center', alignVert=method-wrapper(...), anchorHoriz='center', anchorVert='center', antialias=True, autoLog=True, bold=False, color='black', colorSpace='named', contrast=1.0, depth=0.0, flipHoriz=False, flipVert=False, font='Arial', fontFiles=[], height=0.03, italic=False, languageStyle='LTR', name='instr_2', opacity=1.0, ori=0, pos=array([0., 0.]), rgb=array([0., 0., 0.]), text=str(...), units='height', win=Window(...), wrapWidth=1)
12.9614 	EXP 	Created image_2_1 = ImageStim(__class__=<class 'psychopy.visual.image.ImageStim'>, autoLog=True, color=array([1., 1., 1.]), colorSpace='rgb', contrast=1.0, depth=-2.0, flipHoriz=False, flipVert=False, image='ANT_images/image2.1.png', interpolate=True, mask=None, maskParams=None, name='image_2_1', opacity=1.0, ori=0.0, pos=array([0.  , 0.14]), size=array([0.5 , 0.12]), texRes=128, units='height', win=Window(...))
12.9792 	EXP 	Created image_2_2 = ImageStim(__class__=<class 'psychopy.visual.image.ImageStim'>, autoLog=True, color=array([1., 1., 1.]), colorSpace='rgb', contrast=1.0, depth=-3.0, flipHoriz=False, flipVert=False, image='ANT_images/image2.2.png', interpolate=True, mask=None, maskParams=None, name='image_2_2', opacity=1.0, ori=0.0, pos=array([ 0. , -0.1]), size=array([0.5 , 0.12]), texRes=128, units='height', win=Window(...))
12.9967 	EXP 	Created text = TextStim(__class__=<class 'psychopy.visual.text.TextStim'>, alignHoriz=method-wrapper(...), alignText='center', alignVert=method-wrapper(...), anchorHoriz='center', anchorVert='center', antialias=True, autoLog=True, bold=False, color='black', colorSpace='named', contrast=1.0, depth=0.0, flipHoriz=False, flipVert=False, font='Arial', fontFiles=[], height=0.03, italic=False, languageStyle='LTR', name='text', opacity=1.0, ori=0, pos=array([0. , 0.3]), rgb=array([0., 0., 0.]), text=str(...), units='height', win=Window(...), wrapWidth=1)
13.0335 	EXP 	Created image_3 = ImageStim(__class__=<class 'psychopy.visual.image.ImageStim'>, autoLog=True, color=array([1., 1., 1.]), colorSpace='rgb', contrast=1.0, depth=-2.0, flipHoriz=False, flipVert=False, image='ANT_images/image3.png', interpolate=True, mask=None, maskParams=None, name='image_3', opacity=1.0, ori=0.0, pos=array([ 0.  , -0.07]), size=array([0.7, 0.3]), texRes=128, units='height', win=Window(...))
13.0684 	EXP 	Created instr_4 = TextStim(__class__=<class 'psychopy.visual.text.TextStim'>, alignHoriz=method-wrapper(...), alignText='center', alignVert=method-wrapper(...), anchorHoriz='center', anchorVert='center', antialias=True, autoLog=True, bold=False, color='black', colorSpace='named', contrast=1.0, depth=0.0, flipHoriz=False, flipVert=False, font='Arial', fontFiles=[], height=0.03, italic=False, languageStyle='LTR', name='instr_4', opacity=1.0, ori=0, pos=array([0., 0.]), rgb=array([0., 0., 0.]), text=str(...), units='height', win=Window(...), wrapWidth=1)
13.1101 	EXP 	Created image_4 = ImageStim(__class__=<class 'psychopy.visual.image.ImageStim'>, autoLog=True, color=array([1., 1., 1.]), colorSpace='rgb', contrast=1.0, depth=-2.0, flipHoriz=False, flipVert=False, image='ANT_images/image4.png', interpolate=True, mask=None, maskParams=None, name='image_4', opacity=1.0, ori=0.0, pos=array([0. , 0.1]), size=array([0.6 , 0.15]), texRes=128, units='height', win=Window(...))
13.1287 	EXP 	Created pract_instr = TextStim(__class__=<class 'psychopy.visual.text.TextStim'>, alignHoriz=method-wrapper(...), alignText='center', alignVert=method-wrapper(...), anchorHoriz='center', anchorVert='center', antialias=True, autoLog=True, bold=False, color='black', colorSpace='named', contrast=1.0, depth=-1.0, flipHoriz=False, flipVert=False, font='Arial', fontFiles=[], height=0.03, italic=False, languageStyle='LTR', name='pract_instr', opacity=1.0, ori=0, pos=array([0., 0.]), rgb=array([0., 0., 0.]), text=str(...), units='height', win=Window(...), wrapWidth=1)
13.1318 	EXP 	Created fix_1 = ImageStim(__class__=<class 'psychopy.visual.image.ImageStim'>, autoLog=True, color=array([1., 1., 1.]), colorSpace='rgb', contrast=1.0, depth=0.0, flipHoriz=False, flipVert=False, image='sin', interpolate=True, mask=None, maskParams=None, name='fix_1', opacity=1.0, ori=0.0, pos=array([0., 0.]), size=array([1., 1.]), texRes=128, units='height', win=Window(...))
13.1344 	EXP 	Created pract_warning = ImageStim(__class__=<class 'psychopy.visual.image.ImageStim'>, autoLog=True, color=array([1., 1., 1.]), colorSpace='rgb', contrast=1.0, depth=-1.0, flipHoriz=False, flipVert=False, image='sin', interpolate=True, mask=None, maskParams=None, name='pract_warning', opacity=1.0, ori=0.0, pos=array([0., 0.]), size=array([1., 1.]), texRes=128, units='height', win=Window(...))
13.1370 	EXP 	Created fix_2 = ImageStim(__class__=<class 'psychopy.visual.image.ImageStim'>, autoLog=True, color=array([1., 1., 1.]), colorSpace='rgb', contrast=1.0, depth=-2.0, flipHoriz=False, flipVert=False, image='sin', interpolate=True, mask=None, maskParams=None, name='fix_2', opacity=1.0, ori=0.0, pos=array([0., 0.]), size=array([1., 1.]), texRes=128, units='height', win=Window(...))
13.1395 	EXP 	Created pract_target = ImageStim(__class__=<class 'psychopy.visual.image.ImageStim'>, autoLog=True, color=array([1., 1., 1.]), colorSpace='rgb', contrast=1.0, depth=-3.0, flipHoriz=False, flipVert=False, image='sin', interpolate=True, mask=None, maskParams=None, name='pract_target', opacity=1.0, ori=0.0, pos=array([0., 0.]), size=array([0.7, 0.3]), texRes=128, units='height', win=Window(...))
13.1854 	EXP 	Created text_3 = TextStim(__class__=<class 'psychopy.visual.text.TextStim'>, alignHoriz=method-wrapper(...), alignText='center', alignVert=method-wrapper(...), anchorHoriz='center', anchorVert='center', antialias=True, autoLog=True, bold=False, color='white', colorSpace='named', contrast=1.0, depth=-1.0, flipHoriz=False, flipVert=False, font='Arial', fontFiles=[], height=0.1, italic=False, languageStyle='LTR', name='text_3', opacity=1.0, ori=0, pos=array([0., 0.]), rgb=array([255., 255., 255.]), text='default text', units='height', win=Window(...), wrapWidth=1)
13.2013 	EXP 	Created practice_res = TextStim(__class__=<class 'psychopy.visual.text.TextStim'>, alignHoriz=method-wrapper(...), alignText='center', alignVert=method-wrapper(...), anchorHoriz='center', anchorVert='center', antialias=True, autoLog=True, bold=False, color='black', colorSpace='named', contrast=1.0, depth=-1.0, flipHoriz=False, flipVert=False, font='Arial', fontFiles=[], height=0.03, italic=False, languageStyle='LTR', name='practice_res', opacity=1.0, ori=0, pos=array([0., 0.]), rgb=array([0., 0., 0.]), text=str(...), units='height', win=Window(...), wrapWidth=1)
13.2062 	EXP 	Created practice_accuracy = TextStim(__class__=<class 'psychopy.visual.text.TextStim'>, alignHoriz=method-wrapper(...), alignText='center', alignVert=method-wrapper(...), anchorHoriz='center', anchorVert='center', antialias=True, autoLog=True, bold=False, color='black', colorSpace='named', contrast=1.0, depth=-2.0, flipHoriz=False, flipVert=False, font='Arial', fontFiles=[], height=0.1, italic=False, languageStyle='LTR', name='practice_accuracy', opacity=1.0, ori=0, pos=array([0.2 , 0.73]), rgb=array([0., 0., 0.]), text='default text', units='height', win=Window(...), wrapWidth=1)
13.2104 	EXP 	Created response_time = TextStim(__class__=<class 'psychopy.visual.text.TextStim'>, alignHoriz=method-wrapper(...), alignText='center', alignVert=method-wrapper(...), anchorHoriz='center', anchorVert='center', antialias=True, autoLog=True, bold=False, color='black', colorSpace='named', contrast=1.0, depth=-3.0, flipHoriz=False, flipVert=False, font='Arial', fontFiles=[], height=0.03, italic=False, languageStyle='LTR', name='response_time', opacity=1.0, ori=0, pos=array([0.  , 0.55]), rgb=array([0., 0., 0.]), text='default text', units='height', win=Window(...), wrapWidth=1)
13.3517 	EXP 	Created text_5 = TextStim(__class__=<class 'psychopy.visual.text.TextStim'>, alignHoriz=method-wrapper(...), alignText='center', alignVert=method-wrapper(...), anchorHoriz='center', anchorVert='center', antialias=True, autoLog=True, bold=False, color='white', colorSpace='named', contrast=1.0, depth=0.0, flipHoriz=False, flipVert=False, font='Arial', fontFiles=[], height=0.1, italic=False, languageStyle='LTR', name='text_5', opacity=1.0, ori=0, pos=array([0., 0.]), rgb=array([255., 255., 255.]), text=str(...), units='height', win=Window(...), wrapWidth=1)
13.3543 	EXP 	Created fixation_1 = ImageStim(__class__=<class 'psychopy.visual.image.ImageStim'>, autoLog=True, color=array([1., 1., 1.]), colorSpace='rgb', contrast=1.0, depth=0.0, flipHoriz=False, flipVert=False, image='sin', interpolate=True, mask=None, maskParams=None, name='fixation_1', opacity=1.0, ori=0.0, pos=array([0., 0.]), size=array([1., 1.]), texRes=128, units='height', win=Window(...))
13.3565 	EXP 	Created warning = ImageStim(__class__=<class 'psychopy.visual.image.ImageStim'>, autoLog=True, color=array([1., 1., 1.]), colorSpace='rgb', contrast=1.0, depth=-1.0, flipHoriz=False, flipVert=False, image='sin', interpolate=True, mask=None, maskParams=None, name='warning', opacity=1.0, ori=0.0, pos=array([0., 0.]), size=array([1., 1.]), texRes=128, units='height', win=Window(...))
13.5510 	EXP 	Created fixation_2 = ImageStim(__class__=<class 'psychopy.visual.image.ImageStim'>, autoLog=True, color=array([1., 1., 1.]), colorSpace='rgb', contrast=1.0, depth=-2.0, flipHoriz=False, flipVert=False, image='ANT_images/fixation.png', interpolate=True, mask=None, maskParams=None, name='fixation_2', opacity=1.0, ori=0.0, pos=array([0., 0.]), size=array([1., 1.]), texRes=128, units='height', win=Window(...))
13.5538 	EXP 	Created target = ImageStim(__class__=<class 'psychopy.visual.image.ImageStim'>, autoLog=True, color=array([1., 1., 1.]), colorSpace='rgb', contrast=1.0, depth=-3.0, flipHoriz=False, flipVert=False, image='sin', interpolate=True, mask=None, maskParams=None, name='target', opacity=1.0, ori=0.0, pos=array([0., 0.]), size=array([0.7, 0.3]), texRes=128, units='height', win=Window(...))
13.7514 	EXP 	Created post_fixation = ImageStim(__class__=<class 'psychopy.visual.image.ImageStim'>, autoLog=True, color=array([1., 1., 1.]), colorSpace='rgb', contrast=1.0, depth=-4.0, flipHoriz=False, flipVert=False, image='ANT_images/fixation.png', interpolate=True, mask=None, maskParams=None, name='post_fixation', opacity=1.0, ori=0.0, pos=array([0., 0.]), size=array([1., 1.]), texRes=128, units='height', win=Window(...))
13.8235 	EXP 	Created break_message = TextStim(__class__=<class 'psychopy.visual.text.TextStim'>, alignHoriz=method-wrapper(...), alignText='center', alignVert=method-wrapper(...), anchorHoriz='center', anchorVert='center', antialias=True, autoLog=True, bold=False, color='black', colorSpace='named', contrast=1.0, depth=0.0, flipHoriz=False, flipVert=False, font='Arial', fontFiles=[], height=0.05, italic=False, languageStyle='LTR', name='break_message', opacity=1.0, ori=0, pos=array([0., 0.]), rgb=array([0., 0., 0.]), text=str(...), units='height', win=Window(...), wrapWidth=1)
13.8280 	EXP 	Created fixation_1 = ImageStim(__class__=<class 'psychopy.visual.image.ImageStim'>, autoLog=True, color=array([1., 1., 1.]), colorSpace='rgb', contrast=1.0, depth=0.0, flipHoriz=False, flipVert=False, image='sin', interpolate=True, mask=None, maskParams=None, name='fixation_1', opacity=1.0, ori=0.0, pos=array([0., 0.]), size=array([1., 1.]), texRes=128, units='height', win=Window(...))
13.8321 	EXP 	Created warning = ImageStim(__class__=<class 'psychopy.visual.image.ImageStim'>, autoLog=True, color=array([1., 1., 1.]), colorSpace='rgb', contrast=1.0, depth=-1.0, flipHoriz=False, flipVert=False, image='sin', interpolate=True, mask=None, maskParams=None, name='warning', opacity=1.0, ori=0.0, pos=array([0., 0.]), size=array([1., 1.]), texRes=128, units='height', win=Window(...))
13.9739 	EXP 	Created fixation_2 = ImageStim(__class__=<class 'psychopy.visual.image.ImageStim'>, autoLog=True, color=array([1., 1., 1.]), colorSpace='rgb', contrast=1.0, depth=-2.0, flipHoriz=False, flipVert=False, image='ANT_images/fixation.png', interpolate=True, mask=None, maskParams=None, name='fixation_2', opacity=1.0, ori=0.0, pos=array([0., 0.]), size=array([1., 1.]), texRes=128, units='height', win=Window(...))
13.9768 	EXP 	Created target = ImageStim(__class__=<class 'psychopy.visual.image.ImageStim'>, autoLog=True, color=array([1., 1., 1.]), colorSpace='rgb', contrast=1.0, depth=-3.0, flipHoriz=False, flipVert=False, image='sin', interpolate=True, mask=None, maskParams=None, name='target', opacity=1.0, ori=0.0, pos=array([0., 0.]), size=array([0.7, 0.3]), texRes=128, units='height', win=Window(...))
14.0902 	EXP 	Created post_fixation = ImageStim(__class__=<class 'psychopy.visual.image.ImageStim'>, autoLog=True, color=array([1., 1., 1.]), colorSpace='rgb', contrast=1.0, depth=-4.0, flipHoriz=False, flipVert=False, image='ANT_images/fixation.png', interpolate=True, mask=None, maskParams=None, name='post_fixation', opacity=1.0, ori=0.0, pos=array([0., 0.]), size=array([1., 1.]), texRes=128, units='height', win=Window(...))
14.1060 	EXP 	Created text_2 = TextStim(__class__=<class 'psychopy.visual.text.TextStim'>, alignHoriz=method-wrapper(...), alignText='center', alignVert=method-wrapper(...), anchorHoriz='center', anchorVert='center', antialias=True, autoLog=True, bold=False, color='black', colorSpace='named', contrast=1.0, depth=0.0, flipHoriz=False, flipVert=False, font='Arial', fontFiles=[], height=0.05, italic=False, languageStyle='LTR', name='text_2', opacity=1.0, ori=0, pos=array([0., 0.]), rgb=array([0., 0., 0.]), text=str(...), units='height', win=Window(...), wrapWidth=1)
14.2016 	EXP 	instr_1: autoDraw = True
14.2016 	EXP 	image: autoDraw = True
15.2728 	DATA 	Keypress: space
15.3433 	EXP 	instr_1: autoDraw = False
15.3433 	EXP 	image: autoDraw = False
15.3433 	EXP 	instr_2: autoDraw = True
15.3433 	EXP 	image_2_1: autoDraw = True
15.3433 	EXP 	image_2_2: autoDraw = True
15.8242 	DATA 	Keypress: space
15.9142 	EXP 	instr_2: autoDraw = False
15.9142 	EXP 	image_2_1: autoDraw = False
15.9142 	EXP 	image_2_2: autoDraw = False
15.9142 	EXP 	text: autoDraw = True
15.9142 	EXP 	image_3: autoDraw = True
16.7054 	DATA 	Keypress: space
16.7631 	EXP 	text: autoDraw = False
16.7631 	EXP 	image_3: autoDraw = False
16.7631 	EXP 	instr_4: autoDraw = True
16.7631 	EXP 	image_4: autoDraw = True
17.4209 	DATA 	Keypress: space
17.4362 	EXP 	instr_4: autoDraw = False
17.4362 	EXP 	image_4: autoDraw = False
17.4362 	EXP 	pract_instr: autoDraw = True
18.2867 	DATA 	Keypress: space
18.3390 	EXP 	Imported ANT_practice.xlsx as conditions, 24 conditions, 7 params
18.3395 	EXP 	Created sequence: random, trialTypes=24, nReps=1, seed=None
18.3401 	EXP 	New trial (rep=0, index=0): OrderedDict([('cue_file', 'ANT_images/center.png'), ('flanker', 'ANT_images/cong_r.png'), ('pos', 0.25), ('correct', 'i'), ('fix1', 1.4), ('cue_time', 0.1), ('stimStart', 1.9)])
18.7274 	EXP 	pract_instr: autoDraw = False
18.7274 	EXP 	fix_1: image = 'ANT_images/fixation.png'
18.7274 	EXP 	pract_warning: image = 'ANT_images/center.png'
18.7274 	EXP 	fix_2: image = 'ANT_images/fixation.png'
18.7274 	EXP 	pract_target: pos = array([0.  , 0.25])
18.7274 	EXP 	pract_target: image = 'ANT_images/cong_r.png'
18.7274 	EXP 	fix_1: autoDraw = True
20.0886 	EXP 	pract_warning: autoDraw = True
20.1390 	EXP 	fix_1: autoDraw = False
20.2693 	EXP 	pract_warning: autoDraw = False
20.2693 	EXP 	fix_2: autoDraw = True
20.6703 	EXP 	fix_2: autoDraw = False
20.6703 	EXP 	pract_target: autoDraw = True
21.1379 	DATA 	Keypress: i
21.1664 	EXP 	fix_1: autoDraw = False
21.1664 	EXP 	pract_warning: autoDraw = False
21.1664 	EXP 	fix_2: autoDraw = False
21.1664 	EXP 	pract_target: autoDraw = False
21.1664 	EXP 	text_3: color = 'black (named)'
21.1664 	EXP 	text_3: text = 'Correct'
21.1664 	EXP 	text_3: autoDraw = True
21.5552 	EXP 	New trial (rep=0, index=1): OrderedDict([('cue_file', 'ANT_images/center.png'), ('flanker', 'ANT_images/neu_l.png'), ('pos', -0.25), ('correct', 'e'), ('fix1', 0.8), ('cue_time', 0.1), ('stimStart', 1.3)])
21.7528 	EXP 	text_3: autoDraw = False
21.7528 	EXP 	fix_1: image = 'ANT_images/fixation.png'
21.7528 	EXP 	pract_warning: image = 'ANT_images/center.png'
21.7528 	EXP 	fix_2: image = 'ANT_images/fixation.png'
21.7528 	EXP 	pract_target: pos = array([ 0.  , -0.25])
21.7528 	EXP 	pract_target: image = 'ANT_images/neu_l.png'
21.7528 	EXP 	fix_1: autoDraw = True
22.5426 	EXP 	pract_warning: autoDraw = True
22.5557 	EXP 	fix_1: autoDraw = False
22.6564 	EXP 	pract_warning: autoDraw = False
22.6564 	EXP 	fix_2: autoDraw = True
23.0537 	EXP 	fix_2: autoDraw = False
23.0537 	EXP 	pract_target: autoDraw = True
23.5712 	DATA 	Keypress: e
23.5862 	EXP 	fix_1: autoDraw = False
23.5862 	EXP 	pract_warning: autoDraw = False
23.5862 	EXP 	fix_2: autoDraw = False
23.5862 	EXP 	pract_target: autoDraw = False
23.5862 	EXP 	text_3: color = 'black (named)'
23.5862 	EXP 	text_3: text = 'Correct'
23.5862 	EXP 	text_3: autoDraw = True
23.9718 	EXP 	New trial (rep=0, index=2): OrderedDict([('cue_file', 'ANT_images/center.png'), ('flanker', 'ANT_images/incong_r.png'), ('pos', 0.25), ('correct', 'i'), ('fix1', 0.4), ('cue_time', 0.1), ('stimStart', 0.9)])
24.1798 	EXP 	text_3: autoDraw = False
24.1798 	EXP 	text_3: autoDraw = False
24.1798 	EXP 	fix_1: image = 'ANT_images/fixation.png'
24.1798 	EXP 	pract_warning: image = 'ANT_images/center.png'
24.1798 	EXP 	fix_2: image = 'ANT_images/fixation.png'
24.1798 	EXP 	pract_target: pos = array([0.  , 0.25])
24.1798 	EXP 	pract_target: image = 'ANT_images/incong_r.png'
24.1798 	EXP 	fix_1: autoDraw = True
24.5592 	EXP 	pract_warning: autoDraw = True
24.5890 	EXP 	fix_1: autoDraw = False
24.6729 	EXP 	pract_warning: autoDraw = False
24.6729 	EXP 	fix_2: autoDraw = True
25.0701 	EXP 	fix_2: autoDraw = False
25.0701 	EXP 	pract_target: autoDraw = True
25.5544 	DATA 	Keypress: i
25.5694 	EXP 	fix_1: autoDraw = False
25.5694 	EXP 	pract_warning: autoDraw = False
25.5694 	EXP 	fix_2: autoDraw = False
25.5694 	EXP 	pract_target: autoDraw = False
25.5694 	EXP 	text_3: color = 'black (named)'
25.5694 	EXP 	text_3: text = 'Correct'
25.5694 	EXP 	text_3: autoDraw = True
25.9550 	EXP 	New trial (rep=0, index=3): OrderedDict([('cue_file', 'ANT_images/none.png'), ('flanker', 'ANT_images/cong_r.png'), ('pos', -0.25), ('correct', 'i'), ('fix1', 0.1), ('cue_time', 0.0), ('stimStart', 0.5)])
26.1547 	EXP 	text_3: autoDraw = False
26.1547 	EXP 	text_3: autoDraw = False
26.1547 	EXP 	fix_1: image = 'ANT_images/fixation.png'
26.1547 	EXP 	pract_warning: image = 'ANT_images/none.png'
26.1547 	EXP 	fix_2: image = 'ANT_images/fixation.png'
26.1547 	EXP 	pract_target: pos = array([ 0.  , -0.25])
26.1547 	EXP 	pract_target: image = 'ANT_images/cong_r.png'
26.1547 	EXP 	fix_1: autoDraw = True
26.2426 	EXP 	pract_warning: autoDraw = True
26.2426 	EXP 	pract_warning: autoDraw = False
26.2426 	EXP 	fix_2: autoDraw = True
26.2556 	EXP 	fix_1: autoDraw = False
26.6535 	EXP 	fix_2: autoDraw = False
26.6535 	EXP 	pract_target: autoDraw = True
27.2045 	DATA 	Keypress: i
27.2194 	EXP 	fix_1: autoDraw = False
27.2194 	EXP 	pract_warning: autoDraw = False
27.2194 	EXP 	fix_2: autoDraw = False
27.2194 	EXP 	pract_target: autoDraw = False
27.2194 	EXP 	text_3: color = 'black (named)'
27.2194 	EXP 	text_3: text = 'Correct'
27.2194 	EXP 	text_3: autoDraw = True
27.6047 	EXP 	New trial (rep=0, index=4): OrderedDict([('cue_file', 'ANT_images/up.png'), ('flanker', 'ANT_images/incong_r.png'), ('pos', 0.25), ('correct', 'i'), ('fix1', 0.9), ('cue_time', 0.1), ('stimStart', 1.4)])
27.8034 	EXP 	text_3: autoDraw = False
27.8034 	EXP 	text_3: autoDraw = False
27.8034 	EXP 	fix_1: image = 'ANT_images/fixation.png'
27.8034 	EXP 	pract_warning: image = 'ANT_images/up.png'
27.8034 	EXP 	fix_2: image = 'ANT_images/fixation.png'
27.8034 	EXP 	pract_target: pos = array([0.  , 0.25])
27.8034 	EXP 	pract_target: image = 'ANT_images/incong_r.png'
27.8034 	EXP 	fix_1: autoDraw = True
28.6925 	EXP 	pract_warning: autoDraw = True
28.7058 	EXP 	fix_1: autoDraw = False
28.8062 	EXP 	pract_warning: autoDraw = False
28.8062 	EXP 	fix_2: autoDraw = True
29.2033 	EXP 	fix_2: autoDraw = False
29.2033 	EXP 	pract_target: autoDraw = True
29.6711 	DATA 	Keypress: i
29.6861 	EXP 	fix_1: autoDraw = False
29.6861 	EXP 	pract_warning: autoDraw = False
29.6861 	EXP 	fix_2: autoDraw = False
29.6861 	EXP 	pract_target: autoDraw = False
29.6861 	EXP 	text_3: color = 'black (named)'
29.6861 	EXP 	text_3: text = 'Correct'
29.6861 	EXP 	text_3: autoDraw = True
30.0716 	EXP 	New trial (rep=0, index=5): OrderedDict([('cue_file', 'ANT_images/up.png'), ('flanker', 'ANT_images/neu_l.png'), ('pos', 0.25), ('correct', 'e'), ('fix1', 1.4), ('cue_time', 0.1), ('stimStart', 1.9)])
30.2765 	EXP 	text_3: autoDraw = False
30.2765 	EXP 	text_3: autoDraw = False
30.2765 	EXP 	fix_1: image = 'ANT_images/fixation.png'
30.2765 	EXP 	pract_warning: image = 'ANT_images/up.png'
30.2765 	EXP 	fix_2: image = 'ANT_images/fixation.png'
30.2765 	EXP 	pract_target: pos = array([0.  , 0.25])
30.2765 	EXP 	pract_target: image = 'ANT_images/neu_l.png'
30.2765 	EXP 	fix_1: autoDraw = True
31.6759 	EXP 	pract_warning: autoDraw = True
31.6890 	EXP 	fix_1: autoDraw = False
31.7895 	EXP 	pract_warning: autoDraw = False
31.7895 	EXP 	fix_2: autoDraw = True
32.1868 	EXP 	fix_2: autoDraw = False
32.1868 	EXP 	pract_target: autoDraw = True
32.6043 	DATA 	Keypress: e
32.6194 	EXP 	fix_1: autoDraw = False
32.6194 	EXP 	pract_warning: autoDraw = False
32.6194 	EXP 	fix_2: autoDraw = False
32.6194 	EXP 	pract_target: autoDraw = False
32.6194 	EXP 	text_3: color = 'black (named)'
32.6194 	EXP 	text_3: text = 'Correct'
32.6194 	EXP 	text_3: autoDraw = True
33.0049 	EXP 	New trial (rep=0, index=6): OrderedDict([('cue_file', 'ANT_images/down.png'), ('flanker', 'ANT_images/cong_l.png'), ('pos', -0.25), ('correct', 'e'), ('fix1', 1.2), ('cue_time', 0.1), ('stimStart', 1.7000000000000002)])
33.2191 	EXP 	text_3: autoDraw = False
33.2191 	EXP 	text_3: autoDraw = False
33.2191 	EXP 	fix_1: image = 'ANT_images/fixation.png'
33.2191 	EXP 	pract_warning: image = 'ANT_images/down.png'
33.2191 	EXP 	fix_2: image = 'ANT_images/fixation.png'
33.2191 	EXP 	pract_target: pos = array([ 0.  , -0.25])
33.2191 	EXP 	pract_target: image = 'ANT_images/cong_l.png'
33.2191 	EXP 	fix_1: autoDraw = True
34.4088 	EXP 	pract_warning: autoDraw = True
34.4221 	EXP 	fix_1: autoDraw = False
34.5229 	EXP 	pract_warning: autoDraw = False
34.5229 	EXP 	fix_2: autoDraw = True
34.9202 	EXP 	fix_2: autoDraw = False
34.9202 	EXP 	pract_target: autoDraw = True
35.4377 	DATA 	Keypress: e
35.4525 	EXP 	fix_1: autoDraw = False
35.4525 	EXP 	pract_warning: autoDraw = False
35.4525 	EXP 	fix_2: autoDraw = False
35.4525 	EXP 	pract_target: autoDraw = False
35.4525 	EXP 	text_3: color = 'black (named)'
35.4525 	EXP 	text_3: text = 'Correct'
35.4525 	EXP 	text_3: autoDraw = True
35.8384 	EXP 	New trial (rep=0, index=7): OrderedDict([('cue_file', 'ANT_images/none.png'), ('flanker', 'ANT_images/cong_r.png'), ('pos', 0.25), ('correct', 'i'), ('fix1', 0.1), ('cue_time', 0.0), ('stimStart', 0.5)])
36.0290 	EXP 	text_3: autoDraw = False
36.0290 	EXP 	text_3: autoDraw = False
36.0290 	EXP 	fix_1: image = 'ANT_images/fixation.png'
36.0290 	EXP 	pract_warning: image = 'ANT_images/none.png'
36.0290 	EXP 	fix_2: image = 'ANT_images/fixation.png'
36.0290 	EXP 	pract_target: pos = array([0.  , 0.25])
36.0290 	EXP 	pract_target: image = 'ANT_images/cong_r.png'
36.0290 	EXP 	fix_1: autoDraw = True
36.1094 	EXP 	pract_warning: autoDraw = True
36.1094 	EXP 	pract_warning: autoDraw = False
36.1094 	EXP 	fix_2: autoDraw = True
36.1389 	EXP 	fix_1: autoDraw = False
36.5201 	EXP 	fix_2: autoDraw = False
36.5201 	EXP 	pract_target: autoDraw = True
36.9877 	DATA 	Keypress: i
37.0026 	EXP 	fix_1: autoDraw = False
37.0026 	EXP 	pract_warning: autoDraw = False
37.0026 	EXP 	fix_2: autoDraw = False
37.0026 	EXP 	pract_target: autoDraw = False
37.0026 	EXP 	text_3: color = 'black (named)'
37.0026 	EXP 	text_3: text = 'Correct'
37.0026 	EXP 	text_3: autoDraw = True
37.3883 	EXP 	New trial (rep=0, index=8): OrderedDict([('cue_file', 'ANT_images/center.png'), ('flanker', 'ANT_images/neu_r.png'), ('pos', 0.25), ('correct', 'i'), ('fix1', 1.0), ('cue_time', 0.1), ('stimStart', 1.5)])
37.5837 	EXP 	text_3: autoDraw = False
37.5837 	EXP 	text_3: autoDraw = False
37.5837 	EXP 	fix_1: image = 'ANT_images/fixation.png'
37.5837 	EXP 	pract_warning: image = 'ANT_images/center.png'
37.5837 	EXP 	fix_2: image = 'ANT_images/fixation.png'
37.5837 	EXP 	pract_target: pos = array([0.  , 0.25])
37.5837 	EXP 	pract_target: image = 'ANT_images/neu_r.png'
37.5837 	EXP 	fix_1: autoDraw = True
38.5758 	EXP 	pract_warning: autoDraw = True
38.5889 	EXP 	fix_1: autoDraw = False
38.6895 	EXP 	pract_warning: autoDraw = False
38.6895 	EXP 	fix_2: autoDraw = True
39.0868 	EXP 	fix_2: autoDraw = False
39.0868 	EXP 	pract_target: autoDraw = True
39.5026 	DATA 	Keypress: i
39.5180 	EXP 	fix_1: autoDraw = False
39.5180 	EXP 	pract_warning: autoDraw = False
39.5180 	EXP 	fix_2: autoDraw = False
39.5180 	EXP 	pract_target: autoDraw = False
39.5180 	EXP 	text_3: color = 'black (named)'
39.5180 	EXP 	text_3: text = 'Correct'
39.5180 	EXP 	text_3: autoDraw = True
39.9034 	EXP 	New trial (rep=0, index=9): OrderedDict([('cue_file', 'ANT_images/double.png'), ('flanker', 'ANT_images/neu_r.png'), ('pos', -0.25), ('correct', 'i'), ('fix1', 0.7), ('cue_time', 0.1), ('stimStart', 1.2)])
40.0951 	EXP 	text_3: autoDraw = False
40.0951 	EXP 	text_3: autoDraw = False
40.0951 	EXP 	fix_1: image = 'ANT_images/fixation.png'
40.0951 	EXP 	pract_warning: image = 'ANT_images/double.png'
40.0951 	EXP 	fix_2: image = 'ANT_images/fixation.png'
40.0951 	EXP 	pract_target: pos = array([ 0.  , -0.25])
40.0951 	EXP 	pract_target: image = 'ANT_images/neu_r.png'
40.0951 	EXP 	fix_1: autoDraw = True
40.7885 	EXP 	pract_warning: autoDraw = True
40.8030 	EXP 	fix_1: autoDraw = False
40.9040 	EXP 	pract_warning: autoDraw = False
40.9040 	EXP 	fix_2: autoDraw = True
41.3017 	EXP 	fix_2: autoDraw = False
41.3017 	EXP 	pract_target: autoDraw = True
41.7863 	DATA 	Keypress: i
41.8012 	EXP 	fix_1: autoDraw = False
41.8012 	EXP 	pract_warning: autoDraw = False
41.8012 	EXP 	fix_2: autoDraw = False
41.8012 	EXP 	pract_target: autoDraw = False
41.8012 	EXP 	text_3: color = 'black (named)'
41.8012 	EXP 	text_3: text = 'Correct'
41.8012 	EXP 	text_3: autoDraw = True
42.1869 	EXP 	New trial (rep=0, index=10): OrderedDict([('cue_file', 'ANT_images/down.png'), ('flanker', 'ANT_images/incong_r.png'), ('pos', -0.25), ('correct', 'i'), ('fix1', 1.0), ('cue_time', 0.1), ('stimStart', 1.5)])
42.3851 	EXP 	text_3: autoDraw = False
42.3851 	EXP 	text_3: autoDraw = False
42.3851 	EXP 	fix_1: image = 'ANT_images/fixation.png'
42.3851 	EXP 	pract_warning: image = 'ANT_images/down.png'
42.3851 	EXP 	fix_2: image = 'ANT_images/fixation.png'
42.3851 	EXP 	pract_target: pos = array([ 0.  , -0.25])
42.3851 	EXP 	pract_target: image = 'ANT_images/incong_r.png'
42.3851 	EXP 	fix_1: autoDraw = True
43.3875 	EXP 	fix_1: autoDraw = False
43.3875 	EXP 	pract_warning: autoDraw = True
43.4876 	EXP 	pract_warning: autoDraw = False
43.4876 	EXP 	fix_2: autoDraw = True
43.8856 	EXP 	fix_2: autoDraw = False
43.8856 	EXP 	pract_target: autoDraw = True
44.2865 	DATA 	Keypress: e
44.3283 	EXP 	fix_1: autoDraw = False
44.3283 	EXP 	pract_warning: autoDraw = False
44.3283 	EXP 	fix_2: autoDraw = False
44.3283 	EXP 	pract_target: autoDraw = False
44.3283 	EXP 	text_3: color = 'black (named)'
44.3283 	EXP 	text_3: text = 'Incorrect'
44.3283 	EXP 	text_3: autoDraw = True
44.7038 	EXP 	New trial (rep=0, index=11): OrderedDict([('cue_file', 'ANT_images/center.png'), ('flanker', 'ANT_images/neu_r.png'), ('pos', 0.25), ('correct', 'i'), ('fix1', 1.0), ('cue_time', 0.1), ('stimStart', 1.5)])
44.8979 	EXP 	text_3: autoDraw = False
44.8979 	EXP 	fix_1: image = 'ANT_images/fixation.png'
44.8979 	EXP 	pract_warning: image = 'ANT_images/center.png'
44.8979 	EXP 	fix_2: image = 'ANT_images/fixation.png'
44.8979 	EXP 	pract_target: pos = array([0.  , 0.25])
44.8979 	EXP 	pract_target: image = 'ANT_images/neu_r.png'
44.8979 	EXP 	fix_1: autoDraw = True
45.8924 	EXP 	pract_warning: autoDraw = True
45.9056 	EXP 	fix_1: autoDraw = False
46.0062 	EXP 	pract_warning: autoDraw = False
46.0062 	EXP 	fix_2: autoDraw = True
46.4033 	EXP 	fix_2: autoDraw = False
46.4033 	EXP 	pract_target: autoDraw = True
46.8207 	DATA 	Keypress: i
46.8513 	EXP 	fix_1: autoDraw = False
46.8513 	EXP 	pract_warning: autoDraw = False
46.8513 	EXP 	fix_2: autoDraw = False
46.8513 	EXP 	pract_target: autoDraw = False
46.8513 	EXP 	text_3: color = 'black (named)'
46.8513 	EXP 	text_3: text = 'Correct'
46.8513 	EXP 	text_3: autoDraw = True
47.2378 	EXP 	New trial (rep=0, index=12): OrderedDict([('cue_file', 'ANT_images/none.png'), ('flanker', 'ANT_images/incong_r.png'), ('pos', 0.25), ('correct', 'i'), ('fix1', 0.1), ('cue_time', 0.0), ('stimStart', 0.5)])
47.4400 	EXP 	text_3: autoDraw = False
47.4400 	EXP 	fix_1: image = 'ANT_images/fixation.png'
47.4400 	EXP 	pract_warning: image = 'ANT_images/none.png'
47.4400 	EXP 	fix_2: image = 'ANT_images/fixation.png'
47.4400 	EXP 	pract_target: pos = array([0.  , 0.25])
47.4400 	EXP 	pract_target: image = 'ANT_images/incong_r.png'
47.4400 	EXP 	fix_1: autoDraw = True
47.5423 	EXP 	pract_warning: autoDraw = True
47.5423 	EXP 	pract_warning: autoDraw = False
47.5423 	EXP 	fix_2: autoDraw = True
47.5555 	EXP 	fix_1: autoDraw = False
47.9533 	EXP 	fix_2: autoDraw = False
47.9533 	EXP 	pract_target: autoDraw = True
48.4906 	DATA 	Keypress: i
48.5024 	EXP 	fix_1: autoDraw = False
48.5024 	EXP 	pract_warning: autoDraw = False
48.5024 	EXP 	fix_2: autoDraw = False
48.5024 	EXP 	pract_target: autoDraw = False
48.5024 	EXP 	text_3: color = 'black (named)'
48.5024 	EXP 	text_3: text = 'Correct'
48.5024 	EXP 	text_3: autoDraw = True
48.8878 	EXP 	New trial (rep=0, index=13): OrderedDict([('cue_file', 'ANT_images/double.png'), ('flanker', 'ANT_images/incong_l.png'), ('pos', -0.25), ('correct', 'e'), ('fix1', 1.5), ('cue_time', 0.1), ('stimStart', 2.0)])
49.1177 	EXP 	text_3: autoDraw = False
49.1177 	EXP 	text_3: autoDraw = False
49.1177 	EXP 	fix_1: image = 'ANT_images/fixation.png'
49.1177 	EXP 	pract_warning: image = 'ANT_images/double.png'
49.1177 	EXP 	fix_2: image = 'ANT_images/fixation.png'
49.1177 	EXP 	pract_target: pos = array([ 0.  , -0.25])
49.1177 	EXP 	pract_target: image = 'ANT_images/incong_l.png'
49.1177 	EXP 	fix_1: autoDraw = True
50.6089 	EXP 	pract_warning: autoDraw = True
50.6220 	EXP 	fix_1: autoDraw = False
50.7226 	EXP 	pract_warning: autoDraw = False
50.7226 	EXP 	fix_2: autoDraw = True
51.1195 	EXP 	fix_2: autoDraw = False
51.1195 	EXP 	pract_target: autoDraw = True
51.7706 	DATA 	Keypress: e
51.7858 	EXP 	fix_1: autoDraw = False
51.7858 	EXP 	pract_warning: autoDraw = False
51.7858 	EXP 	fix_2: autoDraw = False
51.7858 	EXP 	pract_target: autoDraw = False
51.7858 	EXP 	text_3: color = 'black (named)'
51.7858 	EXP 	text_3: text = 'Correct'
51.7858 	EXP 	text_3: autoDraw = True
52.1710 	EXP 	New trial (rep=0, index=14): OrderedDict([('cue_file', 'ANT_images/center.png'), ('flanker', 'ANT_images/neu_l.png'), ('pos', 0.25), ('correct', 'e'), ('fix1', 1.1), ('cue_time', 0.1), ('stimStart', 1.6)])
52.3558 	EXP 	text_3: autoDraw = False
52.3558 	EXP 	text_3: autoDraw = False
52.3558 	EXP 	fix_1: image = 'ANT_images/fixation.png'
52.3558 	EXP 	pract_warning: image = 'ANT_images/center.png'
52.3558 	EXP 	fix_2: image = 'ANT_images/fixation.png'
52.3558 	EXP 	pract_target: pos = array([0.  , 0.25])
52.3558 	EXP 	pract_target: image = 'ANT_images/neu_l.png'
52.3558 	EXP 	fix_1: autoDraw = True
53.4561 	EXP 	fix_1: autoDraw = False
53.4561 	EXP 	pract_warning: autoDraw = True
53.5560 	EXP 	pract_warning: autoDraw = False
53.5560 	EXP 	fix_2: autoDraw = True
53.9533 	EXP 	fix_2: autoDraw = False
53.9533 	EXP 	pract_target: autoDraw = True
54.4208 	DATA 	Keypress: e
54.4358 	EXP 	fix_1: autoDraw = False
54.4358 	EXP 	pract_warning: autoDraw = False
54.4358 	EXP 	fix_2: autoDraw = False
54.4358 	EXP 	pract_target: autoDraw = False
54.4358 	EXP 	text_3: color = 'black (named)'
54.4358 	EXP 	text_3: text = 'Correct'
54.4358 	EXP 	text_3: autoDraw = True
54.8215 	EXP 	New trial (rep=0, index=15): OrderedDict([('cue_file', 'ANT_images/double.png'), ('flanker', 'ANT_images/cong_r.png'), ('pos', 0.25), ('correct', 'i'), ('fix1', 1.3), ('cue_time', 0.1), ('stimStart', 1.8000000000000003)])
55.0152 	EXP 	text_3: autoDraw = False
55.0152 	EXP 	text_3: autoDraw = False
55.0152 	EXP 	fix_1: image = 'ANT_images/fixation.png'
55.0152 	EXP 	pract_warning: image = 'ANT_images/double.png'
55.0152 	EXP 	fix_2: image = 'ANT_images/fixation.png'
55.0152 	EXP 	pract_target: pos = array([0.  , 0.25])
55.0152 	EXP 	pract_target: image = 'ANT_images/cong_r.png'
55.0152 	EXP 	fix_1: autoDraw = True
56.3091 	EXP 	pract_warning: autoDraw = True
56.3220 	EXP 	fix_1: autoDraw = False
56.4227 	EXP 	pract_warning: autoDraw = False
56.4227 	EXP 	fix_2: autoDraw = True
56.8197 	EXP 	fix_2: autoDraw = False
56.8197 	EXP 	pract_target: autoDraw = True
57.2714 	DATA 	Keypress: i
57.2857 	EXP 	fix_1: autoDraw = False
57.2857 	EXP 	pract_warning: autoDraw = False
57.2857 	EXP 	fix_2: autoDraw = False
57.2857 	EXP 	pract_target: autoDraw = False
57.2857 	EXP 	text_3: color = 'black (named)'
57.2857 	EXP 	text_3: text = 'Correct'
57.2857 	EXP 	text_3: autoDraw = True
57.6713 	EXP 	New trial (rep=0, index=16): OrderedDict([('cue_file', 'ANT_images/center.png'), ('flanker', 'ANT_images/incong_l.png'), ('pos', -0.25), ('correct', 'e'), ('fix1', 1.3), ('cue_time', 0.1), ('stimStart', 1.8000000000000003)])
57.8714 	EXP 	text_3: autoDraw = False
57.8714 	EXP 	text_3: autoDraw = False
57.8714 	EXP 	fix_1: image = 'ANT_images/fixation.png'
57.8714 	EXP 	pract_warning: image = 'ANT_images/center.png'
57.8714 	EXP 	fix_2: image = 'ANT_images/fixation.png'
57.8714 	EXP 	pract_target: pos = array([ 0.  , -0.25])
57.8714 	EXP 	pract_target: image = 'ANT_images/incong_l.png'
57.8714 	EXP 	fix_1: autoDraw = True
59.1588 	EXP 	pract_warning: autoDraw = True
59.1720 	EXP 	fix_1: autoDraw = False
59.2724 	EXP 	pract_warning: autoDraw = False
59.2724 	EXP 	fix_2: autoDraw = True
59.6698 	EXP 	fix_2: autoDraw = False
59.6698 	EXP 	pract_target: autoDraw = True
60.2042 	DATA 	Keypress: e
60.2191 	EXP 	fix_1: autoDraw = False
60.2191 	EXP 	pract_warning: autoDraw = False
60.2191 	EXP 	fix_2: autoDraw = False
60.2191 	EXP 	pract_target: autoDraw = False
60.2191 	EXP 	text_3: color = 'black (named)'
60.2191 	EXP 	text_3: text = 'Correct'
60.2191 	EXP 	text_3: autoDraw = True
60.6055 	EXP 	New trial (rep=0, index=17): OrderedDict([('cue_file', 'ANT_images/double.png'), ('flanker', 'ANT_images/neu_r.png'), ('pos', 0.25), ('correct', 'i'), ('fix1', 1.2), ('cue_time', 0.1), ('stimStart', 1.7000000000000002)])
60.8634 	EXP 	text_3: autoDraw = False
60.8634 	EXP 	text_3: autoDraw = False
60.8634 	EXP 	fix_1: image = 'ANT_images/fixation.png'
60.8634 	EXP 	pract_warning: image = 'ANT_images/double.png'
60.8634 	EXP 	fix_2: image = 'ANT_images/fixation.png'
60.8634 	EXP 	pract_target: pos = array([0.  , 0.25])
60.8634 	EXP 	pract_target: image = 'ANT_images/neu_r.png'
60.8634 	EXP 	fix_1: autoDraw = True
62.0421 	EXP 	pract_warning: autoDraw = True
62.0719 	EXP 	fix_1: autoDraw = False
62.1557 	EXP 	pract_warning: autoDraw = False
62.1557 	EXP 	fix_2: autoDraw = True
62.5530 	EXP 	fix_2: autoDraw = False
62.5530 	EXP 	pract_target: autoDraw = True
62.9540 	DATA 	Keypress: i
62.9692 	EXP 	fix_1: autoDraw = False
62.9692 	EXP 	pract_warning: autoDraw = False
62.9692 	EXP 	fix_2: autoDraw = False
62.9692 	EXP 	pract_target: autoDraw = False
62.9692 	EXP 	text_3: color = 'black (named)'
62.9692 	EXP 	text_3: text = 'Correct'
62.9692 	EXP 	text_3: autoDraw = True
63.3544 	EXP 	New trial (rep=0, index=18): OrderedDict([('cue_file', 'ANT_images/none.png'), ('flanker', 'ANT_images/cong_l.png'), ('pos', 0.25), ('correct', 'e'), ('fix1', 0.1), ('cue_time', 0.0), ('stimStart', 0.5)])
63.5827 	EXP 	text_3: autoDraw = False
63.5827 	EXP 	text_3: autoDraw = False
63.5827 	EXP 	fix_1: image = 'ANT_images/fixation.png'
63.5827 	EXP 	pract_warning: image = 'ANT_images/none.png'
63.5827 	EXP 	fix_2: image = 'ANT_images/fixation.png'
63.5827 	EXP 	pract_target: pos = array([0.  , 0.25])
63.5827 	EXP 	pract_target: image = 'ANT_images/cong_l.png'
63.5827 	EXP 	fix_1: autoDraw = True
63.6759 	EXP 	pract_warning: autoDraw = True
63.6759 	EXP 	pract_warning: autoDraw = False
63.6759 	EXP 	fix_2: autoDraw = True
63.6886 	EXP 	fix_1: autoDraw = False
64.0864 	EXP 	fix_2: autoDraw = False
64.0864 	EXP 	pract_target: autoDraw = True
64.7211 	DATA 	Keypress: e
64.7355 	EXP 	fix_1: autoDraw = False
64.7355 	EXP 	pract_warning: autoDraw = False
64.7355 	EXP 	fix_2: autoDraw = False
64.7355 	EXP 	pract_target: autoDraw = False
64.7355 	EXP 	text_3: color = 'black (named)'
64.7355 	EXP 	text_3: text = 'Correct'
64.7355 	EXP 	text_3: autoDraw = True
65.1199 	EXP 	New trial (rep=0, index=19): OrderedDict([('cue_file', 'ANT_images/up.png'), ('flanker', 'ANT_images/cong_l.png'), ('pos', 0.25), ('correct', 'e'), ('fix1', 1.5), ('cue_time', 0.1), ('stimStart', 2.0)])
65.2932 	EXP 	text_3: autoDraw = False
65.2932 	EXP 	text_3: autoDraw = False
65.2932 	EXP 	fix_1: image = 'ANT_images/fixation.png'
65.2932 	EXP 	pract_warning: image = 'ANT_images/up.png'
65.2932 	EXP 	fix_2: image = 'ANT_images/fixation.png'
65.2932 	EXP 	pract_target: pos = array([0.  , 0.25])
65.2932 	EXP 	pract_target: image = 'ANT_images/cong_l.png'
65.2932 	EXP 	fix_1: autoDraw = True
66.7918 	EXP 	pract_warning: autoDraw = True
66.8053 	EXP 	fix_1: autoDraw = False
66.9056 	EXP 	pract_warning: autoDraw = False
66.9056 	EXP 	fix_2: autoDraw = True
67.3030 	EXP 	fix_2: autoDraw = False
67.3030 	EXP 	pract_target: autoDraw = True
67.8038 	DATA 	Keypress: e
67.8190 	EXP 	fix_1: autoDraw = False
67.8190 	EXP 	pract_warning: autoDraw = False
67.8190 	EXP 	fix_2: autoDraw = False
67.8190 	EXP 	pract_target: autoDraw = False
67.8190 	EXP 	text_3: color = 'black (named)'
67.8190 	EXP 	text_3: text = 'Correct'
67.8190 	EXP 	text_3: autoDraw = True
68.2046 	EXP 	New trial (rep=0, index=20): OrderedDict([('cue_file', 'ANT_images/none.png'), ('flanker', 'ANT_images/cong_l.png'), ('pos', -0.25), ('correct', 'e'), ('fix1', 0.1), ('cue_time', 0.0), ('stimStart', 0.5)])
68.4426 	EXP 	text_3: autoDraw = False
68.4426 	EXP 	text_3: autoDraw = False
68.4426 	EXP 	fix_1: image = 'ANT_images/fixation.png'
68.4426 	EXP 	pract_warning: image = 'ANT_images/none.png'
68.4426 	EXP 	fix_2: image = 'ANT_images/fixation.png'
68.4426 	EXP 	pract_target: pos = array([ 0.  , -0.25])
68.4426 	EXP 	pract_target: image = 'ANT_images/cong_l.png'
68.4426 	EXP 	fix_1: autoDraw = True
68.5420 	EXP 	pract_warning: autoDraw = True
68.5420 	EXP 	pract_warning: autoDraw = False
68.5420 	EXP 	fix_2: autoDraw = True
68.5552 	EXP 	fix_1: autoDraw = False
68.9530 	EXP 	fix_2: autoDraw = False
68.9530 	EXP 	pract_target: autoDraw = True
69.4872 	DATA 	Keypress: e
69.5023 	EXP 	fix_1: autoDraw = False
69.5023 	EXP 	pract_warning: autoDraw = False
69.5023 	EXP 	fix_2: autoDraw = False
69.5023 	EXP 	pract_target: autoDraw = False
69.5023 	EXP 	text_3: color = 'black (named)'
69.5023 	EXP 	text_3: text = 'Correct'
69.5023 	EXP 	text_3: autoDraw = True
69.8877 	EXP 	New trial (rep=0, index=21): OrderedDict([('cue_file', 'ANT_images/down.png'), ('flanker', 'ANT_images/incong_l.png'), ('pos', -0.25), ('correct', 'e'), ('fix1', 1.3), ('cue_time', 0.1), ('stimStart', 1.8000000000000003)])
70.0880 	EXP 	text_3: autoDraw = False
70.0880 	EXP 	text_3: autoDraw = False
70.0880 	EXP 	fix_1: image = 'ANT_images/fixation.png'
70.0880 	EXP 	pract_warning: image = 'ANT_images/down.png'
70.0880 	EXP 	fix_2: image = 'ANT_images/fixation.png'
70.0880 	EXP 	pract_target: pos = array([ 0.  , -0.25])
70.0880 	EXP 	pract_target: image = 'ANT_images/incong_l.png'
70.0880 	EXP 	fix_1: autoDraw = True
71.3753 	EXP 	pract_warning: autoDraw = True
71.3884 	EXP 	fix_1: autoDraw = False
71.4890 	EXP 	pract_warning: autoDraw = False
71.4890 	EXP 	fix_2: autoDraw = True
71.8861 	EXP 	fix_2: autoDraw = False
71.8861 	EXP 	pract_target: autoDraw = True
72.4896 	DATA 	Keypress: e
72.5021 	EXP 	fix_1: autoDraw = False
72.5021 	EXP 	pract_warning: autoDraw = False
72.5021 	EXP 	fix_2: autoDraw = False
72.5021 	EXP 	pract_target: autoDraw = False
72.5021 	EXP 	text_3: color = 'black (named)'
72.5021 	EXP 	text_3: text = 'Correct'
72.5021 	EXP 	text_3: autoDraw = True
72.8877 	EXP 	New trial (rep=0, index=22): OrderedDict([('cue_file', 'ANT_images/none.png'), ('flanker', 'ANT_images/neu_r.png'), ('pos', 0.25), ('correct', 'i'), ('fix1', 0.1), ('cue_time', 0.0), ('stimStart', 0.5)])
73.0845 	EXP 	text_3: autoDraw = False
73.0845 	EXP 	text_3: autoDraw = False
73.0845 	EXP 	fix_1: image = 'ANT_images/fixation.png'
73.0845 	EXP 	pract_warning: image = 'ANT_images/none.png'
73.0845 	EXP 	fix_2: image = 'ANT_images/fixation.png'
73.0845 	EXP 	pract_target: pos = array([0.  , 0.25])
73.0845 	EXP 	pract_target: image = 'ANT_images/neu_r.png'
73.0845 	EXP 	fix_1: autoDraw = True
73.1753 	EXP 	pract_warning: autoDraw = True
73.1753 	EXP 	pract_warning: autoDraw = False
73.1753 	EXP 	fix_2: autoDraw = True
73.1887 	EXP 	fix_1: autoDraw = False
73.5864 	EXP 	fix_2: autoDraw = False
73.5864 	EXP 	pract_target: autoDraw = True
74.0213 	DATA 	Keypress: i
74.0356 	EXP 	fix_1: autoDraw = False
74.0356 	EXP 	pract_warning: autoDraw = False
74.0356 	EXP 	fix_2: autoDraw = False
74.0356 	EXP 	pract_target: autoDraw = False
74.0356 	EXP 	text_3: color = 'black (named)'
74.0356 	EXP 	text_3: text = 'Correct'
74.0356 	EXP 	text_3: autoDraw = True
74.4209 	EXP 	New trial (rep=0, index=23): OrderedDict([('cue_file', 'ANT_images/double.png'), ('flanker', 'ANT_images/incong_r.png'), ('pos', -0.25), ('correct', 'i'), ('fix1', 1.6), ('cue_time', 0.1), ('stimStart', 2.1)])
74.6227 	EXP 	text_3: autoDraw = False
74.6227 	EXP 	text_3: autoDraw = False
74.6227 	EXP 	fix_1: image = 'ANT_images/fixation.png'
74.6227 	EXP 	pract_warning: image = 'ANT_images/double.png'
74.6227 	EXP 	fix_2: image = 'ANT_images/fixation.png'
74.6227 	EXP 	pract_target: pos = array([ 0.  , -0.25])
74.6227 	EXP 	pract_target: image = 'ANT_images/incong_r.png'
74.6227 	EXP 	fix_1: autoDraw = True
76.2223 	EXP 	fix_1: autoDraw = False
76.2223 	EXP 	pract_warning: autoDraw = True
76.3223 	EXP 	pract_warning: autoDraw = False
76.3223 	EXP 	fix_2: autoDraw = True
76.7196 	EXP 	fix_2: autoDraw = False
76.7196 	EXP 	pract_target: autoDraw = True
77.2531 	DATA 	Keypress: i
77.2850 	EXP 	fix_1: autoDraw = False
77.2850 	EXP 	pract_warning: autoDraw = False
77.2850 	EXP 	fix_2: autoDraw = False
77.2850 	EXP 	pract_target: autoDraw = False
77.2850 	EXP 	text_3: color = 'black (named)'
77.2850 	EXP 	text_3: text = 'Correct'
77.2850 	EXP 	text_3: autoDraw = True
77.7083 	EXP 	text_3: autoDraw = False
77.7083 	EXP 	text_3: autoDraw = False
77.7083 	EXP 	practice_accuracy: text = 0.9583333333333334
77.7083 	EXP 	response_time: text = 0.5211308217384731
77.7083 	EXP 	practice_res: autoDraw = True
77.7083 	EXP 	practice_accuracy: autoDraw = True
77.7083 	EXP 	response_time: autoDraw = True
84.8195 	DATA 	Keypress: escape
85.0984 	EXP 	window1: mouseVisible = True
