1.6194 	WARNING 	We strongly recommend you activate the PTB sound engine in PsychoPy prefs as the preferred audio engine. Its timing is vastly superior. Your prefs are currently set to use ['sounddevice', 'PTB', 'pyo', 'pygame'] (in that order).
4.6241 	WARNING 	Import Error: No module named 'psychtoolbox'. Using event module for keyboard component.
8.8433 	WARNING 	Monitor specification not found. Creating a temporary one...
8.8551 	WARNING 	User requested fullscreen with size [1504 1003], but screen is actually [2256, 1504]. Using actual size
12.2594 	EXP 	Created window1 = Window(allowGUI=False, allowStencil=False, args=UNKNOWN, autoLog=True, bitsMode=UNKNOWN, blendMode='avg', bpc=(8, 8, 8), color=array([1., 1., 1.]), colorSpace='rgb', depthBits=8, fullscr=<method-wrapper '__getattribute__' of attributeSetter object at 0x105E5E30>, gamma=None, gammaErrorPolicy='raise', kwargs=UNKNOWN, lms=UNKNOWN, monitor=<psychopy.monitors.calibTools.Monitor object at 0x0D8A3FB0>, multiSample=False, name='window1', numSamples=2, pos=[0.0, 0.0], screen=0, size=array([2256, 1504]), stencilBits=0, stereo=False, units='height', useFBO=True, useRetina=False, viewOri=0.0, viewPos=None, viewScale=None, waitBlanking=True, winType='pyglet')
12.2595 	EXP 	window1: recordFrameIntervals = False
12.4240 	EXP 	window1: recordFrameIntervals = True
12.6079 	EXP 	window1: recordFrameIntervals = False
13.0053 	EXP 	Created instr_1 = TextStim(__class__=<class 'psychopy.visual.text.TextStim'>, alignHoriz=method-wrapper(...), alignText='center', alignVert=method-wrapper(...), anchorHoriz='center', anchorVert='center', antialias=True, autoLog=True, bold=False, color='black', colorSpace='named', contrast=1.0, depth=0.0, flipHoriz=False, flipVert=False, font='Arial', fontFiles=[], height=0.03, italic=False, languageStyle='LTR', name='instr_1', opacity=1.0, ori=0, pos=array([0., 0.]), rgb=array([0., 0., 0.]), text=str(...), units='height', win=Window(...), wrapWidth=1)
13.0827 	EXP 	Created image = ImageStim(__class__=<class 'psychopy.visual.image.ImageStim'>, autoLog=True, color=array([1., 1., 1.]), colorSpace='rgb', contrast=1.0, depth=-2.0, flipHoriz=False, flipVert=False, image='ANT_images/image1.png', interpolate=True, mask=None, maskParams=None, name='image', opacity=1.0, ori=0.0, pos=array([ 0. , -0.1]), size=array([0.5 , 0.12]), texRes=128, units='height', win=Window(...))
13.1779 	EXP 	Created instr_2 = TextStim(__class__=<class 'psychopy.visual.text.TextStim'>, alignHoriz=method-wrapper(...), alignText='center', alignVert=method-wrapper(...), anchorHoriz='center', anchorVert='center', antialias=True, autoLog=True, bold=False, color='black', colorSpace='named', contrast=1.0, depth=0.0, flipHoriz=False, flipVert=False, font='Arial', fontFiles=[], height=0.03, italic=False, languageStyle='LTR', name='instr_2', opacity=1.0, ori=0, pos=array([0., 0.]), rgb=array([0., 0., 0.]), text=str(...), units='height', win=Window(...), wrapWidth=1)
13.2146 	EXP 	Created image_2_1 = ImageStim(__class__=<class 'psychopy.visual.image.ImageStim'>, autoLog=True, color=array([1., 1., 1.]), colorSpace='rgb', contrast=1.0, depth=-2.0, flipHoriz=False, flipVert=False, image='ANT_images/image2.1.png', interpolate=True, mask=None, maskParams=None, name='image_2_1', opacity=1.0, ori=0.0, pos=array([0.  , 0.14]), size=array([0.5 , 0.12]), texRes=128, units='height', win=Window(...))
13.2414 	EXP 	Created image_2_2 = ImageStim(__class__=<class 'psychopy.visual.image.ImageStim'>, autoLog=True, color=array([1., 1., 1.]), colorSpace='rgb', contrast=1.0, depth=-3.0, flipHoriz=False, flipVert=False, image='ANT_images/image2.2.png', interpolate=True, mask=None, maskParams=None, name='image_2_2', opacity=1.0, ori=0.0, pos=array([ 0. , -0.1]), size=array([0.5 , 0.12]), texRes=128, units='height', win=Window(...))
13.2706 	EXP 	Created text = TextStim(__class__=<class 'psychopy.visual.text.TextStim'>, alignHoriz=method-wrapper(...), alignText='center', alignVert=method-wrapper(...), anchorHoriz='center', anchorVert='center', antialias=True, autoLog=True, bold=False, color='black', colorSpace='named', contrast=1.0, depth=0.0, flipHoriz=False, flipVert=False, font='Arial', fontFiles=[], height=0.03, italic=False, languageStyle='LTR', name='text', opacity=1.0, ori=0, pos=array([0. , 0.3]), rgb=array([0., 0., 0.]), text=str(...), units='height', win=Window(...), wrapWidth=1)
13.3228 	EXP 	Created image_3 = ImageStim(__class__=<class 'psychopy.visual.image.ImageStim'>, autoLog=True, color=array([1., 1., 1.]), colorSpace='rgb', contrast=1.0, depth=-2.0, flipHoriz=False, flipVert=False, image='ANT_images/image3.png', interpolate=True, mask=None, maskParams=None, name='image_3', opacity=1.0, ori=0.0, pos=array([ 0.  , -0.07]), size=array([0.7, 0.3]), texRes=128, units='height', win=Window(...))
13.3574 	EXP 	Created instr_4 = TextStim(__class__=<class 'psychopy.visual.text.TextStim'>, alignHoriz=method-wrapper(...), alignText='center', alignVert=method-wrapper(...), anchorHoriz='center', anchorVert='center', antialias=True, autoLog=True, bold=False, color='black', colorSpace='named', contrast=1.0, depth=0.0, flipHoriz=False, flipVert=False, font='Arial', fontFiles=[], height=0.03, italic=False, languageStyle='LTR', name='instr_4', opacity=1.0, ori=0, pos=array([0., 0.]), rgb=array([0., 0., 0.]), text=str(...), units='height', win=Window(...), wrapWidth=1)
13.4225 	EXP 	Created image_4 = ImageStim(__class__=<class 'psychopy.visual.image.ImageStim'>, autoLog=True, color=array([1., 1., 1.]), colorSpace='rgb', contrast=1.0, depth=-2.0, flipHoriz=False, flipVert=False, image='ANT_images/image4.png', interpolate=True, mask=None, maskParams=None, name='image_4', opacity=1.0, ori=0.0, pos=array([0. , 0.1]), size=array([0.6 , 0.15]), texRes=128, units='height', win=Window(...))
13.4793 	EXP 	Created pract_instr = TextStim(__class__=<class 'psychopy.visual.text.TextStim'>, alignHoriz=method-wrapper(...), alignText='center', alignVert=method-wrapper(...), anchorHoriz='center', anchorVert='center', antialias=True, autoLog=True, bold=False, color='black', colorSpace='named', contrast=1.0, depth=0.0, flipHoriz=False, flipVert=False, font='Arial', fontFiles=[], height=0.03, italic=False, languageStyle='LTR', name='pract_instr', opacity=1.0, ori=0, pos=array([0., 0.]), rgb=array([0., 0., 0.]), text=str(...), units='height', win=Window(...), wrapWidth=1)
13.4862 	EXP 	Created fix_1 = ImageStim(__class__=<class 'psychopy.visual.image.ImageStim'>, autoLog=True, color=array([1., 1., 1.]), colorSpace='rgb', contrast=1.0, depth=0.0, flipHoriz=False, flipVert=False, image='sin', interpolate=True, mask=None, maskParams=None, name='fix_1', opacity=1.0, ori=0.0, pos=array([0., 0.]), size=array([1., 1.]), texRes=128, units='height', win=Window(...))
13.4936 	EXP 	Created pract_warning = ImageStim(__class__=<class 'psychopy.visual.image.ImageStim'>, autoLog=True, color=array([1., 1., 1.]), colorSpace='rgb', contrast=1.0, depth=-1.0, flipHoriz=False, flipVert=False, image='sin', interpolate=True, mask=None, maskParams=None, name='pract_warning', opacity=1.0, ori=0.0, pos=array([0., 0.]), size=array([1., 1.]), texRes=128, units='height', win=Window(...))
13.5006 	EXP 	Created fix_2 = ImageStim(__class__=<class 'psychopy.visual.image.ImageStim'>, autoLog=True, color=array([1., 1., 1.]), colorSpace='rgb', contrast=1.0, depth=-2.0, flipHoriz=False, flipVert=False, image='sin', interpolate=True, mask=None, maskParams=None, name='fix_2', opacity=1.0, ori=0.0, pos=array([0., 0.]), size=array([1., 1.]), texRes=128, units='height', win=Window(...))
13.5081 	EXP 	Created pract_target = ImageStim(__class__=<class 'psychopy.visual.image.ImageStim'>, autoLog=True, color=array([1., 1., 1.]), colorSpace='rgb', contrast=1.0, depth=-3.0, flipHoriz=False, flipVert=False, image='sin', interpolate=True, mask=None, maskParams=None, name='pract_target', opacity=1.0, ori=0.0, pos=array([0., 0.]), size=array([0.7, 0.3]), texRes=128, units='height', win=Window(...))
13.6059 	EXP 	Created text_3 = TextStim(__class__=<class 'psychopy.visual.text.TextStim'>, alignHoriz=method-wrapper(...), alignText='center', alignVert=method-wrapper(...), anchorHoriz='center', anchorVert='center', antialias=True, autoLog=True, bold=False, color='white', colorSpace='named', contrast=1.0, depth=-1.0, flipHoriz=False, flipVert=False, font='Arial', fontFiles=[], height=0.1, italic=False, languageStyle='LTR', name='text_3', opacity=1.0, ori=0, pos=array([0., 0.]), rgb=array([255., 255., 255.]), text='default text', units='height', win=Window(...), wrapWidth=1)
13.6200 	EXP 	Created practice_res = TextStim(__class__=<class 'psychopy.visual.text.TextStim'>, alignHoriz=method-wrapper(...), alignText='center', alignVert=method-wrapper(...), anchorHoriz='center', anchorVert='center', antialias=True, autoLog=True, bold=False, color='black', colorSpace='named', contrast=1.0, depth=0.0, flipHoriz=False, flipVert=False, font='Arial', fontFiles=[], height=0.03, italic=False, languageStyle='LTR', name='practice_res', opacity=1.0, ori=0, pos=array([0., 0.]), rgb=array([0., 0., 0.]), text=str(...), units='height', win=Window(...), wrapWidth=1)
13.6506 	EXP 	Created text_5 = TextStim(__class__=<class 'psychopy.visual.text.TextStim'>, alignHoriz=method-wrapper(...), alignText='center', alignVert=method-wrapper(...), anchorHoriz='center', anchorVert='center', antialias=True, autoLog=True, bold=False, color='black', colorSpace='named', contrast=1.0, depth=0.0, flipHoriz=False, flipVert=False, font='Arial', fontFiles=[], height=0.03, italic=False, languageStyle='LTR', name='text_5', opacity=1.0, ori=0, pos=array([0., 0.]), rgb=array([0., 0., 0.]), text=str(...), units='height', win=Window(...), wrapWidth=1)
13.6548 	EXP 	Created fixation_1 = ImageStim(__class__=<class 'psychopy.visual.image.ImageStim'>, autoLog=True, color=array([1., 1., 1.]), colorSpace='rgb', contrast=1.0, depth=0.0, flipHoriz=False, flipVert=False, image='sin', interpolate=True, mask=None, maskParams=None, name='fixation_1', opacity=1.0, ori=0.0, pos=array([0., 0.]), size=array([1., 1.]), texRes=128, units='height', win=Window(...))
13.6586 	EXP 	Created warning = ImageStim(__class__=<class 'psychopy.visual.image.ImageStim'>, autoLog=True, color=array([1., 1., 1.]), colorSpace='rgb', contrast=1.0, depth=-1.0, flipHoriz=False, flipVert=False, image='sin', interpolate=True, mask=None, maskParams=None, name='warning', opacity=1.0, ori=0.0, pos=array([0., 0.]), size=array([1., 1.]), texRes=128, units='height', win=Window(...))
13.7972 	EXP 	Created fixation_2 = ImageStim(__class__=<class 'psychopy.visual.image.ImageStim'>, autoLog=True, color=array([1., 1., 1.]), colorSpace='rgb', contrast=1.0, depth=-2.0, flipHoriz=False, flipVert=False, image='ANT_images/fixation.png', interpolate=True, mask=None, maskParams=None, name='fixation_2', opacity=1.0, ori=0.0, pos=array([0., 0.]), size=array([1., 1.]), texRes=128, units='height', win=Window(...))
13.7999 	EXP 	Created target = ImageStim(__class__=<class 'psychopy.visual.image.ImageStim'>, autoLog=True, color=array([1., 1., 1.]), colorSpace='rgb', contrast=1.0, depth=-3.0, flipHoriz=False, flipVert=False, image='sin', interpolate=True, mask=None, maskParams=None, name='target', opacity=1.0, ori=0.0, pos=array([0., 0.]), size=array([0.7, 0.3]), texRes=128, units='height', win=Window(...))
13.9972 	EXP 	Created post_fixation = ImageStim(__class__=<class 'psychopy.visual.image.ImageStim'>, autoLog=True, color=array([1., 1., 1.]), colorSpace='rgb', contrast=1.0, depth=-4.0, flipHoriz=False, flipVert=False, image='ANT_images/fixation.png', interpolate=True, mask=None, maskParams=None, name='post_fixation', opacity=1.0, ori=0.0, pos=array([0., 0.]), size=array([1., 1.]), texRes=128, units='height', win=Window(...))
14.0692 	EXP 	Created break_message = TextStim(__class__=<class 'psychopy.visual.text.TextStim'>, alignHoriz=method-wrapper(...), alignText='center', alignVert=method-wrapper(...), anchorHoriz='center', anchorVert='center', antialias=True, autoLog=True, bold=False, color='black', colorSpace='named', contrast=1.0, depth=0.0, flipHoriz=False, flipVert=False, font='Arial', fontFiles=[], height=0.05, italic=False, languageStyle='LTR', name='break_message', opacity=1.0, ori=0, pos=array([0., 0.]), rgb=array([0., 0., 0.]), text=str(...), units='height', win=Window(...), wrapWidth=1)
14.0722 	EXP 	Created fixation_1 = ImageStim(__class__=<class 'psychopy.visual.image.ImageStim'>, autoLog=True, color=array([1., 1., 1.]), colorSpace='rgb', contrast=1.0, depth=0.0, flipHoriz=False, flipVert=False, image='sin', interpolate=True, mask=None, maskParams=None, name='fixation_1', opacity=1.0, ori=0.0, pos=array([0., 0.]), size=array([1., 1.]), texRes=128, units='height', win=Window(...))
14.0750 	EXP 	Created warning = ImageStim(__class__=<class 'psychopy.visual.image.ImageStim'>, autoLog=True, color=array([1., 1., 1.]), colorSpace='rgb', contrast=1.0, depth=-1.0, flipHoriz=False, flipVert=False, image='sin', interpolate=True, mask=None, maskParams=None, name='warning', opacity=1.0, ori=0.0, pos=array([0., 0.]), size=array([1., 1.]), texRes=128, units='height', win=Window(...))
14.2237 	EXP 	Created fixation_2 = ImageStim(__class__=<class 'psychopy.visual.image.ImageStim'>, autoLog=True, color=array([1., 1., 1.]), colorSpace='rgb', contrast=1.0, depth=-2.0, flipHoriz=False, flipVert=False, image='ANT_images/fixation.png', interpolate=True, mask=None, maskParams=None, name='fixation_2', opacity=1.0, ori=0.0, pos=array([0., 0.]), size=array([1., 1.]), texRes=128, units='height', win=Window(...))
14.2265 	EXP 	Created target = ImageStim(__class__=<class 'psychopy.visual.image.ImageStim'>, autoLog=True, color=array([1., 1., 1.]), colorSpace='rgb', contrast=1.0, depth=-3.0, flipHoriz=False, flipVert=False, image='sin', interpolate=True, mask=None, maskParams=None, name='target', opacity=1.0, ori=0.0, pos=array([0., 0.]), size=array([0.7, 0.3]), texRes=128, units='height', win=Window(...))
14.3522 	EXP 	Created post_fixation = ImageStim(__class__=<class 'psychopy.visual.image.ImageStim'>, autoLog=True, color=array([1., 1., 1.]), colorSpace='rgb', contrast=1.0, depth=-4.0, flipHoriz=False, flipVert=False, image='ANT_images/fixation.png', interpolate=True, mask=None, maskParams=None, name='post_fixation', opacity=1.0, ori=0.0, pos=array([0., 0.]), size=array([1., 1.]), texRes=128, units='height', win=Window(...))
14.3692 	EXP 	Created text_2 = TextStim(__class__=<class 'psychopy.visual.text.TextStim'>, alignHoriz=method-wrapper(...), alignText='center', alignVert=method-wrapper(...), anchorHoriz='center', anchorVert='center', antialias=True, autoLog=True, bold=False, color='black', colorSpace='named', contrast=1.0, depth=0.0, flipHoriz=False, flipVert=False, font='Arial', fontFiles=[], height=0.05, italic=False, languageStyle='LTR', name='text_2', opacity=1.0, ori=0, pos=array([0., 0.]), rgb=array([0., 0., 0.]), text=str(...), units='height', win=Window(...), wrapWidth=1)
14.4203 	EXP 	instr_1: autoDraw = True
14.4203 	EXP 	image: autoDraw = True
14.9787 	DATA 	Keypress: space
15.0359 	EXP 	instr_1: autoDraw = False
15.0359 	EXP 	image: autoDraw = False
15.0359 	EXP 	instr_2: autoDraw = True
15.0359 	EXP 	image_2_1: autoDraw = True
15.0359 	EXP 	image_2_2: autoDraw = True
15.3925 	DATA 	Keypress: space
15.4568 	EXP 	instr_2: autoDraw = False
15.4568 	EXP 	image_2_1: autoDraw = False
15.4568 	EXP 	image_2_2: autoDraw = False
15.4568 	EXP 	text: autoDraw = True
15.4568 	EXP 	image_3: autoDraw = True
15.6095 	DATA 	Keypress: space
15.6605 	EXP 	text: autoDraw = False
15.6605 	EXP 	image_3: autoDraw = False
15.6605 	EXP 	instr_4: autoDraw = True
15.6605 	EXP 	image_4: autoDraw = True
15.9449 	DATA 	Keypress: space
15.9815 	EXP 	instr_4: autoDraw = False
15.9815 	EXP 	image_4: autoDraw = False
15.9815 	EXP 	pract_instr: autoDraw = True
16.1755 	DATA 	Keypress: space
16.2704 	EXP 	Imported ANT_practice.xlsx as conditions, 24 conditions, 7 params
16.2715 	EXP 	Created sequence: random, trialTypes=24, nReps=1, seed=None
16.2727 	EXP 	New trial (rep=0, index=0): OrderedDict([('cue_file', 'ANT_images/center.png'), ('flanker', 'ANT_images/neu_r.png'), ('pos', 0.25), ('correct', 'i'), ('fix1', 1.0), ('cue_time', 0.1), ('stimStart', 1.5)])
16.5112 	DATA 	Keypress: space
16.6360 	EXP 	pract_instr: autoDraw = False
16.6360 	EXP 	fix_1: image = 'ANT_images/fixation.png'
16.6360 	EXP 	pract_warning: image = 'ANT_images/center.png'
16.6360 	EXP 	fix_2: image = 'ANT_images/fixation.png'
16.6360 	EXP 	pract_target: pos = array([0.  , 0.25])
16.6360 	EXP 	pract_target: image = 'ANT_images/neu_r.png'
16.6360 	EXP 	fix_1: autoDraw = True
17.6067 	EXP 	pract_warning: autoDraw = True
17.6435 	EXP 	fix_1: autoDraw = False
17.8181 	EXP 	pract_warning: autoDraw = False
17.8181 	EXP 	fix_2: autoDraw = True
18.2681 	EXP 	fix_2: autoDraw = False
18.2681 	EXP 	pract_target: autoDraw = True
18.9628 	DATA 	Keypress: e
19.0189 	EXP 	fix_1: autoDraw = False
19.0189 	EXP 	pract_warning: autoDraw = False
19.0189 	EXP 	fix_2: autoDraw = False
19.0189 	EXP 	pract_target: autoDraw = False
19.0189 	EXP 	text_3: color = 'black (named)'
19.0189 	EXP 	text_3: text = 'Incorrect'
19.0189 	EXP 	text_3: autoDraw = True
19.3765 	EXP 	New trial (rep=0, index=1): OrderedDict([('cue_file', 'ANT_images/none.png'), ('flanker', 'ANT_images/incong_r.png'), ('pos', 0.25), ('correct', 'i'), ('fix1', 0.1), ('cue_time', 0.0), ('stimStart', 0.5)])
19.5883 	EXP 	text_3: autoDraw = False
19.5883 	EXP 	fix_1: image = 'ANT_images/fixation.png'
19.5883 	EXP 	pract_warning: image = 'ANT_images/none.png'
19.5883 	EXP 	fix_2: image = 'ANT_images/fixation.png'
19.5883 	EXP 	pract_target: pos = array([0.  , 0.25])
19.5883 	EXP 	pract_target: image = 'ANT_images/incong_r.png'
19.5883 	EXP 	fix_1: autoDraw = True
19.6803 	EXP 	pract_warning: autoDraw = True
19.6803 	EXP 	pract_warning: autoDraw = False
19.6803 	EXP 	fix_2: autoDraw = True
19.6934 	EXP 	fix_1: autoDraw = False
20.0910 	EXP 	fix_2: autoDraw = False
20.0910 	EXP 	pract_target: autoDraw = True
20.6415 	DATA 	Keypress: i
20.6676 	EXP 	fix_1: autoDraw = False
20.6676 	EXP 	pract_warning: autoDraw = False
20.6676 	EXP 	fix_2: autoDraw = False
20.6676 	EXP 	pract_target: autoDraw = False
20.6676 	EXP 	text_3: color = 'black (named)'
20.6676 	EXP 	text_3: text = 'Correct!'
20.6676 	EXP 	text_3: autoDraw = True
21.0582 	EXP 	New trial (rep=0, index=2): OrderedDict([('cue_file', 'ANT_images/none.png'), ('flanker', 'ANT_images/cong_r.png'), ('pos', 0.25), ('correct', 'i'), ('fix1', 0.1), ('cue_time', 0.0), ('stimStart', 0.5)])
21.2327 	EXP 	text_3: autoDraw = False
21.2327 	EXP 	fix_1: image = 'ANT_images/fixation.png'
21.2327 	EXP 	pract_warning: image = 'ANT_images/none.png'
21.2327 	EXP 	fix_2: image = 'ANT_images/fixation.png'
21.2327 	EXP 	pract_target: pos = array([0.  , 0.25])
21.2327 	EXP 	pract_target: image = 'ANT_images/cong_r.png'
21.2327 	EXP 	fix_1: autoDraw = True
21.3305 	EXP 	pract_warning: autoDraw = True
21.3305 	EXP 	pract_warning: autoDraw = False
21.3305 	EXP 	fix_2: autoDraw = True
21.3435 	EXP 	fix_1: autoDraw = False
21.7415 	EXP 	fix_2: autoDraw = False
21.7415 	EXP 	pract_target: autoDraw = True
22.1923 	DATA 	Keypress: i
22.2075 	EXP 	fix_1: autoDraw = False
22.2075 	EXP 	pract_warning: autoDraw = False
22.2075 	EXP 	fix_2: autoDraw = False
22.2075 	EXP 	pract_target: autoDraw = False
22.2075 	EXP 	text_3: color = 'black (named)'
22.2075 	EXP 	text_3: text = 'Correct!'
22.2075 	EXP 	text_3: autoDraw = True
22.5929 	EXP 	New trial (rep=0, index=3): OrderedDict([('cue_file', 'ANT_images/double.png'), ('flanker', 'ANT_images/incong_l.png'), ('pos', -0.25), ('correct', 'e'), ('fix1', 1.5), ('cue_time', 0.1), ('stimStart', 2.0)])
22.7917 	EXP 	text_3: autoDraw = False
22.7917 	EXP 	text_3: autoDraw = False
22.7917 	EXP 	fix_1: image = 'ANT_images/fixation.png'
22.7917 	EXP 	pract_warning: image = 'ANT_images/double.png'
22.7917 	EXP 	fix_2: image = 'ANT_images/fixation.png'
22.7917 	EXP 	pract_target: pos = array([ 0.  , -0.25])
22.7917 	EXP 	pract_target: image = 'ANT_images/incong_l.png'
22.7917 	EXP 	fix_1: autoDraw = True
24.2799 	EXP 	pract_warning: autoDraw = True
24.2932 	EXP 	fix_1: autoDraw = False
24.3937 	EXP 	pract_warning: autoDraw = False
24.3937 	EXP 	fix_2: autoDraw = True
24.7914 	EXP 	fix_2: autoDraw = False
24.7914 	EXP 	pract_target: autoDraw = True
25.3756 	DATA 	Keypress: e
25.3907 	EXP 	fix_1: autoDraw = False
25.3907 	EXP 	pract_warning: autoDraw = False
25.3907 	EXP 	fix_2: autoDraw = False
25.3907 	EXP 	pract_target: autoDraw = False
25.3907 	EXP 	text_3: color = 'black (named)'
25.3907 	EXP 	text_3: text = 'Correct!'
25.3907 	EXP 	text_3: autoDraw = True
25.7761 	EXP 	New trial (rep=0, index=4): OrderedDict([('cue_file', 'ANT_images/down.png'), ('flanker', 'ANT_images/incong_l.png'), ('pos', -0.25), ('correct', 'e'), ('fix1', 1.3), ('cue_time', 0.1), ('stimStart', 1.8000000000000003)])
25.9794 	EXP 	text_3: autoDraw = False
25.9794 	EXP 	text_3: autoDraw = False
25.9794 	EXP 	fix_1: image = 'ANT_images/fixation.png'
25.9794 	EXP 	pract_warning: image = 'ANT_images/down.png'
25.9794 	EXP 	fix_2: image = 'ANT_images/fixation.png'
25.9794 	EXP 	pract_target: pos = array([ 0.  , -0.25])
25.9794 	EXP 	pract_target: image = 'ANT_images/incong_l.png'
25.9794 	EXP 	fix_1: autoDraw = True
27.2805 	EXP 	pract_warning: autoDraw = True
27.2937 	EXP 	fix_1: autoDraw = False
27.3941 	EXP 	pract_warning: autoDraw = False
27.3941 	EXP 	fix_2: autoDraw = True
27.7914 	EXP 	fix_2: autoDraw = False
27.7914 	EXP 	pract_target: autoDraw = True
28.3088 	DATA 	Keypress: e
28.3240 	EXP 	fix_1: autoDraw = False
28.3240 	EXP 	pract_warning: autoDraw = False
28.3240 	EXP 	fix_2: autoDraw = False
28.3240 	EXP 	pract_target: autoDraw = False
28.3240 	EXP 	text_3: color = 'black (named)'
28.3240 	EXP 	text_3: text = 'Correct!'
28.3240 	EXP 	text_3: autoDraw = True
28.7095 	EXP 	New trial (rep=0, index=5): OrderedDict([('cue_file', 'ANT_images/center.png'), ('flanker', 'ANT_images/neu_l.png'), ('pos', -0.25), ('correct', 'e'), ('fix1', 0.8), ('cue_time', 0.1), ('stimStart', 1.3)])
28.9224 	EXP 	text_3: autoDraw = False
28.9224 	EXP 	text_3: autoDraw = False
28.9224 	EXP 	fix_1: image = 'ANT_images/fixation.png'
28.9224 	EXP 	pract_warning: image = 'ANT_images/center.png'
28.9224 	EXP 	fix_2: image = 'ANT_images/fixation.png'
28.9224 	EXP 	pract_target: pos = array([ 0.  , -0.25])
28.9224 	EXP 	pract_target: image = 'ANT_images/neu_l.png'
28.9224 	EXP 	fix_1: autoDraw = True
29.7141 	EXP 	pract_warning: autoDraw = True
29.7270 	EXP 	fix_1: autoDraw = False
29.8276 	EXP 	pract_warning: autoDraw = False
29.8276 	EXP 	fix_2: autoDraw = True
30.2247 	EXP 	fix_2: autoDraw = False
30.2247 	EXP 	pract_target: autoDraw = True
30.6754 	DATA 	Keypress: e
30.6904 	EXP 	fix_1: autoDraw = False
30.6904 	EXP 	pract_warning: autoDraw = False
30.6904 	EXP 	fix_2: autoDraw = False
30.6904 	EXP 	pract_target: autoDraw = False
30.6904 	EXP 	text_3: color = 'black (named)'
30.6904 	EXP 	text_3: text = 'Correct!'
30.6904 	EXP 	text_3: autoDraw = True
31.0760 	EXP 	New trial (rep=0, index=6): OrderedDict([('cue_file', 'ANT_images/up.png'), ('flanker', 'ANT_images/neu_l.png'), ('pos', 0.25), ('correct', 'e'), ('fix1', 1.4), ('cue_time', 0.1), ('stimStart', 1.9)])
31.2815 	EXP 	text_3: autoDraw = False
31.2815 	EXP 	text_3: autoDraw = False
31.2815 	EXP 	fix_1: image = 'ANT_images/fixation.png'
31.2815 	EXP 	pract_warning: image = 'ANT_images/up.png'
31.2815 	EXP 	fix_2: image = 'ANT_images/fixation.png'
31.2815 	EXP 	pract_target: pos = array([0.  , 0.25])
31.2815 	EXP 	pract_target: image = 'ANT_images/neu_l.png'
31.2815 	EXP 	fix_1: autoDraw = True
32.6804 	EXP 	pract_warning: autoDraw = True
32.6936 	EXP 	fix_1: autoDraw = False
32.7939 	EXP 	pract_warning: autoDraw = False
32.7939 	EXP 	fix_2: autoDraw = True
33.1910 	EXP 	fix_2: autoDraw = False
33.1910 	EXP 	pract_target: autoDraw = True
33.6590 	DATA 	Keypress: e
33.6739 	EXP 	fix_1: autoDraw = False
33.6739 	EXP 	pract_warning: autoDraw = False
33.6739 	EXP 	fix_2: autoDraw = False
33.6739 	EXP 	pract_target: autoDraw = False
33.6739 	EXP 	text_3: color = 'black (named)'
33.6739 	EXP 	text_3: text = 'Correct!'
33.6739 	EXP 	text_3: autoDraw = True
34.0595 	EXP 	New trial (rep=0, index=7): OrderedDict([('cue_file', 'ANT_images/up.png'), ('flanker', 'ANT_images/cong_l.png'), ('pos', 0.25), ('correct', 'e'), ('fix1', 1.5), ('cue_time', 0.1), ('stimStart', 2.0)])
34.2603 	EXP 	text_3: autoDraw = False
34.2603 	EXP 	text_3: autoDraw = False
34.2603 	EXP 	fix_1: image = 'ANT_images/fixation.png'
34.2603 	EXP 	pract_warning: image = 'ANT_images/up.png'
34.2603 	EXP 	fix_2: image = 'ANT_images/fixation.png'
34.2603 	EXP 	pract_target: pos = array([0.  , 0.25])
34.2603 	EXP 	pract_target: image = 'ANT_images/cong_l.png'
34.2603 	EXP 	fix_1: autoDraw = True
35.7472 	EXP 	pract_warning: autoDraw = True
35.7602 	EXP 	fix_1: autoDraw = False
35.8606 	EXP 	pract_warning: autoDraw = False
35.8606 	EXP 	fix_2: autoDraw = True
36.2576 	EXP 	fix_2: autoDraw = False
36.2576 	EXP 	pract_target: autoDraw = True
36.6914 	DATA 	Keypress: e
36.7069 	EXP 	fix_1: autoDraw = False
36.7069 	EXP 	pract_warning: autoDraw = False
36.7069 	EXP 	fix_2: autoDraw = False
36.7069 	EXP 	pract_target: autoDraw = False
36.7069 	EXP 	text_3: color = 'black (named)'
36.7069 	EXP 	text_3: text = 'Correct!'
36.7069 	EXP 	text_3: autoDraw = True
37.0918 	EXP 	New trial (rep=0, index=8): OrderedDict([('cue_file', 'ANT_images/double.png'), ('flanker', 'ANT_images/cong_r.png'), ('pos', 0.25), ('correct', 'i'), ('fix1', 1.3), ('cue_time', 0.1), ('stimStart', 1.8000000000000003)])
37.2741 	EXP 	text_3: autoDraw = False
37.2741 	EXP 	text_3: autoDraw = False
37.2741 	EXP 	fix_1: image = 'ANT_images/fixation.png'
37.2741 	EXP 	pract_warning: image = 'ANT_images/double.png'
37.2741 	EXP 	fix_2: image = 'ANT_images/fixation.png'
37.2741 	EXP 	pract_target: pos = array([0.  , 0.25])
37.2741 	EXP 	pract_target: image = 'ANT_images/cong_r.png'
37.2741 	EXP 	fix_1: autoDraw = True
38.5640 	EXP 	pract_warning: autoDraw = True
38.5768 	EXP 	fix_1: autoDraw = False
38.6775 	EXP 	pract_warning: autoDraw = False
38.6775 	EXP 	fix_2: autoDraw = True
39.0745 	EXP 	fix_2: autoDraw = False
39.0745 	EXP 	pract_target: autoDraw = True
39.4922 	DATA 	Keypress: i
39.5073 	EXP 	fix_1: autoDraw = False
39.5073 	EXP 	pract_warning: autoDraw = False
39.5073 	EXP 	fix_2: autoDraw = False
39.5073 	EXP 	pract_target: autoDraw = False
39.5073 	EXP 	text_3: color = 'black (named)'
39.5073 	EXP 	text_3: text = 'Correct!'
39.5073 	EXP 	text_3: autoDraw = True
39.8928 	EXP 	New trial (rep=0, index=9): OrderedDict([('cue_file', 'ANT_images/down.png'), ('flanker', 'ANT_images/incong_r.png'), ('pos', -0.25), ('correct', 'i'), ('fix1', 1.0), ('cue_time', 0.1), ('stimStart', 1.5)])
40.0914 	EXP 	text_3: autoDraw = False
40.0914 	EXP 	text_3: autoDraw = False
40.0914 	EXP 	fix_1: image = 'ANT_images/fixation.png'
40.0914 	EXP 	pract_warning: image = 'ANT_images/down.png'
40.0914 	EXP 	fix_2: image = 'ANT_images/fixation.png'
40.0914 	EXP 	pract_target: pos = array([ 0.  , -0.25])
40.0914 	EXP 	pract_target: image = 'ANT_images/incong_r.png'
40.0914 	EXP 	fix_1: autoDraw = True
41.0804 	EXP 	pract_warning: autoDraw = True
41.0936 	EXP 	fix_1: autoDraw = False
41.1941 	EXP 	pract_warning: autoDraw = False
41.1941 	EXP 	fix_2: autoDraw = True
41.5914 	EXP 	fix_2: autoDraw = False
41.5914 	EXP 	pract_target: autoDraw = True
42.1754 	DATA 	Keypress: i
42.1905 	EXP 	fix_1: autoDraw = False
42.1905 	EXP 	pract_warning: autoDraw = False
42.1905 	EXP 	fix_2: autoDraw = False
42.1905 	EXP 	pract_target: autoDraw = False
42.1905 	EXP 	text_3: color = 'black (named)'
42.1905 	EXP 	text_3: text = 'Correct!'
42.1905 	EXP 	text_3: autoDraw = True
42.5762 	EXP 	New trial (rep=0, index=10): OrderedDict([('cue_file', 'ANT_images/none.png'), ('flanker', 'ANT_images/cong_r.png'), ('pos', -0.25), ('correct', 'i'), ('fix1', 0.1), ('cue_time', 0.0), ('stimStart', 0.5)])
42.7738 	EXP 	text_3: autoDraw = False
42.7738 	EXP 	text_3: autoDraw = False
42.7738 	EXP 	fix_1: image = 'ANT_images/fixation.png'
42.7738 	EXP 	pract_warning: image = 'ANT_images/none.png'
42.7738 	EXP 	fix_2: image = 'ANT_images/fixation.png'
42.7738 	EXP 	pract_target: pos = array([ 0.  , -0.25])
42.7738 	EXP 	pract_target: image = 'ANT_images/cong_r.png'
42.7738 	EXP 	fix_1: autoDraw = True
42.8639 	EXP 	pract_warning: autoDraw = True
42.8639 	EXP 	pract_warning: autoDraw = False
42.8639 	EXP 	fix_2: autoDraw = True
42.8769 	EXP 	fix_1: autoDraw = False
43.2746 	EXP 	fix_2: autoDraw = False
43.2746 	EXP 	pract_target: autoDraw = True
43.8422 	DATA 	Keypress: i
43.8573 	EXP 	fix_1: autoDraw = False
43.8573 	EXP 	pract_warning: autoDraw = False
43.8573 	EXP 	fix_2: autoDraw = False
43.8573 	EXP 	pract_target: autoDraw = False
43.8573 	EXP 	text_3: color = 'black (named)'
43.8573 	EXP 	text_3: text = 'Correct!'
43.8573 	EXP 	text_3: autoDraw = True
44.2430 	EXP 	New trial (rep=0, index=11): OrderedDict([('cue_file', 'ANT_images/down.png'), ('flanker', 'ANT_images/cong_l.png'), ('pos', -0.25), ('correct', 'e'), ('fix1', 1.2), ('cue_time', 0.1), ('stimStart', 1.7000000000000002)])
44.4428 	EXP 	text_3: autoDraw = False
44.4428 	EXP 	text_3: autoDraw = False
44.4428 	EXP 	fix_1: image = 'ANT_images/fixation.png'
44.4428 	EXP 	pract_warning: image = 'ANT_images/down.png'
44.4428 	EXP 	fix_2: image = 'ANT_images/fixation.png'
44.4428 	EXP 	pract_target: pos = array([ 0.  , -0.25])
44.4428 	EXP 	pract_target: image = 'ANT_images/cong_l.png'
44.4428 	EXP 	fix_1: autoDraw = True
45.6303 	EXP 	pract_warning: autoDraw = True
45.6436 	EXP 	fix_1: autoDraw = False
45.7440 	EXP 	pract_warning: autoDraw = False
45.7440 	EXP 	fix_2: autoDraw = True
46.1412 	EXP 	fix_2: autoDraw = False
46.1412 	EXP 	pract_target: autoDraw = True
46.5589 	DATA 	Keypress: e
46.5738 	EXP 	fix_1: autoDraw = False
46.5738 	EXP 	pract_warning: autoDraw = False
46.5738 	EXP 	fix_2: autoDraw = False
46.5738 	EXP 	pract_target: autoDraw = False
46.5738 	EXP 	text_3: color = 'black (named)'
46.5738 	EXP 	text_3: text = 'Correct!'
46.5738 	EXP 	text_3: autoDraw = True
46.9594 	EXP 	New trial (rep=0, index=12): OrderedDict([('cue_file', 'ANT_images/none.png'), ('flanker', 'ANT_images/neu_r.png'), ('pos', 0.25), ('correct', 'i'), ('fix1', 0.1), ('cue_time', 0.0), ('stimStart', 0.5)])
47.1657 	EXP 	text_3: autoDraw = False
47.1657 	EXP 	text_3: autoDraw = False
47.1657 	EXP 	fix_1: image = 'ANT_images/fixation.png'
47.1657 	EXP 	pract_warning: image = 'ANT_images/none.png'
47.1657 	EXP 	fix_2: image = 'ANT_images/fixation.png'
47.1657 	EXP 	pract_target: pos = array([0.  , 0.25])
47.1657 	EXP 	pract_target: image = 'ANT_images/neu_r.png'
47.1657 	EXP 	fix_1: autoDraw = True
47.2637 	EXP 	pract_warning: autoDraw = True
47.2637 	EXP 	pract_warning: autoDraw = False
47.2637 	EXP 	fix_2: autoDraw = True
47.2768 	EXP 	fix_1: autoDraw = False
47.6746 	EXP 	fix_2: autoDraw = False
47.6746 	EXP 	pract_target: autoDraw = True
48.1255 	DATA 	Keypress: i
48.1404 	EXP 	fix_1: autoDraw = False
48.1404 	EXP 	pract_warning: autoDraw = False
48.1404 	EXP 	fix_2: autoDraw = False
48.1404 	EXP 	pract_target: autoDraw = False
48.1404 	EXP 	text_3: color = 'black (named)'
48.1404 	EXP 	text_3: text = 'Correct!'
48.1404 	EXP 	text_3: autoDraw = True
48.5262 	EXP 	New trial (rep=0, index=13): OrderedDict([('cue_file', 'ANT_images/center.png'), ('flanker', 'ANT_images/cong_r.png'), ('pos', 0.25), ('correct', 'i'), ('fix1', 1.4), ('cue_time', 0.1), ('stimStart', 1.9)])
48.7300 	EXP 	text_3: autoDraw = False
48.7300 	EXP 	text_3: autoDraw = False
48.7300 	EXP 	fix_1: image = 'ANT_images/fixation.png'
48.7300 	EXP 	pract_warning: image = 'ANT_images/center.png'
48.7300 	EXP 	fix_2: image = 'ANT_images/fixation.png'
48.7300 	EXP 	pract_target: pos = array([0.  , 0.25])
48.7300 	EXP 	pract_target: image = 'ANT_images/cong_r.png'
48.7300 	EXP 	fix_1: autoDraw = True
50.1303 	EXP 	pract_warning: autoDraw = True
50.1435 	EXP 	fix_1: autoDraw = False
50.2440 	EXP 	pract_warning: autoDraw = False
50.2440 	EXP 	fix_2: autoDraw = True
50.6412 	EXP 	fix_2: autoDraw = False
50.6412 	EXP 	pract_target: autoDraw = True
51.0753 	DATA 	Keypress: i
51.0904 	EXP 	fix_1: autoDraw = False
51.0904 	EXP 	pract_warning: autoDraw = False
51.0904 	EXP 	fix_2: autoDraw = False
51.0904 	EXP 	pract_target: autoDraw = False
51.0904 	EXP 	text_3: color = 'black (named)'
51.0904 	EXP 	text_3: text = 'Correct!'
51.0904 	EXP 	text_3: autoDraw = True
51.4762 	EXP 	New trial (rep=0, index=14): OrderedDict([('cue_file', 'ANT_images/none.png'), ('flanker', 'ANT_images/cong_l.png'), ('pos', 0.25), ('correct', 'e'), ('fix1', 0.1), ('cue_time', 0.0), ('stimStart', 0.5)])
51.6816 	EXP 	text_3: autoDraw = False
51.6816 	EXP 	text_3: autoDraw = False
51.6816 	EXP 	fix_1: image = 'ANT_images/fixation.png'
51.6816 	EXP 	pract_warning: image = 'ANT_images/none.png'
51.6816 	EXP 	fix_2: image = 'ANT_images/fixation.png'
51.6816 	EXP 	pract_target: pos = array([0.  , 0.25])
51.6816 	EXP 	pract_target: image = 'ANT_images/cong_l.png'
51.6816 	EXP 	fix_1: autoDraw = True
51.7798 	EXP 	pract_warning: autoDraw = True
51.7798 	EXP 	pract_warning: autoDraw = False
51.7798 	EXP 	fix_2: autoDraw = True
51.7930 	EXP 	fix_1: autoDraw = False
52.1909 	EXP 	fix_2: autoDraw = False
52.1909 	EXP 	pract_target: autoDraw = True
52.7413 	DATA 	Keypress: e
52.7567 	EXP 	fix_1: autoDraw = False
52.7567 	EXP 	pract_warning: autoDraw = False
52.7567 	EXP 	fix_2: autoDraw = False
52.7567 	EXP 	pract_target: autoDraw = False
52.7567 	EXP 	text_3: color = 'black (named)'
52.7567 	EXP 	text_3: text = 'Correct!'
52.7567 	EXP 	text_3: autoDraw = True
53.1423 	EXP 	New trial (rep=0, index=15): OrderedDict([('cue_file', 'ANT_images/up.png'), ('flanker', 'ANT_images/incong_r.png'), ('pos', 0.25), ('correct', 'i'), ('fix1', 0.9), ('cue_time', 0.1), ('stimStart', 1.4)])
53.3358 	EXP 	text_3: autoDraw = False
53.3358 	EXP 	text_3: autoDraw = False
53.3358 	EXP 	fix_1: image = 'ANT_images/fixation.png'
53.3358 	EXP 	pract_warning: image = 'ANT_images/up.png'
53.3358 	EXP 	fix_2: image = 'ANT_images/fixation.png'
53.3358 	EXP 	pract_target: pos = array([0.  , 0.25])
53.3358 	EXP 	pract_target: image = 'ANT_images/incong_r.png'
53.3358 	EXP 	fix_1: autoDraw = True
54.2303 	EXP 	pract_warning: autoDraw = True
54.2435 	EXP 	fix_1: autoDraw = False
54.3439 	EXP 	pract_warning: autoDraw = False
54.3439 	EXP 	fix_2: autoDraw = True
54.7412 	EXP 	fix_2: autoDraw = False
54.7412 	EXP 	pract_target: autoDraw = True
55.2754 	DATA 	Keypress: i
55.2905 	EXP 	fix_1: autoDraw = False
55.2905 	EXP 	pract_warning: autoDraw = False
55.2905 	EXP 	fix_2: autoDraw = False
55.2905 	EXP 	pract_target: autoDraw = False
55.2905 	EXP 	text_3: color = 'black (named)'
55.2905 	EXP 	text_3: text = 'Correct!'
55.2905 	EXP 	text_3: autoDraw = True
55.6760 	EXP 	New trial (rep=0, index=16): OrderedDict([('cue_file', 'ANT_images/center.png'), ('flanker', 'ANT_images/neu_r.png'), ('pos', 0.25), ('correct', 'i'), ('fix1', 1.0), ('cue_time', 0.1), ('stimStart', 1.5)])
55.8766 	EXP 	text_3: autoDraw = False
55.8766 	EXP 	text_3: autoDraw = False
55.8766 	EXP 	fix_1: image = 'ANT_images/fixation.png'
55.8766 	EXP 	pract_warning: image = 'ANT_images/center.png'
55.8766 	EXP 	fix_2: image = 'ANT_images/fixation.png'
55.8766 	EXP 	pract_target: pos = array([0.  , 0.25])
55.8766 	EXP 	pract_target: image = 'ANT_images/neu_r.png'
55.8766 	EXP 	fix_1: autoDraw = True
56.8634 	EXP 	pract_warning: autoDraw = True
56.8767 	EXP 	fix_1: autoDraw = False
56.9774 	EXP 	pract_warning: autoDraw = False
56.9774 	EXP 	fix_2: autoDraw = True
57.3745 	EXP 	fix_2: autoDraw = False
57.3745 	EXP 	pract_target: autoDraw = True
57.7922 	DATA 	Keypress: i
57.8071 	EXP 	fix_1: autoDraw = False
57.8071 	EXP 	pract_warning: autoDraw = False
57.8071 	EXP 	fix_2: autoDraw = False
57.8071 	EXP 	pract_target: autoDraw = False
57.8071 	EXP 	text_3: color = 'black (named)'
57.8071 	EXP 	text_3: text = 'Correct!'
57.8071 	EXP 	text_3: autoDraw = True
58.1926 	EXP 	New trial (rep=0, index=17): OrderedDict([('cue_file', 'ANT_images/double.png'), ('flanker', 'ANT_images/incong_r.png'), ('pos', -0.25), ('correct', 'i'), ('fix1', 1.6), ('cue_time', 0.1), ('stimStart', 2.1)])
58.4033 	EXP 	text_3: autoDraw = False
58.4033 	EXP 	text_3: autoDraw = False
58.4033 	EXP 	fix_1: image = 'ANT_images/fixation.png'
58.4033 	EXP 	pract_warning: image = 'ANT_images/double.png'
58.4033 	EXP 	fix_2: image = 'ANT_images/fixation.png'
58.4033 	EXP 	pract_target: pos = array([ 0.  , -0.25])
58.4033 	EXP 	pract_target: image = 'ANT_images/incong_r.png'
58.4033 	EXP 	fix_1: autoDraw = True
59.9971 	EXP 	pract_warning: autoDraw = True
60.0101 	EXP 	fix_1: autoDraw = False
60.1107 	EXP 	pract_warning: autoDraw = False
60.1107 	EXP 	fix_2: autoDraw = True
60.5078 	EXP 	fix_2: autoDraw = False
60.5078 	EXP 	pract_target: autoDraw = True
60.9089 	DATA 	Keypress: e
60.9342 	EXP 	fix_1: autoDraw = False
60.9342 	EXP 	pract_warning: autoDraw = False
60.9342 	EXP 	fix_2: autoDraw = False
60.9342 	EXP 	pract_target: autoDraw = False
60.9342 	EXP 	text_3: color = 'black (named)'
60.9342 	EXP 	text_3: text = 'Incorrect'
60.9342 	EXP 	text_3: autoDraw = True
61.3256 	EXP 	New trial (rep=0, index=18): OrderedDict([('cue_file', 'ANT_images/center.png'), ('flanker', 'ANT_images/incong_l.png'), ('pos', -0.25), ('correct', 'e'), ('fix1', 1.3), ('cue_time', 0.1), ('stimStart', 1.8000000000000003)])
61.5282 	EXP 	text_3: autoDraw = False
61.5282 	EXP 	fix_1: image = 'ANT_images/fixation.png'
61.5282 	EXP 	pract_warning: image = 'ANT_images/center.png'
61.5282 	EXP 	fix_2: image = 'ANT_images/fixation.png'
61.5282 	EXP 	pract_target: pos = array([ 0.  , -0.25])
61.5282 	EXP 	pract_target: image = 'ANT_images/incong_l.png'
61.5282 	EXP 	fix_1: autoDraw = True
62.8303 	EXP 	pract_warning: autoDraw = True
62.8433 	EXP 	fix_1: autoDraw = False
62.9438 	EXP 	pract_warning: autoDraw = False
62.9438 	EXP 	fix_2: autoDraw = True
63.3411 	EXP 	fix_2: autoDraw = False
63.3411 	EXP 	pract_target: autoDraw = True
63.9922 	DATA 	Keypress: e
64.0170 	EXP 	fix_1: autoDraw = False
64.0170 	EXP 	pract_warning: autoDraw = False
64.0170 	EXP 	fix_2: autoDraw = False
64.0170 	EXP 	pract_target: autoDraw = False
64.0170 	EXP 	text_3: color = 'black (named)'
64.0170 	EXP 	text_3: text = 'Correct!'
64.0170 	EXP 	text_3: autoDraw = True
64.4090 	EXP 	New trial (rep=0, index=19): OrderedDict([('cue_file', 'ANT_images/center.png'), ('flanker', 'ANT_images/incong_r.png'), ('pos', 0.25), ('correct', 'i'), ('fix1', 0.4), ('cue_time', 0.1), ('stimStart', 0.9)])
64.6104 	EXP 	text_3: autoDraw = False
64.6104 	EXP 	fix_1: image = 'ANT_images/fixation.png'
64.6104 	EXP 	pract_warning: image = 'ANT_images/center.png'
64.6104 	EXP 	fix_2: image = 'ANT_images/fixation.png'
64.6104 	EXP 	pract_target: pos = array([0.  , 0.25])
64.6104 	EXP 	pract_target: image = 'ANT_images/incong_r.png'
64.6104 	EXP 	fix_1: autoDraw = True
64.9968 	EXP 	pract_warning: autoDraw = True
65.0099 	EXP 	fix_1: autoDraw = False
65.1104 	EXP 	pract_warning: autoDraw = False
65.1104 	EXP 	fix_2: autoDraw = True
65.5078 	EXP 	fix_2: autoDraw = False
65.5078 	EXP 	pract_target: autoDraw = True
66.0268 	DATA 	Keypress: i
66.0570 	EXP 	fix_1: autoDraw = False
66.0570 	EXP 	pract_warning: autoDraw = False
66.0570 	EXP 	fix_2: autoDraw = False
66.0570 	EXP 	pract_target: autoDraw = False
66.0570 	EXP 	text_3: color = 'black (named)'
66.0570 	EXP 	text_3: text = 'Correct!'
66.0570 	EXP 	text_3: autoDraw = True
66.4424 	EXP 	New trial (rep=0, index=20): OrderedDict([('cue_file', 'ANT_images/none.png'), ('flanker', 'ANT_images/cong_l.png'), ('pos', -0.25), ('correct', 'e'), ('fix1', 0.1), ('cue_time', 0.0), ('stimStart', 0.5)])
66.6461 	EXP 	text_3: autoDraw = False
66.6461 	EXP 	text_3: autoDraw = False
66.6461 	EXP 	fix_1: image = 'ANT_images/fixation.png'
66.6461 	EXP 	pract_warning: image = 'ANT_images/none.png'
66.6461 	EXP 	fix_2: image = 'ANT_images/fixation.png'
66.6461 	EXP 	pract_target: pos = array([ 0.  , -0.25])
66.6461 	EXP 	pract_target: image = 'ANT_images/cong_l.png'
66.6461 	EXP 	fix_1: autoDraw = True
66.7471 	EXP 	pract_warning: autoDraw = True
66.7471 	EXP 	pract_warning: autoDraw = False
66.7471 	EXP 	fix_2: autoDraw = True
66.7600 	EXP 	fix_1: autoDraw = False
67.1578 	EXP 	fix_2: autoDraw = False
67.1578 	EXP 	pract_target: autoDraw = True
67.8077 	DATA 	Keypress: e
67.8233 	EXP 	fix_1: autoDraw = False
67.8233 	EXP 	pract_warning: autoDraw = False
67.8233 	EXP 	fix_2: autoDraw = False
67.8233 	EXP 	pract_target: autoDraw = False
67.8233 	EXP 	text_3: color = 'black (named)'
67.8233 	EXP 	text_3: text = 'Correct!'
67.8233 	EXP 	text_3: autoDraw = True
68.2079 	EXP 	New trial (rep=0, index=21): OrderedDict([('cue_file', 'ANT_images/center.png'), ('flanker', 'ANT_images/neu_l.png'), ('pos', 0.25), ('correct', 'e'), ('fix1', 1.1), ('cue_time', 0.1), ('stimStart', 1.6)])
68.3884 	EXP 	text_3: autoDraw = False
68.3884 	EXP 	text_3: autoDraw = False
68.3884 	EXP 	fix_1: image = 'ANT_images/fixation.png'
68.3884 	EXP 	pract_warning: image = 'ANT_images/center.png'
68.3884 	EXP 	fix_2: image = 'ANT_images/fixation.png'
68.3884 	EXP 	pract_target: pos = array([0.  , 0.25])
68.3884 	EXP 	pract_target: image = 'ANT_images/neu_l.png'
68.3884 	EXP 	fix_1: autoDraw = True
69.4802 	EXP 	pract_warning: autoDraw = True
69.4932 	EXP 	fix_1: autoDraw = False
69.5938 	EXP 	pract_warning: autoDraw = False
69.5938 	EXP 	fix_2: autoDraw = True
69.9911 	EXP 	fix_2: autoDraw = False
69.9911 	EXP 	pract_target: autoDraw = True
70.4918 	DATA 	Keypress: e
70.5070 	EXP 	fix_1: autoDraw = False
70.5070 	EXP 	pract_warning: autoDraw = False
70.5070 	EXP 	fix_2: autoDraw = False
70.5070 	EXP 	pract_target: autoDraw = False
70.5070 	EXP 	text_3: color = 'black (named)'
70.5070 	EXP 	text_3: text = 'Correct!'
70.5070 	EXP 	text_3: autoDraw = True
70.8923 	EXP 	New trial (rep=0, index=22): OrderedDict([('cue_file', 'ANT_images/double.png'), ('flanker', 'ANT_images/neu_r.png'), ('pos', -0.25), ('correct', 'i'), ('fix1', 0.7), ('cue_time', 0.1), ('stimStart', 1.2)])
71.0913 	EXP 	text_3: autoDraw = False
71.0913 	EXP 	text_3: autoDraw = False
71.0913 	EXP 	fix_1: image = 'ANT_images/fixation.png'
71.0913 	EXP 	pract_warning: image = 'ANT_images/double.png'
71.0913 	EXP 	fix_2: image = 'ANT_images/fixation.png'
71.0913 	EXP 	pract_target: pos = array([ 0.  , -0.25])
71.0913 	EXP 	pract_target: image = 'ANT_images/neu_r.png'
71.0913 	EXP 	fix_1: autoDraw = True
71.7803 	EXP 	pract_warning: autoDraw = True
71.7933 	EXP 	fix_1: autoDraw = False
71.8939 	EXP 	pract_warning: autoDraw = False
71.8939 	EXP 	fix_2: autoDraw = True
72.2911 	EXP 	fix_2: autoDraw = False
72.2911 	EXP 	pract_target: autoDraw = True
72.6751 	DATA 	Keypress: i
72.6903 	EXP 	fix_1: autoDraw = False
72.6903 	EXP 	pract_warning: autoDraw = False
72.6903 	EXP 	fix_2: autoDraw = False
72.6903 	EXP 	pract_target: autoDraw = False
72.6903 	EXP 	text_3: color = 'black (named)'
72.6903 	EXP 	text_3: text = 'Correct!'
72.6903 	EXP 	text_3: autoDraw = True
73.0756 	EXP 	New trial (rep=0, index=23): OrderedDict([('cue_file', 'ANT_images/double.png'), ('flanker', 'ANT_images/neu_r.png'), ('pos', 0.25), ('correct', 'i'), ('fix1', 1.2), ('cue_time', 0.1), ('stimStart', 1.7000000000000002)])
73.2753 	EXP 	text_3: autoDraw = False
73.2753 	EXP 	text_3: autoDraw = False
73.2753 	EXP 	fix_1: image = 'ANT_images/fixation.png'
73.2753 	EXP 	pract_warning: image = 'ANT_images/double.png'
73.2753 	EXP 	fix_2: image = 'ANT_images/fixation.png'
73.2753 	EXP 	pract_target: pos = array([0.  , 0.25])
73.2753 	EXP 	pract_target: image = 'ANT_images/neu_r.png'
73.2753 	EXP 	fix_1: autoDraw = True
74.4635 	EXP 	pract_warning: autoDraw = True
74.4766 	EXP 	fix_1: autoDraw = False
74.5771 	EXP 	pract_warning: autoDraw = False
74.5771 	EXP 	fix_2: autoDraw = True
74.9743 	EXP 	fix_2: autoDraw = False
74.9743 	EXP 	pract_target: autoDraw = True
75.4255 	DATA 	Keypress: i
75.4402 	EXP 	fix_1: autoDraw = False
75.4402 	EXP 	pract_warning: autoDraw = False
75.4402 	EXP 	fix_2: autoDraw = False
75.4402 	EXP 	pract_target: autoDraw = False
75.4402 	EXP 	text_3: color = 'black (named)'
75.4402 	EXP 	text_3: text = 'Correct!'
75.4402 	EXP 	text_3: autoDraw = True
75.8403 	EXP 	text_3: autoDraw = False
75.8403 	EXP 	text_3: autoDraw = False
75.8403 	EXP 	practice_res: autoDraw = True
76.7912 	DATA 	Keypress: space
76.8071 	EXP 	practice_res: autoDraw = False
76.8071 	EXP 	text_5: autoDraw = True
77.2581 	DATA 	Keypress: space
77.2596 	EXP 	Created sequence: sequential, trialTypes=1, nReps=2, seed=None
77.2604 	EXP 	New trial (rep=0, index=0): None
77.3099 	EXP 	Imported ANT_conditions.xlsx as conditions, 48 conditions, 7 params
77.3111 	EXP 	Created sequence: random, trialTypes=48, nReps=2, seed=None
77.3123 	EXP 	New trial (rep=0, index=0): OrderedDict([('cue_file', 'ANT_images/double.png'), ('flanker', 'ANT_images/neu_r.png'), ('pos', -0.25), ('correct', 'i'), ('fix1', 0.7), ('cue_time', 0.1), ('stimStart', 1.2)])
77.4526 	EXP 	text_5: autoDraw = False
77.4526 	EXP 	fixation_1: image = 'ANT_images/fixation.png'
77.4526 	EXP 	warning: image = 'ANT_images/double.png'
77.4526 	EXP 	target: pos = array([ 0.  , -0.25])
77.4526 	EXP 	target: image = 'ANT_images/neu_r.png'
77.4526 	EXP 	fixation_1: autoDraw = True
78.2449 	EXP 	warning: autoDraw = True
78.2525 	EXP 	fixation_1: autoDraw = False
78.4901 	EXP 	warning: autoDraw = False
78.4901 	EXP 	fixation_2: autoDraw = True
78.8909 	EXP 	fixation_2: autoDraw = False
78.8909 	EXP 	target: autoDraw = True
79.3585 	DATA 	Keypress: i
80.5828 	EXP 	New trial (rep=0, index=1): OrderedDict([('cue_file', 'ANT_images/none.png'), ('flanker', 'ANT_images/neu_l.png'), ('pos', -0.25), ('correct', 'e'), ('fix1', 0.1), ('cue_time', 0.0), ('stimStart', 0.5)])
80.7451 	EXP 	target: autoDraw = False
80.7451 	EXP 	post_fixation: autoDraw = True
80.7451 	EXP 	post_fixation: autoDraw = False
80.7451 	EXP 	fixation_1: autoDraw = False
80.7451 	EXP 	warning: autoDraw = False
80.7451 	EXP 	fixation_2: autoDraw = False
80.7451 	EXP 	target: autoDraw = False
80.7451 	EXP 	post_fixation: autoDraw = False
80.7451 	EXP 	fixation_1: image = 'ANT_images/fixation.png'
80.7451 	EXP 	warning: image = 'ANT_images/none.png'
80.7451 	EXP 	target: pos = array([ 0.  , -0.25])
80.7451 	EXP 	target: image = 'ANT_images/neu_l.png'
80.7451 	EXP 	fixation_1: autoDraw = True
80.8462 	EXP 	warning: autoDraw = True
80.8462 	EXP 	warning: autoDraw = False
80.8462 	EXP 	fixation_2: autoDraw = True
80.8598 	EXP 	fixation_1: autoDraw = False
81.2577 	EXP 	fixation_2: autoDraw = False
81.2577 	EXP 	target: autoDraw = True
81.8418 	DATA 	Keypress: e
81.8479 	EXP 	New trial (rep=0, index=2): OrderedDict([('cue_file', 'ANT_images/down.png'), ('flanker', 'ANT_images/incong_r.png'), ('pos', -0.25), ('correct', 'i'), ('fix1', 1.0), ('cue_time', 0.1), ('stimStart', 1.5)])
82.0074 	EXP 	fixation_1: autoDraw = False
82.0074 	EXP 	warning: autoDraw = False
82.0074 	EXP 	fixation_2: autoDraw = False
82.0074 	EXP 	target: autoDraw = False
82.0074 	EXP 	post_fixation: autoDraw = False
82.0074 	EXP 	fixation_1: image = 'ANT_images/fixation.png'
82.0074 	EXP 	warning: image = 'ANT_images/down.png'
82.0074 	EXP 	target: pos = array([ 0.  , -0.25])
82.0074 	EXP 	target: image = 'ANT_images/incong_r.png'
82.0074 	EXP 	fixation_1: autoDraw = True
82.9968 	EXP 	warning: autoDraw = True
83.0098 	EXP 	fixation_1: autoDraw = False
83.1099 	EXP 	warning: autoDraw = False
83.1099 	EXP 	fixation_2: autoDraw = True
83.5075 	EXP 	fixation_2: autoDraw = False
83.5075 	EXP 	target: autoDraw = True
83.9577 	DATA 	Keypress: i
85.1963 	EXP 	New trial (rep=0, index=3): OrderedDict([('cue_file', 'ANT_images/none.png'), ('flanker', 'ANT_images/cong_r.png'), ('pos', 0.25), ('correct', 'i'), ('fix1', 0.1), ('cue_time', 0.0), ('stimStart', 0.5)])
85.3447 	EXP 	target: autoDraw = False
85.3447 	EXP 	post_fixation: autoDraw = True
85.3447 	EXP 	post_fixation: autoDraw = False
85.3447 	EXP 	fixation_1: autoDraw = False
85.3447 	EXP 	warning: autoDraw = False
85.3447 	EXP 	fixation_2: autoDraw = False
85.3447 	EXP 	target: autoDraw = False
85.3447 	EXP 	post_fixation: autoDraw = False
85.3447 	EXP 	fixation_1: image = 'ANT_images/fixation.png'
85.3447 	EXP 	warning: image = 'ANT_images/none.png'
85.3447 	EXP 	target: pos = array([0.  , 0.25])
85.3447 	EXP 	target: image = 'ANT_images/cong_r.png'
85.3447 	EXP 	fixation_1: autoDraw = True
85.4461 	EXP 	warning: autoDraw = True
85.4461 	EXP 	warning: autoDraw = False
85.4461 	EXP 	fixation_2: autoDraw = True
85.4597 	EXP 	fixation_1: autoDraw = False
85.8574 	EXP 	fixation_2: autoDraw = False
85.8574 	EXP 	target: autoDraw = True
86.4748 	DATA 	Keypress: i
86.4800 	EXP 	New trial (rep=0, index=4): OrderedDict([('cue_file', 'ANT_images/center.png'), ('flanker', 'ANT_images/neu_r.png'), ('pos', 0.25), ('correct', 'i'), ('fix1', 1.0), ('cue_time', 0.1), ('stimStart', 1.5)])
86.6410 	EXP 	fixation_1: autoDraw = False
86.6410 	EXP 	warning: autoDraw = False
86.6410 	EXP 	fixation_2: autoDraw = False
86.6410 	EXP 	target: autoDraw = False
86.6410 	EXP 	post_fixation: autoDraw = False
86.6410 	EXP 	fixation_1: image = 'ANT_images/fixation.png'
86.6410 	EXP 	warning: image = 'ANT_images/center.png'
86.6410 	EXP 	target: pos = array([0.  , 0.25])
86.6410 	EXP 	target: image = 'ANT_images/neu_r.png'
86.6410 	EXP 	fixation_1: autoDraw = True
87.6299 	EXP 	warning: autoDraw = True
87.6432 	EXP 	fixation_1: autoDraw = False
87.7433 	EXP 	warning: autoDraw = False
87.7433 	EXP 	fixation_2: autoDraw = True
88.1408 	EXP 	fixation_2: autoDraw = False
88.1408 	EXP 	target: autoDraw = True
88.6084 	DATA 	Keypress: i
89.8300 	EXP 	New trial (rep=0, index=5): OrderedDict([('cue_file', 'ANT_images/double.png'), ('flanker', 'ANT_images/incong_l.png'), ('pos', 0.25), ('correct', 'e'), ('fix1', 1.0), ('cue_time', 0.1), ('stimStart', 1.5)])
89.9888 	EXP 	target: autoDraw = False
89.9888 	EXP 	post_fixation: autoDraw = True
89.9888 	EXP 	post_fixation: autoDraw = False
89.9888 	EXP 	fixation_1: autoDraw = False
89.9888 	EXP 	warning: autoDraw = False
89.9888 	EXP 	fixation_2: autoDraw = False
89.9888 	EXP 	target: autoDraw = False
89.9888 	EXP 	post_fixation: autoDraw = False
89.9888 	EXP 	fixation_1: image = 'ANT_images/fixation.png'
89.9888 	EXP 	warning: image = 'ANT_images/double.png'
89.9888 	EXP 	target: pos = array([0.  , 0.25])
89.9888 	EXP 	target: image = 'ANT_images/incong_l.png'
89.9888 	EXP 	fixation_1: autoDraw = True
90.9800 	EXP 	warning: autoDraw = True
90.9930 	EXP 	fixation_1: autoDraw = False
91.0932 	EXP 	warning: autoDraw = False
91.0932 	EXP 	fixation_2: autoDraw = True
91.4909 	EXP 	fixation_2: autoDraw = False
91.4909 	EXP 	target: autoDraw = True
92.0250 	DATA 	Keypress: e
93.1800 	EXP 	New trial (rep=0, index=6): OrderedDict([('cue_file', 'ANT_images/down.png'), ('flanker', 'ANT_images/cong_l.png'), ('pos', -0.25), ('correct', 'e'), ('fix1', 1.2), ('cue_time', 0.1), ('stimStart', 1.7000000000000002)])
93.3332 	EXP 	target: autoDraw = False
93.3332 	EXP 	post_fixation: autoDraw = True
93.3332 	EXP 	post_fixation: autoDraw = False
93.3332 	EXP 	fixation_1: autoDraw = False
93.3332 	EXP 	warning: autoDraw = False
93.3332 	EXP 	fixation_2: autoDraw = False
93.3332 	EXP 	target: autoDraw = False
93.3332 	EXP 	post_fixation: autoDraw = False
93.3332 	EXP 	fixation_1: image = 'ANT_images/fixation.png'
93.3332 	EXP 	warning: image = 'ANT_images/down.png'
93.3332 	EXP 	target: pos = array([ 0.  , -0.25])
93.3332 	EXP 	target: image = 'ANT_images/cong_l.png'
93.3332 	EXP 	fixation_1: autoDraw = True
94.5134 	EXP 	warning: autoDraw = True
94.5432 	EXP 	fixation_1: autoDraw = False
94.6264 	EXP 	warning: autoDraw = False
94.6264 	EXP 	fixation_2: autoDraw = True
95.0241 	EXP 	fixation_2: autoDraw = False
95.0241 	EXP 	target: autoDraw = True
95.4918 	DATA 	Keypress: e
96.7140 	EXP 	New trial (rep=0, index=7): OrderedDict([('cue_file', 'ANT_images/none.png'), ('flanker', 'ANT_images/neu_r.png'), ('pos', 0.25), ('correct', 'i'), ('fix1', 0.1), ('cue_time', 0.0), ('stimStart', 0.5)])
96.8753 	EXP 	target: autoDraw = False
96.8753 	EXP 	post_fixation: autoDraw = True
96.8753 	EXP 	post_fixation: autoDraw = False
96.8753 	EXP 	fixation_1: autoDraw = False
96.8753 	EXP 	warning: autoDraw = False
96.8753 	EXP 	fixation_2: autoDraw = False
96.8753 	EXP 	target: autoDraw = False
96.8753 	EXP 	post_fixation: autoDraw = False
96.8753 	EXP 	fixation_1: image = 'ANT_images/fixation.png'
96.8753 	EXP 	warning: image = 'ANT_images/none.png'
96.8753 	EXP 	target: pos = array([0.  , 0.25])
96.8753 	EXP 	target: image = 'ANT_images/neu_r.png'
96.8753 	EXP 	fixation_1: autoDraw = True
96.9626 	EXP 	warning: autoDraw = True
96.9626 	EXP 	warning: autoDraw = False
96.9626 	EXP 	fixation_2: autoDraw = True
96.9763 	EXP 	fixation_1: autoDraw = False
97.3741 	EXP 	fixation_2: autoDraw = False
97.3741 	EXP 	target: autoDraw = True
97.8596 	DATA 	Keypress: i
97.8807 	EXP 	New trial (rep=0, index=8): OrderedDict([('cue_file', 'ANT_images/none.png'), ('flanker', 'ANT_images/cong_l.png'), ('pos', -0.25), ('correct', 'e'), ('fix1', 0.1), ('cue_time', 0.0), ('stimStart', 0.5)])
98.0354 	EXP 	fixation_1: autoDraw = False
98.0354 	EXP 	warning: autoDraw = False
98.0354 	EXP 	fixation_2: autoDraw = False
98.0354 	EXP 	target: autoDraw = False
98.0354 	EXP 	post_fixation: autoDraw = False
98.0354 	EXP 	fixation_1: image = 'ANT_images/fixation.png'
98.0354 	EXP 	warning: image = 'ANT_images/none.png'
98.0354 	EXP 	target: pos = array([ 0.  , -0.25])
98.0354 	EXP 	target: image = 'ANT_images/cong_l.png'
98.0354 	EXP 	fixation_1: autoDraw = True
98.1293 	EXP 	warning: autoDraw = True
98.1293 	EXP 	warning: autoDraw = False
98.1293 	EXP 	fixation_2: autoDraw = True
98.1431 	EXP 	fixation_1: autoDraw = False
98.5409 	EXP 	fixation_2: autoDraw = False
98.5409 	EXP 	target: autoDraw = True
99.2584 	DATA 	Keypress: e
99.2651 	EXP 	New trial (rep=0, index=9): OrderedDict([('cue_file', 'ANT_images/double.png'), ('flanker', 'ANT_images/neu_l.png'), ('pos', -0.25), ('correct', 'e'), ('fix1', 0.5), ('cue_time', 0.1), ('stimStart', 1.0)])
99.4224 	EXP 	fixation_1: autoDraw = False
99.4224 	EXP 	warning: autoDraw = False
99.4224 	EXP 	fixation_2: autoDraw = False
99.4224 	EXP 	target: autoDraw = False
99.4224 	EXP 	post_fixation: autoDraw = False
99.4224 	EXP 	fixation_1: image = 'ANT_images/fixation.png'
99.4224 	EXP 	warning: image = 'ANT_images/double.png'
99.4224 	EXP 	target: pos = array([ 0.  , -0.25])
99.4224 	EXP 	target: image = 'ANT_images/neu_l.png'
99.4224 	EXP 	fixation_1: autoDraw = True
99.9131 	EXP 	warning: autoDraw = True
99.9263 	EXP 	fixation_1: autoDraw = False
100.0263 	EXP 	warning: autoDraw = False
100.0263 	EXP 	fixation_2: autoDraw = True
100.4237 	EXP 	fixation_2: autoDraw = False
100.4237 	EXP 	target: autoDraw = True
100.8908 	DATA 	Keypress: e
100.8944 	EXP 	New trial (rep=0, index=10): OrderedDict([('cue_file', 'ANT_images/double.png'), ('flanker', 'ANT_images/neu_r.png'), ('pos', 0.25), ('correct', 'i'), ('fix1', 1.2), ('cue_time', 0.1), ('stimStart', 1.7000000000000002)])
101.0312 	EXP 	fixation_1: autoDraw = False
101.0312 	EXP 	warning: autoDraw = False
101.0312 	EXP 	fixation_2: autoDraw = False
101.0312 	EXP 	target: autoDraw = False
101.0312 	EXP 	post_fixation: autoDraw = False
101.0312 	EXP 	fixation_1: image = 'ANT_images/fixation.png'
101.0312 	EXP 	warning: image = 'ANT_images/double.png'
101.0312 	EXP 	target: pos = array([0.  , 0.25])
101.0312 	EXP 	target: image = 'ANT_images/neu_r.png'
101.0312 	EXP 	fixation_1: autoDraw = True
102.2300 	EXP 	warning: autoDraw = True
102.2430 	EXP 	fixation_1: autoDraw = False
102.3432 	EXP 	warning: autoDraw = False
102.3432 	EXP 	fixation_2: autoDraw = True
102.7409 	EXP 	fixation_2: autoDraw = False
102.7409 	EXP 	target: autoDraw = True
103.2083 	DATA 	Keypress: i
104.4306 	EXP 	New trial (rep=0, index=11): OrderedDict([('cue_file', 'ANT_images/down.png'), ('flanker', 'ANT_images/neu_l.png'), ('pos', -0.25), ('correct', 'e'), ('fix1', 0.8), ('cue_time', 0.1), ('stimStart', 1.3)])
104.5842 	EXP 	target: autoDraw = False
104.5842 	EXP 	post_fixation: autoDraw = True
104.5842 	EXP 	post_fixation: autoDraw = False
104.5842 	EXP 	fixation_1: autoDraw = False
104.5842 	EXP 	warning: autoDraw = False
104.5842 	EXP 	fixation_2: autoDraw = False
104.5842 	EXP 	target: autoDraw = False
104.5842 	EXP 	post_fixation: autoDraw = False
104.5842 	EXP 	fixation_1: image = 'ANT_images/fixation.png'
104.5842 	EXP 	warning: image = 'ANT_images/down.png'
104.5842 	EXP 	target: pos = array([ 0.  , -0.25])
104.5842 	EXP 	target: image = 'ANT_images/neu_l.png'
104.5842 	EXP 	fixation_1: autoDraw = True
105.3632 	EXP 	warning: autoDraw = True
105.3929 	EXP 	fixation_1: autoDraw = False
105.4766 	EXP 	warning: autoDraw = False
105.4766 	EXP 	fixation_2: autoDraw = True
105.8741 	EXP 	fixation_2: autoDraw = False
105.8741 	EXP 	target: autoDraw = True
106.2586 	DATA 	Keypress: e
106.2653 	EXP 	New trial (rep=0, index=12): OrderedDict([('cue_file', 'ANT_images/none.png'), ('flanker', 'ANT_images/cong_l.png'), ('pos', 0.25), ('correct', 'e'), ('fix1', 0.1), ('cue_time', 0.0), ('stimStart', 0.5)])
106.4268 	EXP 	fixation_1: autoDraw = False
106.4268 	EXP 	warning: autoDraw = False
106.4268 	EXP 	fixation_2: autoDraw = False
106.4268 	EXP 	target: autoDraw = False
106.4268 	EXP 	post_fixation: autoDraw = False
106.4268 	EXP 	fixation_1: image = 'ANT_images/fixation.png'
106.4268 	EXP 	warning: image = 'ANT_images/none.png'
106.4268 	EXP 	target: pos = array([0.  , 0.25])
106.4268 	EXP 	target: image = 'ANT_images/cong_l.png'
106.4268 	EXP 	fixation_1: autoDraw = True
106.5127 	EXP 	warning: autoDraw = True
106.5127 	EXP 	warning: autoDraw = False
106.5127 	EXP 	fixation_2: autoDraw = True
106.5263 	EXP 	fixation_1: autoDraw = False
106.9241 	EXP 	fixation_2: autoDraw = False
106.9241 	EXP 	target: autoDraw = True
107.6921 	DATA 	Keypress: e
107.7140 	EXP 	New trial (rep=0, index=13): OrderedDict([('cue_file', 'ANT_images/up.png'), ('flanker', 'ANT_images/cong_r.png'), ('pos', 0.25), ('correct', 'i'), ('fix1', 1.4), ('cue_time', 0.1), ('stimStart', 1.9)])
107.8720 	EXP 	fixation_1: autoDraw = False
107.8720 	EXP 	warning: autoDraw = False
107.8720 	EXP 	fixation_2: autoDraw = False
107.8720 	EXP 	target: autoDraw = False
107.8720 	EXP 	post_fixation: autoDraw = False
107.8720 	EXP 	fixation_1: image = 'ANT_images/fixation.png'
107.8720 	EXP 	warning: image = 'ANT_images/up.png'
107.8720 	EXP 	target: pos = array([0.  , 0.25])
107.8720 	EXP 	target: image = 'ANT_images/cong_r.png'
107.8720 	EXP 	fixation_1: autoDraw = True
109.2633 	EXP 	warning: autoDraw = True
109.2762 	EXP 	fixation_1: autoDraw = False
109.3763 	EXP 	warning: autoDraw = False
109.3763 	EXP 	fixation_2: autoDraw = True
109.7891 	EXP 	fixation_2: autoDraw = False
109.7891 	EXP 	target: autoDraw = True
110.2610 	DATA 	Keypress: i
111.4795 	EXP 	New trial (rep=0, index=14): OrderedDict([('cue_file', 'ANT_images/none.png'), ('flanker', 'ANT_images/neu_r.png'), ('pos', -0.25), ('correct', 'i'), ('fix1', 0.1), ('cue_time', 0.0), ('stimStart', 0.5)])
111.6376 	EXP 	target: autoDraw = False
111.6376 	EXP 	post_fixation: autoDraw = True
111.6376 	EXP 	post_fixation: autoDraw = False
111.6376 	EXP 	fixation_1: autoDraw = False
111.6376 	EXP 	warning: autoDraw = False
111.6376 	EXP 	fixation_2: autoDraw = False
111.6376 	EXP 	target: autoDraw = False
111.6376 	EXP 	post_fixation: autoDraw = False
111.6376 	EXP 	fixation_1: image = 'ANT_images/fixation.png'
111.6376 	EXP 	warning: image = 'ANT_images/none.png'
111.6376 	EXP 	target: pos = array([ 0.  , -0.25])
111.6376 	EXP 	target: image = 'ANT_images/neu_r.png'
111.6376 	EXP 	fixation_1: autoDraw = True
111.7294 	EXP 	warning: autoDraw = True
111.7294 	EXP 	warning: autoDraw = False
111.7294 	EXP 	fixation_2: autoDraw = True
111.7429 	EXP 	fixation_1: autoDraw = False
112.1406 	EXP 	fixation_2: autoDraw = False
112.1406 	EXP 	target: autoDraw = True
112.7081 	DATA 	Keypress: i
112.7149 	EXP 	New trial (rep=0, index=15): OrderedDict([('cue_file', 'ANT_images/up.png'), ('flanker', 'ANT_images/neu_r.png'), ('pos', 0.25), ('correct', 'i'), ('fix1', 0.8), ('cue_time', 0.1), ('stimStart', 1.3)])
112.8750 	EXP 	fixation_1: autoDraw = False
112.8750 	EXP 	warning: autoDraw = False
112.8750 	EXP 	fixation_2: autoDraw = False
112.8750 	EXP 	target: autoDraw = False
112.8750 	EXP 	post_fixation: autoDraw = False
112.8750 	EXP 	fixation_1: image = 'ANT_images/fixation.png'
112.8750 	EXP 	warning: image = 'ANT_images/up.png'
112.8750 	EXP 	target: pos = array([0.  , 0.25])
112.8750 	EXP 	target: image = 'ANT_images/neu_r.png'
112.8750 	EXP 	fixation_1: autoDraw = True
113.6632 	EXP 	warning: autoDraw = True
113.6762 	EXP 	fixation_1: autoDraw = False
113.7764 	EXP 	warning: autoDraw = False
113.7764 	EXP 	fixation_2: autoDraw = True
114.1740 	EXP 	fixation_2: autoDraw = False
114.1740 	EXP 	target: autoDraw = True
114.6082 	DATA 	Keypress: i
115.8631 	EXP 	New trial (rep=0, index=16): OrderedDict([('cue_file', 'ANT_images/double.png'), ('flanker', 'ANT_images/cong_r.png'), ('pos', -0.25), ('correct', 'i'), ('fix1', 1.1), ('cue_time', 0.1), ('stimStart', 1.6)])
116.0251 	EXP 	target: autoDraw = False
116.0251 	EXP 	post_fixation: autoDraw = True
116.0251 	EXP 	post_fixation: autoDraw = False
116.0251 	EXP 	fixation_1: autoDraw = False
116.0251 	EXP 	warning: autoDraw = False
116.0251 	EXP 	fixation_2: autoDraw = False
116.0251 	EXP 	target: autoDraw = False
116.0251 	EXP 	post_fixation: autoDraw = False
116.0251 	EXP 	fixation_1: image = 'ANT_images/fixation.png'
116.0251 	EXP 	warning: image = 'ANT_images/double.png'
116.0251 	EXP 	target: pos = array([ 0.  , -0.25])
116.0251 	EXP 	target: image = 'ANT_images/cong_r.png'
116.0251 	EXP 	fixation_1: autoDraw = True
117.1129 	EXP 	warning: autoDraw = True
117.1258 	EXP 	fixation_1: autoDraw = False
117.2259 	EXP 	warning: autoDraw = False
117.2259 	EXP 	fixation_2: autoDraw = True
117.6240 	EXP 	fixation_2: autoDraw = False
117.6240 	EXP 	target: autoDraw = True
118.1080 	DATA 	Keypress: i
119.3133 	EXP 	New trial (rep=0, index=17): OrderedDict([('cue_file', 'ANT_images/double.png'), ('flanker', 'ANT_images/incong_r.png'), ('pos', 0.25), ('correct', 'i'), ('fix1', 0.9), ('cue_time', 0.1), ('stimStart', 1.4)])
119.4748 	EXP 	target: autoDraw = False
119.4748 	EXP 	post_fixation: autoDraw = True
119.4748 	EXP 	post_fixation: autoDraw = False
119.4748 	EXP 	fixation_1: autoDraw = False
119.4748 	EXP 	warning: autoDraw = False
119.4748 	EXP 	fixation_2: autoDraw = False
119.4748 	EXP 	target: autoDraw = False
119.4748 	EXP 	post_fixation: autoDraw = False
119.4748 	EXP 	fixation_1: image = 'ANT_images/fixation.png'
119.4748 	EXP 	warning: image = 'ANT_images/double.png'
119.4748 	EXP 	target: pos = array([0.  , 0.25])
119.4748 	EXP 	target: image = 'ANT_images/incong_r.png'
119.4748 	EXP 	fixation_1: autoDraw = True
120.3630 	EXP 	warning: autoDraw = True
120.3761 	EXP 	fixation_1: autoDraw = False
120.4763 	EXP 	warning: autoDraw = False
120.4763 	EXP 	fixation_2: autoDraw = True
120.8739 	EXP 	fixation_2: autoDraw = False
120.8739 	EXP 	target: autoDraw = True
121.2749 	DATA 	Keypress: e
122.5628 	EXP 	New trial (rep=0, index=18): OrderedDict([('cue_file', 'ANT_images/up.png'), ('flanker', 'ANT_images/cong_l.png'), ('pos', 0.25), ('correct', 'e'), ('fix1', 1.5), ('cue_time', 0.1), ('stimStart', 2.0)])
122.7644 	EXP 	target: autoDraw = False
122.7644 	EXP 	post_fixation: autoDraw = True
122.7644 	EXP 	post_fixation: autoDraw = False
122.7644 	EXP 	fixation_1: autoDraw = False
122.7644 	EXP 	warning: autoDraw = False
122.7644 	EXP 	fixation_2: autoDraw = False
122.7644 	EXP 	target: autoDraw = False
122.7644 	EXP 	post_fixation: autoDraw = False
122.7644 	EXP 	fixation_1: image = 'ANT_images/fixation.png'
122.7644 	EXP 	warning: image = 'ANT_images/up.png'
122.7644 	EXP 	target: pos = array([0.  , 0.25])
122.7644 	EXP 	target: image = 'ANT_images/cong_l.png'
122.7644 	EXP 	fixation_1: autoDraw = True
124.2630 	EXP 	warning: autoDraw = True
124.2762 	EXP 	fixation_1: autoDraw = False
124.3763 	EXP 	warning: autoDraw = False
124.3763 	EXP 	fixation_2: autoDraw = True
124.7740 	EXP 	fixation_2: autoDraw = False
124.7740 	EXP 	target: autoDraw = True
125.2415 	DATA 	Keypress: e
126.4629 	EXP 	New trial (rep=0, index=19): OrderedDict([('cue_file', 'ANT_images/center.png'), ('flanker', 'ANT_images/neu_r.png'), ('pos', -0.25), ('correct', 'i'), ('fix1', 0.7), ('cue_time', 0.1), ('stimStart', 1.2)])
126.6224 	EXP 	target: autoDraw = False
126.6224 	EXP 	post_fixation: autoDraw = True
126.6224 	EXP 	post_fixation: autoDraw = False
126.6224 	EXP 	fixation_1: autoDraw = False
126.6224 	EXP 	warning: autoDraw = False
126.6224 	EXP 	fixation_2: autoDraw = False
126.6224 	EXP 	target: autoDraw = False
126.6224 	EXP 	post_fixation: autoDraw = False
126.6224 	EXP 	fixation_1: image = 'ANT_images/fixation.png'
126.6224 	EXP 	warning: image = 'ANT_images/center.png'
126.6224 	EXP 	target: pos = array([ 0.  , -0.25])
126.6224 	EXP 	target: image = 'ANT_images/neu_r.png'
126.6224 	EXP 	fixation_1: autoDraw = True
127.3129 	EXP 	warning: autoDraw = True
127.3261 	EXP 	fixation_1: autoDraw = False
127.4267 	EXP 	warning: autoDraw = False
127.4267 	EXP 	fixation_2: autoDraw = True
127.8239 	EXP 	fixation_2: autoDraw = False
127.8239 	EXP 	target: autoDraw = True
128.2750 	DATA 	Keypress: i
128.2808 	EXP 	New trial (rep=0, index=20): OrderedDict([('cue_file', 'ANT_images/center.png'), ('flanker', 'ANT_images/incong_r.png'), ('pos', -0.25), ('correct', 'i'), ('fix1', 0.9), ('cue_time', 0.1), ('stimStart', 1.4)])
128.4417 	EXP 	fixation_1: autoDraw = False
128.4417 	EXP 	warning: autoDraw = False
128.4417 	EXP 	fixation_2: autoDraw = False
128.4417 	EXP 	target: autoDraw = False
128.4417 	EXP 	post_fixation: autoDraw = False
128.4417 	EXP 	fixation_1: image = 'ANT_images/fixation.png'
128.4417 	EXP 	warning: image = 'ANT_images/center.png'
128.4417 	EXP 	target: pos = array([ 0.  , -0.25])
128.4417 	EXP 	target: image = 'ANT_images/incong_r.png'
128.4417 	EXP 	fixation_1: autoDraw = True
129.3297 	EXP 	warning: autoDraw = True
129.3427 	EXP 	fixation_1: autoDraw = False
129.4431 	EXP 	warning: autoDraw = False
129.4431 	EXP 	fixation_2: autoDraw = True
129.8406 	EXP 	fixation_2: autoDraw = False
129.8406 	EXP 	target: autoDraw = True
130.4769 	DATA 	Keypress: i
131.5296 	EXP 	New trial (rep=0, index=21): OrderedDict([('cue_file', 'ANT_images/double.png'), ('flanker', 'ANT_images/neu_l.png'), ('pos', 0.25), ('correct', 'e'), ('fix1', 0.6), ('cue_time', 0.1), ('stimStart', 1.1)])
131.6942 	EXP 	target: autoDraw = False
131.6942 	EXP 	post_fixation: autoDraw = True
131.6942 	EXP 	post_fixation: autoDraw = False
131.6942 	EXP 	fixation_1: autoDraw = False
131.6942 	EXP 	warning: autoDraw = False
131.6942 	EXP 	fixation_2: autoDraw = False
131.6942 	EXP 	target: autoDraw = False
131.6942 	EXP 	post_fixation: autoDraw = False
131.6942 	EXP 	fixation_1: image = 'ANT_images/fixation.png'
131.6942 	EXP 	warning: image = 'ANT_images/double.png'
131.6942 	EXP 	target: pos = array([0.  , 0.25])
131.6942 	EXP 	target: image = 'ANT_images/neu_l.png'
131.6942 	EXP 	fixation_1: autoDraw = True
132.2960 	EXP 	warning: autoDraw = True
132.3091 	EXP 	fixation_1: autoDraw = False
132.4091 	EXP 	warning: autoDraw = False
132.4091 	EXP 	fixation_2: autoDraw = True
132.8067 	EXP 	fixation_2: autoDraw = False
132.8067 	EXP 	target: autoDraw = True
133.1912 	DATA 	Keypress: e
133.1962 	EXP 	New trial (rep=0, index=22): OrderedDict([('cue_file', 'ANT_images/center.png'), ('flanker', 'ANT_images/incong_l.png'), ('pos', -0.25), ('correct', 'e'), ('fix1', 1.3), ('cue_time', 0.1), ('stimStart', 1.8000000000000003)])
133.3508 	EXP 	fixation_1: autoDraw = False
133.3508 	EXP 	warning: autoDraw = False
133.3508 	EXP 	fixation_2: autoDraw = False
133.3508 	EXP 	target: autoDraw = False
133.3508 	EXP 	post_fixation: autoDraw = False
133.3508 	EXP 	fixation_1: image = 'ANT_images/fixation.png'
133.3508 	EXP 	warning: image = 'ANT_images/center.png'
133.3508 	EXP 	target: pos = array([ 0.  , -0.25])
133.3508 	EXP 	target: image = 'ANT_images/incong_l.png'
133.3508 	EXP 	fixation_1: autoDraw = True
134.6297 	EXP 	warning: autoDraw = True
134.6593 	EXP 	fixation_1: autoDraw = False
134.7429 	EXP 	warning: autoDraw = False
134.7429 	EXP 	fixation_2: autoDraw = True
135.1405 	EXP 	fixation_2: autoDraw = False
135.1405 	EXP 	target: autoDraw = True
135.7582 	DATA 	Keypress: e
136.8294 	EXP 	New trial (rep=0, index=23): OrderedDict([('cue_file', 'ANT_images/center.png'), ('flanker', 'ANT_images/incong_l.png'), ('pos', 0.25), ('correct', 'e'), ('fix1', 0.5), ('cue_time', 0.1), ('stimStart', 1.0)])
136.9914 	EXP 	target: autoDraw = False
136.9914 	EXP 	post_fixation: autoDraw = True
136.9914 	EXP 	post_fixation: autoDraw = False
136.9914 	EXP 	fixation_1: autoDraw = False
136.9914 	EXP 	warning: autoDraw = False
136.9914 	EXP 	fixation_2: autoDraw = False
136.9914 	EXP 	target: autoDraw = False
136.9914 	EXP 	post_fixation: autoDraw = False
136.9914 	EXP 	fixation_1: image = 'ANT_images/fixation.png'
136.9914 	EXP 	warning: image = 'ANT_images/center.png'
136.9914 	EXP 	target: pos = array([0.  , 0.25])
136.9914 	EXP 	target: image = 'ANT_images/incong_l.png'
136.9914 	EXP 	fixation_1: autoDraw = True
137.4796 	EXP 	warning: autoDraw = True
137.4927 	EXP 	fixation_1: autoDraw = False
137.5926 	EXP 	warning: autoDraw = False
137.5926 	EXP 	fixation_2: autoDraw = True
137.9906 	EXP 	fixation_2: autoDraw = False
137.9906 	EXP 	target: autoDraw = True
138.5928 	DATA 	Keypress: e
138.5986 	EXP 	New trial (rep=0, index=24): OrderedDict([('cue_file', 'ANT_images/none.png'), ('flanker', 'ANT_images/incong_l.png'), ('pos', -0.25), ('correct', 'e'), ('fix1', 0.1), ('cue_time', 0.0), ('stimStart', 0.5)])
138.7585 	EXP 	fixation_1: autoDraw = False
138.7585 	EXP 	warning: autoDraw = False
138.7585 	EXP 	fixation_2: autoDraw = False
138.7585 	EXP 	target: autoDraw = False
138.7585 	EXP 	post_fixation: autoDraw = False
138.7585 	EXP 	fixation_1: image = 'ANT_images/fixation.png'
138.7585 	EXP 	warning: image = 'ANT_images/none.png'
138.7585 	EXP 	target: pos = array([ 0.  , -0.25])
138.7585 	EXP 	target: image = 'ANT_images/incong_l.png'
138.7585 	EXP 	fixation_1: autoDraw = True
138.8456 	EXP 	warning: autoDraw = True
138.8456 	EXP 	warning: autoDraw = False
138.8456 	EXP 	fixation_2: autoDraw = True
138.8594 	EXP 	fixation_1: autoDraw = False
139.2572 	EXP 	fixation_2: autoDraw = False
139.2572 	EXP 	target: autoDraw = True
139.7920 	DATA 	Keypress: e
139.7978 	EXP 	New trial (rep=0, index=25): OrderedDict([('cue_file', 'ANT_images/double.png'), ('flanker', 'ANT_images/cong_l.png'), ('pos', -0.25), ('correct', 'e'), ('fix1', 0.4), ('cue_time', 0.1), ('stimStart', 0.9)])
139.9602 	EXP 	fixation_1: autoDraw = False
139.9602 	EXP 	warning: autoDraw = False
139.9602 	EXP 	fixation_2: autoDraw = False
139.9602 	EXP 	target: autoDraw = False
139.9602 	EXP 	post_fixation: autoDraw = False
139.9602 	EXP 	fixation_1: image = 'ANT_images/fixation.png'
139.9602 	EXP 	warning: image = 'ANT_images/double.png'
139.9602 	EXP 	target: pos = array([ 0.  , -0.25])
139.9602 	EXP 	target: image = 'ANT_images/cong_l.png'
139.9602 	EXP 	fixation_1: autoDraw = True
140.3598 	EXP 	fixation_1: autoDraw = False
140.3598 	EXP 	warning: autoDraw = True
140.4594 	EXP 	warning: autoDraw = False
140.4594 	EXP 	fixation_2: autoDraw = True
140.8570 	EXP 	fixation_2: autoDraw = False
140.8570 	EXP 	target: autoDraw = True
141.3245 	DATA 	Keypress: e
141.3307 	EXP 	New trial (rep=0, index=26): OrderedDict([('cue_file', 'ANT_images/down.png'), ('flanker', 'ANT_images/incong_l.png'), ('pos', -0.25), ('correct', 'e'), ('fix1', 1.3), ('cue_time', 0.1), ('stimStart', 1.8000000000000003)])
141.4923 	EXP 	fixation_1: autoDraw = False
141.4923 	EXP 	warning: autoDraw = False
141.4923 	EXP 	fixation_2: autoDraw = False
141.4923 	EXP 	target: autoDraw = False
141.4923 	EXP 	post_fixation: autoDraw = False
141.4923 	EXP 	fixation_1: image = 'ANT_images/fixation.png'
141.4923 	EXP 	warning: image = 'ANT_images/down.png'
141.4923 	EXP 	target: pos = array([ 0.  , -0.25])
141.4923 	EXP 	target: image = 'ANT_images/incong_l.png'
141.4923 	EXP 	fixation_1: autoDraw = True
142.7792 	EXP 	warning: autoDraw = True
142.7922 	EXP 	fixation_1: autoDraw = False
142.8927 	EXP 	warning: autoDraw = False
142.8927 	EXP 	fixation_2: autoDraw = True
143.2903 	EXP 	fixation_2: autoDraw = False
143.2903 	EXP 	target: autoDraw = True
143.7753 	DATA 	Keypress: e
144.9797 	EXP 	New trial (rep=0, index=27): OrderedDict([('cue_file', 'ANT_images/up.png'), ('flanker', 'ANT_images/incong_r.png'), ('pos', 0.25), ('correct', 'i'), ('fix1', 0.9), ('cue_time', 0.1), ('stimStart', 1.4)])
145.1417 	EXP 	target: autoDraw = False
145.1417 	EXP 	post_fixation: autoDraw = True
145.1417 	EXP 	post_fixation: autoDraw = False
145.1417 	EXP 	fixation_1: autoDraw = False
145.1417 	EXP 	warning: autoDraw = False
145.1417 	EXP 	fixation_2: autoDraw = False
145.1417 	EXP 	target: autoDraw = False
145.1417 	EXP 	post_fixation: autoDraw = False
145.1417 	EXP 	fixation_1: image = 'ANT_images/fixation.png'
145.1417 	EXP 	warning: image = 'ANT_images/up.png'
145.1417 	EXP 	target: pos = array([0.  , 0.25])
145.1417 	EXP 	target: image = 'ANT_images/incong_r.png'
145.1417 	EXP 	fixation_1: autoDraw = True
146.0296 	EXP 	warning: autoDraw = True
146.0426 	EXP 	fixation_1: autoDraw = False
146.1425 	EXP 	warning: autoDraw = False
146.1425 	EXP 	fixation_2: autoDraw = True
146.5404 	EXP 	fixation_2: autoDraw = False
146.5404 	EXP 	target: autoDraw = True
147.0582 	DATA 	Keypress: i
148.2282 	EXP 	New trial (rep=0, index=28): OrderedDict([('cue_file', 'ANT_images/none.png'), ('flanker', 'ANT_images/incong_r.png'), ('pos', 0.25), ('correct', 'i'), ('fix1', 0.1), ('cue_time', 0.0), ('stimStart', 0.5)])
148.3749 	EXP 	target: autoDraw = False
148.3749 	EXP 	post_fixation: autoDraw = True
148.3749 	EXP 	post_fixation: autoDraw = False
148.3749 	EXP 	fixation_1: autoDraw = False
148.3749 	EXP 	warning: autoDraw = False
148.3749 	EXP 	fixation_2: autoDraw = False
148.3749 	EXP 	target: autoDraw = False
148.3749 	EXP 	post_fixation: autoDraw = False
148.3749 	EXP 	fixation_1: image = 'ANT_images/fixation.png'
148.3749 	EXP 	warning: image = 'ANT_images/none.png'
148.3749 	EXP 	target: pos = array([0.  , 0.25])
148.3749 	EXP 	target: image = 'ANT_images/incong_r.png'
148.3749 	EXP 	fixation_1: autoDraw = True
148.4619 	EXP 	warning: autoDraw = True
148.4619 	EXP 	warning: autoDraw = False
148.4619 	EXP 	fixation_2: autoDraw = True
148.4756 	EXP 	fixation_1: autoDraw = False
148.8734 	EXP 	fixation_2: autoDraw = False
148.8734 	EXP 	target: autoDraw = True
149.4911 	DATA 	Keypress: i
149.4962 	EXP 	New trial (rep=0, index=29): OrderedDict([('cue_file', 'ANT_images/center.png'), ('flanker', 'ANT_images/cong_r.png'), ('pos', -0.25), ('correct', 'i'), ('fix1', 1.6), ('cue_time', 0.1), ('stimStart', 2.1)])
149.6519 	EXP 	fixation_1: autoDraw = False
149.6519 	EXP 	warning: autoDraw = False
149.6519 	EXP 	fixation_2: autoDraw = False
149.6519 	EXP 	target: autoDraw = False
149.6519 	EXP 	post_fixation: autoDraw = False
149.6519 	EXP 	fixation_1: image = 'ANT_images/fixation.png'
149.6519 	EXP 	warning: image = 'ANT_images/center.png'
149.6519 	EXP 	target: pos = array([ 0.  , -0.25])
149.6519 	EXP 	target: image = 'ANT_images/cong_r.png'
149.6519 	EXP 	fixation_1: autoDraw = True
151.2461 	EXP 	warning: autoDraw = True
151.2592 	EXP 	fixation_1: autoDraw = False
151.3592 	EXP 	warning: autoDraw = False
151.3592 	EXP 	fixation_2: autoDraw = True
151.7571 	EXP 	fixation_2: autoDraw = False
151.7571 	EXP 	target: autoDraw = True
152.2752 	DATA 	Keypress: i
153.4468 	EXP 	New trial (rep=0, index=30): OrderedDict([('cue_file', 'ANT_images/center.png'), ('flanker', 'ANT_images/neu_l.png'), ('pos', 0.25), ('correct', 'e'), ('fix1', 1.1), ('cue_time', 0.1), ('stimStart', 1.6)])
153.5998 	EXP 	target: autoDraw = False
153.5998 	EXP 	post_fixation: autoDraw = True
153.5998 	EXP 	post_fixation: autoDraw = False
153.5998 	EXP 	fixation_1: autoDraw = False
153.5998 	EXP 	warning: autoDraw = False
153.5998 	EXP 	fixation_2: autoDraw = False
153.5998 	EXP 	target: autoDraw = False
153.5998 	EXP 	post_fixation: autoDraw = False
153.5998 	EXP 	fixation_1: image = 'ANT_images/fixation.png'
153.5998 	EXP 	warning: image = 'ANT_images/center.png'
153.5998 	EXP 	target: pos = array([0.  , 0.25])
153.5998 	EXP 	target: image = 'ANT_images/neu_l.png'
153.5998 	EXP 	fixation_1: autoDraw = True
154.6796 	EXP 	warning: autoDraw = True
154.7092 	EXP 	fixation_1: autoDraw = False
154.7927 	EXP 	warning: autoDraw = False
154.7927 	EXP 	fixation_2: autoDraw = True
155.1903 	EXP 	fixation_2: autoDraw = False
155.1903 	EXP 	target: autoDraw = True
155.6580 	DATA 	Keypress: e
156.8801 	EXP 	New trial (rep=0, index=31): OrderedDict([('cue_file', 'ANT_images/center.png'), ('flanker', 'ANT_images/cong_l.png'), ('pos', 0.25), ('correct', 'e'), ('fix1', 1.2), ('cue_time', 0.1), ('stimStart', 1.7000000000000002)])
157.0347 	EXP 	target: autoDraw = False
157.0347 	EXP 	post_fixation: autoDraw = True
157.0347 	EXP 	post_fixation: autoDraw = False
157.0347 	EXP 	fixation_1: autoDraw = False
157.0347 	EXP 	warning: autoDraw = False
157.0347 	EXP 	fixation_2: autoDraw = False
157.0347 	EXP 	target: autoDraw = False
157.0347 	EXP 	post_fixation: autoDraw = False
157.0347 	EXP 	fixation_1: image = 'ANT_images/fixation.png'
157.0347 	EXP 	warning: image = 'ANT_images/center.png'
157.0347 	EXP 	target: pos = array([0.  , 0.25])
157.0347 	EXP 	target: image = 'ANT_images/cong_l.png'
157.0347 	EXP 	fixation_1: autoDraw = True
158.2294 	EXP 	warning: autoDraw = True
158.2425 	EXP 	fixation_1: autoDraw = False
158.3426 	EXP 	warning: autoDraw = False
158.3426 	EXP 	fixation_2: autoDraw = True
158.7402 	EXP 	fixation_2: autoDraw = False
158.7402 	EXP 	target: autoDraw = True
159.3250 	DATA 	Keypress: e
160.4292 	EXP 	New trial (rep=0, index=32): OrderedDict([('cue_file', 'ANT_images/none.png'), ('flanker', 'ANT_images/neu_l.png'), ('pos', 0.25), ('correct', 'e'), ('fix1', 0.1), ('cue_time', 0.0), ('stimStart', 0.5)])
160.5893 	EXP 	target: autoDraw = False
160.5893 	EXP 	post_fixation: autoDraw = True
160.5893 	EXP 	post_fixation: autoDraw = False
160.5893 	EXP 	fixation_1: autoDraw = False
160.5893 	EXP 	warning: autoDraw = False
160.5893 	EXP 	fixation_2: autoDraw = False
160.5893 	EXP 	target: autoDraw = False
160.5893 	EXP 	post_fixation: autoDraw = False
160.5893 	EXP 	fixation_1: image = 'ANT_images/fixation.png'
160.5893 	EXP 	warning: image = 'ANT_images/none.png'
160.5893 	EXP 	target: pos = array([0.  , 0.25])
160.5893 	EXP 	target: image = 'ANT_images/neu_l.png'
160.5893 	EXP 	fixation_1: autoDraw = True
160.6790 	EXP 	warning: autoDraw = True
160.6790 	EXP 	warning: autoDraw = False
160.6790 	EXP 	fixation_2: autoDraw = True
160.6925 	EXP 	fixation_1: autoDraw = False
161.0902 	EXP 	fixation_2: autoDraw = False
161.0902 	EXP 	target: autoDraw = True
161.5911 	DATA 	Keypress: e
161.5978 	EXP 	New trial (rep=0, index=33): OrderedDict([('cue_file', 'ANT_images/double.png'), ('flanker', 'ANT_images/incong_r.png'), ('pos', -0.25), ('correct', 'i'), ('fix1', 1.6), ('cue_time', 0.1), ('stimStart', 2.1)])
161.7559 	EXP 	fixation_1: autoDraw = False
161.7559 	EXP 	warning: autoDraw = False
161.7559 	EXP 	fixation_2: autoDraw = False
161.7559 	EXP 	target: autoDraw = False
161.7559 	EXP 	post_fixation: autoDraw = False
161.7559 	EXP 	fixation_1: image = 'ANT_images/fixation.png'
161.7559 	EXP 	warning: image = 'ANT_images/double.png'
161.7559 	EXP 	target: pos = array([ 0.  , -0.25])
161.7559 	EXP 	target: image = 'ANT_images/incong_r.png'
161.7559 	EXP 	fixation_1: autoDraw = True
163.3460 	EXP 	warning: autoDraw = True
163.3592 	EXP 	fixation_1: autoDraw = False
163.4598 	EXP 	warning: autoDraw = False
163.4598 	EXP 	fixation_2: autoDraw = True
163.8568 	EXP 	fixation_2: autoDraw = False
163.8568 	EXP 	target: autoDraw = True
164.4571 	DATA 	Keypress: i
165.5459 	EXP 	New trial (rep=0, index=34): OrderedDict([('cue_file', 'ANT_images/up.png'), ('flanker', 'ANT_images/incong_l.png'), ('pos', 0.25), ('correct', 'e'), ('fix1', 0.5), ('cue_time', 0.1), ('stimStart', 1.0)])
165.6931 	EXP 	target: autoDraw = False
165.6931 	EXP 	post_fixation: autoDraw = True
165.6931 	EXP 	post_fixation: autoDraw = False
165.6931 	EXP 	fixation_1: autoDraw = False
165.6931 	EXP 	warning: autoDraw = False
165.6931 	EXP 	fixation_2: autoDraw = False
165.6931 	EXP 	target: autoDraw = False
165.6931 	EXP 	post_fixation: autoDraw = False
165.6931 	EXP 	fixation_1: image = 'ANT_images/fixation.png'
165.6931 	EXP 	warning: image = 'ANT_images/up.png'
165.6931 	EXP 	target: pos = array([0.  , 0.25])
165.6931 	EXP 	target: image = 'ANT_images/incong_l.png'
165.6931 	EXP 	fixation_1: autoDraw = True
166.1929 	EXP 	fixation_1: autoDraw = False
166.1929 	EXP 	warning: autoDraw = True
166.2927 	EXP 	warning: autoDraw = False
166.2927 	EXP 	fixation_2: autoDraw = True
166.6902 	EXP 	fixation_2: autoDraw = False
166.6902 	EXP 	target: autoDraw = True
167.2245 	DATA 	Keypress: e
167.2312 	EXP 	New trial (rep=0, index=35): OrderedDict([('cue_file', 'ANT_images/double.png'), ('flanker', 'ANT_images/cong_l.png'), ('pos', 0.25), ('correct', 'e'), ('fix1', 0.6), ('cue_time', 0.1), ('stimStart', 1.1)])
167.3857 	EXP 	fixation_1: autoDraw = False
167.3857 	EXP 	warning: autoDraw = False
167.3857 	EXP 	fixation_2: autoDraw = False
167.3857 	EXP 	target: autoDraw = False
167.3857 	EXP 	post_fixation: autoDraw = False
167.3857 	EXP 	fixation_1: image = 'ANT_images/fixation.png'
167.3857 	EXP 	warning: image = 'ANT_images/double.png'
167.3857 	EXP 	target: pos = array([0.  , 0.25])
167.3857 	EXP 	target: image = 'ANT_images/cong_l.png'
167.3857 	EXP 	fixation_1: autoDraw = True
167.9792 	EXP 	warning: autoDraw = True
167.9925 	EXP 	fixation_1: autoDraw = False
168.0925 	EXP 	warning: autoDraw = False
168.0925 	EXP 	fixation_2: autoDraw = True
168.4902 	EXP 	fixation_2: autoDraw = False
168.4902 	EXP 	target: autoDraw = True
168.9080 	DATA 	Keypress: e
168.9147 	EXP 	New trial (rep=0, index=36): OrderedDict([('cue_file', 'ANT_images/center.png'), ('flanker', 'ANT_images/cong_l.png'), ('pos', -0.25), ('correct', 'e'), ('fix1', 1.5), ('cue_time', 0.1), ('stimStart', 2.0)])
169.0736 	EXP 	fixation_1: autoDraw = False
169.0736 	EXP 	warning: autoDraw = False
169.0736 	EXP 	fixation_2: autoDraw = False
169.0736 	EXP 	target: autoDraw = False
169.0736 	EXP 	post_fixation: autoDraw = False
169.0736 	EXP 	fixation_1: image = 'ANT_images/fixation.png'
169.0736 	EXP 	warning: image = 'ANT_images/center.png'
169.0736 	EXP 	target: pos = array([ 0.  , -0.25])
169.0736 	EXP 	target: image = 'ANT_images/cong_l.png'
169.0736 	EXP 	fixation_1: autoDraw = True
170.5588 	EXP 	warning: autoDraw = True
170.5739 	EXP 	fixation_1: autoDraw = False
170.6740 	EXP 	warning: autoDraw = False
170.6740 	EXP 	fixation_2: autoDraw = True
171.0717 	EXP 	fixation_2: autoDraw = False
171.0717 	EXP 	target: autoDraw = True
172.2396 	DATA 	Keypress: e
172.7608 	EXP 	New trial (rep=0, index=37): OrderedDict([('cue_file', 'ANT_images/down.png'), ('flanker', 'ANT_images/neu_r.png'), ('pos', -0.25), ('correct', 'i'), ('fix1', 0.6), ('cue_time', 0.1), ('stimStart', 1.1)])
172.9187 	EXP 	target: autoDraw = False
172.9187 	EXP 	post_fixation: autoDraw = True
172.9187 	EXP 	post_fixation: autoDraw = False
172.9187 	EXP 	fixation_1: autoDraw = False
172.9187 	EXP 	warning: autoDraw = False
172.9187 	EXP 	fixation_2: autoDraw = False
172.9187 	EXP 	target: autoDraw = False
172.9187 	EXP 	post_fixation: autoDraw = False
172.9187 	EXP 	fixation_1: image = 'ANT_images/fixation.png'
172.9187 	EXP 	warning: image = 'ANT_images/down.png'
172.9187 	EXP 	target: pos = array([ 0.  , -0.25])
172.9187 	EXP 	target: image = 'ANT_images/neu_r.png'
172.9187 	EXP 	fixation_1: autoDraw = True
173.5095 	EXP 	warning: autoDraw = True
173.5242 	EXP 	fixation_1: autoDraw = False
173.6242 	EXP 	warning: autoDraw = False
173.6242 	EXP 	fixation_2: autoDraw = True
174.0223 	EXP 	fixation_2: autoDraw = False
174.0223 	EXP 	target: autoDraw = True
174.4901 	DATA 	Keypress: i
174.4960 	EXP 	New trial (rep=0, index=38): OrderedDict([('cue_file', 'ANT_images/center.png'), ('flanker', 'ANT_images/cong_r.png'), ('pos', 0.25), ('correct', 'i'), ('fix1', 1.4), ('cue_time', 0.1), ('stimStart', 1.9)])
174.6535 	EXP 	fixation_1: autoDraw = False
174.6535 	EXP 	warning: autoDraw = False
174.6535 	EXP 	fixation_2: autoDraw = False
174.6535 	EXP 	target: autoDraw = False
174.6535 	EXP 	post_fixation: autoDraw = False
174.6535 	EXP 	fixation_1: image = 'ANT_images/fixation.png'
174.6535 	EXP 	warning: image = 'ANT_images/center.png'
174.6535 	EXP 	target: pos = array([0.  , 0.25])
174.6535 	EXP 	target: image = 'ANT_images/cong_r.png'
174.6535 	EXP 	fixation_1: autoDraw = True
176.0453 	EXP 	warning: autoDraw = True
176.0587 	EXP 	fixation_1: autoDraw = False
176.1588 	EXP 	warning: autoDraw = False
176.1588 	EXP 	fixation_2: autoDraw = True
176.5570 	EXP 	fixation_2: autoDraw = False
176.5570 	EXP 	target: autoDraw = True
177.0077 	DATA 	Keypress: i
178.2459 	EXP 	New trial (rep=0, index=39): OrderedDict([('cue_file', 'ANT_images/up.png'), ('flanker', 'ANT_images/neu_l.png'), ('pos', 0.25), ('correct', 'e'), ('fix1', 1.4), ('cue_time', 0.1), ('stimStart', 1.9)])
178.3998 	EXP 	target: autoDraw = False
178.3998 	EXP 	post_fixation: autoDraw = True
178.3998 	EXP 	post_fixation: autoDraw = False
178.3998 	EXP 	fixation_1: autoDraw = False
178.3998 	EXP 	warning: autoDraw = False
178.3998 	EXP 	fixation_2: autoDraw = False
178.3998 	EXP 	target: autoDraw = False
178.3998 	EXP 	post_fixation: autoDraw = False
178.3998 	EXP 	fixation_1: image = 'ANT_images/fixation.png'
178.3998 	EXP 	warning: image = 'ANT_images/up.png'
178.3998 	EXP 	target: pos = array([0.  , 0.25])
178.3998 	EXP 	target: image = 'ANT_images/neu_l.png'
178.3998 	EXP 	fixation_1: autoDraw = True
179.7791 	EXP 	warning: autoDraw = True
179.8089 	EXP 	fixation_1: autoDraw = False
179.8269 	DATA 	Keypress: escape
180.6247 	EXP 	window1: mouseVisible = True
